here() starts at U:/gits/covid_age
Loading required package: pacman
Reading from "spreadsheets_rows"
Range "'input'"
Reading from "spreadsheets_rows"
Range "'input'"
Reading from "USA_deaths_all_states.R"
Range "'database'"
Parsed with column specification:
cols(
  `Data as of` = col_character(),
  `Start week` = col_character(),
  `End Week` = col_character(),
  State = col_character(),
  Sex = col_character(),
  `Age group` = col_character(),
  `COVID-19 Deaths` = col_double(),
  `Total Deaths` = col_double(),
  `Pneumonia Deaths` = col_double(),
  `Pneumonia and COVID-19 Deaths` = col_double(),
  `Influenza Deaths` = col_double(),
  `Pneumonia, Influenza, or COVID-19 Deaths` = col_double(),
  Footnote = col_character()
)
`summarise()` ungrouping output (override with `.groups` argument)
`summarise()` ungrouping output (override with `.groups` argument)
Joining, by = "State"
`summarise()` regrouping output by 'State' (override with `.groups` argument)
Joining, by = c("State", "Sex")
Joining, by = c("Age", "Sex")
Joining, by = c("State", "Sex")
`summarise()` regrouping output by 'State' (override with `.groups` argument)
Writing to "USA_deaths_all_states.R"
Writing to sheet "database"
Writing to "Hydra auto-update dashboard"
Appending 1 row(s) to "log"
trying URL 'https://data.cdc.gov/api/views/9bhg-hcku/rows.csv?accessType=DOWNLOAD'
Content type 'text/csv; charset=utf-8' length unknown
.......... .......... .......... .......... ..........
.......... .......... .......... .......... ..........
.......... .......... .......... .......... ..........
.......... .......... .......... .......... ..........
.......... .......... .......... .......... ..........
.......... .......... .......... .......... ..........
.......... .......... .......... .......... ..........
........
downloaded 358 KB

here() starts at U:/gits/covid_age
Loading required package: pacman
Reading from "spreadsheets_rows"
Range "'input'"
Reading from "spreadsheets_rows"
Range "'input'"
Reading from "USA_deaths_all_states.R"
Range "'database'"
Parsed with column specification:
cols(
  `Data as of` = col_character(),
  `Start week` = col_character(),
  `End Week` = col_character(),
  State = col_character(),
  Sex = col_character(),
  `Age group` = col_character(),
  `COVID-19 Deaths` = col_double(),
  `Total Deaths` = col_double(),
  `Pneumonia Deaths` = col_double(),
  `Pneumonia and COVID-19 Deaths` = col_double(),
  `Influenza Deaths` = col_double(),
  `Pneumonia, Influenza, or COVID-19 Deaths` = col_double(),
  Footnote = col_character()
)
`summarise()` ungrouping output (override with `.groups` argument)
`summarise()` ungrouping output (override with `.groups` argument)
Joining, by = "State"
`summarise()` regrouping output by 'State' (override with `.groups` argument)
Joining, by = c("State", "Sex")
Joining, by = c("Age", "Sex")
Joining, by = c("State", "Sex")
`summarise()` regrouping output by 'State' (override with `.groups` argument)
Writing to "USA_deaths_all_states.R"
Writing to sheet "database"
Writing to "Hydra auto-update dashboard"
Appending 1 row(s) to "log"
trying URL 'https://data.cdc.gov/api/views/9bhg-hcku/rows.csv?accessType=DOWNLOAD'
Content type 'text/csv; charset=utf-8' length unknown
.......... .......... .......... .......... ..........
.......... .......... .......... .......... ..........
.......... .......... .......... .......... ..........
.......... .......... .......... .......... ..........
.......... .......... .......... .......... ..........
.......... .......... .......... .......... ..........
.......... .......... .......... .......... ..........
........
downloaded 358 KB

here() starts at U:/gits/covid_age
Loading required package: pacman
Auto-refreshing stale OAuth token.
Reading from "input_rubric"
Range "'input'"
Reading from "input_rubric"
Range "'input'"
Reading from "USA_deaths_all_states.R"
Range "'database'"
Parsed with column specification:
cols(
  `Data as of` = col_character(),
  `Start week` = col_character(),
  `End Week` = col_character(),
  State = col_character(),
  Sex = col_character(),
  `Age group` = col_character(),
  `COVID-19 Deaths` = col_double(),
  `Total Deaths` = col_double(),
  `Pneumonia Deaths` = col_double(),
  `Pneumonia and COVID-19 Deaths` = col_double(),
  `Influenza Deaths` = col_double(),
  `Pneumonia, Influenza, or COVID-19 Deaths` = col_double(),
  Footnote = col_character()
)
`summarise()` ungrouping output (override with `.groups` argument)
`summarise()` ungrouping output (override with `.groups` argument)
Joining, by = "State"
`summarise()` regrouping output by 'State' (override with `.groups` argument)
Joining, by = c("State", "Sex")
Joining, by = c("Age", "Sex")
Joining, by = c("State", "Sex")
`summarise()` regrouping output by 'State' (override with `.groups` argument)
Writing to "USA_deaths_all_states.R"
Writing to sheet "database"
Writing to "Hydra auto-update dashboard"
Appending 1 row(s) to "log"
trying URL 'https://data.cdc.gov/api/views/9bhg-hcku/rows.csv?accessType=DOWNLOAD'
Content type 'text/csv; charset=utf-8' length unknown
.......... .......... .......... .......... ..........
.......... .......... .......... .......... ..........
.......... .......... .......... .......... ..........
.......... .......... .......... .......... ..........
.......... .......... .......... .......... ..........
.......... .......... .......... .......... ..........
.......... .......... .......... .......... ..........
........
downloaded 358 KB

here() starts at U:/gits/covid_age
Loading required package: pacman
Auto-refreshing stale OAuth token.
Reading from "input_rubric"
Range "'input'"
Reading from "input_rubric"
Range "'input'"
Reading from "USA_deaths_all_states.R"
Range "'database'"
Parsed with column specification:
cols(
  `Data as of` = col_character(),
  `Start week` = col_character(),
  `End Week` = col_character(),
  State = col_character(),
  Sex = col_character(),
  `Age group` = col_character(),
  `COVID-19 Deaths` = col_double(),
  `Total Deaths` = col_double(),
  `Pneumonia Deaths` = col_double(),
  `Pneumonia and COVID-19 Deaths` = col_double(),
  `Influenza Deaths` = col_double(),
  `Pneumonia, Influenza, or COVID-19 Deaths` = col_double(),
  Footnote = col_character()
)
`summarise()` ungrouping output (override with `.groups` argument)
`summarise()` ungrouping output (override with `.groups` argument)
Joining, by = "State"
`summarise()` regrouping output by 'State' (override with `.groups` argument)
Joining, by = c("State", "Sex")
Joining, by = c("Age", "Sex")
Joining, by = c("State", "Sex")
`summarise()` regrouping output by 'State' (override with `.groups` argument)
Writing to "USA_deaths_all_states.R"
Writing to sheet "database"
Writing to "Hydra auto-update dashboard"
Appending 1 row(s) to "log"
trying URL 'https://data.cdc.gov/api/views/9bhg-hcku/rows.csv?accessType=DOWNLOAD'
Content type 'text/csv; charset=utf-8' length unknown
.......... .......... .......... .......... ..........
.......... .......... .......... .......... ..........
.......... .......... .......... .......... ..........
.......... .......... .......... .......... ..........
.......... .......... .......... .......... ..........
.......... .......... .......... .......... ..........
.......... .......... .......... .......... ..........
........
downloaded 358 KB

here() starts at U:/gits/covid_age
Loading required package: pacman
Auto-refreshing stale OAuth token.
Reading from "input_rubric"
Range "'input'"
Reading from "input_rubric"
Range "'input'"
Reading from "USA_deaths_all_states.R"
Range "'database'"
Parsed with column specification:
cols(
  `Data as of` = col_character(),
  `Start week` = col_character(),
  `End Week` = col_character(),
  State = col_character(),
  Sex = col_character(),
  `Age group` = col_character(),
  `COVID-19 Deaths` = col_double(),
  `Total Deaths` = col_double(),
  `Pneumonia Deaths` = col_double(),
  `Pneumonia and COVID-19 Deaths` = col_double(),
  `Influenza Deaths` = col_double(),
  `Pneumonia, Influenza, or COVID-19 Deaths` = col_double(),
  Footnote = col_character()
)
`summarise()` ungrouping output (override with `.groups` argument)
`summarise()` ungrouping output (override with `.groups` argument)
Joining, by = "State"
`summarise()` regrouping output by 'State' (override with `.groups` argument)
Joining, by = c("State", "Sex")
Joining, by = c("Age", "Sex")
Joining, by = c("State", "Sex")
`summarise()` regrouping output by 'State' (override with `.groups` argument)
Writing to "USA_deaths_all_states.R"
Writing to sheet "database"
Writing to "Hydra auto-update dashboard"
Appending 1 row(s) to "log"
trying URL 'https://data.cdc.gov/api/views/9bhg-hcku/rows.csv?accessType=DOWNLOAD'
Content type 'text/csv; charset=utf-8' length unknown
.......... .......... .......... .......... ..........
.......... .......... .......... .......... ..........
.......... .......... .......... .......... ..........
.......... .......... .......... .......... ..........
.......... .......... .......... .......... ..........
.......... .......... .......... .......... ..........
.......... .......... .......... .......... ..........
........
downloaded 358 KB

here() starts at U:/gits/covid_age
Loading required package: pacman
Auto-refreshing stale OAuth token.
Reading from "input_rubric"
Range "'input'"
Reading from "input_rubric"
Range "'input'"
Reading from "USA_deaths_all_states.R"
Range "'database'"
Parsed with column specification:
cols(
  `Data as of` = col_character(),
  `Start week` = col_character(),
  `End Week` = col_character(),
  State = col_character(),
  Sex = col_character(),
  `Age group` = col_character(),
  `COVID-19 Deaths` = col_double(),
  `Total Deaths` = col_double(),
  `Pneumonia Deaths` = col_double(),
  `Pneumonia and COVID-19 Deaths` = col_double(),
  `Influenza Deaths` = col_double(),
  `Pneumonia, Influenza, or COVID-19 Deaths` = col_double(),
  Footnote = col_character()
)
`summarise()` ungrouping output (override with `.groups` argument)
`summarise()` ungrouping output (override with `.groups` argument)
Joining, by = "State"
`summarise()` regrouping output by 'State' (override with `.groups` argument)
Joining, by = c("State", "Sex")
Joining, by = c("Age", "Sex")
Joining, by = c("State", "Sex")
`summarise()` regrouping output by 'State' (override with `.groups` argument)
Writing to "USA_deaths_all_states.R"
Writing to sheet "database"
Writing to "Hydra auto-update dashboard"
Appending 1 row(s) to "log"
trying URL 'https://data.cdc.gov/api/views/9bhg-hcku/rows.csv?accessType=DOWNLOAD'
Content type 'text/csv; charset=utf-8' length unknown
.......... .......... .......... .......... ..........
.......... .......... .......... .......... ..........
.......... .......... .......... .......... ..........
.......... .......... .......... .......... ..........
.......... .......... .......... .......... ..........
.......... .......... .......... .......... ..........
.......... .......... .......... .......... ..........
........
downloaded 358 KB

here() starts at U:/gits/covid_age
Loading required package: pacman
Auto-refreshing stale OAuth token.
Reading from "input_rubric"
Range "'input'"
Reading from "input_rubric"
Range "'input'"
Reading from "USA_deaths_all_states.R"
Range "'database'"
Parsed with column specification:
cols(
  `Data as of` = col_character(),
  `Start week` = col_character(),
  `End Week` = col_character(),
  State = col_character(),
  Sex = col_character(),
  `Age group` = col_character(),
  `COVID-19 Deaths` = col_double(),
  `Total Deaths` = col_double(),
  `Pneumonia Deaths` = col_double(),
  `Pneumonia and COVID-19 Deaths` = col_double(),
  `Influenza Deaths` = col_double(),
  `Pneumonia, Influenza, or COVID-19 Deaths` = col_double(),
  Footnote = col_character()
)
`summarise()` ungrouping output (override with `.groups` argument)
`summarise()` ungrouping output (override with `.groups` argument)
Joining, by = "State"
`summarise()` regrouping output by 'State' (override with `.groups` argument)
Joining, by = c("State", "Sex")
Joining, by = c("Age", "Sex")
Joining, by = c("State", "Sex")
`summarise()` regrouping output by 'State' (override with `.groups` argument)
Writing to "USA_deaths_all_states.R"
Writing to sheet "database"
Writing to "Hydra auto-update dashboard"
Appending 1 row(s) to "log"
trying URL 'https://data.cdc.gov/api/views/9bhg-hcku/rows.csv?accessType=DOWNLOAD'
Content type 'text/csv; charset=utf-8' length unknown
.......... .......... .......... .......... ..........
.......... .......... .......... .......... ..........
.......... .......... .......... .......... ..........
.......... .......... .......... .......... ..........
.......... .......... .......... .......... ..........
.......... .......... .......... .......... ..........
.......... .......... .......... .......... ..........
........
downloaded 358 KB

here() starts at U:/gits/covid_age
Loading required package: pacman
Auto-refreshing stale OAuth token.
Reading from "input_rubric"
Range "'input'"
Reading from "input_rubric"
Range "'input'"
Reading from "USA_deaths_all_states.R"
Range "'database'"
Parsed with column specification:
cols(
  `Data as of` = col_character(),
  `Start week` = col_character(),
  `End Week` = col_character(),
  State = col_character(),
  Sex = col_character(),
  `Age group` = col_character(),
  `COVID-19 Deaths` = col_double(),
  `Total Deaths` = col_double(),
  `Pneumonia Deaths` = col_double(),
  `Pneumonia and COVID-19 Deaths` = col_double(),
  `Influenza Deaths` = col_double(),
  `Pneumonia, Influenza, or COVID-19 Deaths` = col_double(),
  Footnote = col_character()
)
`summarise()` ungrouping output (override with `.groups` argument)
`summarise()` ungrouping output (override with `.groups` argument)
Joining, by = "State"
`summarise()` regrouping output by 'State' (override with `.groups` argument)
Joining, by = c("State", "Sex")
Joining, by = c("Age", "Sex")
Joining, by = c("State", "Sex")
`summarise()` regrouping output by 'State' (override with `.groups` argument)
Writing to "USA_deaths_all_states.R"
Writing to sheet "database"
Writing to "Hydra auto-update dashboard"
Appending 1 row(s) to "log"
trying URL 'https://data.cdc.gov/api/views/9bhg-hcku/rows.csv?accessType=DOWNLOAD'
Content type 'text/csv; charset=utf-8' length unknown
.......... .......... .......... .......... ..........
.......... .......... .......... .......... ..........
.......... .......... .......... .......... ..........
.......... .......... .......... .......... ..........
.......... .......... .......... .......... ..........
.......... .......... .......... .......... ..........
.......... .......... .......... .......... ..........
........
downloaded 358 KB

here() starts at U:/gits/covid_age
Loading required package: pacman
Auto-refreshing stale OAuth token.
Reading from "input_rubric"
Range "'input'"
Reading from "input_rubric"
Range "'input'"
Reading from "USA_deaths_all_states.R"
Range "'database'"
Parsed with column specification:
cols(
  `Data as of` = col_character(),
  `Start week` = col_character(),
  `End Week` = col_character(),
  State = col_character(),
  Sex = col_character(),
  `Age group` = col_character(),
  `COVID-19 Deaths` = col_double(),
  `Total Deaths` = col_double(),
  `Pneumonia Deaths` = col_double(),
  `Pneumonia and COVID-19 Deaths` = col_double(),
  `Influenza Deaths` = col_double(),
  `Pneumonia, Influenza, or COVID-19 Deaths` = col_double(),
  Footnote = col_character()
)
`summarise()` ungrouping output (override with `.groups` argument)
`summarise()` ungrouping output (override with `.groups` argument)
Joining, by = "State"
`summarise()` regrouping output by 'State' (override with `.groups` argument)
Joining, by = c("State", "Sex")
Joining, by = c("Age", "Sex")
Joining, by = c("State", "Sex")
`summarise()` regrouping output by 'State' (override with `.groups` argument)
Writing to "USA_deaths_all_states.R"
Writing to sheet "database"
Error in curl::curl_fetch_memory(url, handle = handle) : 
  Send failure: Connection was reset
Calls: source ... request_fetch -> request_fetch.write_memory -> <Anonymous>
Execution halted
Fatal error: cannot open file 'U:/gits/covid_age/Automation/00_hydra/triggers/USA_deaths_states_trigger.R': No such file or directory

Fatal error: cannot open file 'U:/gits/covid_age/Automation/00_hydra/triggers/USA_deaths_states_trigger.R': No such file or directory

here() starts at U:/gits/covid_age
Loading required package: pacman
Reading from "input_rubric"
Range "'input'"
Reading from "input_rubric"
Range "'input'"
Reading from "USA_deaths_all_states.R"
Range "'database'"
Parsed with column specification:
cols(
  `Data as of` = col_character(),
  `Start week` = col_character(),
  `End Week` = col_character(),
  State = col_character(),
  Sex = col_character(),
  `Age group` = col_character(),
  `COVID-19 Deaths` = col_double(),
  `Total Deaths` = col_double(),
  `Pneumonia Deaths` = col_double(),
  `Pneumonia and COVID-19 Deaths` = col_double(),
  `Influenza Deaths` = col_double(),
  `Pneumonia, Influenza, or COVID-19 Deaths` = col_double(),
  Footnote = col_character()
)
`summarise()` ungrouping output (override with `.groups` argument)
`summarise()` ungrouping output (override with `.groups` argument)
Joining, by = "State"
`summarise()` regrouping output by 'State' (override with `.groups` argument)
Joining, by = c("State", "Sex")
Joining, by = c("Age", "Sex")
Joining, by = c("State", "Sex")
`summarise()` regrouping output by 'State' (override with `.groups` argument)
Writing to "USA_deaths_all_states.R"
Writing to sheet "database"
Writing to "Hydra auto-update dashboard"
Appending 1 row(s) to "log"
trying URL 'https://data.cdc.gov/api/views/9bhg-hcku/rows.csv?accessType=DOWNLOAD'
Content type 'text/csv; charset=utf-8' length unknown
.......... .......... .......... .......... ..........
.......... .......... .......... .......... ..........
.......... .......... .......... .......... ..........
.......... .......... .......... .......... ..........
.......... .......... .......... .......... ..........
.......... .......... .......... .......... ..........
.......... .......... .......... .......... ..........
........
downloaded 358 KB

here() starts at U:/gits/covid_age
Loading required package: pacman
Reading from "input_rubric"
Range "'input'"
Reading from "input_rubric"
Range "'input'"
Reading from "USA_deaths_all_states.R"
Range "'database'"
Parsed with column specification:
cols(
  `Data as of` = col_character(),
  `Start week` = col_character(),
  `End Week` = col_character(),
  State = col_character(),
  Sex = col_character(),
  `Age group` = col_character(),
  `COVID-19 Deaths` = col_double(),
  `Total Deaths` = col_double(),
  `Pneumonia Deaths` = col_double(),
  `Pneumonia and COVID-19 Deaths` = col_double(),
  `Influenza Deaths` = col_double(),
  `Pneumonia, Influenza, or COVID-19 Deaths` = col_double(),
  Footnote = col_character()
)
`summarise()` ungrouping output (override with `.groups` argument)
`summarise()` ungrouping output (override with `.groups` argument)
Joining, by = "State"
`summarise()` regrouping output by 'State' (override with `.groups` argument)
Joining, by = c("State", "Sex")
Joining, by = c("Age", "Sex")
Joining, by = c("State", "Sex")
`summarise()` regrouping output by 'State' (override with `.groups` argument)
Writing to "USA_deaths_all_states.R"
Writing to sheet "database"
Writing to "Hydra auto-update dashboard"
Appending 1 row(s) to "log"
trying URL 'https://data.cdc.gov/api/views/9bhg-hcku/rows.csv?accessType=DOWNLOAD'
Content type 'text/csv; charset=utf-8' length unknown
.......... .......... .......... .......... ..........
.......... .......... .......... .......... ..........
.......... .......... .......... .......... ..........
.......... .......... .......... .......... ..........
.......... .......... .......... .......... ..........
.......... .......... .......... .......... ..........
.......... .......... .......... .......... ..........
........
downloaded 358 KB

here() starts at U:/gits/covid_age
Loading required package: pacman
Reading from "input_rubric"
Range "'input'"
Reading from "input_rubric"
Range "'input'"
Reading from "USA_deaths_all_states.R"
Range "'database'"
Parsed with column specification:
cols(
  `Data as of` = col_character(),
  `Start week` = col_character(),
  `End Week` = col_character(),
  State = col_character(),
  Sex = col_character(),
  `Age group` = col_character(),
  `COVID-19 Deaths` = col_double(),
  `Total Deaths` = col_double(),
  `Pneumonia Deaths` = col_double(),
  `Pneumonia and COVID-19 Deaths` = col_double(),
  `Influenza Deaths` = col_double(),
  `Pneumonia, Influenza, or COVID-19 Deaths` = col_double(),
  Footnote = col_character()
)
`summarise()` ungrouping output (override with `.groups` argument)
`summarise()` ungrouping output (override with `.groups` argument)
Joining, by = "State"
`summarise()` regrouping output by 'State' (override with `.groups` argument)
Joining, by = c("State", "Sex")
Joining, by = c("Age", "Sex")
Joining, by = c("State", "Sex")
`summarise()` regrouping output by 'State' (override with `.groups` argument)
Writing to "USA_deaths_all_states.R"
Writing to sheet "database"
Writing to "Hydra auto-update dashboard"
Appending 1 row(s) to "log"
trying URL 'https://data.cdc.gov/api/views/9bhg-hcku/rows.csv?accessType=DOWNLOAD'
Content type 'text/csv; charset=utf-8' length unknown
.......... .......... .......... .......... ..........
.......... .......... .......... .......... ..........
.......... .......... .......... .......... ..........
.......... .......... .......... .......... ..........
.......... .......... .......... .......... ..........
.......... .......... .......... .......... ..........
.......... .......... .......... .......... ..........
........
downloaded 358 KB

here() starts at U:/gits/covid_age
Loading required package: pacman
Reading from "input_rubric"
Range "'input'"
Reading from "input_rubric"
Range "'input'"
Reading from "USA_deaths_all_states.R"
Range "'database'"
Parsed with column specification:
cols(
  `Data as of` = col_character(),
  `Start week` = col_character(),
  `End Week` = col_character(),
  State = col_character(),
  Sex = col_character(),
  `Age group` = col_character(),
  `COVID-19 Deaths` = col_double(),
  `Total Deaths` = col_double(),
  `Pneumonia Deaths` = col_double(),
  `Pneumonia and COVID-19 Deaths` = col_double(),
  `Influenza Deaths` = col_double(),
  `Pneumonia, Influenza, or COVID-19 Deaths` = col_double(),
  Footnote = col_character()
)
`summarise()` ungrouping output (override with `.groups` argument)
`summarise()` ungrouping output (override with `.groups` argument)
Joining, by = "State"
`summarise()` regrouping output by 'State' (override with `.groups` argument)
Joining, by = c("State", "Sex")
Joining, by = c("Age", "Sex")
Joining, by = c("State", "Sex")
`summarise()` regrouping output by 'State' (override with `.groups` argument)
Writing to "USA_deaths_all_states.R"
Writing to sheet "database"
Writing to "Hydra auto-update dashboard"
Appending 1 row(s) to "log"
trying URL 'https://data.cdc.gov/api/views/9bhg-hcku/rows.csv?accessType=DOWNLOAD'
Content type 'text/csv; charset=utf-8' length unknown
.......... .......... .......... .......... ..........
.......... .......... .......... .......... ..........
.......... .......... .......... .......... ..........
.......... .......... .......... .......... ..........
.......... .......... .......... .......... ..........
.......... .......... .......... .......... ..........
.......... .......... .......... .......... ..........
........
downloaded 358 KB

here() starts at U:/gits/covid_age
Loading required package: pacman
Reading from "input_rubric"
Range "'input'"
Reading from "input_rubric"
Range "'input'"
Reading from "USA_deaths_all_states.R"
Range "'database'"
Parsed with column specification:
cols(
  `Data as of` = col_character(),
  `Start week` = col_character(),
  `End Week` = col_character(),
  State = col_character(),
  Sex = col_character(),
  `Age group` = col_character(),
  `COVID-19 Deaths` = col_double(),
  `Total Deaths` = col_double(),
  `Pneumonia Deaths` = col_double(),
  `Pneumonia and COVID-19 Deaths` = col_double(),
  `Influenza Deaths` = col_double(),
  `Pneumonia, Influenza, or COVID-19 Deaths` = col_double(),
  Footnote = col_character()
)
`summarise()` ungrouping output (override with `.groups` argument)
`summarise()` ungrouping output (override with `.groups` argument)
Joining, by = "State"
`summarise()` regrouping output by 'State' (override with `.groups` argument)
Joining, by = c("State", "Sex")
Joining, by = c("Age", "Sex")
Joining, by = c("State", "Sex")
`summarise()` regrouping output by 'State' (override with `.groups` argument)
Writing to "USA_deaths_all_states.R"
Writing to sheet "database"
Writing to "Hydra auto-update dashboard"
Appending 1 row(s) to "log"
trying URL 'https://data.cdc.gov/api/views/9bhg-hcku/rows.csv?accessType=DOWNLOAD'
Content type 'text/csv; charset=utf-8' length unknown
.......... .......... .......... .......... ..........
.......... .......... .......... .......... ..........
.......... .......... .......... .......... ..........
.......... .......... .......... .......... ..........
.......... .......... .......... .......... ..........
.......... .......... .......... .......... ..........
.......... .......... .......... .......... ..........
........
downloaded 358 KB

here() starts at U:/gits/covid_age
Loading required package: pacman
Reading from "input_rubric"
Range "'input'"
Reading from "input_rubric"
Range "'input'"
Reading from "USA_deaths_all_states.R"
Range "'database'"
Parsed with column specification:
cols(
  `Data as of` = col_character(),
  `Start week` = col_character(),
  `End Week` = col_character(),
  State = col_character(),
  Sex = col_character(),
  `Age group` = col_character(),
  `COVID-19 Deaths` = col_double(),
  `Total Deaths` = col_double(),
  `Pneumonia Deaths` = col_double(),
  `Pneumonia and COVID-19 Deaths` = col_double(),
  `Influenza Deaths` = col_double(),
  `Pneumonia, Influenza, or COVID-19 Deaths` = col_double(),
  Footnote = col_character()
)
`summarise()` ungrouping output (override with `.groups` argument)
`summarise()` ungrouping output (override with `.groups` argument)
Joining, by = "State"
`summarise()` regrouping output by 'State' (override with `.groups` argument)
Joining, by = c("State", "Sex")
Joining, by = c("Age", "Sex")
Joining, by = c("State", "Sex")
`summarise()` regrouping output by 'State' (override with `.groups` argument)
Writing to "USA_deaths_all_states.R"
Writing to sheet "database"
Writing to "Hydra auto-update dashboard"
Appending 1 row(s) to "log"
trying URL 'https://data.cdc.gov/api/views/9bhg-hcku/rows.csv?accessType=DOWNLOAD'
Content type 'text/csv; charset=utf-8' length unknown
.......... .......... .......... .......... ..........
.......... .......... .......... .......... ..........
.......... .......... .......... .......... ..........
.......... .......... .......... .......... ..........
.......... .......... .......... .......... ..........
.......... .......... .......... .......... ..........
.......... .......... .......... .......... ..........
........
downloaded 358 KB

here() starts at U:/gits/covid_age
Loading required package: pacman
Reading from "input_rubric"
Range "'input'"
Reading from "input_rubric"
Range "'input'"
Reading from "USA_deaths_all_states.R"
Range "'database'"
Parsed with column specification:
cols(
  `Data as of` = col_character(),
  `Start week` = col_character(),
  `End Week` = col_character(),
  State = col_character(),
  Sex = col_character(),
  `Age group` = col_character(),
  `COVID-19 Deaths` = col_double(),
  `Total Deaths` = col_double(),
  `Pneumonia Deaths` = col_double(),
  `Pneumonia and COVID-19 Deaths` = col_double(),
  `Influenza Deaths` = col_double(),
  `Pneumonia, Influenza, or COVID-19 Deaths` = col_double(),
  Footnote = col_character()
)
`summarise()` ungrouping output (override with `.groups` argument)
`summarise()` ungrouping output (override with `.groups` argument)
Joining, by = "State"
`summarise()` regrouping output by 'State' (override with `.groups` argument)
Joining, by = c("State", "Sex")
Joining, by = c("Age", "Sex")
Joining, by = c("State", "Sex")
`summarise()` regrouping output by 'State' (override with `.groups` argument)
Writing to "USA_deaths_all_states.R"
Writing to sheet "database"
Writing to "Hydra auto-update dashboard"
Appending 1 row(s) to "log"
trying URL 'https://data.cdc.gov/api/views/9bhg-hcku/rows.csv?accessType=DOWNLOAD'
Content type 'text/csv; charset=utf-8' length unknown
.......... .......... .......... .......... ..........
.......... .......... .......... .......... ..........
.......... .......... .......... .......... ..........
.......... .......... .......... .......... ..........
.......... .......... .......... .......... ..........
.......... .......... .......... .......... ..........
.......... .......... .......... .......... ..........
........
downloaded 358 KB

here() starts at U:/gits/covid_age
Loading required package: pacman
Reading from "input_rubric"
Range "'input'"
Reading from "input_rubric"
Range "'input'"
Reading from "USA_deaths_all_states.R"
Range "'database'"
Parsed with column specification:
cols(
  `Data as of` = col_character(),
  `Start week` = col_character(),
  `End Week` = col_character(),
  State = col_character(),
  Sex = col_character(),
  `Age group` = col_character(),
  `COVID-19 Deaths` = col_double(),
  `Total Deaths` = col_double(),
  `Pneumonia Deaths` = col_double(),
  `Pneumonia and COVID-19 Deaths` = col_double(),
  `Influenza Deaths` = col_double(),
  `Pneumonia, Influenza, or COVID-19 Deaths` = col_double(),
  Footnote = col_character()
)
`summarise()` ungrouping output (override with `.groups` argument)
`summarise()` ungrouping output (override with `.groups` argument)
Joining, by = "State"
`summarise()` regrouping output by 'State' (override with `.groups` argument)
Joining, by = c("State", "Sex")
Joining, by = c("Age", "Sex")
Joining, by = c("State", "Sex")
`summarise()` regrouping output by 'State' (override with `.groups` argument)
Writing to "USA_deaths_all_states.R"
Writing to sheet "database"
Writing to "Hydra auto-update dashboard"
Appending 1 row(s) to "log"
trying URL 'https://data.cdc.gov/api/views/9bhg-hcku/rows.csv?accessType=DOWNLOAD'
Content type 'text/csv; charset=utf-8' length unknown
.......... .......... .......... .......... ..........
.......... .......... .......... .......... ..........
.......... .......... .......... .......... ..........
.......... .......... .......... .......... ..........
.......... .......... .......... .......... ..........
.......... .......... .......... .......... ..........
.......... .......... .......... .......... ..........
........
downloaded 358 KB

here() starts at U:/gits/covid_age
Loading required package: pacman
Reading from "input_rubric"
Range "'input'"
Reading from "input_rubric"
Range "'input'"
Reading from "USA_deaths_all_states.R"
Range "'database'"
Parsed with column specification:
cols(
  `Data as of` = col_character(),
  `Start week` = col_character(),
  `End Week` = col_character(),
  State = col_character(),
  Sex = col_character(),
  `Age group` = col_character(),
  `COVID-19 Deaths` = col_double(),
  `Total Deaths` = col_double(),
  `Pneumonia Deaths` = col_double(),
  `Pneumonia and COVID-19 Deaths` = col_double(),
  `Influenza Deaths` = col_double(),
  `Pneumonia, Influenza, or COVID-19 Deaths` = col_double(),
  Footnote = col_character()
)
`summarise()` ungrouping output (override with `.groups` argument)
`summarise()` ungrouping output (override with `.groups` argument)
Joining, by = "State"
`summarise()` regrouping output by 'State' (override with `.groups` argument)
Joining, by = c("State", "Sex")
Joining, by = c("Age", "Sex")
Joining, by = c("State", "Sex")
`summarise()` regrouping output by 'State' (override with `.groups` argument)
Writing to "USA_deaths_all_states.R"
Writing to sheet "database"
Writing to "Hydra auto-update dashboard"
Appending 1 row(s) to "log"
trying URL 'https://data.cdc.gov/api/views/9bhg-hcku/rows.csv?accessType=DOWNLOAD'
Content type 'text/csv; charset=utf-8' length unknown
.......... .......... .......... .......... ..........
.......... .......... .......... .......... ..........
.......... .......... .......... .......... ..........
.......... .......... .......... .......... ..........
.......... .......... .......... .......... ..........
.......... .......... .......... .......... ..........
.......... .......... .......... .......... ..........
........
downloaded 358 KB

here() starts at U:/gits/covid_age
Loading required package: pacman
Reading from "input_rubric"
Range "'input'"
Reading from "input_rubric"
Range "'input'"
Reading from "USA_deaths_all_states.R"
Range "'database'"
Parsed with column specification:
cols(
  `Data as of` = col_character(),
  `Start week` = col_character(),
  `End Week` = col_character(),
  State = col_character(),
  Sex = col_character(),
  `Age group` = col_character(),
  `COVID-19 Deaths` = col_double(),
  `Total Deaths` = col_double(),
  `Pneumonia Deaths` = col_double(),
  `Pneumonia and COVID-19 Deaths` = col_double(),
  `Influenza Deaths` = col_double(),
  `Pneumonia, Influenza, or COVID-19 Deaths` = col_double(),
  Footnote = col_character()
)
`summarise()` ungrouping output (override with `.groups` argument)
`summarise()` ungrouping output (override with `.groups` argument)
Joining, by = "State"
`summarise()` regrouping output by 'State' (override with `.groups` argument)
Joining, by = c("State", "Sex")
Joining, by = c("Age", "Sex")
Joining, by = c("State", "Sex")
`summarise()` regrouping output by 'State' (override with `.groups` argument)
Writing to "USA_deaths_all_states.R"
Writing to sheet "database"
Writing to "Hydra auto-update dashboard"
Appending 1 row(s) to "log"
trying URL 'https://data.cdc.gov/api/views/9bhg-hcku/rows.csv?accessType=DOWNLOAD'
Content type 'text/csv; charset=utf-8' length unknown
.......... .......... .......... .......... ..........
.......... .......... .......... .......... ..........
.......... .......... .......... .......... ..........
.......... .......... .......... .......... ..........
.......... .......... .......... .......... ..........
.......... .......... .......... .......... ..........
.......... .......... .......... .......... ..........
........
downloaded 358 KB

here() starts at U:/gits/covid_age
Loading required package: pacman
Reading from "input_rubric"
Range "'input'"
Reading from "input_rubric"
Range "'input'"
Reading from "USA_deaths_all_states.R"
Range "'database'"
Parsed with column specification:
cols(
  `Data as of` = col_character(),
  `Start week` = col_character(),
  `End Week` = col_character(),
  State = col_character(),
  Sex = col_character(),
  `Age group` = col_character(),
  `COVID-19 Deaths` = col_double(),
  `Total Deaths` = col_double(),
  `Pneumonia Deaths` = col_double(),
  `Pneumonia and COVID-19 Deaths` = col_double(),
  `Influenza Deaths` = col_double(),
  `Pneumonia, Influenza, or COVID-19 Deaths` = col_double(),
  Footnote = col_character()
)
`summarise()` ungrouping output (override with `.groups` argument)
`summarise()` ungrouping output (override with `.groups` argument)
Joining, by = "State"
`summarise()` regrouping output by 'State' (override with `.groups` argument)
Joining, by = c("State", "Sex")
Joining, by = c("Age", "Sex")
Joining, by = c("State", "Sex")
`summarise()` regrouping output by 'State' (override with `.groups` argument)
Writing to "USA_deaths_all_states.R"
Writing to sheet "database"
Writing to "Hydra auto-update dashboard"
Appending 1 row(s) to "log"
trying URL 'https://data.cdc.gov/api/views/9bhg-hcku/rows.csv?accessType=DOWNLOAD'
Content type 'text/csv; charset=utf-8' length unknown
.......... .......... .......... .......... ..........
.......... .......... .......... .......... ..........
.......... .......... .......... .......... ..........
.......... .......... .......... .......... ..........
.......... .......... .......... .......... ..........
.......... .......... .......... .......... ..........
.......... .......... .......... .......... ..........
........
downloaded 358 KB

here() starts at U:/gits/covid_age
Loading required package: pacman
Reading from "input_rubric"
Range "'input'"
Reading from "input_rubric"
Range "'input'"
Reading from "USA_deaths_all_states.R"
Range "'database'"
Parsed with column specification:
cols(
  `Data as of` = col_character(),
  `Start week` = col_character(),
  `End Week` = col_character(),
  State = col_character(),
  Sex = col_character(),
  `Age group` = col_character(),
  `COVID-19 Deaths` = col_double(),
  `Total Deaths` = col_double(),
  `Pneumonia Deaths` = col_double(),
  `Pneumonia and COVID-19 Deaths` = col_double(),
  `Influenza Deaths` = col_double(),
  `Pneumonia, Influenza, or COVID-19 Deaths` = col_double(),
  Footnote = col_character()
)
`summarise()` ungrouping output (override with `.groups` argument)
`summarise()` ungrouping output (override with `.groups` argument)
Joining, by = "State"
`summarise()` regrouping output by 'State' (override with `.groups` argument)
Joining, by = c("State", "Sex")
Joining, by = c("Age", "Sex")
Joining, by = c("State", "Sex")
`summarise()` regrouping output by 'State' (override with `.groups` argument)
Writing to "USA_deaths_all_states.R"
Writing to sheet "database"
Writing to "Hydra auto-update dashboard"
Appending 1 row(s) to "log"
trying URL 'https://data.cdc.gov/api/views/9bhg-hcku/rows.csv?accessType=DOWNLOAD'
Content type 'text/csv; charset=utf-8' length unknown
.......... .......... .......... .......... ..........
.......... .......... .......... .......... ..........
.......... .......... .......... .......... ..........
.......... .......... .......... .......... ..........
.......... .......... .......... .......... ..........
.......... .......... .......... .......... ..........
.......... .......... .......... .......... ..........
........
downloaded 358 KB

here() starts at U:/gits/covid_age
Loading required package: pacman
Reading from "input_rubric"
Range "'input'"
Reading from "input_rubric"
Range "'input'"
Reading from "USA_deaths_all_states.R"
Range "'database'"
Parsed with column specification:
cols(
  `Data as of` = col_character(),
  `Start week` = col_character(),
  `End Week` = col_character(),
  State = col_character(),
  Sex = col_character(),
  `Age group` = col_character(),
  `COVID-19 Deaths` = col_double(),
  `Total Deaths` = col_double(),
  `Pneumonia Deaths` = col_double(),
  `Pneumonia and COVID-19 Deaths` = col_double(),
  `Influenza Deaths` = col_double(),
  `Pneumonia, Influenza, or COVID-19 Deaths` = col_double(),
  Footnote = col_character()
)
`summarise()` ungrouping output (override with `.groups` argument)
`summarise()` ungrouping output (override with `.groups` argument)
Joining, by = "State"
`summarise()` regrouping output by 'State' (override with `.groups` argument)
Joining, by = c("State", "Sex")
Joining, by = c("Age", "Sex")
Joining, by = c("State", "Sex")
`summarise()` regrouping output by 'State' (override with `.groups` argument)
Writing to "USA_deaths_all_states.R"
Writing to sheet "database"
Writing to "Hydra auto-update dashboard"
Appending 1 row(s) to "log"
trying URL 'https://data.cdc.gov/api/views/9bhg-hcku/rows.csv?accessType=DOWNLOAD'
Content type 'text/csv; charset=utf-8' length unknown
.......... .......... .......... .......... ..........
.......... .......... .......... .......... ..........
.......... .......... .......... .......... ..........
.......... .......... .......... .......... ..........
.......... .......... .......... .......... ..........
.......... .......... .......... .......... ..........
.......... .......... .......... .......... ..........
........
downloaded 358 KB

here() starts at U:/gits/covid_age
Loading required package: pacman
Reading from "input_rubric"
Range "'input'"
Reading from "input_rubric"
Range "'input'"
Reading from "USA_deaths_all_states.R"
Range "'database'"
Parsed with column specification:
cols(
  `Data as of` = col_character(),
  `Start week` = col_character(),
  `End Week` = col_character(),
  State = col_character(),
  Sex = col_character(),
  `Age group` = col_character(),
  `COVID-19 Deaths` = col_double(),
  `Total Deaths` = col_double(),
  `Pneumonia Deaths` = col_double(),
  `Pneumonia and COVID-19 Deaths` = col_double(),
  `Influenza Deaths` = col_double(),
  `Pneumonia, Influenza, or COVID-19 Deaths` = col_double(),
  Footnote = col_character()
)
`summarise()` ungrouping output (override with `.groups` argument)
`summarise()` ungrouping output (override with `.groups` argument)
Joining, by = "State"
`summarise()` regrouping output by 'State' (override with `.groups` argument)
Joining, by = c("State", "Sex")
Joining, by = c("Age", "Sex")
Joining, by = c("State", "Sex")
`summarise()` regrouping output by 'State' (override with `.groups` argument)
Writing to "USA_deaths_all_states.R"
Writing to sheet "database"
Writing to "Hydra auto-update dashboard"
Appending 1 row(s) to "log"
trying URL 'https://data.cdc.gov/api/views/9bhg-hcku/rows.csv?accessType=DOWNLOAD'
Content type 'text/csv; charset=utf-8' length unknown
.......... .......... .......... .......... ..........
.......... .......... .......... .......... ..........
.......... .......... .......... .......... ..........
.......... .......... .......... .......... ..........
.......... .......... .......... .......... ..........
.......... .......... .......... .......... ..........
.......... .......... .......... .......... ..........
........
downloaded 358 KB

here() starts at U:/gits/covid_age
Loading required package: pacman
Reading from "input_rubric"
Range "'input'"
Reading from "input_rubric"
Range "'input'"
Reading from "USA_deaths_all_states.R"
Range "'database'"
Parsed with column specification:
cols(
  `Data as of` = col_character(),
  `Start week` = col_character(),
  `End Week` = col_character(),
  State = col_character(),
  Sex = col_character(),
  `Age group` = col_character(),
  `COVID-19 Deaths` = col_double(),
  `Total Deaths` = col_double(),
  `Pneumonia Deaths` = col_double(),
  `Pneumonia and COVID-19 Deaths` = col_double(),
  `Influenza Deaths` = col_double(),
  `Pneumonia, Influenza, or COVID-19 Deaths` = col_double(),
  Footnote = col_character()
)
`summarise()` ungrouping output (override with `.groups` argument)
`summarise()` ungrouping output (override with `.groups` argument)
Joining, by = "State"
`summarise()` regrouping output by 'State' (override with `.groups` argument)
Joining, by = c("State", "Sex")
Joining, by = c("Age", "Sex")
Joining, by = c("State", "Sex")
`summarise()` regrouping output by 'State' (override with `.groups` argument)
Writing to "USA_deaths_all_states.R"
Writing to sheet "database"
Error: Client error: (429) RESOURCE_EXHAUSTED
  * Either out of resource quota or reaching rate limiting. The client should look for google.rpc.QuotaFailure error detail for more information.
  * Quota exceeded for quota metric 'Read requests' and limit 'Read requests per minute' of service 'sheets.googleapis.com' for consumer 'project_number:603366585132'.

Error details:
  * Error details of type 'google.rpc.ErrorInfo' are not implemented yet.
  * Workaround: use `tryCatch()` and inspect error payload yourself.
  * Please open an issue at https://github.com/r-lib/gargle/issues, so we can fix.
Backtrace:
     x
  1. +-base::source("Automation/00_hydra/USA_deaths_states.R", encoding = "utf-8")
  2. | +-base::withVisible(eval(ei, envir))
  3. | \-base::eval(ei, envir)
  4. |   \-base::eval(ei, envir)
  5. \-global::log_update(pp = ctr, N = nrow(out))
  6.   \-googlesheets4::sheet_append(log_this, ss = ss, sheet = "log")
  7.     \-googlesheets4::gs4_get(ssid)
  8.       \-googlesheets4
Execution halted
here() starts at U:/gits/covid_age
Loading required package: pacman
Reading from "input_rubric"
Range "'input'"
Reading from "input_rubric"
Range "'input'"
Reading from "USA_deaths_all_states.R"
Range "'database'"
Parsed with column specification:
cols(
  `Data as of` = col_character(),
  `Start week` = col_character(),
  `End Week` = col_character(),
  State = col_character(),
  Sex = col_character(),
  `Age group` = col_character(),
  `COVID-19 Deaths` = col_double(),
  `Total Deaths` = col_double(),
  `Pneumonia Deaths` = col_double(),
  `Pneumonia and COVID-19 Deaths` = col_double(),
  `Influenza Deaths` = col_double(),
  `Pneumonia, Influenza, or COVID-19 Deaths` = col_double(),
  Footnote = col_character()
)
`summarise()` ungrouping output (override with `.groups` argument)
`summarise()` ungrouping output (override with `.groups` argument)
Joining, by = "State"
`summarise()` regrouping output by 'State' (override with `.groups` argument)
Joining, by = c("State", "Sex")
Joining, by = c("Age", "Sex")
Joining, by = c("State", "Sex")
`summarise()` regrouping output by 'State' (override with `.groups` argument)
Writing to "USA_deaths_all_states.R"
Writing to sheet "database"
Writing to "Hydra auto-update dashboard"
Appending 1 row(s) to "log"
trying URL 'https://data.cdc.gov/api/views/9bhg-hcku/rows.csv?accessType=DOWNLOAD'
Content type 'text/csv; charset=utf-8' length unknown
.......... .......... .......... .......... ..........
.......... .......... .......... .......... ..........
.......... .......... .......... .......... ..........
.......... .......... .......... .......... ..........
.......... .......... .......... .......... ..........
.......... .......... .......... .......... ..........
.......... .......... .......... .......... ..........
........
downloaded 358 KB

here() starts at U:/gits/covid_age
Loading required package: pacman
Reading from "input_rubric"
Range "'input'"
Reading from "input_rubric"
Range "'input'"
Reading from "USA_deaths_all_states.R"
Range "'database'"
Parsed with column specification:
cols(
  `Data as of` = col_character(),
  `Start week` = col_character(),
  `End Week` = col_character(),
  State = col_character(),
  Sex = col_character(),
  `Age group` = col_character(),
  `COVID-19 Deaths` = col_double(),
  `Total Deaths` = col_double(),
  `Pneumonia Deaths` = col_double(),
  `Pneumonia and COVID-19 Deaths` = col_double(),
  `Influenza Deaths` = col_double(),
  `Pneumonia, Influenza, or COVID-19 Deaths` = col_double(),
  Footnote = col_character()
)
`summarise()` ungrouping output (override with `.groups` argument)
`summarise()` ungrouping output (override with `.groups` argument)
Joining, by = "State"
`summarise()` regrouping output by 'State' (override with `.groups` argument)
Joining, by = c("State", "Sex")
Joining, by = c("Age", "Sex")
Joining, by = c("State", "Sex")
`summarise()` regrouping output by 'State' (override with `.groups` argument)
Writing to "USA_deaths_all_states.R"
Writing to sheet "database"
Writing to "Hydra auto-update dashboard"
Appending 1 row(s) to "log"
trying URL 'https://data.cdc.gov/api/views/9bhg-hcku/rows.csv?accessType=DOWNLOAD'
Content type 'text/csv; charset=utf-8' length unknown
.......... .......... .......... .......... ..........
.......... .......... .......... .......... ..........
.......... .......... .......... .......... ..........
.......... .......... .......... .......... ..........
.......... .......... .......... .......... ..........
.......... .......... .......... .......... ..........
.......... .......... .......... .......... ..........
.........
downloaded 359 KB

here() starts at U:/gits/covid_age
Loading required package: pacman
Reading from "input_rubric"
Range "'input'"
Reading from "input_rubric"
Range "'input'"
Reading from "USA_deaths_all_states.R"
Range "'database'"
Parsed with column specification:
cols(
  `Data as of` = col_character(),
  `Start week` = col_character(),
  `End Week` = col_character(),
  State = col_character(),
  Sex = col_character(),
  `Age group` = col_character(),
  `COVID-19 Deaths` = col_double(),
  `Total Deaths` = col_double(),
  `Pneumonia Deaths` = col_double(),
  `Pneumonia and COVID-19 Deaths` = col_double(),
  `Influenza Deaths` = col_double(),
  `Pneumonia, Influenza, or COVID-19 Deaths` = col_double(),
  Footnote = col_character()
)
`summarise()` ungrouping output (override with `.groups` argument)
`summarise()` ungrouping output (override with `.groups` argument)
Joining, by = "State"
`summarise()` regrouping output by 'State' (override with `.groups` argument)
Joining, by = c("State", "Sex")
Joining, by = c("Age", "Sex")
Joining, by = c("State", "Sex")
`summarise()` regrouping output by 'State' (override with `.groups` argument)
Writing to "USA_deaths_all_states.R"
Writing to sheet "database"
Writing to "Hydra auto-update dashboard"
Appending 1 row(s) to "log"
trying URL 'https://data.cdc.gov/api/views/9bhg-hcku/rows.csv?accessType=DOWNLOAD'
Content type 'text/csv; charset=utf-8' length unknown
.......... .......... .......... .......... ..........
.......... .......... .......... .......... ..........
.......... .......... .......... .......... ..........
.......... .......... .......... .......... ..........
.......... .......... .......... .......... ..........
.......... .......... .......... .......... ..........
.......... .......... .......... .......... ..........
.........
downloaded 359 KB

here() starts at U:/gits/covid_age
Loading required package: pacman
Reading from "input_rubric"
Range "'input'"
Reading from "input_rubric"
Range "'input'"
Reading from "USA_deaths_all_states.R"
Range "'database'"
Parsed with column specification:
cols(
  `Data as of` = col_character(),
  `Start week` = col_character(),
  `End Week` = col_character(),
  State = col_character(),
  Sex = col_character(),
  `Age group` = col_character(),
  `COVID-19 Deaths` = col_double(),
  `Total Deaths` = col_double(),
  `Pneumonia Deaths` = col_double(),
  `Pneumonia and COVID-19 Deaths` = col_double(),
  `Influenza Deaths` = col_double(),
  `Pneumonia, Influenza, or COVID-19 Deaths` = col_double(),
  Footnote = col_character()
)
`summarise()` ungrouping output (override with `.groups` argument)
`summarise()` ungrouping output (override with `.groups` argument)
Joining, by = "State"
`summarise()` regrouping output by 'State' (override with `.groups` argument)
Joining, by = c("State", "Sex")
Joining, by = c("Age", "Sex")
Joining, by = c("State", "Sex")
`summarise()` regrouping output by 'State' (override with `.groups` argument)
Writing to "USA_deaths_all_states.R"
Writing to sheet "database"
Writing to "Hydra auto-update dashboard"
Appending 1 row(s) to "log"
trying URL 'https://data.cdc.gov/api/views/9bhg-hcku/rows.csv?accessType=DOWNLOAD'
Content type 'text/csv; charset=utf-8' length unknown
.......... .......... .......... .......... ..........
.......... .......... .......... .......... ..........
.......... .......... .......... .......... ..........
.......... .......... .......... .......... ..........
.......... .......... .......... .......... ..........
.......... .......... .......... .......... ..........
.......... .......... .......... .......... ..........
.........
downloaded 359 KB

here() starts at U:/gits/covid_age
Loading required package: pacman
Reading from "input_rubric"
Range "'input'"
Reading from "input_rubric"
Range "'input'"
Reading from "USA_deaths_all_states.R"
Range "'database'"
Parsed with column specification:
cols(
  `Data as of` = col_character(),
  `Start week` = col_character(),
  `End Week` = col_character(),
  State = col_character(),
  Sex = col_character(),
  `Age group` = col_character(),
  `COVID-19 Deaths` = col_double(),
  `Total Deaths` = col_double(),
  `Pneumonia Deaths` = col_double(),
  `Pneumonia and COVID-19 Deaths` = col_double(),
  `Influenza Deaths` = col_double(),
  `Pneumonia, Influenza, or COVID-19 Deaths` = col_double(),
  Footnote = col_character()
)
`summarise()` ungrouping output (override with `.groups` argument)
`summarise()` ungrouping output (override with `.groups` argument)
Joining, by = "State"
`summarise()` regrouping output by 'State' (override with `.groups` argument)
Joining, by = c("State", "Sex")
Joining, by = c("Age", "Sex")
Joining, by = c("State", "Sex")
`summarise()` regrouping output by 'State' (override with `.groups` argument)
Writing to "USA_deaths_all_states.R"
Writing to sheet "database"
Writing to "Hydra auto-update dashboard"
Appending 1 row(s) to "log"
trying URL 'https://data.cdc.gov/api/views/9bhg-hcku/rows.csv?accessType=DOWNLOAD'
Content type 'text/csv; charset=utf-8' length unknown
.......... .......... .......... .......... ..........
.......... .......... .......... .......... ..........
.......... .......... .......... .......... ..........
.......... .......... .......... .......... ..........
.......... .......... .......... .......... ..........
.......... .......... .......... .......... ..........
.......... .......... .......... .......... ..........
.........
downloaded 359 KB

here() starts at U:/gits/covid_age
Loading required package: pacman
Reading from "input_rubric"
Range "'input'"
Reading from "input_rubric"
Range "'input'"
Reading from "USA_deaths_all_states.R"
Range "'database'"
Parsed with column specification:
cols(
  `Data as of` = col_character(),
  `Start week` = col_character(),
  `End Week` = col_character(),
  State = col_character(),
  Sex = col_character(),
  `Age group` = col_character(),
  `COVID-19 Deaths` = col_double(),
  `Total Deaths` = col_double(),
  `Pneumonia Deaths` = col_double(),
  `Pneumonia and COVID-19 Deaths` = col_double(),
  `Influenza Deaths` = col_double(),
  `Pneumonia, Influenza, or COVID-19 Deaths` = col_double(),
  Footnote = col_character()
)
`summarise()` ungrouping output (override with `.groups` argument)
`summarise()` ungrouping output (override with `.groups` argument)
Joining, by = "State"
`summarise()` regrouping output by 'State' (override with `.groups` argument)
Joining, by = c("State", "Sex")
Joining, by = c("Age", "Sex")
Joining, by = c("State", "Sex")
`summarise()` regrouping output by 'State' (override with `.groups` argument)
Writing to "USA_deaths_all_states.R"
Writing to sheet "database"
Writing to "Hydra auto-update dashboard"
Appending 1 row(s) to "log"
trying URL 'https://data.cdc.gov/api/views/9bhg-hcku/rows.csv?accessType=DOWNLOAD'
Content type 'text/csv; charset=utf-8' length unknown
.......... .......... .......... .......... ..........
.......... .......... .......... .......... ..........
.......... .......... .......... .......... ..........
.......... .......... .......... .......... ..........
.......... .......... .......... .......... ..........
.......... .......... .......... .......... ..........
.......... .......... .......... .......... ..........
.........
downloaded 359 KB

here() starts at U:/gits/covid_age
Loading required package: pacman
Reading from "input_rubric"
Range "'input'"
Reading from "input_rubric"
Range "'input'"
Reading from "USA_deaths_all_states.R"
Range "'database'"
Parsed with column specification:
cols(
  `Data as of` = col_character(),
  `Start week` = col_character(),
  `End Week` = col_character(),
  State = col_character(),
  Sex = col_character(),
  `Age group` = col_character(),
  `COVID-19 Deaths` = col_double(),
  `Total Deaths` = col_double(),
  `Pneumonia Deaths` = col_double(),
  `Pneumonia and COVID-19 Deaths` = col_double(),
  `Influenza Deaths` = col_double(),
  `Pneumonia, Influenza, or COVID-19 Deaths` = col_double(),
  Footnote = col_character()
)
`summarise()` ungrouping output (override with `.groups` argument)
`summarise()` ungrouping output (override with `.groups` argument)
Joining, by = "State"
`summarise()` regrouping output by 'State' (override with `.groups` argument)
Joining, by = c("State", "Sex")
Joining, by = c("Age", "Sex")
Joining, by = c("State", "Sex")
`summarise()` regrouping output by 'State' (override with `.groups` argument)
Writing to "USA_deaths_all_states.R"
Writing to sheet "database"
Writing to "Hydra auto-update dashboard"
Appending 1 row(s) to "log"
trying URL 'https://data.cdc.gov/api/views/9bhg-hcku/rows.csv?accessType=DOWNLOAD'
Content type 'text/csv; charset=utf-8' length unknown
.......... .......... .......... .......... ..........
.......... .......... .......... .......... ..........
.......... .......... .......... .......... ..........
.......... .......... .......... .......... ..........
.......... .......... .......... .......... ..........
.......... .......... .......... .......... ..........
.......... .......... .......... .......... ..........
.........
downloaded 359 KB

here() starts at U:/gits/covid_age
Loading required package: pacman
Reading from "input_rubric"
Range "'input'"
Reading from "input_rubric"
Range "'input'"
Reading from "USA_deaths_all_states.R"
Range "'database'"
Parsed with column specification:
cols(
  `Data as of` = col_character(),
  `Start week` = col_character(),
  `End Week` = col_character(),
  State = col_character(),
  Sex = col_character(),
  `Age group` = col_character(),
  `COVID-19 Deaths` = col_double(),
  `Total Deaths` = col_double(),
  `Pneumonia Deaths` = col_double(),
  `Pneumonia and COVID-19 Deaths` = col_double(),
  `Influenza Deaths` = col_double(),
  `Pneumonia, Influenza, or COVID-19 Deaths` = col_double(),
  Footnote = col_character()
)
`summarise()` ungrouping output (override with `.groups` argument)
`summarise()` ungrouping output (override with `.groups` argument)
Joining, by = "State"
`summarise()` regrouping output by 'State' (override with `.groups` argument)
Joining, by = c("State", "Sex")
Joining, by = c("Age", "Sex")
Joining, by = c("State", "Sex")
`summarise()` regrouping output by 'State' (override with `.groups` argument)
Writing to "USA_deaths_all_states.R"
Writing to sheet "database"
Writing to "Hydra auto-update dashboard"
Appending 1 row(s) to "log"
trying URL 'https://data.cdc.gov/api/views/9bhg-hcku/rows.csv?accessType=DOWNLOAD'
Content type 'text/csv; charset=utf-8' length unknown
.......... .......... .......... .......... ..........
.......... .......... .......... .......... ..........
.......... .......... .......... .......... ..........
.......... .......... .......... .......... ..........
.......... .......... .......... .......... ..........
.......... .......... .......... .......... ..........
.......... .......... .......... .......... ..........
.........
downloaded 359 KB

