-- Attaching packages --------------------------------------- tidyverse 1.3.0 --
v ggplot2 3.3.0     v purrr   0.3.4
v tibble  3.0.1     v dplyr   0.8.5
v tidyr   1.1.0     v stringr 1.4.0
v readr   1.3.1     v forcats 0.5.0
-- Conflicts ------------------------------------------ tidyverse_conflicts() --
x dplyr::filter() masks stats::filter()
x dplyr::lag()    masks stats::lag()
Warnmeldungen:
1: Paket 'tidyverse' wurde unter R Version 3.6.3 erstellt 
2: Paket 'ggplot2' wurde unter R Version 3.6.3 erstellt 
3: Paket 'tibble' wurde unter R Version 3.6.3 erstellt 
4: Paket 'tidyr' wurde unter R Version 3.6.3 erstellt 
5: Paket 'readr' wurde unter R Version 3.6.3 erstellt 
6: Paket 'purrr' wurde unter R Version 3.6.3 erstellt 
7: Paket 'dplyr' wurde unter R Version 3.6.3 erstellt 
8: Paket 'stringr' wurde unter R Version 3.6.3 erstellt 
9: Paket 'forcats' wurde unter R Version 3.6.3 erstellt 
Warnmeldung:
Paket 'googlesheets4' wurde unter R Version 3.6.3 erstellt 

Attache Paket: 'googledrive'

The following objects are masked from 'package:googlesheets4':

    request_generate, request_make

Warnmeldung:
Paket 'googledrive' wurde unter R Version 3.6.3 erstellt 
Lade nötiges Paket: xml2

Attache Paket: 'rvest'

The following object is masked from 'package:purrr':

    pluck

The following object is masked from 'package:readr':

    guess_encoding

Warnmeldungen:
1: Paket 'rvest' wurde unter R Version 3.6.3 erstellt 
2: Paket 'xml2' wurde unter R Version 3.6.3 erstellt 

Attache Paket: 'lubridate'

The following objects are masked from 'package:dplyr':

    intersect, setdiff, union

The following objects are masked from 'package:base':

    date, intersect, setdiff, union

Warnmeldung:
Paket 'lubridate' wurde unter R Version 3.6.3 erstellt 
Auto-refreshing stale OAuth token.
Reading from "Montreal input template"
Range "'database'"
Using ',' as decimal and '.' as grouping mark. Use read_delim() for more control.
Parsed with column specification:
cols(
  `Groupe d'<e2>ge` = col_character(),
  `Nombre de cas confirm<e9>s` = col_double(),
  `R<e9>partition des cas (%)` = col_double(),
  `Taux de cas pour 100 000 personnes` = col_double(),
  `Nombre de d<e9>c<e8>s` = col_character(),
  `Taux de mortalit<e9> pour 100 000 personnes` = col_character()
)
Using ',' as decimal and '.' as grouping mark. Use read_delim() for more control.
Parsed with column specification:
cols(
  Sexe = col_character(),
  `Nombre de cas confirm<e9>s` = col_double(),
  `R<e9>partition des cas (%)` = col_double(),
  `Taux de cas pour 100 000 personnes` = col_double(),
  `Nombre de d<e9>c<e8>s` = col_character(),
  `Taux de mortalit<e9> pour 100 000 personnes` = col_double()
)
Writing to "Montreal input template"
Appending 26 row(s) to "database"
Auto-refreshing stale OAuth token.
Created Drive file:
  * CA_MTL02.07.2020cases&deaths: 1U4cIbbhIR3Z4bm62KSaY0aoLvorE0f7E7O7i9M5ZUzk
with MIME type:
  * application/vnd.google-apps.spreadsheet
Fehler: Client error: (429) RESOURCE_EXHAUSTED
  * Either out of resource quota or reaching rate limiting. The client should look for google.rpc.QuotaFailure error detail for more information.
  * Quota exceeded for quota group 'ReadGroup' and limit 'Read requests per 100 seconds' of service 'sheets.googleapis.com' for consumer 'project_number:603366585132'.

Error details:
  * Error details of type 'google.rpc.Help' are not implemented yet.
  * Workaround: use `tryCatch()` and inspect error payload yourself.
  * Please open an issue at https://github.com/r-lib/gargle/issues, so we can fix.
Backtrace:
    x
 1. \-googlesheets4::write_sheet(db_a, ss = meta$id, sheet = "cases&deaths_age")
 2.   \-googlesheets4::gs4_get(ssid)
 3.     \-googlesheets4:::gs4_get_impl_(as_sheets_id(ss))
 4.       \-gargle::response_process(raw_resp)
 5.         \-gargle:::stop_request_failed(error_message(resp), resp)
Ausführung angehalten
-- Attaching packages --------------------------------------- tidyverse 1.3.0 --
v ggplot2 3.3.0     v purrr   0.3.4
v tibble  3.0.1     v dplyr   0.8.5
v tidyr   1.1.0     v stringr 1.4.0
v readr   1.3.1     v forcats 0.5.0
-- Conflicts ------------------------------------------ tidyverse_conflicts() --
x dplyr::filter() masks stats::filter()
x dplyr::lag()    masks stats::lag()
Warnmeldungen:
1: Paket 'tidyverse' wurde unter R Version 3.6.3 erstellt 
2: Paket 'ggplot2' wurde unter R Version 3.6.3 erstellt 
3: Paket 'tibble' wurde unter R Version 3.6.3 erstellt 
4: Paket 'tidyr' wurde unter R Version 3.6.3 erstellt 
5: Paket 'readr' wurde unter R Version 3.6.3 erstellt 
6: Paket 'purrr' wurde unter R Version 3.6.3 erstellt 
7: Paket 'dplyr' wurde unter R Version 3.6.3 erstellt 
8: Paket 'stringr' wurde unter R Version 3.6.3 erstellt 
9: Paket 'forcats' wurde unter R Version 3.6.3 erstellt 
Warnmeldung:
Paket 'googlesheets4' wurde unter R Version 3.6.3 erstellt 

Attache Paket: 'googledrive'

The following objects are masked from 'package:googlesheets4':

    request_generate, request_make

Warnmeldung:
Paket 'googledrive' wurde unter R Version 3.6.3 erstellt 
Lade nötiges Paket: xml2

Attache Paket: 'rvest'

The following object is masked from 'package:purrr':

    pluck

The following object is masked from 'package:readr':

    guess_encoding

Warnmeldungen:
1: Paket 'rvest' wurde unter R Version 3.6.3 erstellt 
2: Paket 'xml2' wurde unter R Version 3.6.3 erstellt 

Attache Paket: 'lubridate'

The following objects are masked from 'package:dplyr':

    intersect, setdiff, union

The following objects are masked from 'package:base':

    date, intersect, setdiff, union

Warnmeldung:
Paket 'lubridate' wurde unter R Version 3.6.3 erstellt 
Reading from "Montreal input template"
Range "'database'"
no new updates so far, last date: 2020-07-02-- Attaching packages --------------------------------------- tidyverse 1.3.0 --
v ggplot2 3.3.0     v purrr   0.3.4
v tibble  3.0.1     v dplyr   0.8.5
v tidyr   1.1.0     v stringr 1.4.0
v readr   1.3.1     v forcats 0.5.0
-- Conflicts ------------------------------------------ tidyverse_conflicts() --
x dplyr::filter() masks stats::filter()
x dplyr::lag()    masks stats::lag()
Warnmeldungen:
1: Paket 'tidyverse' wurde unter R Version 3.6.3 erstellt 
2: Paket 'ggplot2' wurde unter R Version 3.6.3 erstellt 
3: Paket 'tibble' wurde unter R Version 3.6.3 erstellt 
4: Paket 'tidyr' wurde unter R Version 3.6.3 erstellt 
5: Paket 'readr' wurde unter R Version 3.6.3 erstellt 
6: Paket 'purrr' wurde unter R Version 3.6.3 erstellt 
7: Paket 'dplyr' wurde unter R Version 3.6.3 erstellt 
8: Paket 'stringr' wurde unter R Version 3.6.3 erstellt 
9: Paket 'forcats' wurde unter R Version 3.6.3 erstellt 
Warnmeldung:
Paket 'googlesheets4' wurde unter R Version 3.6.3 erstellt 

Attache Paket: 'googledrive'

The following objects are masked from 'package:googlesheets4':

    request_generate, request_make

Warnmeldung:
Paket 'googledrive' wurde unter R Version 3.6.3 erstellt 
Lade nötiges Paket: xml2

Attache Paket: 'rvest'

The following object is masked from 'package:purrr':

    pluck

The following object is masked from 'package:readr':

    guess_encoding

Warnmeldungen:
1: Paket 'rvest' wurde unter R Version 3.6.3 erstellt 
2: Paket 'xml2' wurde unter R Version 3.6.3 erstellt 

Attache Paket: 'lubridate'

The following objects are masked from 'package:dplyr':

    intersect, setdiff, union

The following objects are masked from 'package:base':

    date, intersect, setdiff, union

Warnmeldung:
Paket 'lubridate' wurde unter R Version 3.6.3 erstellt 
Reading from "Montreal input template"
Range "'database'"
no new updates so far, last date: 2020-07-02-- Attaching packages --------------------------------------- tidyverse 1.3.0 --
v ggplot2 3.3.0     v purrr   0.3.4
v tibble  3.0.1     v dplyr   0.8.5
v tidyr   1.1.0     v stringr 1.4.0
v readr   1.3.1     v forcats 0.5.0
-- Conflicts ------------------------------------------ tidyverse_conflicts() --
x dplyr::filter() masks stats::filter()
x dplyr::lag()    masks stats::lag()
Warnmeldungen:
1: Paket 'tidyverse' wurde unter R Version 3.6.3 erstellt 
2: Paket 'ggplot2' wurde unter R Version 3.6.3 erstellt 
3: Paket 'tibble' wurde unter R Version 3.6.3 erstellt 
4: Paket 'tidyr' wurde unter R Version 3.6.3 erstellt 
5: Paket 'readr' wurde unter R Version 3.6.3 erstellt 
6: Paket 'purrr' wurde unter R Version 3.6.3 erstellt 
7: Paket 'dplyr' wurde unter R Version 3.6.3 erstellt 
8: Paket 'stringr' wurde unter R Version 3.6.3 erstellt 
9: Paket 'forcats' wurde unter R Version 3.6.3 erstellt 
Warnmeldung:
Paket 'googlesheets4' wurde unter R Version 3.6.3 erstellt 

Attache Paket: 'googledrive'

The following objects are masked from 'package:googlesheets4':

    request_generate, request_make

Warnmeldung:
Paket 'googledrive' wurde unter R Version 3.6.3 erstellt 
Lade nötiges Paket: xml2

Attache Paket: 'rvest'

The following object is masked from 'package:purrr':

    pluck

The following object is masked from 'package:readr':

    guess_encoding

Warnmeldungen:
1: Paket 'rvest' wurde unter R Version 3.6.3 erstellt 
2: Paket 'xml2' wurde unter R Version 3.6.3 erstellt 

Attache Paket: 'lubridate'

The following objects are masked from 'package:dplyr':

    intersect, setdiff, union

The following objects are masked from 'package:base':

    date, intersect, setdiff, union

Warnmeldung:
Paket 'lubridate' wurde unter R Version 3.6.3 erstellt 
Reading from "Montreal input template"
Range "'database'"
no new updates so far, last date: 2020-07-02-- Attaching packages --------------------------------------- tidyverse 1.3.0 --
v ggplot2 3.3.0     v purrr   0.3.4
v tibble  3.0.1     v dplyr   0.8.5
v tidyr   1.1.0     v stringr 1.4.0
v readr   1.3.1     v forcats 0.5.0
-- Conflicts ------------------------------------------ tidyverse_conflicts() --
x dplyr::filter() masks stats::filter()
x dplyr::lag()    masks stats::lag()
Warnmeldungen:
1: Paket 'tidyverse' wurde unter R Version 3.6.3 erstellt 
2: Paket 'ggplot2' wurde unter R Version 3.6.3 erstellt 
3: Paket 'tibble' wurde unter R Version 3.6.3 erstellt 
4: Paket 'tidyr' wurde unter R Version 3.6.3 erstellt 
5: Paket 'readr' wurde unter R Version 3.6.3 erstellt 
6: Paket 'purrr' wurde unter R Version 3.6.3 erstellt 
7: Paket 'dplyr' wurde unter R Version 3.6.3 erstellt 
8: Paket 'stringr' wurde unter R Version 3.6.3 erstellt 
9: Paket 'forcats' wurde unter R Version 3.6.3 erstellt 
Warnmeldung:
Paket 'googlesheets4' wurde unter R Version 3.6.3 erstellt 

Attache Paket: 'googledrive'

The following objects are masked from 'package:googlesheets4':

    request_generate, request_make

Warnmeldung:
Paket 'googledrive' wurde unter R Version 3.6.3 erstellt 
Lade nötiges Paket: xml2

Attache Paket: 'rvest'

The following object is masked from 'package:purrr':

    pluck

The following object is masked from 'package:readr':

    guess_encoding

Warnmeldungen:
1: Paket 'rvest' wurde unter R Version 3.6.3 erstellt 
2: Paket 'xml2' wurde unter R Version 3.6.3 erstellt 

Attache Paket: 'lubridate'

The following objects are masked from 'package:dplyr':

    intersect, setdiff, union

The following objects are masked from 'package:base':

    date, intersect, setdiff, union

Warnmeldung:
Paket 'lubridate' wurde unter R Version 3.6.3 erstellt 
Reading from "Montreal input template"
Range "'database'"
no new updates so far, last date: 2020-07-02-- Attaching packages --------------------------------------- tidyverse 1.3.0 --
v ggplot2 3.3.0     v purrr   0.3.4
v tibble  3.0.1     v dplyr   0.8.5
v tidyr   1.1.0     v stringr 1.4.0
v readr   1.3.1     v forcats 0.5.0
-- Conflicts ------------------------------------------ tidyverse_conflicts() --
x dplyr::filter() masks stats::filter()
x dplyr::lag()    masks stats::lag()
Warnmeldungen:
1: Paket 'tidyverse' wurde unter R Version 3.6.3 erstellt 
2: Paket 'ggplot2' wurde unter R Version 3.6.3 erstellt 
3: Paket 'tibble' wurde unter R Version 3.6.3 erstellt 
4: Paket 'tidyr' wurde unter R Version 3.6.3 erstellt 
5: Paket 'readr' wurde unter R Version 3.6.3 erstellt 
6: Paket 'purrr' wurde unter R Version 3.6.3 erstellt 
7: Paket 'dplyr' wurde unter R Version 3.6.3 erstellt 
8: Paket 'stringr' wurde unter R Version 3.6.3 erstellt 
9: Paket 'forcats' wurde unter R Version 3.6.3 erstellt 
Warnmeldung:
Paket 'googlesheets4' wurde unter R Version 3.6.3 erstellt 

Attache Paket: 'googledrive'

The following objects are masked from 'package:googlesheets4':

    request_generate, request_make

Warnmeldung:
Paket 'googledrive' wurde unter R Version 3.6.3 erstellt 
Lade nötiges Paket: xml2

Attache Paket: 'rvest'

The following object is masked from 'package:purrr':

    pluck

The following object is masked from 'package:readr':

    guess_encoding

Warnmeldungen:
1: Paket 'rvest' wurde unter R Version 3.6.3 erstellt 
2: Paket 'xml2' wurde unter R Version 3.6.3 erstellt 

Attache Paket: 'lubridate'

The following objects are masked from 'package:dplyr':

    intersect, setdiff, union

The following objects are masked from 'package:base':

    date, intersect, setdiff, union

Warnmeldung:
Paket 'lubridate' wurde unter R Version 3.6.3 erstellt 
Reading from "Montreal input template"
Range "'database'"
Using ',' as decimal and '.' as grouping mark. Use read_delim() for more control.
Parsed with column specification:
cols(
  `Groupe d'<e2>ge` = col_character(),
  `Nombre de cas confirm<e9>s` = col_double(),
  `R<e9>partition des cas (%)` = col_double(),
  `Taux de cas pour 100 000 personnes` = col_double(),
  `Nombre de d<e9>c<e8>s` = col_character(),
  `Taux de mortalit<e9> pour 100 000 personnes` = col_character()
)
Using ',' as decimal and '.' as grouping mark. Use read_delim() for more control.
Parsed with column specification:
cols(
  Sexe = col_character(),
  `Nombre de cas confirm<e9>s` = col_double(),
  `R<e9>partition des cas (%)` = col_double(),
  `Taux de cas pour 100 000 personnes` = col_double(),
  `Nombre de d<e9>c<e8>s` = col_character(),
  `Taux de mortalit<e9> pour 100 000 personnes` = col_double()
)
Writing to "Montreal input template"
Appending 26 row(s) to "database"
Created Drive file:
  * CA_MTL06.07.2020cases&deaths: 1n2nGM1WfNRe-X3cH-sVMpppZTy_q_ggC0mM0PAgkGfU
with MIME type:
  * application/vnd.google-apps.spreadsheet
Writing to "CA_MTL06.07.2020cases&deaths"
Writing to sheet "cases&deaths_age"
Writing to "CA_MTL06.07.2020cases&deaths"
Writing to sheet "cases&deaths_sex"
Deleting these sheet(s) from "CA_MTL06.07.2020cases&deaths":
* Sheet1
-- Attaching packages --------------------------------------- tidyverse 1.3.0 --
v ggplot2 3.3.0     v purrr   0.3.4
v tibble  3.0.1     v dplyr   0.8.5
v tidyr   1.1.0     v stringr 1.4.0
v readr   1.3.1     v forcats 0.5.0
-- Conflicts ------------------------------------------ tidyverse_conflicts() --
x dplyr::filter() masks stats::filter()
x dplyr::lag()    masks stats::lag()
Warnmeldungen:
1: Paket 'tidyverse' wurde unter R Version 3.6.3 erstellt 
2: Paket 'ggplot2' wurde unter R Version 3.6.3 erstellt 
3: Paket 'tibble' wurde unter R Version 3.6.3 erstellt 
4: Paket 'tidyr' wurde unter R Version 3.6.3 erstellt 
5: Paket 'readr' wurde unter R Version 3.6.3 erstellt 
6: Paket 'purrr' wurde unter R Version 3.6.3 erstellt 
7: Paket 'dplyr' wurde unter R Version 3.6.3 erstellt 
8: Paket 'stringr' wurde unter R Version 3.6.3 erstellt 
9: Paket 'forcats' wurde unter R Version 3.6.3 erstellt 
Warnmeldung:
Paket 'googlesheets4' wurde unter R Version 3.6.3 erstellt 

Attache Paket: 'googledrive'

The following objects are masked from 'package:googlesheets4':

    request_generate, request_make

Warnmeldung:
Paket 'googledrive' wurde unter R Version 3.6.3 erstellt 
Lade nötiges Paket: xml2

Attache Paket: 'rvest'

The following object is masked from 'package:purrr':

    pluck

The following object is masked from 'package:readr':

    guess_encoding

Warnmeldungen:
1: Paket 'rvest' wurde unter R Version 3.6.3 erstellt 
2: Paket 'xml2' wurde unter R Version 3.6.3 erstellt 

Attache Paket: 'lubridate'

The following objects are masked from 'package:dplyr':

    intersect, setdiff, union

The following objects are masked from 'package:base':

    date, intersect, setdiff, union

Warnmeldung:
Paket 'lubridate' wurde unter R Version 3.6.3 erstellt 
Reading from "Montreal input template"
Range "'database'"
Using ',' as decimal and '.' as grouping mark. Use read_delim() for more control.
Parsed with column specification:
cols(
  `Groupe d'<e2>ge` = col_character(),
  `Nombre de cas confirm<e9>s` = col_double(),
  `R<e9>partition des cas (%)` = col_double(),
  `Taux de cas pour 100 000 personnes` = col_double(),
  `Nombre de d<e9>c<e8>s` = col_character(),
  `Taux de mortalit<e9> pour 100 000 personnes` = col_character()
)
Using ',' as decimal and '.' as grouping mark. Use read_delim() for more control.
Parsed with column specification:
cols(
  Sexe = col_character(),
  `Nombre de cas confirm<e9>s` = col_double(),
  `R<e9>partition des cas (%)` = col_double(),
  `Taux de cas pour 100 000 personnes` = col_double(),
  `Nombre de d<e9>c<e8>s` = col_character(),
  `Taux de mortalit<e9> pour 100 000 personnes` = col_double()
)
Writing to "Montreal input template"
Appending 26 row(s) to "database"
Created Drive file:
  * CA_MTL07.07.2020cases&deaths: 1ebjUU9N2NDiZD0LPU2tfM8ebyoBVzs-jElQD8bi5GVY
with MIME type:
  * application/vnd.google-apps.spreadsheet
Writing to "CA_MTL07.07.2020cases&deaths"
Writing to sheet "cases&deaths_age"
Writing to "CA_MTL07.07.2020cases&deaths"
Writing to sheet "cases&deaths_sex"
Deleting these sheet(s) from "CA_MTL07.07.2020cases&deaths":
* Sheet1
-- Attaching packages --------------------------------------- tidyverse 1.3.0 --
v ggplot2 3.3.0     v purrr   0.3.4
v tibble  3.0.1     v dplyr   0.8.5
v tidyr   1.1.0     v stringr 1.4.0
v readr   1.3.1     v forcats 0.5.0
-- Conflicts ------------------------------------------ tidyverse_conflicts() --
x dplyr::filter() masks stats::filter()
x dplyr::lag()    masks stats::lag()
Warnmeldungen:
1: Paket 'tidyverse' wurde unter R Version 3.6.3 erstellt 
2: Paket 'ggplot2' wurde unter R Version 3.6.3 erstellt 
3: Paket 'tibble' wurde unter R Version 3.6.3 erstellt 
4: Paket 'tidyr' wurde unter R Version 3.6.3 erstellt 
5: Paket 'readr' wurde unter R Version 3.6.3 erstellt 
6: Paket 'purrr' wurde unter R Version 3.6.3 erstellt 
7: Paket 'dplyr' wurde unter R Version 3.6.3 erstellt 
8: Paket 'stringr' wurde unter R Version 3.6.3 erstellt 
9: Paket 'forcats' wurde unter R Version 3.6.3 erstellt 
Warnmeldung:
Paket 'googlesheets4' wurde unter R Version 3.6.3 erstellt 

Attache Paket: 'googledrive'

The following objects are masked from 'package:googlesheets4':

    request_generate, request_make

Warnmeldung:
Paket 'googledrive' wurde unter R Version 3.6.3 erstellt 
Lade nötiges Paket: xml2

Attache Paket: 'rvest'

The following object is masked from 'package:purrr':

    pluck

The following object is masked from 'package:readr':

    guess_encoding

Warnmeldungen:
1: Paket 'rvest' wurde unter R Version 3.6.3 erstellt 
2: Paket 'xml2' wurde unter R Version 3.6.3 erstellt 

Attache Paket: 'lubridate'

The following objects are masked from 'package:dplyr':

    intersect, setdiff, union

The following objects are masked from 'package:base':

    date, intersect, setdiff, union

Warnmeldung:
Paket 'lubridate' wurde unter R Version 3.6.3 erstellt 
Reading from "Montreal input template"
Range "'database'"
Using ',' as decimal and '.' as grouping mark. Use read_delim() for more control.
Parsed with column specification:
cols(
  `Groupe d'<e2>ge` = col_character(),
  `Nombre de cas confirm<e9>s` = col_double(),
  `R<e9>partition des cas (%)` = col_double(),
  `Taux de cas pour 100 000 personnes` = col_double(),
  `Nombre de d<e9>c<e8>s` = col_character(),
  `Taux de mortalit<e9> pour 100 000 personnes` = col_character()
)
Using ',' as decimal and '.' as grouping mark. Use read_delim() for more control.
Parsed with column specification:
cols(
  Sexe = col_character(),
  `Nombre de cas confirm<e9>s` = col_double(),
  `R<e9>partition des cas (%)` = col_double(),
  `Taux de cas pour 100 000 personnes` = col_double(),
  `Nombre de d<e9>c<e8>s` = col_character(),
  `Taux de mortalit<e9> pour 100 000 personnes` = col_double()
)
Writing to "Montreal input template"
Appending 26 row(s) to "database"
Created Drive file:
  * CA_MTL08.07.2020cases&deaths: 12pxliHgZRwzl9pDn0645tzs6GJR5grnn5eYXgSLEilc
with MIME type:
  * application/vnd.google-apps.spreadsheet
Writing to "CA_MTL08.07.2020cases&deaths"
Writing to sheet "cases&deaths_age"
Writing to "CA_MTL08.07.2020cases&deaths"
Writing to sheet "cases&deaths_sex"
Deleting these sheet(s) from "CA_MTL08.07.2020cases&deaths":
* Sheet1
-- Attaching packages --------------------------------------- tidyverse 1.3.0 --
v ggplot2 3.3.0     v purrr   0.3.4
v tibble  3.0.1     v dplyr   0.8.5
v tidyr   1.1.0     v stringr 1.4.0
v readr   1.3.1     v forcats 0.5.0
-- Conflicts ------------------------------------------ tidyverse_conflicts() --
x dplyr::filter() masks stats::filter()
x dplyr::lag()    masks stats::lag()
Warnmeldungen:
1: Paket 'tidyverse' wurde unter R Version 3.6.3 erstellt 
2: Paket 'ggplot2' wurde unter R Version 3.6.3 erstellt 
3: Paket 'tibble' wurde unter R Version 3.6.3 erstellt 
4: Paket 'tidyr' wurde unter R Version 3.6.3 erstellt 
5: Paket 'readr' wurde unter R Version 3.6.3 erstellt 
6: Paket 'purrr' wurde unter R Version 3.6.3 erstellt 
7: Paket 'dplyr' wurde unter R Version 3.6.3 erstellt 
8: Paket 'stringr' wurde unter R Version 3.6.3 erstellt 
9: Paket 'forcats' wurde unter R Version 3.6.3 erstellt 
Warnmeldung:
Paket 'googlesheets4' wurde unter R Version 3.6.3 erstellt 

Attache Paket: 'googledrive'

The following objects are masked from 'package:googlesheets4':

    request_generate, request_make

Warnmeldung:
Paket 'googledrive' wurde unter R Version 3.6.3 erstellt 
Lade nötiges Paket: xml2

Attache Paket: 'rvest'

The following object is masked from 'package:purrr':

    pluck

The following object is masked from 'package:readr':

    guess_encoding

Warnmeldungen:
1: Paket 'rvest' wurde unter R Version 3.6.3 erstellt 
2: Paket 'xml2' wurde unter R Version 3.6.3 erstellt 

Attache Paket: 'lubridate'

The following objects are masked from 'package:dplyr':

    intersect, setdiff, union

The following objects are masked from 'package:base':

    date, intersect, setdiff, union

Warnmeldung:
Paket 'lubridate' wurde unter R Version 3.6.3 erstellt 
Reading from "Montreal input template"
Range "'database'"
Using ',' as decimal and '.' as grouping mark. Use read_delim() for more control.
Parsed with column specification:
cols(
  `Groupe d'<e2>ge` = col_character(),
  `Nombre de cas confirm<e9>s` = col_double(),
  `R<e9>partition des cas (%)` = col_double(),
  `Taux de cas pour 100 000 personnes` = col_double(),
  `Nombre de d<e9>c<e8>s` = col_character(),
  `Taux de mortalit<e9> pour 100 000 personnes` = col_character()
)
Using ',' as decimal and '.' as grouping mark. Use read_delim() for more control.
Parsed with column specification:
cols(
  Sexe = col_character(),
  `Nombre de cas confirm<e9>s` = col_double(),
  `R<e9>partition des cas (%)` = col_double(),
  `Taux de cas pour 100 000 personnes` = col_double(),
  `Nombre de d<e9>c<e8>s` = col_character(),
  `Taux de mortalit<e9> pour 100 000 personnes` = col_double()
)
Writing to "Montreal input template"
Appending 26 row(s) to "database"
Created Drive file:
  * CA_MTL09.07.2020cases&deaths: 1y_r4pqKqix7vRnaDHFz7nDvPWxSdmbIHOnc2b5EmsEQ
with MIME type:
  * application/vnd.google-apps.spreadsheet
Writing to "CA_MTL09.07.2020cases&deaths"
Writing to sheet "cases&deaths_age"
Writing to "CA_MTL09.07.2020cases&deaths"
Writing to sheet "cases&deaths_sex"
Deleting these sheet(s) from "CA_MTL09.07.2020cases&deaths":
* Sheet1
-- Attaching packages --------------------------------------- tidyverse 1.3.0 --
v ggplot2 3.3.0     v purrr   0.3.4
v tibble  3.0.1     v dplyr   0.8.5
v tidyr   1.1.0     v stringr 1.4.0
v readr   1.3.1     v forcats 0.5.0
-- Conflicts ------------------------------------------ tidyverse_conflicts() --
x dplyr::filter() masks stats::filter()
x dplyr::lag()    masks stats::lag()
Warnmeldungen:
1: Paket 'tidyverse' wurde unter R Version 3.6.3 erstellt 
2: Paket 'ggplot2' wurde unter R Version 3.6.3 erstellt 
3: Paket 'tibble' wurde unter R Version 3.6.3 erstellt 
4: Paket 'tidyr' wurde unter R Version 3.6.3 erstellt 
5: Paket 'readr' wurde unter R Version 3.6.3 erstellt 
6: Paket 'purrr' wurde unter R Version 3.6.3 erstellt 
7: Paket 'dplyr' wurde unter R Version 3.6.3 erstellt 
8: Paket 'stringr' wurde unter R Version 3.6.3 erstellt 
9: Paket 'forcats' wurde unter R Version 3.6.3 erstellt 
Warnmeldung:
Paket 'googlesheets4' wurde unter R Version 3.6.3 erstellt 

Attache Paket: 'googledrive'

The following objects are masked from 'package:googlesheets4':

    request_generate, request_make

Warnmeldung:
Paket 'googledrive' wurde unter R Version 3.6.3 erstellt 
Lade nötiges Paket: xml2

Attache Paket: 'rvest'

The following object is masked from 'package:purrr':

    pluck

The following object is masked from 'package:readr':

    guess_encoding

Warnmeldungen:
1: Paket 'rvest' wurde unter R Version 3.6.3 erstellt 
2: Paket 'xml2' wurde unter R Version 3.6.3 erstellt 

Attache Paket: 'lubridate'

The following objects are masked from 'package:dplyr':

    intersect, setdiff, union

The following objects are masked from 'package:base':

    date, intersect, setdiff, union

Warnmeldung:
Paket 'lubridate' wurde unter R Version 3.6.3 erstellt 
Reading from "Montreal input template"
Range "'database'"
Using ',' as decimal and '.' as grouping mark. Use read_delim() for more control.
Parsed with column specification:
cols(
  `Groupe d'<e2>ge` = col_character(),
  `Nombre de cas confirm<e9>s` = col_double(),
  `R<e9>partition des cas (%)` = col_double(),
  `Taux de cas pour 100 000 personnes` = col_double(),
  `Nombre de d<e9>c<e8>s` = col_character(),
  `Taux de mortalit<e9> pour 100 000 personnes` = col_character()
)
Using ',' as decimal and '.' as grouping mark. Use read_delim() for more control.
Parsed with column specification:
cols(
  Sexe = col_character(),
  `Nombre de cas confirm<e9>s` = col_double(),
  `R<e9>partition des cas (%)` = col_double(),
  `Taux de cas pour 100 000 personnes` = col_double(),
  `Nombre de d<e9>c<e8>s` = col_character(),
  `Taux de mortalit<e9> pour 100 000 personnes` = col_double()
)
Writing to "Montreal input template"
Appending 26 row(s) to "database"
Created Drive file:
  * CA_MTL10.07.2020cases&deaths: 1sLURNFnMjVqj8inDW4wILLoPw1ZQivPpk8BTg8nhefU
with MIME type:
  * application/vnd.google-apps.spreadsheet
Writing to "CA_MTL10.07.2020cases&deaths"
Writing to sheet "cases&deaths_age"
Writing to "CA_MTL10.07.2020cases&deaths"
Writing to sheet "cases&deaths_sex"
Deleting these sheet(s) from "CA_MTL10.07.2020cases&deaths":
* Sheet1
-- Attaching packages --------------------------------------- tidyverse 1.3.0 --
v ggplot2 3.3.0     v purrr   0.3.4
v tibble  3.0.1     v dplyr   0.8.5
v tidyr   1.1.0     v stringr 1.4.0
v readr   1.3.1     v forcats 0.5.0
-- Conflicts ------------------------------------------ tidyverse_conflicts() --
x dplyr::filter() masks stats::filter()
x dplyr::lag()    masks stats::lag()
Warnmeldungen:
1: Paket 'tidyverse' wurde unter R Version 3.6.3 erstellt 
2: Paket 'ggplot2' wurde unter R Version 3.6.3 erstellt 
3: Paket 'tibble' wurde unter R Version 3.6.3 erstellt 
4: Paket 'tidyr' wurde unter R Version 3.6.3 erstellt 
5: Paket 'readr' wurde unter R Version 3.6.3 erstellt 
6: Paket 'purrr' wurde unter R Version 3.6.3 erstellt 
7: Paket 'dplyr' wurde unter R Version 3.6.3 erstellt 
8: Paket 'stringr' wurde unter R Version 3.6.3 erstellt 
9: Paket 'forcats' wurde unter R Version 3.6.3 erstellt 
Warnmeldung:
Paket 'googlesheets4' wurde unter R Version 3.6.3 erstellt 

Attache Paket: 'googledrive'

The following objects are masked from 'package:googlesheets4':

    request_generate, request_make

Warnmeldung:
Paket 'googledrive' wurde unter R Version 3.6.3 erstellt 
Lade nötiges Paket: xml2

Attache Paket: 'rvest'

The following object is masked from 'package:purrr':

    pluck

The following object is masked from 'package:readr':

    guess_encoding

Warnmeldungen:
1: Paket 'rvest' wurde unter R Version 3.6.3 erstellt 
2: Paket 'xml2' wurde unter R Version 3.6.3 erstellt 

Attache Paket: 'lubridate'

The following objects are masked from 'package:dplyr':

    intersect, setdiff, union

The following objects are masked from 'package:base':

    date, intersect, setdiff, union

Warnmeldung:
Paket 'lubridate' wurde unter R Version 3.6.3 erstellt 
Reading from "Montreal input template"
Range "'database'"
no new updates so far, last date: 2020-07-10-- Attaching packages --------------------------------------- tidyverse 1.3.0 --
v ggplot2 3.3.0     v purrr   0.3.4
v tibble  3.0.1     v dplyr   0.8.5
v tidyr   1.1.0     v stringr 1.4.0
v readr   1.3.1     v forcats 0.5.0
-- Conflicts ------------------------------------------ tidyverse_conflicts() --
x dplyr::filter() masks stats::filter()
x dplyr::lag()    masks stats::lag()
Warnmeldungen:
1: Paket 'tidyverse' wurde unter R Version 3.6.3 erstellt 
2: Paket 'ggplot2' wurde unter R Version 3.6.3 erstellt 
3: Paket 'tibble' wurde unter R Version 3.6.3 erstellt 
4: Paket 'tidyr' wurde unter R Version 3.6.3 erstellt 
5: Paket 'readr' wurde unter R Version 3.6.3 erstellt 
6: Paket 'purrr' wurde unter R Version 3.6.3 erstellt 
7: Paket 'dplyr' wurde unter R Version 3.6.3 erstellt 
8: Paket 'stringr' wurde unter R Version 3.6.3 erstellt 
9: Paket 'forcats' wurde unter R Version 3.6.3 erstellt 
Warnmeldung:
Paket 'googlesheets4' wurde unter R Version 3.6.3 erstellt 

Attache Paket: 'googledrive'

The following objects are masked from 'package:googlesheets4':

    request_generate, request_make

Warnmeldung:
Paket 'googledrive' wurde unter R Version 3.6.3 erstellt 
Lade nötiges Paket: xml2

Attache Paket: 'rvest'

The following object is masked from 'package:purrr':

    pluck

The following object is masked from 'package:readr':

    guess_encoding

Warnmeldungen:
1: Paket 'rvest' wurde unter R Version 3.6.3 erstellt 
2: Paket 'xml2' wurde unter R Version 3.6.3 erstellt 

Attache Paket: 'lubridate'

The following objects are masked from 'package:dplyr':

    intersect, setdiff, union

The following objects are masked from 'package:base':

    date, intersect, setdiff, union

Warnmeldung:
Paket 'lubridate' wurde unter R Version 3.6.3 erstellt 
Reading from "Montreal input template"
Range "'database'"
no new updates so far, last date: 2020-07-10-- Attaching packages --------------------------------------- tidyverse 1.3.0 --
v ggplot2 3.3.0     v purrr   0.3.4
v tibble  3.0.1     v dplyr   0.8.5
v tidyr   1.1.0     v stringr 1.4.0
v readr   1.3.1     v forcats 0.5.0
-- Conflicts ------------------------------------------ tidyverse_conflicts() --
x dplyr::filter() masks stats::filter()
x dplyr::lag()    masks stats::lag()
Warnmeldungen:
1: Paket 'tidyverse' wurde unter R Version 3.6.3 erstellt 
2: Paket 'ggplot2' wurde unter R Version 3.6.3 erstellt 
3: Paket 'tibble' wurde unter R Version 3.6.3 erstellt 
4: Paket 'tidyr' wurde unter R Version 3.6.3 erstellt 
5: Paket 'readr' wurde unter R Version 3.6.3 erstellt 
6: Paket 'purrr' wurde unter R Version 3.6.3 erstellt 
7: Paket 'dplyr' wurde unter R Version 3.6.3 erstellt 
8: Paket 'stringr' wurde unter R Version 3.6.3 erstellt 
9: Paket 'forcats' wurde unter R Version 3.6.3 erstellt 
Warnmeldung:
Paket 'googlesheets4' wurde unter R Version 3.6.3 erstellt 

Attache Paket: 'googledrive'

The following objects are masked from 'package:googlesheets4':

    request_generate, request_make

Warnmeldung:
Paket 'googledrive' wurde unter R Version 3.6.3 erstellt 
Lade nötiges Paket: xml2

Attache Paket: 'rvest'

The following object is masked from 'package:purrr':

    pluck

The following object is masked from 'package:readr':

    guess_encoding

Warnmeldungen:
1: Paket 'rvest' wurde unter R Version 3.6.3 erstellt 
2: Paket 'xml2' wurde unter R Version 3.6.3 erstellt 

Attache Paket: 'lubridate'

The following objects are masked from 'package:dplyr':

    intersect, setdiff, union

The following objects are masked from 'package:base':

    date, intersect, setdiff, union

Warnmeldung:
Paket 'lubridate' wurde unter R Version 3.6.3 erstellt 
Reading from "Montreal input template"
Range "'database'"
Using ',' as decimal and '.' as grouping mark. Use read_delim() for more control.
Parsed with column specification:
cols(
  `Groupe d'<e2>ge` = col_character(),
  `Nombre de cas confirm<e9>s` = col_double(),
  `R<e9>partition des cas (%)` = col_double(),
  `Taux de cas pour 100 000 personnes` = col_double(),
  `Nombre de d<e9>c<e8>s` = col_character(),
  `Taux de mortalit<e9> pour 100 000 personnes` = col_character()
)
Using ',' as decimal and '.' as grouping mark. Use read_delim() for more control.
Parsed with column specification:
cols(
  Sexe = col_character(),
  `Nombre de cas confirm<e9>s` = col_double(),
  `R<e9>partition des cas (%)` = col_double(),
  `Taux de cas pour 100 000 personnes` = col_double(),
  `Nombre de d<e9>c<e8>s` = col_character(),
  `Taux de mortalit<e9> pour 100 000 personnes` = col_double()
)
Writing to "Montreal input template"
Appending 26 row(s) to "database"
Created Drive file:
  * CA_MTL13.07.2020cases&deaths: 1tgNpkJkdz1Ii0UwZB5Kai0nl9FIocAyzE7MkMKqb7fY
with MIME type:
  * application/vnd.google-apps.spreadsheet
Writing to "CA_MTL13.07.2020cases&deaths"
Writing to sheet "cases&deaths_age"
Writing to "CA_MTL13.07.2020cases&deaths"
Writing to sheet "cases&deaths_sex"
Deleting these sheet(s) from "CA_MTL13.07.2020cases&deaths":
* Sheet1
-- Attaching packages --------------------------------------- tidyverse 1.3.0 --
v ggplot2 3.3.0     v purrr   0.3.4
v tibble  3.0.1     v dplyr   0.8.5
v tidyr   1.1.0     v stringr 1.4.0
v readr   1.3.1     v forcats 0.5.0
-- Conflicts ------------------------------------------ tidyverse_conflicts() --
x dplyr::filter() masks stats::filter()
x dplyr::lag()    masks stats::lag()
Warnmeldungen:
1: Paket 'tidyverse' wurde unter R Version 3.6.3 erstellt 
2: Paket 'ggplot2' wurde unter R Version 3.6.3 erstellt 
3: Paket 'tibble' wurde unter R Version 3.6.3 erstellt 
4: Paket 'tidyr' wurde unter R Version 3.6.3 erstellt 
5: Paket 'readr' wurde unter R Version 3.6.3 erstellt 
6: Paket 'purrr' wurde unter R Version 3.6.3 erstellt 
7: Paket 'dplyr' wurde unter R Version 3.6.3 erstellt 
8: Paket 'stringr' wurde unter R Version 3.6.3 erstellt 
9: Paket 'forcats' wurde unter R Version 3.6.3 erstellt 
Warnmeldung:
Paket 'googlesheets4' wurde unter R Version 3.6.3 erstellt 

Attache Paket: 'googledrive'

The following objects are masked from 'package:googlesheets4':

    request_generate, request_make

Warnmeldung:
Paket 'googledrive' wurde unter R Version 3.6.3 erstellt 
Lade nötiges Paket: xml2

Attache Paket: 'rvest'

The following object is masked from 'package:purrr':

    pluck

The following object is masked from 'package:readr':

    guess_encoding

Warnmeldungen:
1: Paket 'rvest' wurde unter R Version 3.6.3 erstellt 
2: Paket 'xml2' wurde unter R Version 3.6.3 erstellt 

Attache Paket: 'lubridate'

The following objects are masked from 'package:dplyr':

    intersect, setdiff, union

The following objects are masked from 'package:base':

    date, intersect, setdiff, union

Warnmeldung:
Paket 'lubridate' wurde unter R Version 3.6.3 erstellt 
Reading from "Montreal input template"
Range "'database'"
Using ',' as decimal and '.' as grouping mark. Use read_delim() for more control.
Parsed with column specification:
cols(
  `Groupe d'<e2>ge` = col_character(),
  `Nombre de cas confirm<e9>s` = col_double(),
  `R<e9>partition des cas (%)` = col_double(),
  `Taux de cas pour 100 000 personnes` = col_double(),
  `Nombre de d<e9>c<e8>s` = col_character(),
  `Taux de mortalit<e9> pour 100 000 personnes` = col_character()
)
Using ',' as decimal and '.' as grouping mark. Use read_delim() for more control.
Parsed with column specification:
cols(
  Sexe = col_character(),
  `Nombre de cas confirm<e9>s` = col_double(),
  `R<e9>partition des cas (%)` = col_double(),
  `Taux de cas pour 100 000 personnes` = col_double(),
  `Nombre de d<e9>c<e8>s` = col_character(),
  `Taux de mortalit<e9> pour 100 000 personnes` = col_double()
)
Writing to "Montreal input template"
Appending 26 row(s) to "database"
Created Drive file:
  * CA_MTL14.07.2020cases&deaths: 1J7bekpNOKmUHw7_uCogH780jkFTBcGUWGysyQhA5JVg
with MIME type:
  * application/vnd.google-apps.spreadsheet
Writing to "CA_MTL14.07.2020cases&deaths"
Writing to sheet "cases&deaths_age"
Writing to "CA_MTL14.07.2020cases&deaths"
Writing to sheet "cases&deaths_sex"
Deleting these sheet(s) from "CA_MTL14.07.2020cases&deaths":
* Sheet1
-- Attaching packages --------------------------------------- tidyverse 1.3.0 --
v ggplot2 3.3.0     v purrr   0.3.4
v tibble  3.0.3     v dplyr   1.0.0
v tidyr   1.1.0     v stringr 1.4.0
v readr   1.3.1     v forcats 0.5.0
-- Conflicts ------------------------------------------ tidyverse_conflicts() --
x dplyr::filter() masks stats::filter()
x dplyr::lag()    masks stats::lag()
Warnmeldungen:
1: Paket 'tidyverse' wurde unter R Version 3.6.3 erstellt 
2: Paket 'ggplot2' wurde unter R Version 3.6.3 erstellt 
3: Paket 'tibble' wurde unter R Version 3.6.3 erstellt 
4: Paket 'tidyr' wurde unter R Version 3.6.3 erstellt 
5: Paket 'readr' wurde unter R Version 3.6.3 erstellt 
6: Paket 'purrr' wurde unter R Version 3.6.3 erstellt 
7: Paket 'dplyr' wurde unter R Version 3.6.3 erstellt 
8: Paket 'stringr' wurde unter R Version 3.6.3 erstellt 
9: Paket 'forcats' wurde unter R Version 3.6.3 erstellt 
Warnmeldung:
Paket 'googlesheets4' wurde unter R Version 3.6.3 erstellt 

Attache Paket: 'googledrive'

The following objects are masked from 'package:googlesheets4':

    request_generate, request_make

Warnmeldung:
Paket 'googledrive' wurde unter R Version 3.6.3 erstellt 
Lade nötiges Paket: xml2

Attache Paket: 'rvest'

The following object is masked from 'package:purrr':

    pluck

The following object is masked from 'package:readr':

    guess_encoding

Warnmeldungen:
1: Paket 'rvest' wurde unter R Version 3.6.3 erstellt 
2: Paket 'xml2' wurde unter R Version 3.6.3 erstellt 

Attache Paket: 'lubridate'

The following objects are masked from 'package:base':

    date, intersect, setdiff, union

Warnmeldung:
Paket 'lubridate' wurde unter R Version 3.6.3 erstellt 
Reading from "Montreal input template"
Range "'database'"
no new updates so far, last date: 2020-07-15-- Attaching packages --------------------------------------- tidyverse 1.3.0 --
v ggplot2 3.3.0     v purrr   0.3.4
v tibble  3.0.3     v dplyr   1.0.0
v tidyr   1.1.0     v stringr 1.4.0
v readr   1.3.1     v forcats 0.5.0
-- Conflicts ------------------------------------------ tidyverse_conflicts() --
x dplyr::filter() masks stats::filter()
x dplyr::lag()    masks stats::lag()
Warnmeldungen:
1: Paket 'tidyverse' wurde unter R Version 3.6.3 erstellt 
2: Paket 'ggplot2' wurde unter R Version 3.6.3 erstellt 
3: Paket 'tibble' wurde unter R Version 3.6.3 erstellt 
4: Paket 'tidyr' wurde unter R Version 3.6.3 erstellt 
5: Paket 'readr' wurde unter R Version 3.6.3 erstellt 
6: Paket 'purrr' wurde unter R Version 3.6.3 erstellt 
7: Paket 'dplyr' wurde unter R Version 3.6.3 erstellt 
8: Paket 'stringr' wurde unter R Version 3.6.3 erstellt 
9: Paket 'forcats' wurde unter R Version 3.6.3 erstellt 
Warnmeldung:
Paket 'googlesheets4' wurde unter R Version 3.6.3 erstellt 

Attache Paket: 'googledrive'

The following objects are masked from 'package:googlesheets4':

    request_generate, request_make

Warnmeldung:
Paket 'googledrive' wurde unter R Version 3.6.3 erstellt 
Lade nötiges Paket: xml2

Attache Paket: 'rvest'

The following object is masked from 'package:purrr':

    pluck

The following object is masked from 'package:readr':

    guess_encoding

Warnmeldungen:
1: Paket 'rvest' wurde unter R Version 3.6.3 erstellt 
2: Paket 'xml2' wurde unter R Version 3.6.3 erstellt 

Attache Paket: 'lubridate'

The following objects are masked from 'package:base':

    date, intersect, setdiff, union

Warnmeldung:
Paket 'lubridate' wurde unter R Version 3.6.3 erstellt 
Reading from "Montreal input template"
Range "'database'"
Using ',' as decimal and '.' as grouping mark. Use read_delim() for more control.
Parsed with column specification:
cols(
  `Groupe d'<e2>ge` = col_character(),
  `Nombre de cas confirm<e9>s` = col_double(),
  `R<e9>partition des cas (%)` = col_double(),
  `Taux de cas pour 100 000 personnes` = col_double(),
  `Nombre de d<e9>c<e8>s` = col_character(),
  `Taux de mortalit<e9> pour 100 000 personnes` = col_character()
)
Using ',' as decimal and '.' as grouping mark. Use read_delim() for more control.
Parsed with column specification:
cols(
  Sexe = col_character(),
  `Nombre de cas confirm<e9>s` = col_double(),
  `R<e9>partition des cas (%)` = col_double(),
  `Taux de cas pour 100 000 personnes` = col_double(),
  `Nombre de d<e9>c<e8>s` = col_character(),
  `Taux de mortalit<e9> pour 100 000 personnes` = col_double()
)
Writing to "Montreal input template"
Appending 26 row(s) to "database"
Created Drive file:
  * CA_MTL20.07.2020cases&deaths: 1qSnkVwRG5YAKwUj0In3wRubA45U7l_F7aF4D2Qr4JMY
with MIME type:
  * application/vnd.google-apps.spreadsheet
Writing to "CA_MTL20.07.2020cases&deaths"
Writing to sheet "cases&deaths_age"
Writing to "CA_MTL20.07.2020cases&deaths"
Writing to sheet "cases&deaths_sex"
Deleting these sheet(s) from "CA_MTL20.07.2020cases&deaths":
* Sheet1
-- Attaching packages --------------------------------------- tidyverse 1.3.0 --
v ggplot2 3.3.0     v purrr   0.3.4
v tibble  3.0.3     v dplyr   1.0.0
v tidyr   1.1.0     v stringr 1.4.0
v readr   1.3.1     v forcats 0.5.0
-- Conflicts ------------------------------------------ tidyverse_conflicts() --
x dplyr::filter() masks stats::filter()
x dplyr::lag()    masks stats::lag()
Warnmeldungen:
1: Paket 'tidyverse' wurde unter R Version 3.6.3 erstellt 
2: Paket 'ggplot2' wurde unter R Version 3.6.3 erstellt 
3: Paket 'tibble' wurde unter R Version 3.6.3 erstellt 
4: Paket 'tidyr' wurde unter R Version 3.6.3 erstellt 
5: Paket 'readr' wurde unter R Version 3.6.3 erstellt 
6: Paket 'purrr' wurde unter R Version 3.6.3 erstellt 
7: Paket 'dplyr' wurde unter R Version 3.6.3 erstellt 
8: Paket 'stringr' wurde unter R Version 3.6.3 erstellt 
9: Paket 'forcats' wurde unter R Version 3.6.3 erstellt 
Warnmeldung:
Paket 'googlesheets4' wurde unter R Version 3.6.3 erstellt 

Attache Paket: 'googledrive'

The following objects are masked from 'package:googlesheets4':

    request_generate, request_make

Warnmeldung:
Paket 'googledrive' wurde unter R Version 3.6.3 erstellt 
Lade nötiges Paket: xml2

Attache Paket: 'rvest'

The following object is masked from 'package:purrr':

    pluck

The following object is masked from 'package:readr':

    guess_encoding

Warnmeldungen:
1: Paket 'rvest' wurde unter R Version 3.6.3 erstellt 
2: Paket 'xml2' wurde unter R Version 3.6.3 erstellt 

Attache Paket: 'lubridate'

The following objects are masked from 'package:base':

    date, intersect, setdiff, union

Warnmeldung:
Paket 'lubridate' wurde unter R Version 3.6.3 erstellt 
Reading from "Montreal input template"
Range "'database'"
Warnmeldung:
All formats failed to parse. No formats found. 
Fehler in if (date_f > last_date_drive) { : 
  Fehlender Wert, wo TRUE/FALSE nötig ist
Ausführung angehalten
-- Attaching packages --------------------------------------- tidyverse 1.3.0 --
v ggplot2 3.3.0     v purrr   0.3.4
v tibble  3.0.3     v dplyr   1.0.0
v tidyr   1.1.0     v stringr 1.4.0
v readr   1.3.1     v forcats 0.5.0
-- Conflicts ------------------------------------------ tidyverse_conflicts() --
x dplyr::filter() masks stats::filter()
x dplyr::lag()    masks stats::lag()
Warnmeldungen:
1: Paket 'tidyverse' wurde unter R Version 3.6.3 erstellt 
2: Paket 'ggplot2' wurde unter R Version 3.6.3 erstellt 
3: Paket 'tibble' wurde unter R Version 3.6.3 erstellt 
4: Paket 'tidyr' wurde unter R Version 3.6.3 erstellt 
5: Paket 'readr' wurde unter R Version 3.6.3 erstellt 
6: Paket 'purrr' wurde unter R Version 3.6.3 erstellt 
7: Paket 'dplyr' wurde unter R Version 3.6.3 erstellt 
8: Paket 'stringr' wurde unter R Version 3.6.3 erstellt 
9: Paket 'forcats' wurde unter R Version 3.6.3 erstellt 
Warnmeldung:
Paket 'googlesheets4' wurde unter R Version 3.6.3 erstellt 

Attache Paket: 'googledrive'

The following objects are masked from 'package:googlesheets4':

    request_generate, request_make

Warnmeldung:
Paket 'googledrive' wurde unter R Version 3.6.3 erstellt 
Lade nötiges Paket: xml2

Attache Paket: 'rvest'

The following object is masked from 'package:purrr':

    pluck

The following object is masked from 'package:readr':

    guess_encoding

Warnmeldungen:
1: Paket 'rvest' wurde unter R Version 3.6.3 erstellt 
2: Paket 'xml2' wurde unter R Version 3.6.3 erstellt 

Attache Paket: 'lubridate'

The following objects are masked from 'package:base':

    date, intersect, setdiff, union

Warnmeldung:
Paket 'lubridate' wurde unter R Version 3.6.3 erstellt 
Reading from "Montreal input template"
Range "'database'"
Using ',' as decimal and '.' as grouping mark. Use read_delim() for more control.
Parsed with column specification:
cols(
  `Groupe d'<e2>ge` = col_character(),
  `Nombre de cas confirm<e9>s` = col_double(),
  `R<e9>partition des cas (%)` = col_double(),
  `Taux de cas pour 100 000 personnes` = col_double(),
  `Nombre de d<e9>c<e8>s` = col_character(),
  `Taux de mortalit<e9> pour 100 000 personnes` = col_character()
)
Using ',' as decimal and '.' as grouping mark. Use read_delim() for more control.
Parsed with column specification:
cols(
  Sexe = col_character(),
  `Nombre de cas confirm<e9>s` = col_double(),
  `R<e9>partition des cas (%)` = col_double(),
  `Taux de cas pour 100 000 personnes` = col_double(),
  `Nombre de d<e9>c<e8>s` = col_character(),
  `Taux de mortalit<e9> pour 100 000 personnes` = col_double()
)
Writing to "Montreal input template"
Appending 26 row(s) to "database"
Created Drive file:
  * CA_MTL22.07.2020cases&deaths: 1_-GkepN8Kg1-d1tkCCtqRPow03Ez4ru2fOj1ORiPQlQ
with MIME type:
  * application/vnd.google-apps.spreadsheet
Writing to "CA_MTL22.07.2020cases&deaths"
Writing to sheet "cases&deaths_age"
Writing to "CA_MTL22.07.2020cases&deaths"
Writing to sheet "cases&deaths_sex"
Deleting these sheet(s) from "CA_MTL22.07.2020cases&deaths":
* Sheet1
-- Attaching packages --------------------------------------- tidyverse 1.3.0 --
v ggplot2 3.3.0     v purrr   0.3.4
v tibble  3.0.3     v dplyr   1.0.0
v tidyr   1.1.0     v stringr 1.4.0
v readr   1.3.1     v forcats 0.5.0
-- Conflicts ------------------------------------------ tidyverse_conflicts() --
x dplyr::filter() masks stats::filter()
x dplyr::lag()    masks stats::lag()
Warnmeldungen:
1: Paket 'tidyverse' wurde unter R Version 3.6.3 erstellt 
2: Paket 'ggplot2' wurde unter R Version 3.6.3 erstellt 
3: Paket 'tibble' wurde unter R Version 3.6.3 erstellt 
4: Paket 'tidyr' wurde unter R Version 3.6.3 erstellt 
5: Paket 'readr' wurde unter R Version 3.6.3 erstellt 
6: Paket 'purrr' wurde unter R Version 3.6.3 erstellt 
7: Paket 'dplyr' wurde unter R Version 3.6.3 erstellt 
8: Paket 'stringr' wurde unter R Version 3.6.3 erstellt 
9: Paket 'forcats' wurde unter R Version 3.6.3 erstellt 
Warnmeldung:
Paket 'googlesheets4' wurde unter R Version 3.6.3 erstellt 

Attache Paket: 'googledrive'

The following objects are masked from 'package:googlesheets4':

    request_generate, request_make

Warnmeldung:
Paket 'googledrive' wurde unter R Version 3.6.3 erstellt 
Lade nötiges Paket: xml2

Attache Paket: 'rvest'

The following object is masked from 'package:purrr':

    pluck

The following object is masked from 'package:readr':

    guess_encoding

Warnmeldungen:
1: Paket 'rvest' wurde unter R Version 3.6.3 erstellt 
2: Paket 'xml2' wurde unter R Version 3.6.3 erstellt 

Attache Paket: 'lubridate'

The following objects are masked from 'package:base':

    date, intersect, setdiff, union

Warnmeldung:
Paket 'lubridate' wurde unter R Version 3.6.3 erstellt 
Reading from "Montreal input template"
Range "'database'"
Using ',' as decimal and '.' as grouping mark. Use read_delim() for more control.
Parsed with column specification:
cols(
  `Groupe d'<e2>ge` = col_character(),
  `Nombre de cas confirm<e9>s` = col_double(),
  `R<e9>partition des cas (%)` = col_double(),
  `Taux de cas pour 100 000 personnes` = col_double(),
  `Nombre de d<e9>c<e8>s` = col_character(),
  `Taux de mortalit<e9> pour 100 000 personnes` = col_character()
)
Using ',' as decimal and '.' as grouping mark. Use read_delim() for more control.
Parsed with column specification:
cols(
  Sexe = col_character(),
  `Nombre de cas confirm<e9>s` = col_double(),
  `R<e9>partition des cas (%)` = col_double(),
  `Taux de cas pour 100 000 personnes` = col_double(),
  `Nombre de d<e9>c<e8>s` = col_character(),
  `Taux de mortalit<e9> pour 100 000 personnes` = col_double()
)
Writing to "Montreal input template"
Appending 26 row(s) to "database"
Created Drive file:
  * CA_MTL23.07.2020cases&deaths: 126Uvr4pxcj7ZdwvZInI7ZcDt3S4BnMotZFQq31NKTqo
with MIME type:
  * application/vnd.google-apps.spreadsheet
Writing to "CA_MTL23.07.2020cases&deaths"
Writing to sheet "cases&deaths_age"
Writing to "CA_MTL23.07.2020cases&deaths"
Writing to sheet "cases&deaths_sex"
Deleting these sheet(s) from "CA_MTL23.07.2020cases&deaths":
* Sheet1
-- Attaching packages --------------------------------------- tidyverse 1.3.0 --
v ggplot2 3.3.0     v purrr   0.3.4
v tibble  3.0.3     v dplyr   1.0.0
v tidyr   1.1.0     v stringr 1.4.0
v readr   1.3.1     v forcats 0.5.0
-- Conflicts ------------------------------------------ tidyverse_conflicts() --
x dplyr::filter() masks stats::filter()
x dplyr::lag()    masks stats::lag()
Warnmeldungen:
1: Paket 'tidyverse' wurde unter R Version 3.6.3 erstellt 
2: Paket 'ggplot2' wurde unter R Version 3.6.3 erstellt 
3: Paket 'tibble' wurde unter R Version 3.6.3 erstellt 
4: Paket 'tidyr' wurde unter R Version 3.6.3 erstellt 
5: Paket 'readr' wurde unter R Version 3.6.3 erstellt 
6: Paket 'purrr' wurde unter R Version 3.6.3 erstellt 
7: Paket 'dplyr' wurde unter R Version 3.6.3 erstellt 
8: Paket 'stringr' wurde unter R Version 3.6.3 erstellt 
9: Paket 'forcats' wurde unter R Version 3.6.3 erstellt 
Warnmeldung:
Paket 'googlesheets4' wurde unter R Version 3.6.3 erstellt 

Attache Paket: 'googledrive'

The following objects are masked from 'package:googlesheets4':

    request_generate, request_make

Warnmeldung:
Paket 'googledrive' wurde unter R Version 3.6.3 erstellt 
Lade nötiges Paket: xml2

Attache Paket: 'rvest'

The following object is masked from 'package:purrr':

    pluck

The following object is masked from 'package:readr':

    guess_encoding

Warnmeldungen:
1: Paket 'rvest' wurde unter R Version 3.6.3 erstellt 
2: Paket 'xml2' wurde unter R Version 3.6.3 erstellt 

Attache Paket: 'lubridate'

The following objects are masked from 'package:base':

    date, intersect, setdiff, union

Warnmeldung:
Paket 'lubridate' wurde unter R Version 3.6.3 erstellt 
Reading from "Montreal input template"
Range "'database'"
Using ',' as decimal and '.' as grouping mark. Use read_delim() for more control.
Parsed with column specification:
cols(
  `Groupe d'<e2>ge` = col_character(),
  `Nombre de cas confirm<e9>s` = col_double(),
  `R<e9>partition des cas (%)` = col_double(),
  `Taux de cas pour 100 000 personnes` = col_double(),
  `Nombre de d<e9>c<e8>s` = col_character(),
  `Taux de mortalit<e9> pour 100 000 personnes` = col_character()
)
Using ',' as decimal and '.' as grouping mark. Use read_delim() for more control.
Parsed with column specification:
cols(
  Sexe = col_character(),
  `Nombre de cas confirm<e9>s` = col_double(),
  `R<e9>partition des cas (%)` = col_double(),
  `Taux de cas pour 100 000 personnes` = col_double(),
  `Nombre de d<e9>c<e8>s` = col_character(),
  `Taux de mortalit<e9> pour 100 000 personnes` = col_double()
)
Writing to "Montreal input template"
Appending 26 row(s) to "database"
Created Drive file:
  * CA_MTL24.07.2020cases&deaths: 1tsAAaPsMGwFzyNM4ZiQLTq5Q3UCRDVgMukqAwVyNOyA
with MIME type:
  * application/vnd.google-apps.spreadsheet
Writing to "CA_MTL24.07.2020cases&deaths"
Writing to sheet "cases&deaths_age"
Writing to "CA_MTL24.07.2020cases&deaths"
Writing to sheet "cases&deaths_sex"
Deleting these sheet(s) from "CA_MTL24.07.2020cases&deaths":
* Sheet1
-- Attaching packages --------------------------------------- tidyverse 1.3.0 --
v ggplot2 3.3.0     v purrr   0.3.4
v tibble  3.0.3     v dplyr   1.0.0
v tidyr   1.1.0     v stringr 1.4.0
v readr   1.3.1     v forcats 0.5.0
-- Conflicts ------------------------------------------ tidyverse_conflicts() --
x dplyr::filter() masks stats::filter()
x dplyr::lag()    masks stats::lag()
Warnmeldungen:
1: Paket 'tidyverse' wurde unter R Version 3.6.3 erstellt 
2: Paket 'ggplot2' wurde unter R Version 3.6.3 erstellt 
3: Paket 'tibble' wurde unter R Version 3.6.3 erstellt 
4: Paket 'tidyr' wurde unter R Version 3.6.3 erstellt 
5: Paket 'readr' wurde unter R Version 3.6.3 erstellt 
6: Paket 'purrr' wurde unter R Version 3.6.3 erstellt 
7: Paket 'dplyr' wurde unter R Version 3.6.3 erstellt 
8: Paket 'stringr' wurde unter R Version 3.6.3 erstellt 
9: Paket 'forcats' wurde unter R Version 3.6.3 erstellt 
Warnmeldung:
Paket 'googlesheets4' wurde unter R Version 3.6.3 erstellt 

Attache Paket: 'googledrive'

The following objects are masked from 'package:googlesheets4':

    request_generate, request_make

Warnmeldung:
Paket 'googledrive' wurde unter R Version 3.6.3 erstellt 
Lade nötiges Paket: xml2

Attache Paket: 'rvest'

The following object is masked from 'package:purrr':

    pluck

The following object is masked from 'package:readr':

    guess_encoding

Warnmeldungen:
1: Paket 'rvest' wurde unter R Version 3.6.3 erstellt 
2: Paket 'xml2' wurde unter R Version 3.6.3 erstellt 

Attache Paket: 'lubridate'

The following objects are masked from 'package:base':

    date, intersect, setdiff, union

Warnmeldung:
Paket 'lubridate' wurde unter R Version 3.6.3 erstellt 
Reading from "Montreal input template"
Range "'database'"
no new updates so far, last date: 2020-07-24-- Attaching packages --------------------------------------- tidyverse 1.3.0 --
v ggplot2 3.3.0     v purrr   0.3.4
v tibble  3.0.3     v dplyr   1.0.0
v tidyr   1.1.0     v stringr 1.4.0
v readr   1.3.1     v forcats 0.5.0
-- Conflicts ------------------------------------------ tidyverse_conflicts() --
x dplyr::filter() masks stats::filter()
x dplyr::lag()    masks stats::lag()
Warnmeldungen:
1: Paket 'tidyverse' wurde unter R Version 3.6.3 erstellt 
2: Paket 'ggplot2' wurde unter R Version 3.6.3 erstellt 
3: Paket 'tibble' wurde unter R Version 3.6.3 erstellt 
4: Paket 'tidyr' wurde unter R Version 3.6.3 erstellt 
5: Paket 'readr' wurde unter R Version 3.6.3 erstellt 
6: Paket 'purrr' wurde unter R Version 3.6.3 erstellt 
7: Paket 'dplyr' wurde unter R Version 3.6.3 erstellt 
8: Paket 'stringr' wurde unter R Version 3.6.3 erstellt 
9: Paket 'forcats' wurde unter R Version 3.6.3 erstellt 
Warnmeldung:
Paket 'googlesheets4' wurde unter R Version 3.6.3 erstellt 

Attache Paket: 'googledrive'

The following objects are masked from 'package:googlesheets4':

    request_generate, request_make

Warnmeldung:
Paket 'googledrive' wurde unter R Version 3.6.3 erstellt 
Lade nötiges Paket: xml2

Attache Paket: 'rvest'

The following object is masked from 'package:purrr':

    pluck

The following object is masked from 'package:readr':

    guess_encoding

Warnmeldungen:
1: Paket 'rvest' wurde unter R Version 3.6.3 erstellt 
2: Paket 'xml2' wurde unter R Version 3.6.3 erstellt 

Attache Paket: 'lubridate'

The following objects are masked from 'package:base':

    date, intersect, setdiff, union

Warnmeldung:
Paket 'lubridate' wurde unter R Version 3.6.3 erstellt 
Reading from "Montreal input template"
Range "'database'"
no new updates so far, last date: 2020-07-24-- Attaching packages --------------------------------------- tidyverse 1.3.0 --
v ggplot2 3.3.0     v purrr   0.3.4
v tibble  3.0.3     v dplyr   1.0.0
v tidyr   1.1.0     v stringr 1.4.0
v readr   1.3.1     v forcats 0.5.0
-- Conflicts ------------------------------------------ tidyverse_conflicts() --
x dplyr::filter() masks stats::filter()
x dplyr::lag()    masks stats::lag()
Warnmeldungen:
1: Paket 'tidyverse' wurde unter R Version 3.6.3 erstellt 
2: Paket 'ggplot2' wurde unter R Version 3.6.3 erstellt 
3: Paket 'tibble' wurde unter R Version 3.6.3 erstellt 
4: Paket 'tidyr' wurde unter R Version 3.6.3 erstellt 
5: Paket 'readr' wurde unter R Version 3.6.3 erstellt 
6: Paket 'purrr' wurde unter R Version 3.6.3 erstellt 
7: Paket 'dplyr' wurde unter R Version 3.6.3 erstellt 
8: Paket 'stringr' wurde unter R Version 3.6.3 erstellt 
9: Paket 'forcats' wurde unter R Version 3.6.3 erstellt 
Warnmeldung:
Paket 'googlesheets4' wurde unter R Version 3.6.3 erstellt 

Attache Paket: 'googledrive'

The following objects are masked from 'package:googlesheets4':

    request_generate, request_make

Warnmeldung:
Paket 'googledrive' wurde unter R Version 3.6.3 erstellt 
Lade nötiges Paket: xml2

Attache Paket: 'rvest'

The following object is masked from 'package:purrr':

    pluck

The following object is masked from 'package:readr':

    guess_encoding

Warnmeldungen:
1: Paket 'rvest' wurde unter R Version 3.6.3 erstellt 
2: Paket 'xml2' wurde unter R Version 3.6.3 erstellt 

Attache Paket: 'lubridate'

The following objects are masked from 'package:base':

    date, intersect, setdiff, union

Warnmeldung:
Paket 'lubridate' wurde unter R Version 3.6.3 erstellt 
Reading from "Montreal input template"
Range "'database'"
Using ',' as decimal and '.' as grouping mark. Use read_delim() for more control.
Parsed with column specification:
cols(
  `Groupe d'<e2>ge` = col_character(),
  `Nombre de cas confirm<e9>s` = col_double(),
  `R<e9>partition des cas (%)` = col_double(),
  `Taux de cas pour 100 000 personnes` = col_double(),
  `Nombre de d<e9>c<e8>s` = col_character(),
  `Taux de mortalit<e9> pour 100 000 personnes` = col_character()
)
Using ',' as decimal and '.' as grouping mark. Use read_delim() for more control.
Parsed with column specification:
cols(
  Sexe = col_character(),
  `Nombre de cas confirm<e9>s` = col_double(),
  `R<e9>partition des cas (%)` = col_double(),
  `Taux de cas pour 100 000 personnes` = col_double(),
  `Nombre de d<e9>c<e8>s` = col_character(),
  `Taux de mortalit<e9> pour 100 000 personnes` = col_double()
)
Writing to "Montreal input template"
Appending 26 row(s) to "database"
Created Drive file:
  * CA_MTL27.07.2020cases&deaths: 1TRc36skVJDdx4kg5GdOEJb8YeG6hA-CUF22FVs-R4Bc
with MIME type:
  * application/vnd.google-apps.spreadsheet
Writing to "CA_MTL27.07.2020cases&deaths"
Writing to sheet "cases&deaths_age"
Writing to "CA_MTL27.07.2020cases&deaths"
Writing to sheet "cases&deaths_sex"
Deleting these sheet(s) from "CA_MTL27.07.2020cases&deaths":
* Sheet1
-- Attaching packages --------------------------------------- tidyverse 1.3.0 --
v ggplot2 3.3.0     v purrr   0.3.4
v tibble  3.0.3     v dplyr   1.0.0
v tidyr   1.1.0     v stringr 1.4.0
v readr   1.3.1     v forcats 0.5.0
-- Conflicts ------------------------------------------ tidyverse_conflicts() --
x dplyr::filter() masks stats::filter()
x dplyr::lag()    masks stats::lag()
Warnmeldungen:
1: Paket 'tidyverse' wurde unter R Version 3.6.3 erstellt 
2: Paket 'ggplot2' wurde unter R Version 3.6.3 erstellt 
3: Paket 'tibble' wurde unter R Version 3.6.3 erstellt 
4: Paket 'tidyr' wurde unter R Version 3.6.3 erstellt 
5: Paket 'readr' wurde unter R Version 3.6.3 erstellt 
6: Paket 'purrr' wurde unter R Version 3.6.3 erstellt 
7: Paket 'dplyr' wurde unter R Version 3.6.3 erstellt 
8: Paket 'stringr' wurde unter R Version 3.6.3 erstellt 
9: Paket 'forcats' wurde unter R Version 3.6.3 erstellt 
Warnmeldung:
Paket 'googlesheets4' wurde unter R Version 3.6.3 erstellt 

Attache Paket: 'googledrive'

The following objects are masked from 'package:googlesheets4':

    request_generate, request_make

Warnmeldung:
Paket 'googledrive' wurde unter R Version 3.6.3 erstellt 
Lade nötiges Paket: xml2

Attache Paket: 'rvest'

The following object is masked from 'package:purrr':

    pluck

The following object is masked from 'package:readr':

    guess_encoding

Warnmeldungen:
1: Paket 'rvest' wurde unter R Version 3.6.3 erstellt 
2: Paket 'xml2' wurde unter R Version 3.6.3 erstellt 

Attache Paket: 'lubridate'

The following objects are masked from 'package:base':

    date, intersect, setdiff, union

Warnmeldung:
Paket 'lubridate' wurde unter R Version 3.6.3 erstellt 
Reading from "Montreal input template"
Range "'database'"
Using ',' as decimal and '.' as grouping mark. Use read_delim() for more control.
Parsed with column specification:
cols(
  `Groupe d'<e2>ge` = col_character(),
  `Nombre de cas confirm<e9>s` = col_double(),
  `R<e9>partition des cas (%)` = col_double(),
  `Taux de cas pour 100 000 personnes` = col_double(),
  `Nombre de d<e9>c<e8>s` = col_character(),
  `Taux de mortalit<e9> pour 100 000 personnes` = col_character()
)
Using ',' as decimal and '.' as grouping mark. Use read_delim() for more control.
Parsed with column specification:
cols(
  Sexe = col_character(),
  `Nombre de cas confirm<e9>s` = col_double(),
  `R<e9>partition des cas (%)` = col_double(),
  `Taux de cas pour 100 000 personnes` = col_double(),
  `Nombre de d<e9>c<e8>s` = col_character(),
  `Taux de mortalit<e9> pour 100 000 personnes` = col_double()
)
Writing to "Montreal input template"
Appending 26 row(s) to "database"
Created Drive file:
  * CA_MTL28.07.2020cases&deaths: 1_FARACGvCP5UshpD0cQJCNHr_I4WAsEDOI778s8zUAQ
with MIME type:
  * application/vnd.google-apps.spreadsheet
Writing to "CA_MTL28.07.2020cases&deaths"
Writing to sheet "cases&deaths_age"
Writing to "CA_MTL28.07.2020cases&deaths"
Writing to sheet "cases&deaths_sex"
Deleting these sheet(s) from "CA_MTL28.07.2020cases&deaths":
* Sheet1
