-- Attaching packages --------------------------------------- tidyverse 1.3.0 --
v ggplot2 3.3.0     v purrr   0.3.4
v tibble  3.0.3     v dplyr   1.0.0
v tidyr   1.1.0     v stringr 1.4.0
v readr   1.3.1     v forcats 0.5.0
-- Conflicts ------------------------------------------ tidyverse_conflicts() --
x dplyr::filter() masks stats::filter()
x dplyr::lag()    masks stats::lag()
Warnmeldungen:
1: Paket 'tidyverse' wurde unter R Version 3.6.3 erstellt 
2: Paket 'ggplot2' wurde unter R Version 3.6.3 erstellt 
3: Paket 'tibble' wurde unter R Version 3.6.3 erstellt 
4: Paket 'tidyr' wurde unter R Version 3.6.3 erstellt 
5: Paket 'readr' wurde unter R Version 3.6.3 erstellt 
6: Paket 'purrr' wurde unter R Version 3.6.3 erstellt 
7: Paket 'dplyr' wurde unter R Version 3.6.3 erstellt 
8: Paket 'stringr' wurde unter R Version 3.6.3 erstellt 
9: Paket 'forcats' wurde unter R Version 3.6.3 erstellt 

Attache Paket: 'lubridate'

The following objects are masked from 'package:base':

    date, intersect, setdiff, union

Warnmeldung:
Paket 'lubridate' wurde unter R Version 3.6.3 erstellt 
Warnmeldung:
Paket 'googlesheets4' wurde unter R Version 3.6.3 erstellt 

Attache Paket: 'googledrive'

The following objects are masked from 'package:googlesheets4':

    request_generate, request_make

Warnmeldung:
Paket 'googledrive' wurde unter R Version 3.6.3 erstellt 
Parsed with column specification:
cols(
  id = col_character(),
  Gender = col_character(),
  AgeGroup = col_character(),
  Country = col_character(),
  County = col_character(),
  ResultValue = col_character(),
  StatisticsDate = col_date(format = ""),
  ResultTime = col_datetime(format = ""),
  AnalysisInsertTime = col_datetime(format = "")
)
`summarise()` regrouping output by 'date_f', 'Age' (override with `.groups` argument)
Warnmeldung:
Expected 2 pieces. Missing pieces filled with `NA` in 5720 rows [115, 216, 289, 401, 436, 461, 518, 544, 618, 724, 792, 848, 849, 900, 911, 975, 983, 1043, 1048, 1111, ...]. 
`summarise()` regrouping output by 'date_f', 'Sex' (override with `.groups` argument)
`summarise()` regrouping output by 'date_f' (override with `.groups` argument)
`summarise()` regrouping output by 'date_f', 'Age' (override with `.groups` argument)
Writing to "Estonia COVID template"
Writing to sheet "database"
Created Drive file:
  * EE23.07.2020_cases&tests: 1egAkuDJ1Dxb3r_bJMDytqUMfUJzTqcfSl0wtCOiH7HE
with MIME type:
  * application/vnd.google-apps.spreadsheet
Writing to "EE23.07.2020_cases&tests"
Writing to sheet "cases&tests"
Deleting these sheet(s) from "EE23.07.2020_cases&tests":
* Sheet1
-- Attaching packages --------------------------------------- tidyverse 1.3.0 --
v ggplot2 3.3.0     v purrr   0.3.4
v tibble  3.0.3     v dplyr   1.0.0
v tidyr   1.1.0     v stringr 1.4.0
v readr   1.3.1     v forcats 0.5.0
-- Conflicts ------------------------------------------ tidyverse_conflicts() --
x dplyr::filter() masks stats::filter()
x dplyr::lag()    masks stats::lag()
Warnmeldungen:
1: Paket 'tidyverse' wurde unter R Version 3.6.3 erstellt 
2: Paket 'ggplot2' wurde unter R Version 3.6.3 erstellt 
3: Paket 'tibble' wurde unter R Version 3.6.3 erstellt 
4: Paket 'tidyr' wurde unter R Version 3.6.3 erstellt 
5: Paket 'readr' wurde unter R Version 3.6.3 erstellt 
6: Paket 'purrr' wurde unter R Version 3.6.3 erstellt 
7: Paket 'dplyr' wurde unter R Version 3.6.3 erstellt 
8: Paket 'stringr' wurde unter R Version 3.6.3 erstellt 
9: Paket 'forcats' wurde unter R Version 3.6.3 erstellt 

Attache Paket: 'lubridate'

The following objects are masked from 'package:base':

    date, intersect, setdiff, union

Warnmeldung:
Paket 'lubridate' wurde unter R Version 3.6.3 erstellt 
Warnmeldung:
Paket 'googlesheets4' wurde unter R Version 3.6.3 erstellt 

Attache Paket: 'googledrive'

The following objects are masked from 'package:googlesheets4':

    request_generate, request_make

Warnmeldung:
Paket 'googledrive' wurde unter R Version 3.6.3 erstellt 
Parsed with column specification:
cols(
  id = col_character(),
  Gender = col_character(),
  AgeGroup = col_character(),
  Country = col_character(),
  County = col_character(),
  ResultValue = col_character(),
  StatisticsDate = col_date(format = ""),
  ResultTime = col_datetime(format = ""),
  AnalysisInsertTime = col_datetime(format = "")
)
`summarise()` regrouping output by 'date_f', 'Age' (override with `.groups` argument)
Warnmeldung:
Expected 2 pieces. Missing pieces filled with `NA` in 5727 rows [115, 216, 289, 401, 436, 461, 518, 544, 618, 724, 792, 848, 849, 900, 911, 975, 983, 1043, 1048, 1111, ...]. 
`summarise()` regrouping output by 'date_f', 'Sex' (override with `.groups` argument)
`summarise()` regrouping output by 'date_f' (override with `.groups` argument)
`summarise()` regrouping output by 'date_f', 'Age' (override with `.groups` argument)
Writing to "Estonia COVID template"
Writing to sheet "database"
Created Drive file:
  * EE24.07.2020_cases&tests: 1lCxQMo2NrovL9kpK1h1HyhxqpUFz05W-teKZD2JSuIQ
with MIME type:
  * application/vnd.google-apps.spreadsheet
Writing to "EE24.07.2020_cases&tests"
Writing to sheet "cases&tests"
Deleting these sheet(s) from "EE24.07.2020_cases&tests":
* Sheet1
-- Attaching packages --------------------------------------- tidyverse 1.3.0 --
v ggplot2 3.3.0     v purrr   0.3.4
v tibble  3.0.3     v dplyr   1.0.0
v tidyr   1.1.0     v stringr 1.4.0
v readr   1.3.1     v forcats 0.5.0
-- Conflicts ------------------------------------------ tidyverse_conflicts() --
x dplyr::filter() masks stats::filter()
x dplyr::lag()    masks stats::lag()
Warnmeldungen:
1: Paket 'tidyverse' wurde unter R Version 3.6.3 erstellt 
2: Paket 'ggplot2' wurde unter R Version 3.6.3 erstellt 
3: Paket 'tibble' wurde unter R Version 3.6.3 erstellt 
4: Paket 'tidyr' wurde unter R Version 3.6.3 erstellt 
5: Paket 'readr' wurde unter R Version 3.6.3 erstellt 
6: Paket 'purrr' wurde unter R Version 3.6.3 erstellt 
7: Paket 'dplyr' wurde unter R Version 3.6.3 erstellt 
8: Paket 'stringr' wurde unter R Version 3.6.3 erstellt 
9: Paket 'forcats' wurde unter R Version 3.6.3 erstellt 

Attache Paket: 'lubridate'

The following objects are masked from 'package:base':

    date, intersect, setdiff, union

Warnmeldung:
Paket 'lubridate' wurde unter R Version 3.6.3 erstellt 
Warnmeldung:
Paket 'googlesheets4' wurde unter R Version 3.6.3 erstellt 

Attache Paket: 'googledrive'

The following objects are masked from 'package:googlesheets4':

    request_generate, request_make

Warnmeldung:
Paket 'googledrive' wurde unter R Version 3.6.3 erstellt 
Parsed with column specification:
cols(
  id = col_character(),
  Gender = col_character(),
  AgeGroup = col_character(),
  Country = col_character(),
  County = col_character(),
  ResultValue = col_character(),
  StatisticsDate = col_date(format = ""),
  ResultTime = col_datetime(format = ""),
  AnalysisInsertTime = col_datetime(format = "")
)
`summarise()` regrouping output by 'date_f', 'Age' (override with `.groups` argument)
Warnmeldung:
Expected 2 pieces. Missing pieces filled with `NA` in 5734 rows [115, 216, 289, 401, 436, 461, 518, 544, 618, 724, 792, 848, 849, 900, 911, 975, 983, 1043, 1048, 1111, ...]. 
`summarise()` regrouping output by 'date_f', 'Sex' (override with `.groups` argument)
`summarise()` regrouping output by 'date_f' (override with `.groups` argument)
`summarise()` regrouping output by 'date_f', 'Age' (override with `.groups` argument)
Writing to "Estonia COVID template"
Writing to sheet "database"
Created Drive file:
  * EE25.07.2020_cases&tests: 1QfsfGulM2EXCH0QsOK21tAlc9Sy8wpUUslbvn0BawIo
with MIME type:
  * application/vnd.google-apps.spreadsheet
Writing to "EE25.07.2020_cases&tests"
Writing to sheet "cases&tests"
Deleting these sheet(s) from "EE25.07.2020_cases&tests":
* Sheet1
-- Attaching packages --------------------------------------- tidyverse 1.3.0 --
v ggplot2 3.3.0     v purrr   0.3.4
v tibble  3.0.3     v dplyr   1.0.0
v tidyr   1.1.0     v stringr 1.4.0
v readr   1.3.1     v forcats 0.5.0
-- Conflicts ------------------------------------------ tidyverse_conflicts() --
x dplyr::filter() masks stats::filter()
x dplyr::lag()    masks stats::lag()
Warnmeldungen:
1: Paket 'tidyverse' wurde unter R Version 3.6.3 erstellt 
2: Paket 'ggplot2' wurde unter R Version 3.6.3 erstellt 
3: Paket 'tibble' wurde unter R Version 3.6.3 erstellt 
4: Paket 'tidyr' wurde unter R Version 3.6.3 erstellt 
5: Paket 'readr' wurde unter R Version 3.6.3 erstellt 
6: Paket 'purrr' wurde unter R Version 3.6.3 erstellt 
7: Paket 'dplyr' wurde unter R Version 3.6.3 erstellt 
8: Paket 'stringr' wurde unter R Version 3.6.3 erstellt 
9: Paket 'forcats' wurde unter R Version 3.6.3 erstellt 

Attache Paket: 'lubridate'

The following objects are masked from 'package:base':

    date, intersect, setdiff, union

Warnmeldung:
Paket 'lubridate' wurde unter R Version 3.6.3 erstellt 
Warnmeldung:
Paket 'googlesheets4' wurde unter R Version 3.6.3 erstellt 

Attache Paket: 'googledrive'

The following objects are masked from 'package:googlesheets4':

    request_generate, request_make

Warnmeldung:
Paket 'googledrive' wurde unter R Version 3.6.3 erstellt 
Parsed with column specification:
cols(
  id = col_character(),
  Gender = col_character(),
  AgeGroup = col_character(),
  Country = col_character(),
  County = col_character(),
  ResultValue = col_character(),
  StatisticsDate = col_date(format = ""),
  ResultTime = col_datetime(format = ""),
  AnalysisInsertTime = col_datetime(format = "")
)
`summarise()` regrouping output by 'date_f', 'Age' (override with `.groups` argument)
Warnmeldung:
Expected 2 pieces. Missing pieces filled with `NA` in 5741 rows [115, 216, 289, 401, 436, 461, 518, 544, 618, 724, 792, 848, 849, 900, 911, 975, 983, 1043, 1048, 1111, ...]. 
`summarise()` regrouping output by 'date_f', 'Sex' (override with `.groups` argument)
`summarise()` regrouping output by 'date_f' (override with `.groups` argument)
`summarise()` regrouping output by 'date_f', 'Age' (override with `.groups` argument)
Writing to "Estonia COVID template"
Writing to sheet "database"
Created Drive file:
  * EE26.07.2020_cases&tests: 1AoqZ28-1vmVww9uqrfQAlQ8nAYrPwKZRnA624wXXarw
with MIME type:
  * application/vnd.google-apps.spreadsheet
Writing to "EE26.07.2020_cases&tests"
Writing to sheet "cases&tests"
Deleting these sheet(s) from "EE26.07.2020_cases&tests":
* Sheet1
-- Attaching packages --------------------------------------- tidyverse 1.3.0 --
v ggplot2 3.3.0     v purrr   0.3.4
v tibble  3.0.3     v dplyr   1.0.0
v tidyr   1.1.0     v stringr 1.4.0
v readr   1.3.1     v forcats 0.5.0
-- Conflicts ------------------------------------------ tidyverse_conflicts() --
x dplyr::filter() masks stats::filter()
x dplyr::lag()    masks stats::lag()
Warnmeldungen:
1: Paket 'tidyverse' wurde unter R Version 3.6.3 erstellt 
2: Paket 'ggplot2' wurde unter R Version 3.6.3 erstellt 
3: Paket 'tibble' wurde unter R Version 3.6.3 erstellt 
4: Paket 'tidyr' wurde unter R Version 3.6.3 erstellt 
5: Paket 'readr' wurde unter R Version 3.6.3 erstellt 
6: Paket 'purrr' wurde unter R Version 3.6.3 erstellt 
7: Paket 'dplyr' wurde unter R Version 3.6.3 erstellt 
8: Paket 'stringr' wurde unter R Version 3.6.3 erstellt 
9: Paket 'forcats' wurde unter R Version 3.6.3 erstellt 

Attache Paket: 'lubridate'

The following objects are masked from 'package:base':

    date, intersect, setdiff, union

Warnmeldung:
Paket 'lubridate' wurde unter R Version 3.6.3 erstellt 
Warnmeldung:
Paket 'googlesheets4' wurde unter R Version 3.6.3 erstellt 

Attache Paket: 'googledrive'

The following objects are masked from 'package:googlesheets4':

    request_generate, request_make

Warnmeldung:
Paket 'googledrive' wurde unter R Version 3.6.3 erstellt 
Parsed with column specification:
cols(
  id = col_character(),
  Gender = col_character(),
  AgeGroup = col_character(),
  Country = col_character(),
  County = col_character(),
  ResultValue = col_character(),
  StatisticsDate = col_date(format = ""),
  ResultTime = col_datetime(format = ""),
  AnalysisInsertTime = col_datetime(format = "")
)
`summarise()` regrouping output by 'date_f', 'Age' (override with `.groups` argument)
Warnmeldung:
Expected 2 pieces. Missing pieces filled with `NA` in 5748 rows [115, 216, 289, 401, 436, 461, 518, 544, 618, 724, 792, 848, 849, 900, 911, 975, 983, 1043, 1048, 1111, ...]. 
`summarise()` regrouping output by 'date_f', 'Sex' (override with `.groups` argument)
`summarise()` regrouping output by 'date_f' (override with `.groups` argument)
`summarise()` regrouping output by 'date_f', 'Age' (override with `.groups` argument)
Writing to "Estonia COVID template"
Writing to sheet "database"
Created Drive file:
  * EE27.07.2020_cases&tests: 1hrT0dFtflDdHc_xVl5fKHegxKwQLTD7nPzed7ZzcFe0
with MIME type:
  * application/vnd.google-apps.spreadsheet
Writing to "EE27.07.2020_cases&tests"
Writing to sheet "cases&tests"
Auto-refreshing stale OAuth token.
Deleting these sheet(s) from "EE27.07.2020_cases&tests":
* Sheet1
Fehler: Expected content type 'application/json' not 'text/html'.
<!DOCTYPE html>
<html lang=en>
  <meta charset=utf-8>
  <meta name=viewport content="initial-scale=1, minimum-scale=1, width=device-width">
  <title>Error 502 (Server Error)!!1</title>
  <style>
  ...
Backtrace:
     x
  1. \-googlesheets4::sheet_delete(meta$id, "Sheet1")
  2.   \-gargle::response_process(resp_raw)
  3.     +-gargle:::stop_request_failed(error_message(resp), resp)
  4.     | +-rlang::abort(...)
  5.     | | \-rlang:::validate_signal_message(message, class)
  6.     | \-glue::glue_collapse(message, sep = "\n")
  7.     \-gargle:::error_message(resp)
  8.       \-gargle::response_as_json(resp)
  9.         \-gargle:::check_for_json(resp)
 10.           \-gargle:::stop_request_failed(message, resp)
Ausführung angehalten
-- Attaching packages --------------------------------------- tidyverse 1.3.0 --
v ggplot2 3.3.0     v purrr   0.3.4
v tibble  3.0.3     v dplyr   1.0.0
v tidyr   1.1.0     v stringr 1.4.0
v readr   1.3.1     v forcats 0.5.0
-- Conflicts ------------------------------------------ tidyverse_conflicts() --
x dplyr::filter() masks stats::filter()
x dplyr::lag()    masks stats::lag()
Warnmeldungen:
1: Paket 'tidyverse' wurde unter R Version 3.6.3 erstellt 
2: Paket 'ggplot2' wurde unter R Version 3.6.3 erstellt 
3: Paket 'tibble' wurde unter R Version 3.6.3 erstellt 
4: Paket 'tidyr' wurde unter R Version 3.6.3 erstellt 
5: Paket 'readr' wurde unter R Version 3.6.3 erstellt 
6: Paket 'purrr' wurde unter R Version 3.6.3 erstellt 
7: Paket 'dplyr' wurde unter R Version 3.6.3 erstellt 
8: Paket 'stringr' wurde unter R Version 3.6.3 erstellt 
9: Paket 'forcats' wurde unter R Version 3.6.3 erstellt 

Attache Paket: 'lubridate'

The following objects are masked from 'package:base':

    date, intersect, setdiff, union

Warnmeldung:
Paket 'lubridate' wurde unter R Version 3.6.3 erstellt 
Warnmeldung:
Paket 'googlesheets4' wurde unter R Version 3.6.3 erstellt 

Attache Paket: 'googledrive'

The following objects are masked from 'package:googlesheets4':

    request_generate, request_make

Warnmeldung:
Paket 'googledrive' wurde unter R Version 3.6.3 erstellt 
Parsed with column specification:
cols(
  id = col_character(),
  Gender = col_character(),
  AgeGroup = col_character(),
  Country = col_character(),
  County = col_character(),
  ResultValue = col_character(),
  StatisticsDate = col_date(format = ""),
  ResultTime = col_datetime(format = ""),
  AnalysisInsertTime = col_datetime(format = "")
)
`summarise()` regrouping output by 'date_f', 'Age' (override with `.groups` argument)
Warnmeldung:
Expected 2 pieces. Missing pieces filled with `NA` in 5755 rows [115, 216, 289, 401, 436, 461, 518, 544, 618, 724, 792, 848, 849, 900, 911, 975, 983, 1043, 1048, 1111, ...]. 
`summarise()` regrouping output by 'date_f', 'Sex' (override with `.groups` argument)
`summarise()` regrouping output by 'date_f' (override with `.groups` argument)
`summarise()` regrouping output by 'date_f', 'Age' (override with `.groups` argument)
Writing to "Estonia COVID template"
Writing to sheet "database"
Created Drive file:
  * EE28.07.2020_cases&tests: 1GaEaCFIw91NtQBY7TA51ImpWknFVxBSPrLs20ckWIxs
with MIME type:
  * application/vnd.google-apps.spreadsheet
Writing to "EE28.07.2020_cases&tests"
Writing to sheet "cases&tests"
Deleting these sheet(s) from "EE28.07.2020_cases&tests":
* Sheet1
-- Attaching packages --------------------------------------- tidyverse 1.3.0 --
v ggplot2 3.3.0     v purrr   0.3.4
v tibble  3.0.3     v dplyr   1.0.0
v tidyr   1.1.0     v stringr 1.4.0
v readr   1.3.1     v forcats 0.5.0
-- Conflicts ------------------------------------------ tidyverse_conflicts() --
x dplyr::filter() masks stats::filter()
x dplyr::lag()    masks stats::lag()
Warnmeldungen:
1: Paket 'tidyverse' wurde unter R Version 3.6.3 erstellt 
2: Paket 'ggplot2' wurde unter R Version 3.6.3 erstellt 
3: Paket 'tibble' wurde unter R Version 3.6.3 erstellt 
4: Paket 'tidyr' wurde unter R Version 3.6.3 erstellt 
5: Paket 'readr' wurde unter R Version 3.6.3 erstellt 
6: Paket 'purrr' wurde unter R Version 3.6.3 erstellt 
7: Paket 'dplyr' wurde unter R Version 3.6.3 erstellt 
8: Paket 'stringr' wurde unter R Version 3.6.3 erstellt 
9: Paket 'forcats' wurde unter R Version 3.6.3 erstellt 

Attache Paket: 'lubridate'

The following objects are masked from 'package:base':

    date, intersect, setdiff, union

Warnmeldung:
Paket 'lubridate' wurde unter R Version 3.6.3 erstellt 
Warnmeldung:
Paket 'googlesheets4' wurde unter R Version 3.6.3 erstellt 

Attache Paket: 'googledrive'

The following objects are masked from 'package:googlesheets4':

    request_generate, request_make

Warnmeldung:
Paket 'googledrive' wurde unter R Version 3.6.3 erstellt 
Parsed with column specification:
cols(
  id = col_character(),
  Gender = col_character(),
  AgeGroup = col_character(),
  Country = col_character(),
  County = col_character(),
  ResultValue = col_character(),
  StatisticsDate = col_date(format = ""),
  ResultTime = col_datetime(format = ""),
  AnalysisInsertTime = col_datetime(format = "")
)
`summarise()` regrouping output by 'date_f', 'Age' (override with `.groups` argument)
Warnmeldung:
Expected 2 pieces. Missing pieces filled with `NA` in 5760 rows [115, 216, 289, 401, 436, 461, 518, 544, 618, 724, 792, 848, 849, 900, 911, 975, 983, 1043, 1048, 1111, ...]. 
`summarise()` regrouping output by 'date_f', 'Sex' (override with `.groups` argument)
`summarise()` regrouping output by 'date_f' (override with `.groups` argument)
`summarise()` regrouping output by 'date_f', 'Age' (override with `.groups` argument)
Writing to "Estonia COVID template"
Writing to sheet "database"
Created Drive file:
  * EE29.07.2020_cases&tests: 1YCHCvT27tc_06jgcTgeQHcJanV_Q0W5GkoyBwO78P9I
with MIME type:
  * application/vnd.google-apps.spreadsheet
Writing to "EE29.07.2020_cases&tests"
Writing to sheet "cases&tests"
Deleting these sheet(s) from "EE29.07.2020_cases&tests":
* Sheet1
