-- Attaching packages --------------------------------------- tidyverse 1.3.0 --
v ggplot2 3.3.0     v purrr   0.3.4
v tibble  3.0.1     v dplyr   0.8.5
v tidyr   1.1.0     v stringr 1.4.0
v readr   1.3.1     v forcats 0.5.0
-- Conflicts ------------------------------------------ tidyverse_conflicts() --
x dplyr::filter() masks stats::filter()
x dplyr::lag()    masks stats::lag()
Warnmeldungen:
1: Paket 'tidyverse' wurde unter R Version 3.6.3 erstellt 
2: Paket 'ggplot2' wurde unter R Version 3.6.3 erstellt 
3: Paket 'tibble' wurde unter R Version 3.6.3 erstellt 
4: Paket 'tidyr' wurde unter R Version 3.6.3 erstellt 
5: Paket 'readr' wurde unter R Version 3.6.3 erstellt 
6: Paket 'purrr' wurde unter R Version 3.6.3 erstellt 
7: Paket 'dplyr' wurde unter R Version 3.6.3 erstellt 
8: Paket 'stringr' wurde unter R Version 3.6.3 erstellt 
9: Paket 'forcats' wurde unter R Version 3.6.3 erstellt 
Warnmeldung:
Paket 'googlesheets4' wurde unter R Version 3.6.3 erstellt 

Attache Paket: 'lubridate'

The following objects are masked from 'package:dplyr':

    intersect, setdiff, union

The following objects are masked from 'package:base':

    date, intersect, setdiff, union

Warnmeldung:
Paket 'lubridate' wurde unter R Version 3.6.3 erstellt 
Warnmeldung:
Paket 'aweek' wurde unter R Version 3.6.3 erstellt 
Parsed with column specification:
cols(
  Date_file = col_datetime(format = ""),
  Date_statistics = col_date(format = ""),
  Date_statistics_type = col_character(),
  Agegroup = col_character(),
  Sex = col_character(),
  Province = col_character(),
  Hospital_admission = col_character(),
  Deceased = col_character(),
  Week_of_death = col_double(),
  Municipal_health_service = col_character()
)
Fehler in isoweek_to_date_hack(.) : 
  konnte Funktion "isoweek_to_date_hack" nicht finden
Ruft auf: %>% ... eval -> _fseq -> freduce -> withVisible -> <Anonymous>
Ausführung angehalten
-- Attaching packages --------------------------------------- tidyverse 1.3.0 --
v ggplot2 3.3.0     v purrr   0.3.4
v tibble  3.0.1     v dplyr   0.8.5
v tidyr   1.1.0     v stringr 1.4.0
v readr   1.3.1     v forcats 0.5.0
-- Conflicts ------------------------------------------ tidyverse_conflicts() --
x dplyr::filter() masks stats::filter()
x dplyr::lag()    masks stats::lag()
Warnmeldungen:
1: Paket 'tidyverse' wurde unter R Version 3.6.3 erstellt 
2: Paket 'ggplot2' wurde unter R Version 3.6.3 erstellt 
3: Paket 'tibble' wurde unter R Version 3.6.3 erstellt 
4: Paket 'tidyr' wurde unter R Version 3.6.3 erstellt 
5: Paket 'readr' wurde unter R Version 3.6.3 erstellt 
6: Paket 'purrr' wurde unter R Version 3.6.3 erstellt 
7: Paket 'dplyr' wurde unter R Version 3.6.3 erstellt 
8: Paket 'stringr' wurde unter R Version 3.6.3 erstellt 
9: Paket 'forcats' wurde unter R Version 3.6.3 erstellt 
Warnmeldung:
Paket 'googlesheets4' wurde unter R Version 3.6.3 erstellt 

Attache Paket: 'lubridate'

The following objects are masked from 'package:dplyr':

    intersect, setdiff, union

The following objects are masked from 'package:base':

    date, intersect, setdiff, union

Warnmeldung:
Paket 'lubridate' wurde unter R Version 3.6.3 erstellt 
Warnmeldung:
Paket 'aweek' wurde unter R Version 3.6.3 erstellt 
Parsed with column specification:
cols(
  Date_file = col_datetime(format = ""),
  Date_statistics = col_date(format = ""),
  Date_statistics_type = col_character(),
  Agegroup = col_character(),
  Sex = col_character(),
  Province = col_character(),
  Hospital_admission = col_character(),
  Deceased = col_character(),
  Week_of_death = col_double(),
  Municipal_health_service = col_character()
)
Using an auto-discovered, cached token.
To suppress this message, modify your code or options to clearly consent to the use of a cached token.
See gargle's "Non-interactive auth" vignette for more details:
https://gargle.r-lib.org/articles/non-interactive-auth.html
The googlesheets4 package is using a cached token for kikepaila@gmail.com.
Writing to "Netherlands COVID input template"
Writing to sheet "database"
Fehler in paste0("NL", d, "cases&deaths") : Objekt 'd' nicht gefunden
Ausführung angehalten
-- Attaching packages --------------------------------------- tidyverse 1.3.0 --
v ggplot2 3.3.0     v purrr   0.3.4
v tibble  3.0.1     v dplyr   0.8.5
v tidyr   1.1.0     v stringr 1.4.0
v readr   1.3.1     v forcats 0.5.0
-- Conflicts ------------------------------------------ tidyverse_conflicts() --
x dplyr::filter() masks stats::filter()
x dplyr::lag()    masks stats::lag()
Warnmeldungen:
1: Paket 'tidyverse' wurde unter R Version 3.6.3 erstellt 
2: Paket 'ggplot2' wurde unter R Version 3.6.3 erstellt 
3: Paket 'tibble' wurde unter R Version 3.6.3 erstellt 
4: Paket 'tidyr' wurde unter R Version 3.6.3 erstellt 
5: Paket 'readr' wurde unter R Version 3.6.3 erstellt 
6: Paket 'purrr' wurde unter R Version 3.6.3 erstellt 
7: Paket 'dplyr' wurde unter R Version 3.6.3 erstellt 
8: Paket 'stringr' wurde unter R Version 3.6.3 erstellt 
9: Paket 'forcats' wurde unter R Version 3.6.3 erstellt 
Warnmeldung:
Paket 'googlesheets4' wurde unter R Version 3.6.3 erstellt 

Attache Paket: 'lubridate'

The following objects are masked from 'package:dplyr':

    intersect, setdiff, union

The following objects are masked from 'package:base':

    date, intersect, setdiff, union

Warnmeldung:
Paket 'lubridate' wurde unter R Version 3.6.3 erstellt 
Warnmeldung:
Paket 'aweek' wurde unter R Version 3.6.3 erstellt 
Parsed with column specification:
cols(
  Date_file = col_datetime(format = ""),
  Date_statistics = col_date(format = ""),
  Date_statistics_type = col_character(),
  Agegroup = col_character(),
  Sex = col_character(),
  Province = col_character(),
  Hospital_admission = col_character(),
  Deceased = col_character(),
  Week_of_death = col_double(),
  Municipal_health_service = col_character()
)
Using an auto-discovered, cached token.
To suppress this message, modify your code or options to clearly consent to the use of a cached token.
See gargle's "Non-interactive auth" vignette for more details:
https://gargle.r-lib.org/articles/non-interactive-auth.html
The googlesheets4 package is using a cached token for kikepaila@gmail.com.
Writing to "Netherlands COVID input template"
Writing to sheet "database"
Fehler in drive_create(sheet_name, path = "https://drive.google.com/drive/folders/1rwemqsieh_PXe0Qj-6y4LlrQoCaq4SQp?usp=sharing",  : 
  konnte Funktion "drive_create" nicht finden
Ausführung angehalten
-- Attaching packages --------------------------------------- tidyverse 1.3.0 --
v ggplot2 3.3.0     v purrr   0.3.4
v tibble  3.0.1     v dplyr   0.8.5
v tidyr   1.1.0     v stringr 1.4.0
v readr   1.3.1     v forcats 0.5.0
-- Conflicts ------------------------------------------ tidyverse_conflicts() --
x dplyr::filter() masks stats::filter()
x dplyr::lag()    masks stats::lag()
Warnmeldungen:
1: Paket 'tidyverse' wurde unter R Version 3.6.3 erstellt 
2: Paket 'ggplot2' wurde unter R Version 3.6.3 erstellt 
3: Paket 'tibble' wurde unter R Version 3.6.3 erstellt 
4: Paket 'tidyr' wurde unter R Version 3.6.3 erstellt 
5: Paket 'readr' wurde unter R Version 3.6.3 erstellt 
6: Paket 'purrr' wurde unter R Version 3.6.3 erstellt 
7: Paket 'dplyr' wurde unter R Version 3.6.3 erstellt 
8: Paket 'stringr' wurde unter R Version 3.6.3 erstellt 
9: Paket 'forcats' wurde unter R Version 3.6.3 erstellt 
Warnmeldung:
Paket 'googlesheets4' wurde unter R Version 3.6.3 erstellt 

Attache Paket: 'lubridate'

The following objects are masked from 'package:dplyr':

    intersect, setdiff, union

The following objects are masked from 'package:base':

    date, intersect, setdiff, union

Warnmeldung:
Paket 'lubridate' wurde unter R Version 3.6.3 erstellt 
Warnmeldung:
Paket 'aweek' wurde unter R Version 3.6.3 erstellt 

Attache Paket: 'googledrive'

The following objects are masked from 'package:googlesheets4':

    request_generate, request_make

Warnmeldung:
Paket 'googledrive' wurde unter R Version 3.6.3 erstellt 
Parsed with column specification:
cols(
  Date_file = col_datetime(format = ""),
  Date_statistics = col_date(format = ""),
  Date_statistics_type = col_character(),
  Agegroup = col_character(),
  Sex = col_character(),
  Province = col_character(),
  Hospital_admission = col_character(),
  Deceased = col_character(),
  Week_of_death = col_double(),
  Municipal_health_service = col_character()
)
Using an auto-discovered, cached token.
To suppress this message, modify your code or options to clearly consent to the use of a cached token.
See gargle's "Non-interactive auth" vignette for more details:
https://gargle.r-lib.org/articles/non-interactive-auth.html
The googlesheets4 package is using a cached token for kikepaila@gmail.com.
Writing to "Netherlands COVID input template"
Writing to sheet "database"
Using an auto-discovered, cached token.
To suppress this message, modify your code or options to clearly consent to the use of a cached token.
See gargle's "Non-interactive auth" vignette for more details:
https://gargle.r-lib.org/articles/non-interactive-auth.html
The googledrive package is using a cached token for kikepaila@gmail.com.
Created Drive file:
  * NL03.07.2020cases&deaths: 1PlUwpjRpTdHkGW4RgeLLRqBxg8tCIabdoo3Co9uBD9Q
with MIME type:
  * application/vnd.google-apps.spreadsheet
Fehler in eval_tidy(data_quo) : Objekt 'db_c_age' nicht gefunden
Ruft auf: write_sheet -> eval_tidy
Ausführung angehalten
-- Attaching packages --------------------------------------- tidyverse 1.3.0 --
v ggplot2 3.3.0     v purrr   0.3.4
v tibble  3.0.1     v dplyr   0.8.5
v tidyr   1.1.0     v stringr 1.4.0
v readr   1.3.1     v forcats 0.5.0
-- Conflicts ------------------------------------------ tidyverse_conflicts() --
x dplyr::filter() masks stats::filter()
x dplyr::lag()    masks stats::lag()
Warnmeldungen:
1: Paket 'tidyverse' wurde unter R Version 3.6.3 erstellt 
2: Paket 'ggplot2' wurde unter R Version 3.6.3 erstellt 
3: Paket 'tibble' wurde unter R Version 3.6.3 erstellt 
4: Paket 'tidyr' wurde unter R Version 3.6.3 erstellt 
5: Paket 'readr' wurde unter R Version 3.6.3 erstellt 
6: Paket 'purrr' wurde unter R Version 3.6.3 erstellt 
7: Paket 'dplyr' wurde unter R Version 3.6.3 erstellt 
8: Paket 'stringr' wurde unter R Version 3.6.3 erstellt 
9: Paket 'forcats' wurde unter R Version 3.6.3 erstellt 
Warnmeldung:
Paket 'googlesheets4' wurde unter R Version 3.6.3 erstellt 

Attache Paket: 'lubridate'

The following objects are masked from 'package:dplyr':

    intersect, setdiff, union

The following objects are masked from 'package:base':

    date, intersect, setdiff, union

Warnmeldung:
Paket 'lubridate' wurde unter R Version 3.6.3 erstellt 
Warnmeldung:
Paket 'aweek' wurde unter R Version 3.6.3 erstellt 

Attache Paket: 'googledrive'

The following objects are masked from 'package:googlesheets4':

    request_generate, request_make

Warnmeldung:
Paket 'googledrive' wurde unter R Version 3.6.3 erstellt 
Parsed with column specification:
cols(
  Date_file = col_datetime(format = ""),
  Date_statistics = col_date(format = ""),
  Date_statistics_type = col_character(),
  Agegroup = col_character(),
  Sex = col_character(),
  Province = col_character(),
  Hospital_admission = col_character(),
  Deceased = col_character(),
  Week_of_death = col_double(),
  Municipal_health_service = col_character()
)
Writing to "Netherlands COVID input template"
Writing to sheet "database"
Files trashed:
  * NL03.07.2020cases&deaths: 1PlUwpjRpTdHkGW4RgeLLRqBxg8tCIabdoo3Co9uBD9Q
Created Drive file:
  * NL03.07.2020cases&deaths: 1yGejxhb0GepXRCgmmYzaXyaOSr2nAvh1XrhkAPDNiqo
with MIME type:
  * application/vnd.google-apps.spreadsheet
Writing to "NL03.07.2020cases&deaths"
Writing to sheet "cases&deaths_sex_age"
Deleting these sheet(s) from "NL03.07.2020cases&deaths":
* Sheet1
-- Attaching packages --------------------------------------- tidyverse 1.3.0 --
v ggplot2 3.3.0     v purrr   0.3.4
v tibble  3.0.1     v dplyr   0.8.5
v tidyr   1.1.0     v stringr 1.4.0
v readr   1.3.1     v forcats 0.5.0
-- Conflicts ------------------------------------------ tidyverse_conflicts() --
x dplyr::filter() masks stats::filter()
x dplyr::lag()    masks stats::lag()
Warnmeldungen:
1: Paket 'tidyverse' wurde unter R Version 3.6.3 erstellt 
2: Paket 'ggplot2' wurde unter R Version 3.6.3 erstellt 
3: Paket 'tibble' wurde unter R Version 3.6.3 erstellt 
4: Paket 'tidyr' wurde unter R Version 3.6.3 erstellt 
5: Paket 'readr' wurde unter R Version 3.6.3 erstellt 
6: Paket 'purrr' wurde unter R Version 3.6.3 erstellt 
7: Paket 'dplyr' wurde unter R Version 3.6.3 erstellt 
8: Paket 'stringr' wurde unter R Version 3.6.3 erstellt 
9: Paket 'forcats' wurde unter R Version 3.6.3 erstellt 
Warnmeldung:
Paket 'googlesheets4' wurde unter R Version 3.6.3 erstellt 

Attache Paket: 'lubridate'

The following objects are masked from 'package:dplyr':

    intersect, setdiff, union

The following objects are masked from 'package:base':

    date, intersect, setdiff, union

Warnmeldung:
Paket 'lubridate' wurde unter R Version 3.6.3 erstellt 
Warnmeldung:
Paket 'aweek' wurde unter R Version 3.6.3 erstellt 

Attache Paket: 'googledrive'

The following objects are masked from 'package:googlesheets4':

    request_generate, request_make

Warnmeldung:
Paket 'googledrive' wurde unter R Version 3.6.3 erstellt 
Parsed with column specification:
cols(
  Date_file = col_datetime(format = ""),
  Date_statistics = col_date(format = ""),
  Date_statistics_type = col_character(),
  Agegroup = col_character(),
  Sex = col_character(),
  Province = col_character(),
  Hospital_admission = col_character(),
  Deceased = col_character(),
  Week_of_death = col_double(),
  Municipal_health_service = col_character()
)
Writing to "Netherlands COVID input template"
Writing to sheet "database"
Created Drive file:
  * NL04.07.2020cases&deaths: 1Uro4vg8Z83LnZ5CyIeZdP4X3xIoXWN1LzC6gXDZxjCQ
with MIME type:
  * application/vnd.google-apps.spreadsheet
Writing to "NL04.07.2020cases&deaths"
Writing to sheet "cases&deaths_sex_age"
Auto-refreshing stale OAuth token.
Deleting these sheet(s) from "NL04.07.2020cases&deaths":
* Sheet1
-- Attaching packages --------------------------------------- tidyverse 1.3.0 --
v ggplot2 3.3.0     v purrr   0.3.4
v tibble  3.0.1     v dplyr   0.8.5
v tidyr   1.1.0     v stringr 1.4.0
v readr   1.3.1     v forcats 0.5.0
-- Conflicts ------------------------------------------ tidyverse_conflicts() --
x dplyr::filter() masks stats::filter()
x dplyr::lag()    masks stats::lag()
Warnmeldungen:
1: Paket 'tidyverse' wurde unter R Version 3.6.3 erstellt 
2: Paket 'ggplot2' wurde unter R Version 3.6.3 erstellt 
3: Paket 'tibble' wurde unter R Version 3.6.3 erstellt 
4: Paket 'tidyr' wurde unter R Version 3.6.3 erstellt 
5: Paket 'readr' wurde unter R Version 3.6.3 erstellt 
6: Paket 'purrr' wurde unter R Version 3.6.3 erstellt 
7: Paket 'dplyr' wurde unter R Version 3.6.3 erstellt 
8: Paket 'stringr' wurde unter R Version 3.6.3 erstellt 
9: Paket 'forcats' wurde unter R Version 3.6.3 erstellt 
Warnmeldung:
Paket 'googlesheets4' wurde unter R Version 3.6.3 erstellt 

Attache Paket: 'lubridate'

The following objects are masked from 'package:dplyr':

    intersect, setdiff, union

The following objects are masked from 'package:base':

    date, intersect, setdiff, union

Warnmeldung:
Paket 'lubridate' wurde unter R Version 3.6.3 erstellt 
Warnmeldung:
Paket 'aweek' wurde unter R Version 3.6.3 erstellt 

Attache Paket: 'googledrive'

The following objects are masked from 'package:googlesheets4':

    request_generate, request_make

Warnmeldung:
Paket 'googledrive' wurde unter R Version 3.6.3 erstellt 
Parsed with column specification:
cols(
  Date_file = col_datetime(format = ""),
  Date_statistics = col_date(format = ""),
  Date_statistics_type = col_character(),
  Agegroup = col_character(),
  Sex = col_character(),
  Province = col_character(),
  Hospital_admission = col_character(),
  Deceased = col_character(),
  Week_of_death = col_double(),
  Municipal_health_service = col_character()
)
Writing to "Netherlands COVID input template"
Writing to sheet "database"
Created Drive file:
  * NL05.07.2020cases&deaths: 1TZ43w7Tro-0sJsbAxB1E1vWuOf16sWk8xztGkG8OH9c
with MIME type:
  * application/vnd.google-apps.spreadsheet
Writing to "NL05.07.2020cases&deaths"
Writing to sheet "cases&deaths_sex_age"
Auto-refreshing stale OAuth token.
Deleting these sheet(s) from "NL05.07.2020cases&deaths":
* Sheet1
-- Attaching packages --------------------------------------- tidyverse 1.3.0 --
v ggplot2 3.3.0     v purrr   0.3.4
v tibble  3.0.1     v dplyr   0.8.5
v tidyr   1.1.0     v stringr 1.4.0
v readr   1.3.1     v forcats 0.5.0
-- Conflicts ------------------------------------------ tidyverse_conflicts() --
x dplyr::filter() masks stats::filter()
x dplyr::lag()    masks stats::lag()
Warnmeldungen:
1: Paket 'tidyverse' wurde unter R Version 3.6.3 erstellt 
2: Paket 'ggplot2' wurde unter R Version 3.6.3 erstellt 
3: Paket 'tibble' wurde unter R Version 3.6.3 erstellt 
4: Paket 'tidyr' wurde unter R Version 3.6.3 erstellt 
5: Paket 'readr' wurde unter R Version 3.6.3 erstellt 
6: Paket 'purrr' wurde unter R Version 3.6.3 erstellt 
7: Paket 'dplyr' wurde unter R Version 3.6.3 erstellt 
8: Paket 'stringr' wurde unter R Version 3.6.3 erstellt 
9: Paket 'forcats' wurde unter R Version 3.6.3 erstellt 
Warnmeldung:
Paket 'googlesheets4' wurde unter R Version 3.6.3 erstellt 

Attache Paket: 'lubridate'

The following objects are masked from 'package:dplyr':

    intersect, setdiff, union

The following objects are masked from 'package:base':

    date, intersect, setdiff, union

Warnmeldung:
Paket 'lubridate' wurde unter R Version 3.6.3 erstellt 
Warnmeldung:
Paket 'aweek' wurde unter R Version 3.6.3 erstellt 

Attache Paket: 'googledrive'

The following objects are masked from 'package:googlesheets4':

    request_generate, request_make

Warnmeldung:
Paket 'googledrive' wurde unter R Version 3.6.3 erstellt 
Parsed with column specification:
cols(
  Date_file = col_datetime(format = ""),
  Date_statistics = col_date(format = ""),
  Date_statistics_type = col_character(),
  Agegroup = col_character(),
  Sex = col_character(),
  Province = col_character(),
  Hospital_admission = col_character(),
  Deceased = col_character(),
  Week_of_death = col_double(),
  Municipal_health_service = col_character()
)
Writing to "Netherlands COVID input template"
Writing to sheet "database"
Created Drive file:
  * NL06.07.2020cases&deaths: 1-4UY6GpPOZ9DhutghIeZLjSr9CUSIwj-O1r_V5WIDho
with MIME type:
  * application/vnd.google-apps.spreadsheet
Writing to "NL06.07.2020cases&deaths"
Writing to sheet "cases&deaths_sex_age"
Auto-refreshing stale OAuth token.
Deleting these sheet(s) from "NL06.07.2020cases&deaths":
* Sheet1
-- Attaching packages --------------------------------------- tidyverse 1.3.0 --
v ggplot2 3.3.0     v purrr   0.3.4
v tibble  3.0.1     v dplyr   0.8.5
v tidyr   1.1.0     v stringr 1.4.0
v readr   1.3.1     v forcats 0.5.0
-- Conflicts ------------------------------------------ tidyverse_conflicts() --
x dplyr::filter() masks stats::filter()
x dplyr::lag()    masks stats::lag()
Warnmeldungen:
1: Paket 'tidyverse' wurde unter R Version 3.6.3 erstellt 
2: Paket 'ggplot2' wurde unter R Version 3.6.3 erstellt 
3: Paket 'tibble' wurde unter R Version 3.6.3 erstellt 
4: Paket 'tidyr' wurde unter R Version 3.6.3 erstellt 
5: Paket 'readr' wurde unter R Version 3.6.3 erstellt 
6: Paket 'purrr' wurde unter R Version 3.6.3 erstellt 
7: Paket 'dplyr' wurde unter R Version 3.6.3 erstellt 
8: Paket 'stringr' wurde unter R Version 3.6.3 erstellt 
9: Paket 'forcats' wurde unter R Version 3.6.3 erstellt 
Warnmeldung:
Paket 'googlesheets4' wurde unter R Version 3.6.3 erstellt 

Attache Paket: 'lubridate'

The following objects are masked from 'package:dplyr':

    intersect, setdiff, union

The following objects are masked from 'package:base':

    date, intersect, setdiff, union

Warnmeldung:
Paket 'lubridate' wurde unter R Version 3.6.3 erstellt 
Warnmeldung:
Paket 'aweek' wurde unter R Version 3.6.3 erstellt 

Attache Paket: 'googledrive'

The following objects are masked from 'package:googlesheets4':

    request_generate, request_make

Warnmeldung:
Paket 'googledrive' wurde unter R Version 3.6.3 erstellt 
Parsed with column specification:
cols(
  Date_file = col_datetime(format = ""),
  Date_statistics = col_date(format = ""),
  Date_statistics_type = col_character(),
  Agegroup = col_character(),
  Sex = col_character(),
  Province = col_character(),
  Hospital_admission = col_character(),
  Deceased = col_character(),
  Week_of_death = col_double(),
  Municipal_health_service = col_character()
)
Writing to "Netherlands COVID input template"
Writing to sheet "database"
Created Drive file:
  * NL07.07.2020cases&deaths: 1W-kNr0hBS-5UpRMBpZGOOYibW6TJE7smjIu9mC4ErTs
with MIME type:
  * application/vnd.google-apps.spreadsheet
Writing to "NL07.07.2020cases&deaths"
Writing to sheet "cases&deaths_sex_age"
Auto-refreshing stale OAuth token.
Deleting these sheet(s) from "NL07.07.2020cases&deaths":
* Sheet1
-- Attaching packages --------------------------------------- tidyverse 1.3.0 --
v ggplot2 3.3.0     v purrr   0.3.4
v tibble  3.0.1     v dplyr   0.8.5
v tidyr   1.1.0     v stringr 1.4.0
v readr   1.3.1     v forcats 0.5.0
-- Conflicts ------------------------------------------ tidyverse_conflicts() --
x dplyr::filter() masks stats::filter()
x dplyr::lag()    masks stats::lag()
Warnmeldungen:
1: Paket 'tidyverse' wurde unter R Version 3.6.3 erstellt 
2: Paket 'ggplot2' wurde unter R Version 3.6.3 erstellt 
3: Paket 'tibble' wurde unter R Version 3.6.3 erstellt 
4: Paket 'tidyr' wurde unter R Version 3.6.3 erstellt 
5: Paket 'readr' wurde unter R Version 3.6.3 erstellt 
6: Paket 'purrr' wurde unter R Version 3.6.3 erstellt 
7: Paket 'dplyr' wurde unter R Version 3.6.3 erstellt 
8: Paket 'stringr' wurde unter R Version 3.6.3 erstellt 
9: Paket 'forcats' wurde unter R Version 3.6.3 erstellt 
Warnmeldung:
Paket 'googlesheets4' wurde unter R Version 3.6.3 erstellt 

Attache Paket: 'lubridate'

The following objects are masked from 'package:dplyr':

    intersect, setdiff, union

The following objects are masked from 'package:base':

    date, intersect, setdiff, union

Warnmeldung:
Paket 'lubridate' wurde unter R Version 3.6.3 erstellt 
Warnmeldung:
Paket 'aweek' wurde unter R Version 3.6.3 erstellt 

Attache Paket: 'googledrive'

The following objects are masked from 'package:googlesheets4':

    request_generate, request_make

Warnmeldung:
Paket 'googledrive' wurde unter R Version 3.6.3 erstellt 
Parsed with column specification:
cols(
  Date_file = col_datetime(format = ""),
  Date_statistics = col_date(format = ""),
  Date_statistics_type = col_character(),
  Agegroup = col_character(),
  Sex = col_character(),
  Province = col_character(),
  Hospital_admission = col_character(),
  Deceased = col_character(),
  Week_of_death = col_double(),
  Municipal_health_service = col_character()
)
Writing to "Netherlands COVID input template"
Writing to sheet "database"
Created Drive file:
  * NL08.07.2020cases&deaths: 1RUrjd0mYoiy58d49KacBjJNY5-vLj_PMZMxd5lAEmVI
with MIME type:
  * application/vnd.google-apps.spreadsheet
Writing to "NL08.07.2020cases&deaths"
Writing to sheet "cases&deaths_sex_age"
Auto-refreshing stale OAuth token.
Deleting these sheet(s) from "NL08.07.2020cases&deaths":
* Sheet1
-- Attaching packages --------------------------------------- tidyverse 1.3.0 --
v ggplot2 3.3.0     v purrr   0.3.4
v tibble  3.0.1     v dplyr   0.8.5
v tidyr   1.1.0     v stringr 1.4.0
v readr   1.3.1     v forcats 0.5.0
-- Conflicts ------------------------------------------ tidyverse_conflicts() --
x dplyr::filter() masks stats::filter()
x dplyr::lag()    masks stats::lag()
Warnmeldungen:
1: Paket 'tidyverse' wurde unter R Version 3.6.3 erstellt 
2: Paket 'ggplot2' wurde unter R Version 3.6.3 erstellt 
3: Paket 'tibble' wurde unter R Version 3.6.3 erstellt 
4: Paket 'tidyr' wurde unter R Version 3.6.3 erstellt 
5: Paket 'readr' wurde unter R Version 3.6.3 erstellt 
6: Paket 'purrr' wurde unter R Version 3.6.3 erstellt 
7: Paket 'dplyr' wurde unter R Version 3.6.3 erstellt 
8: Paket 'stringr' wurde unter R Version 3.6.3 erstellt 
9: Paket 'forcats' wurde unter R Version 3.6.3 erstellt 
Warnmeldung:
Paket 'googlesheets4' wurde unter R Version 3.6.3 erstellt 

Attache Paket: 'lubridate'

The following objects are masked from 'package:dplyr':

    intersect, setdiff, union

The following objects are masked from 'package:base':

    date, intersect, setdiff, union

Warnmeldung:
Paket 'lubridate' wurde unter R Version 3.6.3 erstellt 
Warnmeldung:
Paket 'aweek' wurde unter R Version 3.6.3 erstellt 

Attache Paket: 'googledrive'

The following objects are masked from 'package:googlesheets4':

    request_generate, request_make

Warnmeldung:
Paket 'googledrive' wurde unter R Version 3.6.3 erstellt 
Fehler in open.connection(con, "rb") : 
  Timeout was reached: [data.rivm.nl] Resolving timed out after 10000 milliseconds
Ruft auf: read_delim ... datasource_connection -> read_connection -> open -> open.connection
Ausführung angehalten
-- Attaching packages --------------------------------------- tidyverse 1.3.0 --
v ggplot2 3.3.0     v purrr   0.3.4
v tibble  3.0.1     v dplyr   0.8.5
v tidyr   1.1.0     v stringr 1.4.0
v readr   1.3.1     v forcats 0.5.0
-- Conflicts ------------------------------------------ tidyverse_conflicts() --
x dplyr::filter() masks stats::filter()
x dplyr::lag()    masks stats::lag()
Warnmeldungen:
1: Paket 'tidyverse' wurde unter R Version 3.6.3 erstellt 
2: Paket 'ggplot2' wurde unter R Version 3.6.3 erstellt 
3: Paket 'tibble' wurde unter R Version 3.6.3 erstellt 
4: Paket 'tidyr' wurde unter R Version 3.6.3 erstellt 
5: Paket 'readr' wurde unter R Version 3.6.3 erstellt 
6: Paket 'purrr' wurde unter R Version 3.6.3 erstellt 
7: Paket 'dplyr' wurde unter R Version 3.6.3 erstellt 
8: Paket 'stringr' wurde unter R Version 3.6.3 erstellt 
9: Paket 'forcats' wurde unter R Version 3.6.3 erstellt 
Warnmeldung:
Paket 'googlesheets4' wurde unter R Version 3.6.3 erstellt 

Attache Paket: 'lubridate'

The following objects are masked from 'package:dplyr':

    intersect, setdiff, union

The following objects are masked from 'package:base':

    date, intersect, setdiff, union

Warnmeldung:
Paket 'lubridate' wurde unter R Version 3.6.3 erstellt 
Warnmeldung:
Paket 'aweek' wurde unter R Version 3.6.3 erstellt 

Attache Paket: 'googledrive'

The following objects are masked from 'package:googlesheets4':

    request_generate, request_make

Warnmeldung:
Paket 'googledrive' wurde unter R Version 3.6.3 erstellt 
Parsed with column specification:
cols(
  Date_file = col_datetime(format = ""),
  Date_statistics = col_date(format = ""),
  Date_statistics_type = col_character(),
  Agegroup = col_character(),
  Sex = col_character(),
  Province = col_character(),
  Hospital_admission = col_character(),
  Deceased = col_character(),
  Week_of_death = col_double(),
  Municipal_health_service = col_character()
)
Writing to "Netherlands COVID input template"
Writing to sheet "database"
Created Drive file:
  * NL10.07.2020cases&deaths: 1d_ldkUFjJiX0dO2EDowjhFrM6Fty6qFNmO8pLz84iVA
with MIME type:
  * application/vnd.google-apps.spreadsheet
Writing to "NL10.07.2020cases&deaths"
Writing to sheet "cases&deaths_sex_age"
Auto-refreshing stale OAuth token.
Deleting these sheet(s) from "NL10.07.2020cases&deaths":
* Sheet1
-- Attaching packages --------------------------------------- tidyverse 1.3.0 --
v ggplot2 3.3.0     v purrr   0.3.4
v tibble  3.0.1     v dplyr   0.8.5
v tidyr   1.1.0     v stringr 1.4.0
v readr   1.3.1     v forcats 0.5.0
-- Conflicts ------------------------------------------ tidyverse_conflicts() --
x dplyr::filter() masks stats::filter()
x dplyr::lag()    masks stats::lag()
Warnmeldungen:
1: Paket 'tidyverse' wurde unter R Version 3.6.3 erstellt 
2: Paket 'ggplot2' wurde unter R Version 3.6.3 erstellt 
3: Paket 'tibble' wurde unter R Version 3.6.3 erstellt 
4: Paket 'tidyr' wurde unter R Version 3.6.3 erstellt 
5: Paket 'readr' wurde unter R Version 3.6.3 erstellt 
6: Paket 'purrr' wurde unter R Version 3.6.3 erstellt 
7: Paket 'dplyr' wurde unter R Version 3.6.3 erstellt 
8: Paket 'stringr' wurde unter R Version 3.6.3 erstellt 
9: Paket 'forcats' wurde unter R Version 3.6.3 erstellt 
Warnmeldung:
Paket 'googlesheets4' wurde unter R Version 3.6.3 erstellt 

Attache Paket: 'lubridate'

The following objects are masked from 'package:dplyr':

    intersect, setdiff, union

The following objects are masked from 'package:base':

    date, intersect, setdiff, union

Warnmeldung:
Paket 'lubridate' wurde unter R Version 3.6.3 erstellt 
Warnmeldung:
Paket 'aweek' wurde unter R Version 3.6.3 erstellt 

Attache Paket: 'googledrive'

The following objects are masked from 'package:googlesheets4':

    request_generate, request_make

Warnmeldung:
Paket 'googledrive' wurde unter R Version 3.6.3 erstellt 
Parsed with column specification:
cols(
  Date_file = col_datetime(format = ""),
  Date_statistics = col_date(format = ""),
  Date_statistics_type = col_character(),
  Agegroup = col_character(),
  Sex = col_character(),
  Province = col_character(),
  Hospital_admission = col_character(),
  Deceased = col_character(),
  Week_of_death = col_double(),
  Municipal_health_service = col_character()
)
Writing to "Netherlands COVID input template"
Writing to sheet "database"
Created Drive file:
  * NL11.07.2020cases&deaths: 1cXzNJ3XEqRFs9vBBLARIx-NRMZScyAyP1Ly5a-pr5Qc
with MIME type:
  * application/vnd.google-apps.spreadsheet
Writing to "NL11.07.2020cases&deaths"
Writing to sheet "cases&deaths_sex_age"
Auto-refreshing stale OAuth token.
Deleting these sheet(s) from "NL11.07.2020cases&deaths":
* Sheet1
-- Attaching packages --------------------------------------- tidyverse 1.3.0 --
v ggplot2 3.3.0     v purrr   0.3.4
v tibble  3.0.1     v dplyr   0.8.5
v tidyr   1.1.0     v stringr 1.4.0
v readr   1.3.1     v forcats 0.5.0
-- Conflicts ------------------------------------------ tidyverse_conflicts() --
x dplyr::filter() masks stats::filter()
x dplyr::lag()    masks stats::lag()
Warnmeldungen:
1: Paket 'tidyverse' wurde unter R Version 3.6.3 erstellt 
2: Paket 'ggplot2' wurde unter R Version 3.6.3 erstellt 
3: Paket 'tibble' wurde unter R Version 3.6.3 erstellt 
4: Paket 'tidyr' wurde unter R Version 3.6.3 erstellt 
5: Paket 'readr' wurde unter R Version 3.6.3 erstellt 
6: Paket 'purrr' wurde unter R Version 3.6.3 erstellt 
7: Paket 'dplyr' wurde unter R Version 3.6.3 erstellt 
8: Paket 'stringr' wurde unter R Version 3.6.3 erstellt 
9: Paket 'forcats' wurde unter R Version 3.6.3 erstellt 
Warnmeldung:
Paket 'googlesheets4' wurde unter R Version 3.6.3 erstellt 

Attache Paket: 'lubridate'

The following objects are masked from 'package:dplyr':

    intersect, setdiff, union

The following objects are masked from 'package:base':

    date, intersect, setdiff, union

Warnmeldung:
Paket 'lubridate' wurde unter R Version 3.6.3 erstellt 
Warnmeldung:
Paket 'aweek' wurde unter R Version 3.6.3 erstellt 

Attache Paket: 'googledrive'

The following objects are masked from 'package:googlesheets4':

    request_generate, request_make

Warnmeldung:
Paket 'googledrive' wurde unter R Version 3.6.3 erstellt 
Parsed with column specification:
cols(
  Date_file = col_datetime(format = ""),
  Date_statistics = col_date(format = ""),
  Date_statistics_type = col_character(),
  Agegroup = col_character(),
  Sex = col_character(),
  Province = col_character(),
  Hospital_admission = col_character(),
  Deceased = col_character(),
  Week_of_death = col_double(),
  Municipal_health_service = col_character()
)
Writing to "Netherlands COVID input template"
Writing to sheet "database"
Created Drive file:
  * NL12.07.2020cases&deaths: 17YDxOoEJrDxpN2uRxUtGrznQe9RaJVrD8YCoI1jBIiM
with MIME type:
  * application/vnd.google-apps.spreadsheet
Writing to "NL12.07.2020cases&deaths"
Writing to sheet "cases&deaths_sex_age"
Auto-refreshing stale OAuth token.
Deleting these sheet(s) from "NL12.07.2020cases&deaths":
* Sheet1
-- Attaching packages --------------------------------------- tidyverse 1.3.0 --
v ggplot2 3.3.0     v purrr   0.3.4
v tibble  3.0.1     v dplyr   0.8.5
v tidyr   1.1.0     v stringr 1.4.0
v readr   1.3.1     v forcats 0.5.0
-- Conflicts ------------------------------------------ tidyverse_conflicts() --
x dplyr::filter() masks stats::filter()
x dplyr::lag()    masks stats::lag()
Warnmeldungen:
1: Paket 'tidyverse' wurde unter R Version 3.6.3 erstellt 
2: Paket 'ggplot2' wurde unter R Version 3.6.3 erstellt 
3: Paket 'tibble' wurde unter R Version 3.6.3 erstellt 
4: Paket 'tidyr' wurde unter R Version 3.6.3 erstellt 
5: Paket 'readr' wurde unter R Version 3.6.3 erstellt 
6: Paket 'purrr' wurde unter R Version 3.6.3 erstellt 
7: Paket 'dplyr' wurde unter R Version 3.6.3 erstellt 
8: Paket 'stringr' wurde unter R Version 3.6.3 erstellt 
9: Paket 'forcats' wurde unter R Version 3.6.3 erstellt 
Warnmeldung:
Paket 'googlesheets4' wurde unter R Version 3.6.3 erstellt 

Attache Paket: 'lubridate'

The following objects are masked from 'package:dplyr':

    intersect, setdiff, union

The following objects are masked from 'package:base':

    date, intersect, setdiff, union

Warnmeldung:
Paket 'lubridate' wurde unter R Version 3.6.3 erstellt 
Warnmeldung:
Paket 'aweek' wurde unter R Version 3.6.3 erstellt 

Attache Paket: 'googledrive'

The following objects are masked from 'package:googlesheets4':

    request_generate, request_make

Warnmeldung:
Paket 'googledrive' wurde unter R Version 3.6.3 erstellt 
Parsed with column specification:
cols(
  Date_file = col_datetime(format = ""),
  Date_statistics = col_date(format = ""),
  Date_statistics_type = col_character(),
  Agegroup = col_character(),
  Sex = col_character(),
  Province = col_character(),
  Hospital_admission = col_character(),
  Deceased = col_character(),
  Week_of_death = col_double(),
  Municipal_health_service = col_character()
)
Writing to "Netherlands COVID input template"
Writing to sheet "database"
Created Drive file:
  * NL13.07.2020cases&deaths: 151cTgSZwe1nrCa7kcF-ByJT2Yw5qNH1bO3IYrSzYfhA
with MIME type:
  * application/vnd.google-apps.spreadsheet
Writing to "NL13.07.2020cases&deaths"
Writing to sheet "cases&deaths_sex_age"
Auto-refreshing stale OAuth token.
Deleting these sheet(s) from "NL13.07.2020cases&deaths":
* Sheet1
-- Attaching packages --------------------------------------- tidyverse 1.3.0 --
v ggplot2 3.3.0     v purrr   0.3.4
v tibble  3.0.1     v dplyr   0.8.5
v tidyr   1.1.0     v stringr 1.4.0
v readr   1.3.1     v forcats 0.5.0
-- Conflicts ------------------------------------------ tidyverse_conflicts() --
x dplyr::filter() masks stats::filter()
x dplyr::lag()    masks stats::lag()
Warnmeldungen:
1: Paket 'tidyverse' wurde unter R Version 3.6.3 erstellt 
2: Paket 'ggplot2' wurde unter R Version 3.6.3 erstellt 
3: Paket 'tibble' wurde unter R Version 3.6.3 erstellt 
4: Paket 'tidyr' wurde unter R Version 3.6.3 erstellt 
5: Paket 'readr' wurde unter R Version 3.6.3 erstellt 
6: Paket 'purrr' wurde unter R Version 3.6.3 erstellt 
7: Paket 'dplyr' wurde unter R Version 3.6.3 erstellt 
8: Paket 'stringr' wurde unter R Version 3.6.3 erstellt 
9: Paket 'forcats' wurde unter R Version 3.6.3 erstellt 
Warnmeldung:
Paket 'googlesheets4' wurde unter R Version 3.6.3 erstellt 

Attache Paket: 'lubridate'

The following objects are masked from 'package:dplyr':

    intersect, setdiff, union

The following objects are masked from 'package:base':

    date, intersect, setdiff, union

Warnmeldung:
Paket 'lubridate' wurde unter R Version 3.6.3 erstellt 
Warnmeldung:
Paket 'aweek' wurde unter R Version 3.6.3 erstellt 

Attache Paket: 'googledrive'

The following objects are masked from 'package:googlesheets4':

    request_generate, request_make

Warnmeldung:
Paket 'googledrive' wurde unter R Version 3.6.3 erstellt 
Parsed with column specification:
cols(
  Date_file = col_datetime(format = ""),
  Date_statistics = col_date(format = ""),
  Date_statistics_type = col_character(),
  Agegroup = col_character(),
  Sex = col_character(),
  Province = col_character(),
  Hospital_admission = col_character(),
  Deceased = col_character(),
  Week_of_death = col_double(),
  Municipal_health_service = col_character()
)
Writing to "Netherlands COVID input template"
Writing to sheet "database"
Created Drive file:
  * NL14.07.2020cases&deaths: 19xF9fukKF1IDKucHZ7LGeQeW7ZVLlHYstzZGddjcbfY
with MIME type:
  * application/vnd.google-apps.spreadsheet
Auto-refreshing stale OAuth token.
Writing to "NL14.07.2020cases&deaths"
Writing to sheet "cases&deaths_sex_age"
Deleting these sheet(s) from "NL14.07.2020cases&deaths":
* Sheet1
-- Attaching packages --------------------------------------- tidyverse 1.3.0 --
v ggplot2 3.3.0     v purrr   0.3.4
v tibble  3.0.1     v dplyr   0.8.5
v tidyr   1.1.0     v stringr 1.4.0
v readr   1.3.1     v forcats 0.5.0
-- Conflicts ------------------------------------------ tidyverse_conflicts() --
x dplyr::filter() masks stats::filter()
x dplyr::lag()    masks stats::lag()
Warnmeldungen:
1: Paket 'tidyverse' wurde unter R Version 3.6.3 erstellt 
2: Paket 'ggplot2' wurde unter R Version 3.6.3 erstellt 
3: Paket 'tibble' wurde unter R Version 3.6.3 erstellt 
4: Paket 'tidyr' wurde unter R Version 3.6.3 erstellt 
5: Paket 'readr' wurde unter R Version 3.6.3 erstellt 
6: Paket 'purrr' wurde unter R Version 3.6.3 erstellt 
7: Paket 'dplyr' wurde unter R Version 3.6.3 erstellt 
8: Paket 'stringr' wurde unter R Version 3.6.3 erstellt 
9: Paket 'forcats' wurde unter R Version 3.6.3 erstellt 
Warnmeldung:
Paket 'googlesheets4' wurde unter R Version 3.6.3 erstellt 

Attache Paket: 'lubridate'

The following objects are masked from 'package:dplyr':

    intersect, setdiff, union

The following objects are masked from 'package:base':

    date, intersect, setdiff, union

Warnmeldung:
Paket 'lubridate' wurde unter R Version 3.6.3 erstellt 
Warnmeldung:
Paket 'aweek' wurde unter R Version 3.6.3 erstellt 

Attache Paket: 'googledrive'

The following objects are masked from 'package:googlesheets4':

    request_generate, request_make

Warnmeldung:
Paket 'googledrive' wurde unter R Version 3.6.3 erstellt 
Parsed with column specification:
cols(
  Date_file = col_datetime(format = ""),
  Date_statistics = col_date(format = ""),
  Date_statistics_type = col_character(),
  Agegroup = col_character(),
  Sex = col_character(),
  Province = col_character(),
  Hospital_admission = col_character(),
  Deceased = col_character(),
  Week_of_death = col_double(),
  Municipal_health_service = col_character()
)
Writing to "Netherlands COVID input template"
Writing to sheet "database"
Created Drive file:
  * NL15.07.2020cases&deaths: 1faMc7h25bHzRMcgxHtaI6NMbI_SMycgtAemPut70Z0M
with MIME type:
  * application/vnd.google-apps.spreadsheet
Writing to "NL15.07.2020cases&deaths"
Writing to sheet "cases&deaths_sex_age"
Auto-refreshing stale OAuth token.
Deleting these sheet(s) from "NL15.07.2020cases&deaths":
* Sheet1
Fehler: Server error: (503) UNAVAILABLE
  * Service unavailable. Typically the server is down.
  * The service is currently unavailable.
Backtrace:
    x
 1. \-googlesheets4::sheet_delete(meta$id, "Sheet1")
 2.   \-gargle::response_process(resp_raw)
 3.     \-gargle:::stop_request_failed(error_message(resp), resp)
Ausführung angehalten
-- Attaching packages --------------------------------------- tidyverse 1.3.0 --
v ggplot2 3.3.0     v purrr   0.3.4
v tibble  3.0.3     v dplyr   1.0.0
v tidyr   1.1.0     v stringr 1.4.0
v readr   1.3.1     v forcats 0.5.0
-- Conflicts ------------------------------------------ tidyverse_conflicts() --
x dplyr::filter() masks stats::filter()
x dplyr::lag()    masks stats::lag()
Warnmeldungen:
1: Paket 'tidyverse' wurde unter R Version 3.6.3 erstellt 
2: Paket 'ggplot2' wurde unter R Version 3.6.3 erstellt 
3: Paket 'tibble' wurde unter R Version 3.6.3 erstellt 
4: Paket 'tidyr' wurde unter R Version 3.6.3 erstellt 
5: Paket 'readr' wurde unter R Version 3.6.3 erstellt 
6: Paket 'purrr' wurde unter R Version 3.6.3 erstellt 
7: Paket 'dplyr' wurde unter R Version 3.6.3 erstellt 
8: Paket 'stringr' wurde unter R Version 3.6.3 erstellt 
9: Paket 'forcats' wurde unter R Version 3.6.3 erstellt 
Warnmeldung:
Paket 'googlesheets4' wurde unter R Version 3.6.3 erstellt 

Attache Paket: 'lubridate'

The following objects are masked from 'package:base':

    date, intersect, setdiff, union

Warnmeldung:
Paket 'lubridate' wurde unter R Version 3.6.3 erstellt 
Warnmeldung:
Paket 'aweek' wurde unter R Version 3.6.3 erstellt 

Attache Paket: 'googledrive'

The following objects are masked from 'package:googlesheets4':

    request_generate, request_make

Warnmeldung:
Paket 'googledrive' wurde unter R Version 3.6.3 erstellt 
Parsed with column specification:
cols(
  Date_file = col_datetime(format = ""),
  Date_statistics = col_date(format = ""),
  Date_statistics_type = col_character(),
  Agegroup = col_character(),
  Sex = col_character(),
  Province = col_character(),
  Hospital_admission = col_character(),
  Deceased = col_character(),
  Week_of_death = col_double(),
  Municipal_health_service = col_character()
)
`summarise()` regrouping output by 'Date_statistics', 'Sex' (override with `.groups` argument)
`summarise()` regrouping output by 'date', 'Sex' (override with `.groups` argument)
Writing to "Netherlands COVID input template"
Writing to sheet "database"
Created Drive file:
  * NL16.07.2020cases&deaths: 1weayA37tfNncfcWm_g-zKHktJpQx6b7oGwMOS2ru9AU
with MIME type:
  * application/vnd.google-apps.spreadsheet
Writing to "NL16.07.2020cases&deaths"
Writing to sheet "cases&deaths_sex_age"
Deleting these sheet(s) from "NL16.07.2020cases&deaths":
* Sheet1
-- Attaching packages --------------------------------------- tidyverse 1.3.0 --
v ggplot2 3.3.0     v purrr   0.3.4
v tibble  3.0.3     v dplyr   1.0.0
v tidyr   1.1.0     v stringr 1.4.0
v readr   1.3.1     v forcats 0.5.0
-- Conflicts ------------------------------------------ tidyverse_conflicts() --
x dplyr::filter() masks stats::filter()
x dplyr::lag()    masks stats::lag()
Warnmeldungen:
1: Paket 'tidyverse' wurde unter R Version 3.6.3 erstellt 
2: Paket 'ggplot2' wurde unter R Version 3.6.3 erstellt 
3: Paket 'tibble' wurde unter R Version 3.6.3 erstellt 
4: Paket 'tidyr' wurde unter R Version 3.6.3 erstellt 
5: Paket 'readr' wurde unter R Version 3.6.3 erstellt 
6: Paket 'purrr' wurde unter R Version 3.6.3 erstellt 
7: Paket 'dplyr' wurde unter R Version 3.6.3 erstellt 
8: Paket 'stringr' wurde unter R Version 3.6.3 erstellt 
9: Paket 'forcats' wurde unter R Version 3.6.3 erstellt 
Warnmeldung:
Paket 'googlesheets4' wurde unter R Version 3.6.3 erstellt 

Attache Paket: 'lubridate'

The following objects are masked from 'package:base':

    date, intersect, setdiff, union

Warnmeldung:
Paket 'lubridate' wurde unter R Version 3.6.3 erstellt 
Warnmeldung:
Paket 'aweek' wurde unter R Version 3.6.3 erstellt 

Attache Paket: 'googledrive'

The following objects are masked from 'package:googlesheets4':

    request_generate, request_make

Warnmeldung:
Paket 'googledrive' wurde unter R Version 3.6.3 erstellt 
Parsed with column specification:
cols(
  Date_file = col_datetime(format = ""),
  Date_statistics = col_date(format = ""),
  Date_statistics_type = col_character(),
  Agegroup = col_character(),
  Sex = col_character(),
  Province = col_character(),
  Hospital_admission = col_character(),
  Deceased = col_character(),
  Week_of_death = col_double(),
  Municipal_health_service = col_character()
)
`summarise()` regrouping output by 'Date_statistics', 'Sex' (override with `.groups` argument)
`summarise()` regrouping output by 'date', 'Sex' (override with `.groups` argument)
Writing to "Netherlands COVID input template"
Writing to sheet "database"
Created Drive file:
  * NL21.07.2020cases&deaths: 1Lb5xZYeoRAsWN94mpqTBKLYeqqOfGJKLuVbkuGP8EY0
with MIME type:
  * application/vnd.google-apps.spreadsheet
Writing to "NL21.07.2020cases&deaths"
Writing to sheet "cases&deaths_sex_age"
Deleting these sheet(s) from "NL21.07.2020cases&deaths":
* Sheet1
-- Attaching packages --------------------------------------- tidyverse 1.3.0 --
v ggplot2 3.3.0     v purrr   0.3.4
v tibble  3.0.3     v dplyr   1.0.0
v tidyr   1.1.0     v stringr 1.4.0
v readr   1.3.1     v forcats 0.5.0
-- Conflicts ------------------------------------------ tidyverse_conflicts() --
x dplyr::filter() masks stats::filter()
x dplyr::lag()    masks stats::lag()
Warnmeldungen:
1: Paket 'tidyverse' wurde unter R Version 3.6.3 erstellt 
2: Paket 'ggplot2' wurde unter R Version 3.6.3 erstellt 
3: Paket 'tibble' wurde unter R Version 3.6.3 erstellt 
4: Paket 'tidyr' wurde unter R Version 3.6.3 erstellt 
5: Paket 'readr' wurde unter R Version 3.6.3 erstellt 
6: Paket 'purrr' wurde unter R Version 3.6.3 erstellt 
7: Paket 'dplyr' wurde unter R Version 3.6.3 erstellt 
8: Paket 'stringr' wurde unter R Version 3.6.3 erstellt 
9: Paket 'forcats' wurde unter R Version 3.6.3 erstellt 
Warnmeldung:
Paket 'googlesheets4' wurde unter R Version 3.6.3 erstellt 

Attache Paket: 'lubridate'

The following objects are masked from 'package:base':

    date, intersect, setdiff, union

Warnmeldung:
Paket 'lubridate' wurde unter R Version 3.6.3 erstellt 
Warnmeldung:
Paket 'aweek' wurde unter R Version 3.6.3 erstellt 

Attache Paket: 'googledrive'

The following objects are masked from 'package:googlesheets4':

    request_generate, request_make

Warnmeldung:
Paket 'googledrive' wurde unter R Version 3.6.3 erstellt 
Parsed with column specification:
cols(
  Date_file = col_datetime(format = ""),
  Date_statistics = col_date(format = ""),
  Date_statistics_type = col_character(),
  Agegroup = col_character(),
  Sex = col_character(),
  Province = col_character(),
  Hospital_admission = col_character(),
  Deceased = col_character(),
  Week_of_death = col_double(),
  Municipal_health_service = col_character()
)
`summarise()` regrouping output by 'Date_statistics', 'Sex' (override with `.groups` argument)
`summarise()` regrouping output by 'date', 'Sex' (override with `.groups` argument)
Writing to "Netherlands COVID input template"
Writing to sheet "database"
Created Drive file:
  * NL22.07.2020cases&deaths: 1y13o4Bj-OApvDbeyjPSOwAGjUofjqR1p7XTDG4xpZY4
with MIME type:
  * application/vnd.google-apps.spreadsheet
Writing to "NL22.07.2020cases&deaths"
Writing to sheet "cases&deaths_sex_age"
Auto-refreshing stale OAuth token.
Deleting these sheet(s) from "NL22.07.2020cases&deaths":
* Sheet1
-- Attaching packages --------------------------------------- tidyverse 1.3.0 --
v ggplot2 3.3.0     v purrr   0.3.4
v tibble  3.0.3     v dplyr   1.0.0
v tidyr   1.1.0     v stringr 1.4.0
v readr   1.3.1     v forcats 0.5.0
-- Conflicts ------------------------------------------ tidyverse_conflicts() --
x dplyr::filter() masks stats::filter()
x dplyr::lag()    masks stats::lag()
Warnmeldungen:
1: Paket 'tidyverse' wurde unter R Version 3.6.3 erstellt 
2: Paket 'ggplot2' wurde unter R Version 3.6.3 erstellt 
3: Paket 'tibble' wurde unter R Version 3.6.3 erstellt 
4: Paket 'tidyr' wurde unter R Version 3.6.3 erstellt 
5: Paket 'readr' wurde unter R Version 3.6.3 erstellt 
6: Paket 'purrr' wurde unter R Version 3.6.3 erstellt 
7: Paket 'dplyr' wurde unter R Version 3.6.3 erstellt 
8: Paket 'stringr' wurde unter R Version 3.6.3 erstellt 
9: Paket 'forcats' wurde unter R Version 3.6.3 erstellt 
Warnmeldung:
Paket 'googlesheets4' wurde unter R Version 3.6.3 erstellt 

Attache Paket: 'lubridate'

The following objects are masked from 'package:base':

    date, intersect, setdiff, union

Warnmeldung:
Paket 'lubridate' wurde unter R Version 3.6.3 erstellt 
Warnmeldung:
Paket 'aweek' wurde unter R Version 3.6.3 erstellt 

Attache Paket: 'googledrive'

The following objects are masked from 'package:googlesheets4':

    request_generate, request_make

Warnmeldung:
Paket 'googledrive' wurde unter R Version 3.6.3 erstellt 
Parsed with column specification:
cols(
  Date_file = col_datetime(format = ""),
  Date_statistics = col_date(format = ""),
  Date_statistics_type = col_character(),
  Agegroup = col_character(),
  Sex = col_character(),
  Province = col_character(),
  Hospital_admission = col_character(),
  Deceased = col_character(),
  Week_of_death = col_double(),
  Municipal_health_service = col_character()
)
`summarise()` regrouping output by 'Date_statistics', 'Sex' (override with `.groups` argument)
`summarise()` regrouping output by 'date', 'Sex' (override with `.groups` argument)
Auto-refreshing stale OAuth token.
Writing to "Netherlands COVID input template"
Writing to sheet "database"
Created Drive file:
  * NL28.07.2020cases&deaths: 15IqPH3_6H4BaYh_kSPWnRM2kq4l7bPt64HElpXY3350
with MIME type:
  * application/vnd.google-apps.spreadsheet
Writing to "NL28.07.2020cases&deaths"
Writing to sheet "cases&deaths_sex_age"
Deleting these sheet(s) from "NL28.07.2020cases&deaths":
* Sheet1
-- Attaching packages --------------------------------------- tidyverse 1.3.0 --
v ggplot2 3.3.0     v purrr   0.3.4
v tibble  3.0.3     v dplyr   1.0.0
v tidyr   1.1.0     v stringr 1.4.0
v readr   1.3.1     v forcats 0.5.0
-- Conflicts ------------------------------------------ tidyverse_conflicts() --
x dplyr::filter() masks stats::filter()
x dplyr::lag()    masks stats::lag()
Warnmeldungen:
1: Paket 'tidyverse' wurde unter R Version 3.6.3 erstellt 
2: Paket 'ggplot2' wurde unter R Version 3.6.3 erstellt 
3: Paket 'tibble' wurde unter R Version 3.6.3 erstellt 
4: Paket 'tidyr' wurde unter R Version 3.6.3 erstellt 
5: Paket 'readr' wurde unter R Version 3.6.3 erstellt 
6: Paket 'purrr' wurde unter R Version 3.6.3 erstellt 
7: Paket 'dplyr' wurde unter R Version 3.6.3 erstellt 
8: Paket 'stringr' wurde unter R Version 3.6.3 erstellt 
9: Paket 'forcats' wurde unter R Version 3.6.3 erstellt 
Warnmeldung:
Paket 'googlesheets4' wurde unter R Version 3.6.3 erstellt 

Attache Paket: 'lubridate'

The following objects are masked from 'package:base':

    date, intersect, setdiff, union

Warnmeldung:
Paket 'lubridate' wurde unter R Version 3.6.3 erstellt 
Warnmeldung:
Paket 'aweek' wurde unter R Version 3.6.3 erstellt 

Attache Paket: 'googledrive'

The following objects are masked from 'package:googlesheets4':

    request_generate, request_make

Warnmeldung:
Paket 'googledrive' wurde unter R Version 3.6.3 erstellt 
Parsed with column specification:
cols(
  Date_file = col_datetime(format = ""),
  Date_statistics = col_date(format = ""),
  Date_statistics_type = col_character(),
  Agegroup = col_character(),
  Sex = col_character(),
  Province = col_character(),
  Hospital_admission = col_character(),
  Deceased = col_character(),
  Week_of_death = col_double(),
  Municipal_health_service = col_character()
)
`summarise()` regrouping output by 'Date_statistics', 'Sex' (override with `.groups` argument)
`summarise()` regrouping output by 'date', 'Sex' (override with `.groups` argument)
Auto-refreshing stale OAuth token.
Writing to "Netherlands COVID input template"
Writing to sheet "database"
Auto-refreshing stale OAuth token.
Created Drive file:
  * NL29.07.2020cases&deaths: 126K-208K73miZFxXPtQKCoGqyHh_Qj-xzEzleKeXciU
with MIME type:
  * application/vnd.google-apps.spreadsheet
Fehler: Client error: (429) RESOURCE_EXHAUSTED
  * Either out of resource quota or reaching rate limiting. The client should look for google.rpc.QuotaFailure error detail for more information.
  * Quota exceeded for quota group 'ReadGroup' and limit 'Read requests per 100 seconds' of service 'sheets.googleapis.com' for consumer 'project_number:603366585132'.

Error details:
  * Error details of type 'google.rpc.Help' are not implemented yet.
  * Workaround: use `tryCatch()` and inspect error payload yourself.
  * Please open an issue at https://github.com/r-lib/gargle/issues, so we can fix.
Backtrace:
    x
 1. \-googlesheets4::write_sheet(NL, ss = meta$id, sheet = "cases&deaths_sex_age")
 2.   \-googlesheets4::gs4_get(ssid)
 3.     \-googlesheets4:::gs4_get_impl_(as_sheets_id(ss))
 4.       \-gargle::response_process(raw_resp)
 5.         \-gargle:::stop_request_failed(error_message(resp), resp)
Ausführung angehalten
