Fataler Fehler: kann Datei 'U:/nextcloud/Projects/COVID_19/COVerAge-DB/automated_COVerAge-DB/00_hydra/Slovenia.R' nicht öffnen: No such file or directory

-- Attaching packages --------------------------------------- tidyverse 1.3.0 --
v ggplot2 3.3.0     v purrr   0.3.4
v tibble  3.0.3     v dplyr   1.0.0
v tidyr   1.1.0     v stringr 1.4.0
v readr   1.3.1     v forcats 0.5.0
-- Conflicts ------------------------------------------ tidyverse_conflicts() --
x dplyr::filter() masks stats::filter()
x dplyr::lag()    masks stats::lag()
Warnmeldungen:
1: Paket 'tidyverse' wurde unter R Version 3.6.3 erstellt 
2: Paket 'ggplot2' wurde unter R Version 3.6.3 erstellt 
3: Paket 'tibble' wurde unter R Version 3.6.3 erstellt 
4: Paket 'tidyr' wurde unter R Version 3.6.3 erstellt 
5: Paket 'readr' wurde unter R Version 3.6.3 erstellt 
6: Paket 'purrr' wurde unter R Version 3.6.3 erstellt 
7: Paket 'dplyr' wurde unter R Version 3.6.3 erstellt 
8: Paket 'stringr' wurde unter R Version 3.6.3 erstellt 
9: Paket 'forcats' wurde unter R Version 3.6.3 erstellt 
Warnmeldung:
Paket 'readxl' wurde unter R Version 3.6.3 erstellt 
Warnmeldung:
Paket 'googlesheets4' wurde unter R Version 3.6.3 erstellt 

Attache Paket: 'googledrive'

The following objects are masked from 'package:googlesheets4':

    request_generate, request_make

Warnmeldung:
Paket 'googledrive' wurde unter R Version 3.6.3 erstellt 
Warnmeldung:
Paket 'rio' wurde unter R Version 3.6.3 erstellt 

Attache Paket: 'lubridate'

The following objects are masked from 'package:base':

    date, intersect, setdiff, union

Warnmeldung:
Paket 'lubridate' wurde unter R Version 3.6.3 erstellt 
Lade nötiges Paket: xml2

Attache Paket: 'rvest'

The following object is masked from 'package:purrr':

    pluck

The following object is masked from 'package:readr':

    guess_encoding

Warnmeldungen:
1: Paket 'rvest' wurde unter R Version 3.6.3 erstellt 
2: Paket 'xml2' wurde unter R Version 3.6.3 erstellt 
Warnmeldung:
Paket 'httr' wurde unter R Version 3.6.3 erstellt 
Auto-refreshing stale OAuth token.
Reading from "Slovenia input template"
Range "'database'"
Warnmeldung:
In mask$eval_all_mutate(dots[[i]]) : NAs durch Umwandlung erzeugt
New names:
* Skupaj -> Skupaj...54
* `` -> ...55
* `` -> ...56
* `` -> ...57
* Skupaj -> Skupaj...61
Note: Using an external vector in selections is ambiguous.
i Use `all_of(id_d)` instead of `id_d` to silence this message.
i See <https://tidyselect.r-lib.org/reference/faq-external-vector.html>.
This message is displayed once per session.
Writing to "Slovenia input template"
Appending 54 row(s) to "database"
Created Drive file:
  * SI27.07.2020_cases&deaths: 1ykA8IG0S3-eRrSxDy0EGB-yl0C0KsUE8nFnRh898C8Y
with MIME type:
  * application/vnd.google-apps.spreadsheet
Writing to "SI27.07.2020_cases&deaths"
Writing to sheet "cases_age"
Fehler in eval_tidy(data_quo) : Objekt 'db_cases_sex' nicht gefunden
Ruft auf: write_sheet -> eval_tidy
Zusätzlich: Warnmeldungen:
1: Expected 2 pieces. Missing pieces filled with `NA` in 6 rows [10, 11, 21, 22, 32, 33]. 
2: Expected 2 pieces. Missing pieces filled with `NA` in 9 rows [5, 6, 7, 12, 13, 14, 19, 20, 21]. 
Ausführung angehalten
-- Attaching packages --------------------------------------- tidyverse 1.3.0 --
v ggplot2 3.3.0     v purrr   0.3.4
v tibble  3.0.3     v dplyr   1.0.0
v tidyr   1.1.0     v stringr 1.4.0
v readr   1.3.1     v forcats 0.5.0
-- Conflicts ------------------------------------------ tidyverse_conflicts() --
x dplyr::filter() masks stats::filter()
x dplyr::lag()    masks stats::lag()
Warnmeldungen:
1: Paket 'tidyverse' wurde unter R Version 3.6.3 erstellt 
2: Paket 'ggplot2' wurde unter R Version 3.6.3 erstellt 
3: Paket 'tibble' wurde unter R Version 3.6.3 erstellt 
4: Paket 'tidyr' wurde unter R Version 3.6.3 erstellt 
5: Paket 'readr' wurde unter R Version 3.6.3 erstellt 
6: Paket 'purrr' wurde unter R Version 3.6.3 erstellt 
7: Paket 'dplyr' wurde unter R Version 3.6.3 erstellt 
8: Paket 'stringr' wurde unter R Version 3.6.3 erstellt 
9: Paket 'forcats' wurde unter R Version 3.6.3 erstellt 
Warnmeldung:
Paket 'readxl' wurde unter R Version 3.6.3 erstellt 
Warnmeldung:
Paket 'googlesheets4' wurde unter R Version 3.6.3 erstellt 

Attache Paket: 'googledrive'

The following objects are masked from 'package:googlesheets4':

    request_generate, request_make

Warnmeldung:
Paket 'googledrive' wurde unter R Version 3.6.3 erstellt 
Warnmeldung:
Paket 'rio' wurde unter R Version 3.6.3 erstellt 

Attache Paket: 'lubridate'

The following objects are masked from 'package:base':

    date, intersect, setdiff, union

Warnmeldung:
Paket 'lubridate' wurde unter R Version 3.6.3 erstellt 
Lade nötiges Paket: xml2

Attache Paket: 'rvest'

The following object is masked from 'package:purrr':

    pluck

The following object is masked from 'package:readr':

    guess_encoding

Warnmeldungen:
1: Paket 'rvest' wurde unter R Version 3.6.3 erstellt 
2: Paket 'xml2' wurde unter R Version 3.6.3 erstellt 
Warnmeldung:
Paket 'httr' wurde unter R Version 3.6.3 erstellt 
Auto-refreshing stale OAuth token.
Reading from "Slovenia input template"
Range "'database'"
Warnmeldung:
In mask$eval_all_mutate(dots[[i]]) : NAs durch Umwandlung erzeugt
New names:
* Skupaj -> Skupaj...54
* `` -> ...55
* `` -> ...56
* `` -> ...57
* Skupaj -> Skupaj...61
Note: Using an external vector in selections is ambiguous.
i Use `all_of(id_d)` instead of `id_d` to silence this message.
i See <https://tidyselect.r-lib.org/reference/faq-external-vector.html>.
This message is displayed once per session.
Writing to "Slovenia input template"
Appending 54 row(s) to "database"
Auto-refreshing stale OAuth token.
Created Drive file:
  * SI28.07.2020_cases&deaths: 10Y_5ScmdzSR2B9fRe--3JU9ZxN1IkhbSseKXT6WO-jg
with MIME type:
  * application/vnd.google-apps.spreadsheet
Writing to "SI28.07.2020_cases&deaths"
Writing to sheet "cases_age"
Fehler in eval_tidy(data_quo) : Objekt 'db_cases_sex' nicht gefunden
Ruft auf: write_sheet -> eval_tidy
Zusätzlich: Warnmeldungen:
1: Expected 2 pieces. Missing pieces filled with `NA` in 6 rows [10, 11, 21, 22, 32, 33]. 
2: Expected 2 pieces. Missing pieces filled with `NA` in 9 rows [5, 6, 7, 12, 13, 14, 19, 20, 21]. 
Ausführung angehalten
-- Attaching packages --------------------------------------- tidyverse 1.3.0 --
v ggplot2 3.3.0     v purrr   0.3.4
v tibble  3.0.3     v dplyr   1.0.0
v tidyr   1.1.0     v stringr 1.4.0
v readr   1.3.1     v forcats 0.5.0
-- Conflicts ------------------------------------------ tidyverse_conflicts() --
x dplyr::filter() masks stats::filter()
x dplyr::lag()    masks stats::lag()
Warnmeldungen:
1: Paket 'tidyverse' wurde unter R Version 3.6.3 erstellt 
2: Paket 'ggplot2' wurde unter R Version 3.6.3 erstellt 
3: Paket 'tibble' wurde unter R Version 3.6.3 erstellt 
4: Paket 'tidyr' wurde unter R Version 3.6.3 erstellt 
5: Paket 'readr' wurde unter R Version 3.6.3 erstellt 
6: Paket 'purrr' wurde unter R Version 3.6.3 erstellt 
7: Paket 'dplyr' wurde unter R Version 3.6.3 erstellt 
8: Paket 'stringr' wurde unter R Version 3.6.3 erstellt 
9: Paket 'forcats' wurde unter R Version 3.6.3 erstellt 
Warnmeldung:
Paket 'readxl' wurde unter R Version 3.6.3 erstellt 
Warnmeldung:
Paket 'googlesheets4' wurde unter R Version 3.6.3 erstellt 

Attache Paket: 'googledrive'

The following objects are masked from 'package:googlesheets4':

    request_generate, request_make

Warnmeldung:
Paket 'googledrive' wurde unter R Version 3.6.3 erstellt 
Warnmeldung:
Paket 'rio' wurde unter R Version 3.6.3 erstellt 

Attache Paket: 'lubridate'

The following objects are masked from 'package:base':

    date, intersect, setdiff, union

Warnmeldung:
Paket 'lubridate' wurde unter R Version 3.6.3 erstellt 
Lade nötiges Paket: xml2

Attache Paket: 'rvest'

The following object is masked from 'package:purrr':

    pluck

The following object is masked from 'package:readr':

    guess_encoding

Warnmeldungen:
1: Paket 'rvest' wurde unter R Version 3.6.3 erstellt 
2: Paket 'xml2' wurde unter R Version 3.6.3 erstellt 
Warnmeldung:
Paket 'httr' wurde unter R Version 3.6.3 erstellt 
Reading from "Slovenia input template"
Range "'database'"
Warnmeldung:
In mask$eval_all_mutate(dots[[i]]) : NAs durch Umwandlung erzeugt
no new updates so far, last date: 2020-07-29