-- Attaching packages --------------------------------------- tidyverse 1.3.0 --
v ggplot2 3.3.0     v purrr   0.3.4
v tibble  3.0.1     v dplyr   0.8.5
v tidyr   1.1.0     v stringr 1.4.0
v readr   1.3.1     v forcats 0.5.0
-- Conflicts ------------------------------------------ tidyverse_conflicts() --
x dplyr::filter() masks stats::filter()
x dplyr::lag()    masks stats::lag()
Warnmeldungen:
1: Paket 'tidyverse' wurde unter R Version 3.6.3 erstellt 
2: Paket 'ggplot2' wurde unter R Version 3.6.3 erstellt 
3: Paket 'tibble' wurde unter R Version 3.6.3 erstellt 
4: Paket 'tidyr' wurde unter R Version 3.6.3 erstellt 
5: Paket 'readr' wurde unter R Version 3.6.3 erstellt 
6: Paket 'purrr' wurde unter R Version 3.6.3 erstellt 
7: Paket 'dplyr' wurde unter R Version 3.6.3 erstellt 
8: Paket 'stringr' wurde unter R Version 3.6.3 erstellt 
9: Paket 'forcats' wurde unter R Version 3.6.3 erstellt 
Warnmeldung:
Paket 'readxl' wurde unter R Version 3.6.3 erstellt 
Warnmeldung:
Paket 'googlesheets4' wurde unter R Version 3.6.3 erstellt 

Attache Paket: 'googledrive'

The following objects are masked from 'package:googlesheets4':

    request_generate, request_make

Warnmeldung:
Paket 'googledrive' wurde unter R Version 3.6.3 erstellt 
Warnmeldung:
Paket 'rio' wurde unter R Version 3.6.3 erstellt 

Attache Paket: 'lubridate'

The following objects are masked from 'package:dplyr':

    intersect, setdiff, union

The following objects are masked from 'package:base':

    date, intersect, setdiff, union

Warnmeldung:
Paket 'lubridate' wurde unter R Version 3.6.3 erstellt 
Lade nötiges Paket: xml2

Attache Paket: 'rvest'

The following object is masked from 'package:purrr':

    pluck

The following object is masked from 'package:readr':

    guess_encoding

Warnmeldungen:
1: Paket 'rvest' wurde unter R Version 3.6.3 erstellt 
2: Paket 'xml2' wurde unter R Version 3.6.3 erstellt 
Reading from "Michigan input template"
Range "'database'"
[1] "02.07.2020"
no new updates so far, last date: 2020-07-02-- Attaching packages --------------------------------------- tidyverse 1.3.0 --
v ggplot2 3.3.0     v purrr   0.3.4
v tibble  3.0.1     v dplyr   0.8.5
v tidyr   1.1.0     v stringr 1.4.0
v readr   1.3.1     v forcats 0.5.0
-- Conflicts ------------------------------------------ tidyverse_conflicts() --
x dplyr::filter() masks stats::filter()
x dplyr::lag()    masks stats::lag()
Warnmeldungen:
1: Paket 'tidyverse' wurde unter R Version 3.6.3 erstellt 
2: Paket 'ggplot2' wurde unter R Version 3.6.3 erstellt 
3: Paket 'tibble' wurde unter R Version 3.6.3 erstellt 
4: Paket 'tidyr' wurde unter R Version 3.6.3 erstellt 
5: Paket 'readr' wurde unter R Version 3.6.3 erstellt 
6: Paket 'purrr' wurde unter R Version 3.6.3 erstellt 
7: Paket 'dplyr' wurde unter R Version 3.6.3 erstellt 
8: Paket 'stringr' wurde unter R Version 3.6.3 erstellt 
9: Paket 'forcats' wurde unter R Version 3.6.3 erstellt 
Warnmeldung:
Paket 'readxl' wurde unter R Version 3.6.3 erstellt 
Warnmeldung:
Paket 'googlesheets4' wurde unter R Version 3.6.3 erstellt 

Attache Paket: 'googledrive'

The following objects are masked from 'package:googlesheets4':

    request_generate, request_make

Warnmeldung:
Paket 'googledrive' wurde unter R Version 3.6.3 erstellt 
Warnmeldung:
Paket 'rio' wurde unter R Version 3.6.3 erstellt 

Attache Paket: 'lubridate'

The following objects are masked from 'package:dplyr':

    intersect, setdiff, union

The following objects are masked from 'package:base':

    date, intersect, setdiff, union

Warnmeldung:
Paket 'lubridate' wurde unter R Version 3.6.3 erstellt 
Lade nötiges Paket: xml2

Attache Paket: 'rvest'

The following object is masked from 'package:purrr':

    pluck

The following object is masked from 'package:readr':

    guess_encoding

Warnmeldungen:
1: Paket 'rvest' wurde unter R Version 3.6.3 erstellt 
2: Paket 'xml2' wurde unter R Version 3.6.3 erstellt 
Reading from "Michigan input template"
Range "'database'"
[1] "03.07.2020"
Writing to "Michigan input template"
Appending 55 row(s) to "database"
Created Drive file:
  * US_MI03.07.2020cases&deaths: 1tO-FRXF-sfoUAwFMMdl8qlD1JiG9mSe2jOKF6885ClQ
with MIME type:
  * application/vnd.google-apps.spreadsheet
Writing to "US_MI03.07.2020cases&deaths"
Writing to sheet "cases&deaths_age_sex"
Writing to "US_MI03.07.2020cases&deaths"
Writing to sheet "cases&deaths_county"
Writing to "US_MI03.07.2020cases&deaths"
Writing to sheet "tests_county"
Deleting these sheet(s) from "US_MI03.07.2020cases&deaths":
* Sheet1
-- Attaching packages --------------------------------------- tidyverse 1.3.0 --
v ggplot2 3.3.0     v purrr   0.3.4
v tibble  3.0.1     v dplyr   0.8.5
v tidyr   1.1.0     v stringr 1.4.0
v readr   1.3.1     v forcats 0.5.0
-- Conflicts ------------------------------------------ tidyverse_conflicts() --
x dplyr::filter() masks stats::filter()
x dplyr::lag()    masks stats::lag()
Warnmeldungen:
1: Paket 'tidyverse' wurde unter R Version 3.6.3 erstellt 
2: Paket 'ggplot2' wurde unter R Version 3.6.3 erstellt 
3: Paket 'tibble' wurde unter R Version 3.6.3 erstellt 
4: Paket 'tidyr' wurde unter R Version 3.6.3 erstellt 
5: Paket 'readr' wurde unter R Version 3.6.3 erstellt 
6: Paket 'purrr' wurde unter R Version 3.6.3 erstellt 
7: Paket 'dplyr' wurde unter R Version 3.6.3 erstellt 
8: Paket 'stringr' wurde unter R Version 3.6.3 erstellt 
9: Paket 'forcats' wurde unter R Version 3.6.3 erstellt 
Warnmeldung:
Paket 'readxl' wurde unter R Version 3.6.3 erstellt 
Warnmeldung:
Paket 'googlesheets4' wurde unter R Version 3.6.3 erstellt 

Attache Paket: 'googledrive'

The following objects are masked from 'package:googlesheets4':

    request_generate, request_make

Warnmeldung:
Paket 'googledrive' wurde unter R Version 3.6.3 erstellt 
Warnmeldung:
Paket 'rio' wurde unter R Version 3.6.3 erstellt 

Attache Paket: 'lubridate'

The following objects are masked from 'package:dplyr':

    intersect, setdiff, union

The following objects are masked from 'package:base':

    date, intersect, setdiff, union

Warnmeldung:
Paket 'lubridate' wurde unter R Version 3.6.3 erstellt 
Lade nötiges Paket: xml2

Attache Paket: 'rvest'

The following object is masked from 'package:purrr':

    pluck

The following object is masked from 'package:readr':

    guess_encoding

Warnmeldungen:
1: Paket 'rvest' wurde unter R Version 3.6.3 erstellt 
2: Paket 'xml2' wurde unter R Version 3.6.3 erstellt 
Reading from "Michigan input template"
Range "'database'"
[1] "04.07.2020"
Writing to "Michigan input template"
Appending 55 row(s) to "database"
Created Drive file:
  * US_MI04.07.2020cases&deaths: 1fhI-NGdZ4i0bfgFXk_oRnmhqEIPREExrH68hU93i2sY
with MIME type:
  * application/vnd.google-apps.spreadsheet
Writing to "US_MI04.07.2020cases&deaths"
Writing to sheet "cases&deaths_age_sex"
Writing to "US_MI04.07.2020cases&deaths"
Writing to sheet "cases&deaths_county"
Writing to "US_MI04.07.2020cases&deaths"
Writing to sheet "tests_county"
Deleting these sheet(s) from "US_MI04.07.2020cases&deaths":
* Sheet1
-- Attaching packages --------------------------------------- tidyverse 1.3.0 --
v ggplot2 3.3.0     v purrr   0.3.4
v tibble  3.0.1     v dplyr   0.8.5
v tidyr   1.1.0     v stringr 1.4.0
v readr   1.3.1     v forcats 0.5.0
-- Conflicts ------------------------------------------ tidyverse_conflicts() --
x dplyr::filter() masks stats::filter()
x dplyr::lag()    masks stats::lag()
Warnmeldungen:
1: Paket 'tidyverse' wurde unter R Version 3.6.3 erstellt 
2: Paket 'ggplot2' wurde unter R Version 3.6.3 erstellt 
3: Paket 'tibble' wurde unter R Version 3.6.3 erstellt 
4: Paket 'tidyr' wurde unter R Version 3.6.3 erstellt 
5: Paket 'readr' wurde unter R Version 3.6.3 erstellt 
6: Paket 'purrr' wurde unter R Version 3.6.3 erstellt 
7: Paket 'dplyr' wurde unter R Version 3.6.3 erstellt 
8: Paket 'stringr' wurde unter R Version 3.6.3 erstellt 
9: Paket 'forcats' wurde unter R Version 3.6.3 erstellt 
Warnmeldung:
Paket 'readxl' wurde unter R Version 3.6.3 erstellt 
Warnmeldung:
Paket 'googlesheets4' wurde unter R Version 3.6.3 erstellt 

Attache Paket: 'googledrive'

The following objects are masked from 'package:googlesheets4':

    request_generate, request_make

Warnmeldung:
Paket 'googledrive' wurde unter R Version 3.6.3 erstellt 
Warnmeldung:
Paket 'rio' wurde unter R Version 3.6.3 erstellt 

Attache Paket: 'lubridate'

The following objects are masked from 'package:dplyr':

    intersect, setdiff, union

The following objects are masked from 'package:base':

    date, intersect, setdiff, union

Warnmeldung:
Paket 'lubridate' wurde unter R Version 3.6.3 erstellt 
Lade nötiges Paket: xml2

Attache Paket: 'rvest'

The following object is masked from 'package:purrr':

    pluck

The following object is masked from 'package:readr':

    guess_encoding

Warnmeldungen:
1: Paket 'rvest' wurde unter R Version 3.6.3 erstellt 
2: Paket 'xml2' wurde unter R Version 3.6.3 erstellt 
Reading from "Michigan input template"
Range "'database'"
[1] "05.07.2020"
Writing to "Michigan input template"
Appending 55 row(s) to "database"
Created Drive file:
  * US_MI05.07.2020cases&deaths: 1pMnb8a8aS4HcRdrbLH50co0mgEnyGP2kjIx_PDqPbig
with MIME type:
  * application/vnd.google-apps.spreadsheet
Writing to "US_MI05.07.2020cases&deaths"
Writing to sheet "cases&deaths_age_sex"
Writing to "US_MI05.07.2020cases&deaths"
Writing to sheet "cases&deaths_county"
Writing to "US_MI05.07.2020cases&deaths"
Writing to sheet "tests_county"
Deleting these sheet(s) from "US_MI05.07.2020cases&deaths":
* Sheet1
-- Attaching packages --------------------------------------- tidyverse 1.3.0 --
v ggplot2 3.3.0     v purrr   0.3.4
v tibble  3.0.1     v dplyr   0.8.5
v tidyr   1.1.0     v stringr 1.4.0
v readr   1.3.1     v forcats 0.5.0
-- Conflicts ------------------------------------------ tidyverse_conflicts() --
x dplyr::filter() masks stats::filter()
x dplyr::lag()    masks stats::lag()
Warnmeldungen:
1: Paket 'tidyverse' wurde unter R Version 3.6.3 erstellt 
2: Paket 'ggplot2' wurde unter R Version 3.6.3 erstellt 
3: Paket 'tibble' wurde unter R Version 3.6.3 erstellt 
4: Paket 'tidyr' wurde unter R Version 3.6.3 erstellt 
5: Paket 'readr' wurde unter R Version 3.6.3 erstellt 
6: Paket 'purrr' wurde unter R Version 3.6.3 erstellt 
7: Paket 'dplyr' wurde unter R Version 3.6.3 erstellt 
8: Paket 'stringr' wurde unter R Version 3.6.3 erstellt 
9: Paket 'forcats' wurde unter R Version 3.6.3 erstellt 
Warnmeldung:
Paket 'readxl' wurde unter R Version 3.6.3 erstellt 
Warnmeldung:
Paket 'googlesheets4' wurde unter R Version 3.6.3 erstellt 

Attache Paket: 'googledrive'

The following objects are masked from 'package:googlesheets4':

    request_generate, request_make

Warnmeldung:
Paket 'googledrive' wurde unter R Version 3.6.3 erstellt 
Warnmeldung:
Paket 'rio' wurde unter R Version 3.6.3 erstellt 

Attache Paket: 'lubridate'

The following objects are masked from 'package:dplyr':

    intersect, setdiff, union

The following objects are masked from 'package:base':

    date, intersect, setdiff, union

Warnmeldung:
Paket 'lubridate' wurde unter R Version 3.6.3 erstellt 
Lade nötiges Paket: xml2

Attache Paket: 'rvest'

The following object is masked from 'package:purrr':

    pluck

The following object is masked from 'package:readr':

    guess_encoding

Warnmeldungen:
1: Paket 'rvest' wurde unter R Version 3.6.3 erstellt 
2: Paket 'xml2' wurde unter R Version 3.6.3 erstellt 
Reading from "Michigan input template"
Range "'database'"
[1] "06.07.2020"
Writing to "Michigan input template"
Appending 55 row(s) to "database"
Created Drive file:
  * US_MI06.07.2020cases&deaths: 1EW-lEu9O00hDcxzlh8PqbnAC5iyBkmkDw2LBW9nw0_g
with MIME type:
  * application/vnd.google-apps.spreadsheet
Writing to "US_MI06.07.2020cases&deaths"
Writing to sheet "cases&deaths_age_sex"
Writing to "US_MI06.07.2020cases&deaths"
Writing to sheet "cases&deaths_county"
Writing to "US_MI06.07.2020cases&deaths"
Writing to sheet "tests_county"
Deleting these sheet(s) from "US_MI06.07.2020cases&deaths":
* Sheet1
-- Attaching packages --------------------------------------- tidyverse 1.3.0 --
v ggplot2 3.3.0     v purrr   0.3.4
v tibble  3.0.1     v dplyr   0.8.5
v tidyr   1.1.0     v stringr 1.4.0
v readr   1.3.1     v forcats 0.5.0
-- Conflicts ------------------------------------------ tidyverse_conflicts() --
x dplyr::filter() masks stats::filter()
x dplyr::lag()    masks stats::lag()
Warnmeldungen:
1: Paket 'tidyverse' wurde unter R Version 3.6.3 erstellt 
2: Paket 'ggplot2' wurde unter R Version 3.6.3 erstellt 
3: Paket 'tibble' wurde unter R Version 3.6.3 erstellt 
4: Paket 'tidyr' wurde unter R Version 3.6.3 erstellt 
5: Paket 'readr' wurde unter R Version 3.6.3 erstellt 
6: Paket 'purrr' wurde unter R Version 3.6.3 erstellt 
7: Paket 'dplyr' wurde unter R Version 3.6.3 erstellt 
8: Paket 'stringr' wurde unter R Version 3.6.3 erstellt 
9: Paket 'forcats' wurde unter R Version 3.6.3 erstellt 
Warnmeldung:
Paket 'readxl' wurde unter R Version 3.6.3 erstellt 
Warnmeldung:
Paket 'googlesheets4' wurde unter R Version 3.6.3 erstellt 

Attache Paket: 'googledrive'

The following objects are masked from 'package:googlesheets4':

    request_generate, request_make

Warnmeldung:
Paket 'googledrive' wurde unter R Version 3.6.3 erstellt 
Warnmeldung:
Paket 'rio' wurde unter R Version 3.6.3 erstellt 

Attache Paket: 'lubridate'

The following objects are masked from 'package:dplyr':

    intersect, setdiff, union

The following objects are masked from 'package:base':

    date, intersect, setdiff, union

Warnmeldung:
Paket 'lubridate' wurde unter R Version 3.6.3 erstellt 
Lade nötiges Paket: xml2

Attache Paket: 'rvest'

The following object is masked from 'package:purrr':

    pluck

The following object is masked from 'package:readr':

    guess_encoding

Warnmeldungen:
1: Paket 'rvest' wurde unter R Version 3.6.3 erstellt 
2: Paket 'xml2' wurde unter R Version 3.6.3 erstellt 
Reading from "Michigan input template"
Range "'database'"
[1] "07.07.2020"
Writing to "Michigan input template"
Appending 55 row(s) to "database"
Created Drive file:
  * US_MI07.07.2020cases&deaths: 1nsJKFEuPQnb_y5F99TEKt15mQKMHAJFT7nlxbp5ktT8
with MIME type:
  * application/vnd.google-apps.spreadsheet
Writing to "US_MI07.07.2020cases&deaths"
Writing to sheet "cases&deaths_age_sex"
Writing to "US_MI07.07.2020cases&deaths"
Writing to sheet "cases&deaths_county"
Writing to "US_MI07.07.2020cases&deaths"
Writing to sheet "tests_county"
Deleting these sheet(s) from "US_MI07.07.2020cases&deaths":
* Sheet1
-- Attaching packages --------------------------------------- tidyverse 1.3.0 --
v ggplot2 3.3.0     v purrr   0.3.4
v tibble  3.0.1     v dplyr   0.8.5
v tidyr   1.1.0     v stringr 1.4.0
v readr   1.3.1     v forcats 0.5.0
-- Conflicts ------------------------------------------ tidyverse_conflicts() --
x dplyr::filter() masks stats::filter()
x dplyr::lag()    masks stats::lag()
Warnmeldungen:
1: Paket 'tidyverse' wurde unter R Version 3.6.3 erstellt 
2: Paket 'ggplot2' wurde unter R Version 3.6.3 erstellt 
3: Paket 'tibble' wurde unter R Version 3.6.3 erstellt 
4: Paket 'tidyr' wurde unter R Version 3.6.3 erstellt 
5: Paket 'readr' wurde unter R Version 3.6.3 erstellt 
6: Paket 'purrr' wurde unter R Version 3.6.3 erstellt 
7: Paket 'dplyr' wurde unter R Version 3.6.3 erstellt 
8: Paket 'stringr' wurde unter R Version 3.6.3 erstellt 
9: Paket 'forcats' wurde unter R Version 3.6.3 erstellt 
Warnmeldung:
Paket 'readxl' wurde unter R Version 3.6.3 erstellt 
Warnmeldung:
Paket 'googlesheets4' wurde unter R Version 3.6.3 erstellt 

Attache Paket: 'googledrive'

The following objects are masked from 'package:googlesheets4':

    request_generate, request_make

Warnmeldung:
Paket 'googledrive' wurde unter R Version 3.6.3 erstellt 
Warnmeldung:
Paket 'rio' wurde unter R Version 3.6.3 erstellt 

Attache Paket: 'lubridate'

The following objects are masked from 'package:dplyr':

    intersect, setdiff, union

The following objects are masked from 'package:base':

    date, intersect, setdiff, union

Warnmeldung:
Paket 'lubridate' wurde unter R Version 3.6.3 erstellt 
Lade nötiges Paket: xml2

Attache Paket: 'rvest'

The following object is masked from 'package:purrr':

    pluck

The following object is masked from 'package:readr':

    guess_encoding

Warnmeldungen:
1: Paket 'rvest' wurde unter R Version 3.6.3 erstellt 
2: Paket 'xml2' wurde unter R Version 3.6.3 erstellt 
Reading from "Michigan input template"
Range "'database'"
[1] "08.07.2020"
Writing to "Michigan input template"
Appending 55 row(s) to "database"
Created Drive file:
  * US_MI08.07.2020cases&deaths: 1uabwaXS_vDw2bcT6kulm4f1JGgB_C6Wiqr4n5mK1qAc
with MIME type:
  * application/vnd.google-apps.spreadsheet
Writing to "US_MI08.07.2020cases&deaths"
Writing to sheet "cases&deaths_age_sex"
Writing to "US_MI08.07.2020cases&deaths"
Writing to sheet "cases&deaths_county"
Writing to "US_MI08.07.2020cases&deaths"
Writing to sheet "tests_county"
Deleting these sheet(s) from "US_MI08.07.2020cases&deaths":
* Sheet1
-- Attaching packages --------------------------------------- tidyverse 1.3.0 --
v ggplot2 3.3.0     v purrr   0.3.4
v tibble  3.0.1     v dplyr   0.8.5
v tidyr   1.1.0     v stringr 1.4.0
v readr   1.3.1     v forcats 0.5.0
-- Conflicts ------------------------------------------ tidyverse_conflicts() --
x dplyr::filter() masks stats::filter()
x dplyr::lag()    masks stats::lag()
Warnmeldungen:
1: Paket 'tidyverse' wurde unter R Version 3.6.3 erstellt 
2: Paket 'ggplot2' wurde unter R Version 3.6.3 erstellt 
3: Paket 'tibble' wurde unter R Version 3.6.3 erstellt 
4: Paket 'tidyr' wurde unter R Version 3.6.3 erstellt 
5: Paket 'readr' wurde unter R Version 3.6.3 erstellt 
6: Paket 'purrr' wurde unter R Version 3.6.3 erstellt 
7: Paket 'dplyr' wurde unter R Version 3.6.3 erstellt 
8: Paket 'stringr' wurde unter R Version 3.6.3 erstellt 
9: Paket 'forcats' wurde unter R Version 3.6.3 erstellt 
Warnmeldung:
Paket 'readxl' wurde unter R Version 3.6.3 erstellt 
Warnmeldung:
Paket 'googlesheets4' wurde unter R Version 3.6.3 erstellt 

Attache Paket: 'googledrive'

The following objects are masked from 'package:googlesheets4':

    request_generate, request_make

Warnmeldung:
Paket 'googledrive' wurde unter R Version 3.6.3 erstellt 
Warnmeldung:
Paket 'rio' wurde unter R Version 3.6.3 erstellt 

Attache Paket: 'lubridate'

The following objects are masked from 'package:dplyr':

    intersect, setdiff, union

The following objects are masked from 'package:base':

    date, intersect, setdiff, union

Warnmeldung:
Paket 'lubridate' wurde unter R Version 3.6.3 erstellt 
Lade nötiges Paket: xml2

Attache Paket: 'rvest'

The following object is masked from 'package:purrr':

    pluck

The following object is masked from 'package:readr':

    guess_encoding

Warnmeldungen:
1: Paket 'rvest' wurde unter R Version 3.6.3 erstellt 
2: Paket 'xml2' wurde unter R Version 3.6.3 erstellt 
Reading from "Michigan input template"
Range "'database'"
[1] "09.07.2020"
Writing to "Michigan input template"
Appending 55 row(s) to "database"
Created Drive file:
  * US_MI09.07.2020cases&deaths: 1YCNMwHeaJ1CY9DX20W-Mgw0opZbHsK2gFMbMWK6RTPQ
with MIME type:
  * application/vnd.google-apps.spreadsheet
Writing to "US_MI09.07.2020cases&deaths"
Writing to sheet "cases&deaths_age_sex"
Writing to "US_MI09.07.2020cases&deaths"
Writing to sheet "cases&deaths_county"
Writing to "US_MI09.07.2020cases&deaths"
Writing to sheet "tests_county"
Deleting these sheet(s) from "US_MI09.07.2020cases&deaths":
* Sheet1
-- Attaching packages --------------------------------------- tidyverse 1.3.0 --
v ggplot2 3.3.0     v purrr   0.3.4
v tibble  3.0.1     v dplyr   0.8.5
v tidyr   1.1.0     v stringr 1.4.0
v readr   1.3.1     v forcats 0.5.0
-- Conflicts ------------------------------------------ tidyverse_conflicts() --
x dplyr::filter() masks stats::filter()
x dplyr::lag()    masks stats::lag()
Warnmeldungen:
1: Paket 'tidyverse' wurde unter R Version 3.6.3 erstellt 
2: Paket 'ggplot2' wurde unter R Version 3.6.3 erstellt 
3: Paket 'tibble' wurde unter R Version 3.6.3 erstellt 
4: Paket 'tidyr' wurde unter R Version 3.6.3 erstellt 
5: Paket 'readr' wurde unter R Version 3.6.3 erstellt 
6: Paket 'purrr' wurde unter R Version 3.6.3 erstellt 
7: Paket 'dplyr' wurde unter R Version 3.6.3 erstellt 
8: Paket 'stringr' wurde unter R Version 3.6.3 erstellt 
9: Paket 'forcats' wurde unter R Version 3.6.3 erstellt 
Warnmeldung:
Paket 'readxl' wurde unter R Version 3.6.3 erstellt 
Warnmeldung:
Paket 'googlesheets4' wurde unter R Version 3.6.3 erstellt 

Attache Paket: 'googledrive'

The following objects are masked from 'package:googlesheets4':

    request_generate, request_make

Warnmeldung:
Paket 'googledrive' wurde unter R Version 3.6.3 erstellt 
Warnmeldung:
Paket 'rio' wurde unter R Version 3.6.3 erstellt 

Attache Paket: 'lubridate'

The following objects are masked from 'package:dplyr':

    intersect, setdiff, union

The following objects are masked from 'package:base':

    date, intersect, setdiff, union

Warnmeldung:
Paket 'lubridate' wurde unter R Version 3.6.3 erstellt 
Lade nötiges Paket: xml2

Attache Paket: 'rvest'

The following object is masked from 'package:purrr':

    pluck

The following object is masked from 'package:readr':

    guess_encoding

Warnmeldungen:
1: Paket 'rvest' wurde unter R Version 3.6.3 erstellt 
2: Paket 'xml2' wurde unter R Version 3.6.3 erstellt 
Reading from "Michigan input template"
Range "'database'"
[1] "10.07.2020"
Writing to "Michigan input template"
Appending 55 row(s) to "database"
Created Drive file:
  * US_MI10.07.2020cases&deaths: 1m4Ds9dbI-OsuxKcwxbnQGhSLWHhNpXrlhfKH2gu9b_c
with MIME type:
  * application/vnd.google-apps.spreadsheet
Writing to "US_MI10.07.2020cases&deaths"
Writing to sheet "cases&deaths_age_sex"
Writing to "US_MI10.07.2020cases&deaths"
Writing to sheet "cases&deaths_county"
Writing to "US_MI10.07.2020cases&deaths"
Writing to sheet "tests_county"
Deleting these sheet(s) from "US_MI10.07.2020cases&deaths":
* Sheet1
-- Attaching packages --------------------------------------- tidyverse 1.3.0 --
v ggplot2 3.3.0     v purrr   0.3.4
v tibble  3.0.1     v dplyr   0.8.5
v tidyr   1.1.0     v stringr 1.4.0
v readr   1.3.1     v forcats 0.5.0
-- Conflicts ------------------------------------------ tidyverse_conflicts() --
x dplyr::filter() masks stats::filter()
x dplyr::lag()    masks stats::lag()
Warnmeldungen:
1: Paket 'tidyverse' wurde unter R Version 3.6.3 erstellt 
2: Paket 'ggplot2' wurde unter R Version 3.6.3 erstellt 
3: Paket 'tibble' wurde unter R Version 3.6.3 erstellt 
4: Paket 'tidyr' wurde unter R Version 3.6.3 erstellt 
5: Paket 'readr' wurde unter R Version 3.6.3 erstellt 
6: Paket 'purrr' wurde unter R Version 3.6.3 erstellt 
7: Paket 'dplyr' wurde unter R Version 3.6.3 erstellt 
8: Paket 'stringr' wurde unter R Version 3.6.3 erstellt 
9: Paket 'forcats' wurde unter R Version 3.6.3 erstellt 
Warnmeldung:
Paket 'readxl' wurde unter R Version 3.6.3 erstellt 
Warnmeldung:
Paket 'googlesheets4' wurde unter R Version 3.6.3 erstellt 

Attache Paket: 'googledrive'

The following objects are masked from 'package:googlesheets4':

    request_generate, request_make

Warnmeldung:
Paket 'googledrive' wurde unter R Version 3.6.3 erstellt 
Warnmeldung:
Paket 'rio' wurde unter R Version 3.6.3 erstellt 

Attache Paket: 'lubridate'

The following objects are masked from 'package:dplyr':

    intersect, setdiff, union

The following objects are masked from 'package:base':

    date, intersect, setdiff, union

Warnmeldung:
Paket 'lubridate' wurde unter R Version 3.6.3 erstellt 
Lade nötiges Paket: xml2

Attache Paket: 'rvest'

The following object is masked from 'package:purrr':

    pluck

The following object is masked from 'package:readr':

    guess_encoding

Warnmeldungen:
1: Paket 'rvest' wurde unter R Version 3.6.3 erstellt 
2: Paket 'xml2' wurde unter R Version 3.6.3 erstellt 
Reading from "Michigan input template"
Range "'database'"
[1] "11.07.2020"
Writing to "Michigan input template"
Appending 55 row(s) to "database"
Created Drive file:
  * US_MI11.07.2020cases&deaths: 1_oRCDsuE7CvApZk4TY68ISXHTjyr8meiixpEi_2PMZQ
with MIME type:
  * application/vnd.google-apps.spreadsheet
Writing to "US_MI11.07.2020cases&deaths"
Writing to sheet "cases&deaths_age_sex"
Writing to "US_MI11.07.2020cases&deaths"
Writing to sheet "cases&deaths_county"
Writing to "US_MI11.07.2020cases&deaths"
Writing to sheet "tests_county"
Deleting these sheet(s) from "US_MI11.07.2020cases&deaths":
* Sheet1
-- Attaching packages --------------------------------------- tidyverse 1.3.0 --
v ggplot2 3.3.0     v purrr   0.3.4
v tibble  3.0.1     v dplyr   0.8.5
v tidyr   1.1.0     v stringr 1.4.0
v readr   1.3.1     v forcats 0.5.0
-- Conflicts ------------------------------------------ tidyverse_conflicts() --
x dplyr::filter() masks stats::filter()
x dplyr::lag()    masks stats::lag()
Warnmeldungen:
1: Paket 'tidyverse' wurde unter R Version 3.6.3 erstellt 
2: Paket 'ggplot2' wurde unter R Version 3.6.3 erstellt 
3: Paket 'tibble' wurde unter R Version 3.6.3 erstellt 
4: Paket 'tidyr' wurde unter R Version 3.6.3 erstellt 
5: Paket 'readr' wurde unter R Version 3.6.3 erstellt 
6: Paket 'purrr' wurde unter R Version 3.6.3 erstellt 
7: Paket 'dplyr' wurde unter R Version 3.6.3 erstellt 
8: Paket 'stringr' wurde unter R Version 3.6.3 erstellt 
9: Paket 'forcats' wurde unter R Version 3.6.3 erstellt 
Warnmeldung:
Paket 'readxl' wurde unter R Version 3.6.3 erstellt 
Warnmeldung:
Paket 'googlesheets4' wurde unter R Version 3.6.3 erstellt 

Attache Paket: 'googledrive'

The following objects are masked from 'package:googlesheets4':

    request_generate, request_make

Warnmeldung:
Paket 'googledrive' wurde unter R Version 3.6.3 erstellt 
Warnmeldung:
Paket 'rio' wurde unter R Version 3.6.3 erstellt 

Attache Paket: 'lubridate'

The following objects are masked from 'package:dplyr':

    intersect, setdiff, union

The following objects are masked from 'package:base':

    date, intersect, setdiff, union

Warnmeldung:
Paket 'lubridate' wurde unter R Version 3.6.3 erstellt 
Lade nötiges Paket: xml2

Attache Paket: 'rvest'

The following object is masked from 'package:purrr':

    pluck

The following object is masked from 'package:readr':

    guess_encoding

Warnmeldungen:
1: Paket 'rvest' wurde unter R Version 3.6.3 erstellt 
2: Paket 'xml2' wurde unter R Version 3.6.3 erstellt 
Reading from "Michigan input template"
Range "'database'"
[1] "12.07.2020"
Writing to "Michigan input template"
Appending 55 row(s) to "database"
Created Drive file:
  * US_MI12.07.2020cases&deaths: 1yx_s93WDvpsh0Q0IiMdZer8mFWlWjYvh-wiQvNGexZo
with MIME type:
  * application/vnd.google-apps.spreadsheet
Writing to "US_MI12.07.2020cases&deaths"
Writing to sheet "cases&deaths_age_sex"
Writing to "US_MI12.07.2020cases&deaths"
Writing to sheet "cases&deaths_county"
Writing to "US_MI12.07.2020cases&deaths"
Writing to sheet "tests_county"
Deleting these sheet(s) from "US_MI12.07.2020cases&deaths":
* Sheet1
-- Attaching packages --------------------------------------- tidyverse 1.3.0 --
v ggplot2 3.3.0     v purrr   0.3.4
v tibble  3.0.1     v dplyr   0.8.5
v tidyr   1.1.0     v stringr 1.4.0
v readr   1.3.1     v forcats 0.5.0
-- Conflicts ------------------------------------------ tidyverse_conflicts() --
x dplyr::filter() masks stats::filter()
x dplyr::lag()    masks stats::lag()
Warnmeldungen:
1: Paket 'tidyverse' wurde unter R Version 3.6.3 erstellt 
2: Paket 'ggplot2' wurde unter R Version 3.6.3 erstellt 
3: Paket 'tibble' wurde unter R Version 3.6.3 erstellt 
4: Paket 'tidyr' wurde unter R Version 3.6.3 erstellt 
5: Paket 'readr' wurde unter R Version 3.6.3 erstellt 
6: Paket 'purrr' wurde unter R Version 3.6.3 erstellt 
7: Paket 'dplyr' wurde unter R Version 3.6.3 erstellt 
8: Paket 'stringr' wurde unter R Version 3.6.3 erstellt 
9: Paket 'forcats' wurde unter R Version 3.6.3 erstellt 
Warnmeldung:
Paket 'readxl' wurde unter R Version 3.6.3 erstellt 
Warnmeldung:
Paket 'googlesheets4' wurde unter R Version 3.6.3 erstellt 

Attache Paket: 'googledrive'

The following objects are masked from 'package:googlesheets4':

    request_generate, request_make

Warnmeldung:
Paket 'googledrive' wurde unter R Version 3.6.3 erstellt 
Warnmeldung:
Paket 'rio' wurde unter R Version 3.6.3 erstellt 

Attache Paket: 'lubridate'

The following objects are masked from 'package:dplyr':

    intersect, setdiff, union

The following objects are masked from 'package:base':

    date, intersect, setdiff, union

Warnmeldung:
Paket 'lubridate' wurde unter R Version 3.6.3 erstellt 
Lade nötiges Paket: xml2

Attache Paket: 'rvest'

The following object is masked from 'package:purrr':

    pluck

The following object is masked from 'package:readr':

    guess_encoding

Warnmeldungen:
1: Paket 'rvest' wurde unter R Version 3.6.3 erstellt 
2: Paket 'xml2' wurde unter R Version 3.6.3 erstellt 
Reading from "Michigan input template"
Range "'database'"
[1] "13.07.2020"
Writing to "Michigan input template"
Appending 55 row(s) to "database"
Created Drive file:
  * US_MI13.07.2020cases&deaths: 1RBPztSDRn4b814dg-PG4nOxW3_b0ATwIM-BITEhS87U
with MIME type:
  * application/vnd.google-apps.spreadsheet
Writing to "US_MI13.07.2020cases&deaths"
Writing to sheet "cases&deaths_age_sex"
Writing to "US_MI13.07.2020cases&deaths"
Writing to sheet "cases&deaths_county"
Writing to "US_MI13.07.2020cases&deaths"
Writing to sheet "tests_county"
Deleting these sheet(s) from "US_MI13.07.2020cases&deaths":
* Sheet1
-- Attaching packages --------------------------------------- tidyverse 1.3.0 --
v ggplot2 3.3.0     v purrr   0.3.4
v tibble  3.0.1     v dplyr   0.8.5
v tidyr   1.1.0     v stringr 1.4.0
v readr   1.3.1     v forcats 0.5.0
-- Conflicts ------------------------------------------ tidyverse_conflicts() --
x dplyr::filter() masks stats::filter()
x dplyr::lag()    masks stats::lag()
Warnmeldungen:
1: Paket 'tidyverse' wurde unter R Version 3.6.3 erstellt 
2: Paket 'ggplot2' wurde unter R Version 3.6.3 erstellt 
3: Paket 'tibble' wurde unter R Version 3.6.3 erstellt 
4: Paket 'tidyr' wurde unter R Version 3.6.3 erstellt 
5: Paket 'readr' wurde unter R Version 3.6.3 erstellt 
6: Paket 'purrr' wurde unter R Version 3.6.3 erstellt 
7: Paket 'dplyr' wurde unter R Version 3.6.3 erstellt 
8: Paket 'stringr' wurde unter R Version 3.6.3 erstellt 
9: Paket 'forcats' wurde unter R Version 3.6.3 erstellt 
Warnmeldung:
Paket 'readxl' wurde unter R Version 3.6.3 erstellt 
Warnmeldung:
Paket 'googlesheets4' wurde unter R Version 3.6.3 erstellt 

Attache Paket: 'googledrive'

The following objects are masked from 'package:googlesheets4':

    request_generate, request_make

Warnmeldung:
Paket 'googledrive' wurde unter R Version 3.6.3 erstellt 
Warnmeldung:
Paket 'rio' wurde unter R Version 3.6.3 erstellt 

Attache Paket: 'lubridate'

The following objects are masked from 'package:dplyr':

    intersect, setdiff, union

The following objects are masked from 'package:base':

    date, intersect, setdiff, union

Warnmeldung:
Paket 'lubridate' wurde unter R Version 3.6.3 erstellt 
Lade nötiges Paket: xml2

Attache Paket: 'rvest'

The following object is masked from 'package:purrr':

    pluck

The following object is masked from 'package:readr':

    guess_encoding

Warnmeldungen:
1: Paket 'rvest' wurde unter R Version 3.6.3 erstellt 
2: Paket 'xml2' wurde unter R Version 3.6.3 erstellt 
Reading from "Michigan input template"
Range "'database'"
[1] "14.07.2020"
Writing to "Michigan input template"
Appending 55 row(s) to "database"
Created Drive file:
  * US_MI14.07.2020cases&deaths: 1RS2CIDuUbLhZpMWGCY889OJsmXpl61c0YzS6Y8BxwT0
with MIME type:
  * application/vnd.google-apps.spreadsheet
Writing to "US_MI14.07.2020cases&deaths"
Writing to sheet "cases&deaths_age_sex"
Writing to "US_MI14.07.2020cases&deaths"
Writing to sheet "cases&deaths_county"
Writing to "US_MI14.07.2020cases&deaths"
Writing to sheet "tests_county"
Deleting these sheet(s) from "US_MI14.07.2020cases&deaths":
* Sheet1
-- Attaching packages --------------------------------------- tidyverse 1.3.0 --
v ggplot2 3.3.0     v purrr   0.3.4
v tibble  3.0.3     v dplyr   1.0.0
v tidyr   1.1.0     v stringr 1.4.0
v readr   1.3.1     v forcats 0.5.0
-- Conflicts ------------------------------------------ tidyverse_conflicts() --
x dplyr::filter() masks stats::filter()
x dplyr::lag()    masks stats::lag()
Warnmeldungen:
1: Paket 'tidyverse' wurde unter R Version 3.6.3 erstellt 
2: Paket 'ggplot2' wurde unter R Version 3.6.3 erstellt 
3: Paket 'tibble' wurde unter R Version 3.6.3 erstellt 
4: Paket 'tidyr' wurde unter R Version 3.6.3 erstellt 
5: Paket 'readr' wurde unter R Version 3.6.3 erstellt 
6: Paket 'purrr' wurde unter R Version 3.6.3 erstellt 
7: Paket 'dplyr' wurde unter R Version 3.6.3 erstellt 
8: Paket 'stringr' wurde unter R Version 3.6.3 erstellt 
9: Paket 'forcats' wurde unter R Version 3.6.3 erstellt 
Warnmeldung:
Paket 'readxl' wurde unter R Version 3.6.3 erstellt 
Warnmeldung:
Paket 'googlesheets4' wurde unter R Version 3.6.3 erstellt 

Attache Paket: 'googledrive'

The following objects are masked from 'package:googlesheets4':

    request_generate, request_make

Warnmeldung:
Paket 'googledrive' wurde unter R Version 3.6.3 erstellt 
Warnmeldung:
Paket 'rio' wurde unter R Version 3.6.3 erstellt 

Attache Paket: 'lubridate'

The following objects are masked from 'package:base':

    date, intersect, setdiff, union

Warnmeldung:
Paket 'lubridate' wurde unter R Version 3.6.3 erstellt 
Lade nötiges Paket: xml2

Attache Paket: 'rvest'

The following object is masked from 'package:purrr':

    pluck

The following object is masked from 'package:readr':

    guess_encoding

Warnmeldungen:
1: Paket 'rvest' wurde unter R Version 3.6.3 erstellt 
2: Paket 'xml2' wurde unter R Version 3.6.3 erstellt 
Reading from "Michigan input template"
Range "'database'"
[1] "15.07.2020"
`summarise()` regrouping output by 'Age' (override with `.groups` argument)
`summarise()` ungrouping output (override with `.groups` argument)
`summarise()` ungrouping output (override with `.groups` argument)
Writing to "Michigan input template"
Appending 55 row(s) to "database"
Created Drive file:
  * US_MI15.07.2020cases&deaths: 1PgimEhUblhhYCL8I9IA0DcoNWrPTg2l0A31JmjSoxIQ
with MIME type:
  * application/vnd.google-apps.spreadsheet
Writing to "US_MI15.07.2020cases&deaths"
Writing to sheet "cases&deaths_age_sex"
Writing to "US_MI15.07.2020cases&deaths"
Writing to sheet "cases&deaths_county"
Writing to "US_MI15.07.2020cases&deaths"
Writing to sheet "tests_county"
Deleting these sheet(s) from "US_MI15.07.2020cases&deaths":
* Sheet1
-- Attaching packages --------------------------------------- tidyverse 1.3.0 --
v ggplot2 3.3.0     v purrr   0.3.4
v tibble  3.0.3     v dplyr   1.0.0
v tidyr   1.1.0     v stringr 1.4.0
v readr   1.3.1     v forcats 0.5.0
-- Conflicts ------------------------------------------ tidyverse_conflicts() --
x dplyr::filter() masks stats::filter()
x dplyr::lag()    masks stats::lag()
Warnmeldungen:
1: Paket 'tidyverse' wurde unter R Version 3.6.3 erstellt 
2: Paket 'ggplot2' wurde unter R Version 3.6.3 erstellt 
3: Paket 'tibble' wurde unter R Version 3.6.3 erstellt 
4: Paket 'tidyr' wurde unter R Version 3.6.3 erstellt 
5: Paket 'readr' wurde unter R Version 3.6.3 erstellt 
6: Paket 'purrr' wurde unter R Version 3.6.3 erstellt 
7: Paket 'dplyr' wurde unter R Version 3.6.3 erstellt 
8: Paket 'stringr' wurde unter R Version 3.6.3 erstellt 
9: Paket 'forcats' wurde unter R Version 3.6.3 erstellt 
Warnmeldung:
Paket 'readxl' wurde unter R Version 3.6.3 erstellt 
Warnmeldung:
Paket 'googlesheets4' wurde unter R Version 3.6.3 erstellt 

Attache Paket: 'googledrive'

The following objects are masked from 'package:googlesheets4':

    request_generate, request_make

Warnmeldung:
Paket 'googledrive' wurde unter R Version 3.6.3 erstellt 
Warnmeldung:
Paket 'rio' wurde unter R Version 3.6.3 erstellt 

Attache Paket: 'lubridate'

The following objects are masked from 'package:base':

    date, intersect, setdiff, union

Warnmeldung:
Paket 'lubridate' wurde unter R Version 3.6.3 erstellt 
Lade nötiges Paket: xml2

Attache Paket: 'rvest'

The following object is masked from 'package:purrr':

    pluck

The following object is masked from 'package:readr':

    guess_encoding

Warnmeldungen:
1: Paket 'rvest' wurde unter R Version 3.6.3 erstellt 
2: Paket 'xml2' wurde unter R Version 3.6.3 erstellt 
Reading from "Michigan input template"
Range "'database'"
[1] "20.07.2020"
`summarise()` regrouping output by 'Age' (override with `.groups` argument)
`summarise()` ungrouping output (override with `.groups` argument)
`summarise()` ungrouping output (override with `.groups` argument)
Writing to "Michigan input template"
Appending 55 row(s) to "database"
Created Drive file:
  * US_MI20.07.2020cases&deaths: 13c8cnUW-2aneHbeMEb9m2Tv20RThmSg90Uw_saoPL6Q
with MIME type:
  * application/vnd.google-apps.spreadsheet
Writing to "US_MI20.07.2020cases&deaths"
Writing to sheet "cases&deaths_age_sex"
Writing to "US_MI20.07.2020cases&deaths"
Writing to sheet "cases&deaths_county"
Writing to "US_MI20.07.2020cases&deaths"
Writing to sheet "tests_county"
Deleting these sheet(s) from "US_MI20.07.2020cases&deaths":
* Sheet1
-- Attaching packages --------------------------------------- tidyverse 1.3.0 --
v ggplot2 3.3.0     v purrr   0.3.4
v tibble  3.0.3     v dplyr   1.0.0
v tidyr   1.1.0     v stringr 1.4.0
v readr   1.3.1     v forcats 0.5.0
-- Conflicts ------------------------------------------ tidyverse_conflicts() --
x dplyr::filter() masks stats::filter()
x dplyr::lag()    masks stats::lag()
Warnmeldungen:
1: Paket 'tidyverse' wurde unter R Version 3.6.3 erstellt 
2: Paket 'ggplot2' wurde unter R Version 3.6.3 erstellt 
3: Paket 'tibble' wurde unter R Version 3.6.3 erstellt 
4: Paket 'tidyr' wurde unter R Version 3.6.3 erstellt 
5: Paket 'readr' wurde unter R Version 3.6.3 erstellt 
6: Paket 'purrr' wurde unter R Version 3.6.3 erstellt 
7: Paket 'dplyr' wurde unter R Version 3.6.3 erstellt 
8: Paket 'stringr' wurde unter R Version 3.6.3 erstellt 
9: Paket 'forcats' wurde unter R Version 3.6.3 erstellt 
Warnmeldung:
Paket 'readxl' wurde unter R Version 3.6.3 erstellt 
Warnmeldung:
Paket 'googlesheets4' wurde unter R Version 3.6.3 erstellt 

Attache Paket: 'googledrive'

The following objects are masked from 'package:googlesheets4':

    request_generate, request_make

Warnmeldung:
Paket 'googledrive' wurde unter R Version 3.6.3 erstellt 
Warnmeldung:
Paket 'rio' wurde unter R Version 3.6.3 erstellt 

Attache Paket: 'lubridate'

The following objects are masked from 'package:base':

    date, intersect, setdiff, union

Warnmeldung:
Paket 'lubridate' wurde unter R Version 3.6.3 erstellt 
Lade nötiges Paket: xml2

Attache Paket: 'rvest'

The following object is masked from 'package:purrr':

    pluck

The following object is masked from 'package:readr':

    guess_encoding

Warnmeldungen:
1: Paket 'rvest' wurde unter R Version 3.6.3 erstellt 
2: Paket 'xml2' wurde unter R Version 3.6.3 erstellt 
Reading from "Michigan input template"
Range "'database'"
[1] "21.07.2020"
`summarise()` regrouping output by 'Age' (override with `.groups` argument)
`summarise()` ungrouping output (override with `.groups` argument)
`summarise()` ungrouping output (override with `.groups` argument)
Writing to "Michigan input template"
Appending 55 row(s) to "database"
Created Drive file:
  * US_MI21.07.2020cases&deaths: 1qmNW4_oArur1MRerojSusVp9RmFfUST85jGl9ok3G7c
with MIME type:
  * application/vnd.google-apps.spreadsheet
Writing to "US_MI21.07.2020cases&deaths"
Writing to sheet "cases&deaths_age_sex"
Writing to "US_MI21.07.2020cases&deaths"
Writing to sheet "cases&deaths_county"
Writing to "US_MI21.07.2020cases&deaths"
Writing to sheet "tests_county"
Deleting these sheet(s) from "US_MI21.07.2020cases&deaths":
* Sheet1
-- Attaching packages --------------------------------------- tidyverse 1.3.0 --
v ggplot2 3.3.0     v purrr   0.3.4
v tibble  3.0.3     v dplyr   1.0.0
v tidyr   1.1.0     v stringr 1.4.0
v readr   1.3.1     v forcats 0.5.0
-- Conflicts ------------------------------------------ tidyverse_conflicts() --
x dplyr::filter() masks stats::filter()
x dplyr::lag()    masks stats::lag()
Warnmeldungen:
1: Paket 'tidyverse' wurde unter R Version 3.6.3 erstellt 
2: Paket 'ggplot2' wurde unter R Version 3.6.3 erstellt 
3: Paket 'tibble' wurde unter R Version 3.6.3 erstellt 
4: Paket 'tidyr' wurde unter R Version 3.6.3 erstellt 
5: Paket 'readr' wurde unter R Version 3.6.3 erstellt 
6: Paket 'purrr' wurde unter R Version 3.6.3 erstellt 
7: Paket 'dplyr' wurde unter R Version 3.6.3 erstellt 
8: Paket 'stringr' wurde unter R Version 3.6.3 erstellt 
9: Paket 'forcats' wurde unter R Version 3.6.3 erstellt 
Warnmeldung:
Paket 'readxl' wurde unter R Version 3.6.3 erstellt 
Warnmeldung:
Paket 'googlesheets4' wurde unter R Version 3.6.3 erstellt 

Attache Paket: 'googledrive'

The following objects are masked from 'package:googlesheets4':

    request_generate, request_make

Warnmeldung:
Paket 'googledrive' wurde unter R Version 3.6.3 erstellt 
Warnmeldung:
Paket 'rio' wurde unter R Version 3.6.3 erstellt 

Attache Paket: 'lubridate'

The following objects are masked from 'package:base':

    date, intersect, setdiff, union

Warnmeldung:
Paket 'lubridate' wurde unter R Version 3.6.3 erstellt 
Lade nötiges Paket: xml2

Attache Paket: 'rvest'

The following object is masked from 'package:purrr':

    pluck

The following object is masked from 'package:readr':

    guess_encoding

Warnmeldungen:
1: Paket 'rvest' wurde unter R Version 3.6.3 erstellt 
2: Paket 'xml2' wurde unter R Version 3.6.3 erstellt 
Reading from "Michigan input template"
Range "'database'"
[1] "22.07.2020"
`summarise()` regrouping output by 'Age' (override with `.groups` argument)
`summarise()` ungrouping output (override with `.groups` argument)
`summarise()` ungrouping output (override with `.groups` argument)
Writing to "Michigan input template"
Appending 55 row(s) to "database"
Created Drive file:
  * US_MI22.07.2020cases&deaths: 13w3UY5APDRKMUmkMwJtsqfcssNYXdw12TQf_vjzjUUU
with MIME type:
  * application/vnd.google-apps.spreadsheet
Writing to "US_MI22.07.2020cases&deaths"
Writing to sheet "cases&deaths_age_sex"
Writing to "US_MI22.07.2020cases&deaths"
Writing to sheet "cases&deaths_county"
Writing to "US_MI22.07.2020cases&deaths"
Writing to sheet "tests_county"
Deleting these sheet(s) from "US_MI22.07.2020cases&deaths":
* Sheet1
-- Attaching packages --------------------------------------- tidyverse 1.3.0 --
v ggplot2 3.3.0     v purrr   0.3.4
v tibble  3.0.3     v dplyr   1.0.0
v tidyr   1.1.0     v stringr 1.4.0
v readr   1.3.1     v forcats 0.5.0
-- Conflicts ------------------------------------------ tidyverse_conflicts() --
x dplyr::filter() masks stats::filter()
x dplyr::lag()    masks stats::lag()
Warnmeldungen:
1: Paket 'tidyverse' wurde unter R Version 3.6.3 erstellt 
2: Paket 'ggplot2' wurde unter R Version 3.6.3 erstellt 
3: Paket 'tibble' wurde unter R Version 3.6.3 erstellt 
4: Paket 'tidyr' wurde unter R Version 3.6.3 erstellt 
5: Paket 'readr' wurde unter R Version 3.6.3 erstellt 
6: Paket 'purrr' wurde unter R Version 3.6.3 erstellt 
7: Paket 'dplyr' wurde unter R Version 3.6.3 erstellt 
8: Paket 'stringr' wurde unter R Version 3.6.3 erstellt 
9: Paket 'forcats' wurde unter R Version 3.6.3 erstellt 
Warnmeldung:
Paket 'readxl' wurde unter R Version 3.6.3 erstellt 
Warnmeldung:
Paket 'googlesheets4' wurde unter R Version 3.6.3 erstellt 

Attache Paket: 'googledrive'

The following objects are masked from 'package:googlesheets4':

    request_generate, request_make

Warnmeldung:
Paket 'googledrive' wurde unter R Version 3.6.3 erstellt 
Warnmeldung:
Paket 'rio' wurde unter R Version 3.6.3 erstellt 

Attache Paket: 'lubridate'

The following objects are masked from 'package:base':

    date, intersect, setdiff, union

Warnmeldung:
Paket 'lubridate' wurde unter R Version 3.6.3 erstellt 
Lade nötiges Paket: xml2

Attache Paket: 'rvest'

The following object is masked from 'package:purrr':

    pluck

The following object is masked from 'package:readr':

    guess_encoding

Warnmeldungen:
1: Paket 'rvest' wurde unter R Version 3.6.3 erstellt 
2: Paket 'xml2' wurde unter R Version 3.6.3 erstellt 
Reading from "Michigan input template"
Range "'database'"
[1] "23.07.2020"
`summarise()` regrouping output by 'Age' (override with `.groups` argument)
`summarise()` ungrouping output (override with `.groups` argument)
`summarise()` ungrouping output (override with `.groups` argument)
Writing to "Michigan input template"
Appending 55 row(s) to "database"
Created Drive file:
  * US_MI23.07.2020cases&deaths: 11nA4CjgSlVkFghja11gxXmIPhd14i0GJiULx3585Xb8
with MIME type:
  * application/vnd.google-apps.spreadsheet
Writing to "US_MI23.07.2020cases&deaths"
Writing to sheet "cases&deaths_age_sex"
Writing to "US_MI23.07.2020cases&deaths"
Writing to sheet "cases&deaths_county"
Writing to "US_MI23.07.2020cases&deaths"
Writing to sheet "tests_county"
Deleting these sheet(s) from "US_MI23.07.2020cases&deaths":
* Sheet1
-- Attaching packages --------------------------------------- tidyverse 1.3.0 --
v ggplot2 3.3.0     v purrr   0.3.4
v tibble  3.0.3     v dplyr   1.0.0
v tidyr   1.1.0     v stringr 1.4.0
v readr   1.3.1     v forcats 0.5.0
-- Conflicts ------------------------------------------ tidyverse_conflicts() --
x dplyr::filter() masks stats::filter()
x dplyr::lag()    masks stats::lag()
Warnmeldungen:
1: Paket 'tidyverse' wurde unter R Version 3.6.3 erstellt 
2: Paket 'ggplot2' wurde unter R Version 3.6.3 erstellt 
3: Paket 'tibble' wurde unter R Version 3.6.3 erstellt 
4: Paket 'tidyr' wurde unter R Version 3.6.3 erstellt 
5: Paket 'readr' wurde unter R Version 3.6.3 erstellt 
6: Paket 'purrr' wurde unter R Version 3.6.3 erstellt 
7: Paket 'dplyr' wurde unter R Version 3.6.3 erstellt 
8: Paket 'stringr' wurde unter R Version 3.6.3 erstellt 
9: Paket 'forcats' wurde unter R Version 3.6.3 erstellt 
Warnmeldung:
Paket 'readxl' wurde unter R Version 3.6.3 erstellt 
Warnmeldung:
Paket 'googlesheets4' wurde unter R Version 3.6.3 erstellt 

Attache Paket: 'googledrive'

The following objects are masked from 'package:googlesheets4':

    request_generate, request_make

Warnmeldung:
Paket 'googledrive' wurde unter R Version 3.6.3 erstellt 
Warnmeldung:
Paket 'rio' wurde unter R Version 3.6.3 erstellt 

Attache Paket: 'lubridate'

The following objects are masked from 'package:base':

    date, intersect, setdiff, union

Warnmeldung:
Paket 'lubridate' wurde unter R Version 3.6.3 erstellt 
Lade nötiges Paket: xml2

Attache Paket: 'rvest'

The following object is masked from 'package:purrr':

    pluck

The following object is masked from 'package:readr':

    guess_encoding

Warnmeldungen:
1: Paket 'rvest' wurde unter R Version 3.6.3 erstellt 
2: Paket 'xml2' wurde unter R Version 3.6.3 erstellt 
Reading from "Michigan input template"
Range "'database'"
[1] "24.07.2020"
`summarise()` regrouping output by 'Age' (override with `.groups` argument)
`summarise()` ungrouping output (override with `.groups` argument)
`summarise()` ungrouping output (override with `.groups` argument)
Writing to "Michigan input template"
Appending 55 row(s) to "database"
Created Drive file:
  * US_MI24.07.2020cases&deaths: 1GwZg7KWOifeHrhvqd-Dh1eRvH2HcAA2kzbyEanGDRZY
with MIME type:
  * application/vnd.google-apps.spreadsheet
Writing to "US_MI24.07.2020cases&deaths"
Writing to sheet "cases&deaths_age_sex"
Writing to "US_MI24.07.2020cases&deaths"
Writing to sheet "cases&deaths_county"
Writing to "US_MI24.07.2020cases&deaths"
Writing to sheet "tests_county"
Deleting these sheet(s) from "US_MI24.07.2020cases&deaths":
* Sheet1
-- Attaching packages --------------------------------------- tidyverse 1.3.0 --
v ggplot2 3.3.0     v purrr   0.3.4
v tibble  3.0.3     v dplyr   1.0.0
v tidyr   1.1.0     v stringr 1.4.0
v readr   1.3.1     v forcats 0.5.0
-- Conflicts ------------------------------------------ tidyverse_conflicts() --
x dplyr::filter() masks stats::filter()
x dplyr::lag()    masks stats::lag()
Warnmeldungen:
1: Paket 'tidyverse' wurde unter R Version 3.6.3 erstellt 
2: Paket 'ggplot2' wurde unter R Version 3.6.3 erstellt 
3: Paket 'tibble' wurde unter R Version 3.6.3 erstellt 
4: Paket 'tidyr' wurde unter R Version 3.6.3 erstellt 
5: Paket 'readr' wurde unter R Version 3.6.3 erstellt 
6: Paket 'purrr' wurde unter R Version 3.6.3 erstellt 
7: Paket 'dplyr' wurde unter R Version 3.6.3 erstellt 
8: Paket 'stringr' wurde unter R Version 3.6.3 erstellt 
9: Paket 'forcats' wurde unter R Version 3.6.3 erstellt 
Warnmeldung:
Paket 'readxl' wurde unter R Version 3.6.3 erstellt 
Warnmeldung:
Paket 'googlesheets4' wurde unter R Version 3.6.3 erstellt 

Attache Paket: 'googledrive'

The following objects are masked from 'package:googlesheets4':

    request_generate, request_make

Warnmeldung:
Paket 'googledrive' wurde unter R Version 3.6.3 erstellt 
Warnmeldung:
Paket 'rio' wurde unter R Version 3.6.3 erstellt 

Attache Paket: 'lubridate'

The following objects are masked from 'package:base':

    date, intersect, setdiff, union

Warnmeldung:
Paket 'lubridate' wurde unter R Version 3.6.3 erstellt 
Lade nötiges Paket: xml2

Attache Paket: 'rvest'

The following object is masked from 'package:purrr':

    pluck

The following object is masked from 'package:readr':

    guess_encoding

Warnmeldungen:
1: Paket 'rvest' wurde unter R Version 3.6.3 erstellt 
2: Paket 'xml2' wurde unter R Version 3.6.3 erstellt 
Reading from "Michigan input template"
Range "'database'"
[1] "25.07.2020"
`summarise()` regrouping output by 'Age' (override with `.groups` argument)
`summarise()` ungrouping output (override with `.groups` argument)
`summarise()` ungrouping output (override with `.groups` argument)
Writing to "Michigan input template"
Appending 55 row(s) to "database"
Created Drive file:
  * US_MI25.07.2020cases&deaths: 19WiDPQ7MfnBN_6hQQlouzmt_IsCFaAZ8ZWB_hDkRcYU
with MIME type:
  * application/vnd.google-apps.spreadsheet
Writing to "US_MI25.07.2020cases&deaths"
Writing to sheet "cases&deaths_age_sex"
Writing to "US_MI25.07.2020cases&deaths"
Writing to sheet "cases&deaths_county"
Writing to "US_MI25.07.2020cases&deaths"
Writing to sheet "tests_county"
Deleting these sheet(s) from "US_MI25.07.2020cases&deaths":
* Sheet1
-- Attaching packages --------------------------------------- tidyverse 1.3.0 --
v ggplot2 3.3.0     v purrr   0.3.4
v tibble  3.0.3     v dplyr   1.0.0
v tidyr   1.1.0     v stringr 1.4.0
v readr   1.3.1     v forcats 0.5.0
-- Conflicts ------------------------------------------ tidyverse_conflicts() --
x dplyr::filter() masks stats::filter()
x dplyr::lag()    masks stats::lag()
Warnmeldungen:
1: Paket 'tidyverse' wurde unter R Version 3.6.3 erstellt 
2: Paket 'ggplot2' wurde unter R Version 3.6.3 erstellt 
3: Paket 'tibble' wurde unter R Version 3.6.3 erstellt 
4: Paket 'tidyr' wurde unter R Version 3.6.3 erstellt 
5: Paket 'readr' wurde unter R Version 3.6.3 erstellt 
6: Paket 'purrr' wurde unter R Version 3.6.3 erstellt 
7: Paket 'dplyr' wurde unter R Version 3.6.3 erstellt 
8: Paket 'stringr' wurde unter R Version 3.6.3 erstellt 
9: Paket 'forcats' wurde unter R Version 3.6.3 erstellt 
Warnmeldung:
Paket 'readxl' wurde unter R Version 3.6.3 erstellt 
Warnmeldung:
Paket 'googlesheets4' wurde unter R Version 3.6.3 erstellt 

Attache Paket: 'googledrive'

The following objects are masked from 'package:googlesheets4':

    request_generate, request_make

Warnmeldung:
Paket 'googledrive' wurde unter R Version 3.6.3 erstellt 
Warnmeldung:
Paket 'rio' wurde unter R Version 3.6.3 erstellt 

Attache Paket: 'lubridate'

The following objects are masked from 'package:base':

    date, intersect, setdiff, union

Warnmeldung:
Paket 'lubridate' wurde unter R Version 3.6.3 erstellt 
Lade nötiges Paket: xml2

Attache Paket: 'rvest'

The following object is masked from 'package:purrr':

    pluck

The following object is masked from 'package:readr':

    guess_encoding

Warnmeldungen:
1: Paket 'rvest' wurde unter R Version 3.6.3 erstellt 
2: Paket 'xml2' wurde unter R Version 3.6.3 erstellt 
Reading from "Michigan input template"
Range "'database'"
[1] "26.07.2020"
`summarise()` regrouping output by 'Age' (override with `.groups` argument)
`summarise()` ungrouping output (override with `.groups` argument)
`summarise()` ungrouping output (override with `.groups` argument)
Writing to "Michigan input template"
Appending 55 row(s) to "database"
Created Drive file:
  * US_MI26.07.2020cases&deaths: 17pjMJkoSDrseGFMo7M4A-qcs5NezLX1lewIzKy5KclI
with MIME type:
  * application/vnd.google-apps.spreadsheet
Writing to "US_MI26.07.2020cases&deaths"
Writing to sheet "cases&deaths_age_sex"
Writing to "US_MI26.07.2020cases&deaths"
Writing to sheet "cases&deaths_county"
Writing to "US_MI26.07.2020cases&deaths"
Writing to sheet "tests_county"
Deleting these sheet(s) from "US_MI26.07.2020cases&deaths":
* Sheet1
-- Attaching packages --------------------------------------- tidyverse 1.3.0 --
v ggplot2 3.3.0     v purrr   0.3.4
v tibble  3.0.3     v dplyr   1.0.0
v tidyr   1.1.0     v stringr 1.4.0
v readr   1.3.1     v forcats 0.5.0
-- Conflicts ------------------------------------------ tidyverse_conflicts() --
x dplyr::filter() masks stats::filter()
x dplyr::lag()    masks stats::lag()
Warnmeldungen:
1: Paket 'tidyverse' wurde unter R Version 3.6.3 erstellt 
2: Paket 'ggplot2' wurde unter R Version 3.6.3 erstellt 
3: Paket 'tibble' wurde unter R Version 3.6.3 erstellt 
4: Paket 'tidyr' wurde unter R Version 3.6.3 erstellt 
5: Paket 'readr' wurde unter R Version 3.6.3 erstellt 
6: Paket 'purrr' wurde unter R Version 3.6.3 erstellt 
7: Paket 'dplyr' wurde unter R Version 3.6.3 erstellt 
8: Paket 'stringr' wurde unter R Version 3.6.3 erstellt 
9: Paket 'forcats' wurde unter R Version 3.6.3 erstellt 
Warnmeldung:
Paket 'readxl' wurde unter R Version 3.6.3 erstellt 
Warnmeldung:
Paket 'googlesheets4' wurde unter R Version 3.6.3 erstellt 

Attache Paket: 'googledrive'

The following objects are masked from 'package:googlesheets4':

    request_generate, request_make

Warnmeldung:
Paket 'googledrive' wurde unter R Version 3.6.3 erstellt 
Warnmeldung:
Paket 'rio' wurde unter R Version 3.6.3 erstellt 

Attache Paket: 'lubridate'

The following objects are masked from 'package:base':

    date, intersect, setdiff, union

Warnmeldung:
Paket 'lubridate' wurde unter R Version 3.6.3 erstellt 
Lade nötiges Paket: xml2

Attache Paket: 'rvest'

The following object is masked from 'package:purrr':

    pluck

The following object is masked from 'package:readr':

    guess_encoding

Warnmeldungen:
1: Paket 'rvest' wurde unter R Version 3.6.3 erstellt 
2: Paket 'xml2' wurde unter R Version 3.6.3 erstellt 
Reading from "Michigan input template"
Range "'database'"
[1] "27.07.2020"
`summarise()` regrouping output by 'Age' (override with `.groups` argument)
`summarise()` ungrouping output (override with `.groups` argument)
`summarise()` ungrouping output (override with `.groups` argument)
Writing to "Michigan input template"
Appending 55 row(s) to "database"
Created Drive file:
  * US_MI27.07.2020cases&deaths: 1gCTSue8tUwM89lH90i6B7NDy0tLlat1cXMF_QF0L5Gs
with MIME type:
  * application/vnd.google-apps.spreadsheet
Writing to "US_MI27.07.2020cases&deaths"
Writing to sheet "cases&deaths_age_sex"
Writing to "US_MI27.07.2020cases&deaths"
Writing to sheet "cases&deaths_county"
Writing to "US_MI27.07.2020cases&deaths"
Writing to sheet "tests_county"
Deleting these sheet(s) from "US_MI27.07.2020cases&deaths":
* Sheet1
-- Attaching packages --------------------------------------- tidyverse 1.3.0 --
v ggplot2 3.3.0     v purrr   0.3.4
v tibble  3.0.3     v dplyr   1.0.0
v tidyr   1.1.0     v stringr 1.4.0
v readr   1.3.1     v forcats 0.5.0
-- Conflicts ------------------------------------------ tidyverse_conflicts() --
x dplyr::filter() masks stats::filter()
x dplyr::lag()    masks stats::lag()
Warnmeldungen:
1: Paket 'tidyverse' wurde unter R Version 3.6.3 erstellt 
2: Paket 'ggplot2' wurde unter R Version 3.6.3 erstellt 
3: Paket 'tibble' wurde unter R Version 3.6.3 erstellt 
4: Paket 'tidyr' wurde unter R Version 3.6.3 erstellt 
5: Paket 'readr' wurde unter R Version 3.6.3 erstellt 
6: Paket 'purrr' wurde unter R Version 3.6.3 erstellt 
7: Paket 'dplyr' wurde unter R Version 3.6.3 erstellt 
8: Paket 'stringr' wurde unter R Version 3.6.3 erstellt 
9: Paket 'forcats' wurde unter R Version 3.6.3 erstellt 
Warnmeldung:
Paket 'readxl' wurde unter R Version 3.6.3 erstellt 
Warnmeldung:
Paket 'googlesheets4' wurde unter R Version 3.6.3 erstellt 

Attache Paket: 'googledrive'

The following objects are masked from 'package:googlesheets4':

    request_generate, request_make

Warnmeldung:
Paket 'googledrive' wurde unter R Version 3.6.3 erstellt 
Warnmeldung:
Paket 'rio' wurde unter R Version 3.6.3 erstellt 

Attache Paket: 'lubridate'

The following objects are masked from 'package:base':

    date, intersect, setdiff, union

Warnmeldung:
Paket 'lubridate' wurde unter R Version 3.6.3 erstellt 
Lade nötiges Paket: xml2

Attache Paket: 'rvest'

The following object is masked from 'package:purrr':

    pluck

The following object is masked from 'package:readr':

    guess_encoding

Warnmeldungen:
1: Paket 'rvest' wurde unter R Version 3.6.3 erstellt 
2: Paket 'xml2' wurde unter R Version 3.6.3 erstellt 
Reading from "Michigan input template"
Range "'database'"
[1] "28.07.2020"
`summarise()` regrouping output by 'Age' (override with `.groups` argument)
`summarise()` ungrouping output (override with `.groups` argument)
`summarise()` ungrouping output (override with `.groups` argument)
Writing to "Michigan input template"
Appending 55 row(s) to "database"
Created Drive file:
  * US_MI28.07.2020cases&deaths: 131_a6g4E8jO99A1purGGu7YnlTmmas3k6LZWlnaAbx4
with MIME type:
  * application/vnd.google-apps.spreadsheet
Writing to "US_MI28.07.2020cases&deaths"
Writing to sheet "cases&deaths_age_sex"
Writing to "US_MI28.07.2020cases&deaths"
Writing to sheet "cases&deaths_county"
Writing to "US_MI28.07.2020cases&deaths"
Writing to sheet "tests_county"
Deleting these sheet(s) from "US_MI28.07.2020cases&deaths":
* Sheet1
