-- Attaching packages --------------------------------------- tidyverse 1.3.0 --
v ggplot2 3.3.0     v purrr   0.3.4
v tibble  3.0.3     v dplyr   1.0.0
v tidyr   1.1.0     v stringr 1.4.0
v readr   1.3.1     v forcats 0.5.0
-- Conflicts ------------------------------------------ tidyverse_conflicts() --
x dplyr::filter() masks stats::filter()
x dplyr::lag()    masks stats::lag()
Warnmeldungen:
1: Paket 'tidyverse' wurde unter R Version 3.6.3 erstellt 
2: Paket 'ggplot2' wurde unter R Version 3.6.3 erstellt 
3: Paket 'tibble' wurde unter R Version 3.6.3 erstellt 
4: Paket 'tidyr' wurde unter R Version 3.6.3 erstellt 
5: Paket 'readr' wurde unter R Version 3.6.3 erstellt 
6: Paket 'purrr' wurde unter R Version 3.6.3 erstellt 
7: Paket 'dplyr' wurde unter R Version 3.6.3 erstellt 
8: Paket 'stringr' wurde unter R Version 3.6.3 erstellt 
9: Paket 'forcats' wurde unter R Version 3.6.3 erstellt 
Warnmeldung:
Paket 'readxl' wurde unter R Version 3.6.3 erstellt 
Warnmeldung:
Paket 'rio' wurde unter R Version 3.6.3 erstellt 
Warnmeldung:
Paket 'googlesheets4' wurde unter R Version 3.6.3 erstellt 

Attache Paket: 'googledrive'

The following objects are masked from 'package:googlesheets4':

    request_generate, request_make

Warnmeldung:
Paket 'googledrive' wurde unter R Version 3.6.3 erstellt 

Attache Paket: 'lubridate'

The following objects are masked from 'package:base':

    date, intersect, setdiff, union

Warnmeldung:
Paket 'lubridate' wurde unter R Version 3.6.3 erstellt 
Reading from "Texas input template"
Range "'database'"
New names:
* `` -> ...1
New names:
* `` -> ...2
* `` -> ...3
* `` -> ...4
* `` -> ...5
* `` -> ...6
Fehler: Problem with `mutate()` input `d_f`.
x cannot coerce type 'closure' to vector of type 'double'
i Input `d_f` is `as.Date(as.numeric(Date), origin = "1899-12-30")`.
Backtrace:
     x
  1. \-`%>%`(...)
  2.   +-base::withVisible(eval(quote(`_fseq`(`_lhs`)), env, env))
  3.   \-base::eval(quote(`_fseq`(`_lhs`)), env, env)
  4.     \-base::eval(quote(`_fseq`(`_lhs`)), env, env)
  5.       \-`_fseq`(`_lhs`)
  6.         \-magrittr::freduce(value, `_function_list`)
  7.           \-function_list[[i]](value)
  8.             +-dplyr::mutate(., d_f = as.Date(as.numeric(Date), origin = "1899-12-30"))
  9.             \-dplyr:::mutate.data.frame(...)
 10.               \-dplyr:::mutate_cols(.data, ...)
<parent: error/simpleError>
Backtrace:
x
Ausführung angehalten
-- Attaching packages --------------------------------------- tidyverse 1.3.0 --
v ggplot2 3.3.0     v purrr   0.3.4
v tibble  3.0.3     v dplyr   1.0.0
v tidyr   1.1.0     v stringr 1.4.0
v readr   1.3.1     v forcats 0.5.0
-- Conflicts ------------------------------------------ tidyverse_conflicts() --
x dplyr::filter() masks stats::filter()
x dplyr::lag()    masks stats::lag()
Warnmeldungen:
1: Paket 'tidyverse' wurde unter R Version 3.6.3 erstellt 
2: Paket 'ggplot2' wurde unter R Version 3.6.3 erstellt 
3: Paket 'tibble' wurde unter R Version 3.6.3 erstellt 
4: Paket 'tidyr' wurde unter R Version 3.6.3 erstellt 
5: Paket 'readr' wurde unter R Version 3.6.3 erstellt 
6: Paket 'purrr' wurde unter R Version 3.6.3 erstellt 
7: Paket 'dplyr' wurde unter R Version 3.6.3 erstellt 
8: Paket 'stringr' wurde unter R Version 3.6.3 erstellt 
9: Paket 'forcats' wurde unter R Version 3.6.3 erstellt 
Warnmeldung:
Paket 'readxl' wurde unter R Version 3.6.3 erstellt 
Warnmeldung:
Paket 'rio' wurde unter R Version 3.6.3 erstellt 
Warnmeldung:
Paket 'googlesheets4' wurde unter R Version 3.6.3 erstellt 

Attache Paket: 'googledrive'

The following objects are masked from 'package:googlesheets4':

    request_generate, request_make

Warnmeldung:
Paket 'googledrive' wurde unter R Version 3.6.3 erstellt 

Attache Paket: 'lubridate'

The following objects are masked from 'package:base':

    date, intersect, setdiff, union

Warnmeldung:
Paket 'lubridate' wurde unter R Version 3.6.3 erstellt 
Reading from "Texas input template"
Range "'database'"
New names:
* `` -> ...1
New names:
* `` -> ...2
* `` -> ...3
* `` -> ...4
* `` -> ...5
* `` -> ...6
Fehler: Problem with `mutate()` input `d_f`.
x cannot coerce type 'closure' to vector of type 'double'
i Input `d_f` is `as.Date(as.numeric(Date), origin = "1899-12-30")`.
Backtrace:
     x
  1. \-`%>%`(...)
  2.   +-base::withVisible(eval(quote(`_fseq`(`_lhs`)), env, env))
  3.   \-base::eval(quote(`_fseq`(`_lhs`)), env, env)
  4.     \-base::eval(quote(`_fseq`(`_lhs`)), env, env)
  5.       \-`_fseq`(`_lhs`)
  6.         \-magrittr::freduce(value, `_function_list`)
  7.           \-function_list[[i]](value)
  8.             +-dplyr::mutate(., d_f = as.Date(as.numeric(Date), origin = "1899-12-30"))
  9.             \-dplyr:::mutate.data.frame(...)
 10.               \-dplyr:::mutate_cols(.data, ...)
<parent: error/simpleError>
Backtrace:
x
Ausführung angehalten
-- Attaching packages --------------------------------------- tidyverse 1.3.0 --
v ggplot2 3.3.0     v purrr   0.3.4
v tibble  3.0.3     v dplyr   1.0.0
v tidyr   1.1.0     v stringr 1.4.0
v readr   1.3.1     v forcats 0.5.0
-- Conflicts ------------------------------------------ tidyverse_conflicts() --
x dplyr::filter() masks stats::filter()
x dplyr::lag()    masks stats::lag()
Warnmeldungen:
1: Paket 'tidyverse' wurde unter R Version 3.6.3 erstellt 
2: Paket 'ggplot2' wurde unter R Version 3.6.3 erstellt 
3: Paket 'tibble' wurde unter R Version 3.6.3 erstellt 
4: Paket 'tidyr' wurde unter R Version 3.6.3 erstellt 
5: Paket 'readr' wurde unter R Version 3.6.3 erstellt 
6: Paket 'purrr' wurde unter R Version 3.6.3 erstellt 
7: Paket 'dplyr' wurde unter R Version 3.6.3 erstellt 
8: Paket 'stringr' wurde unter R Version 3.6.3 erstellt 
9: Paket 'forcats' wurde unter R Version 3.6.3 erstellt 
Warnmeldung:
Paket 'readxl' wurde unter R Version 3.6.3 erstellt 
Warnmeldung:
Paket 'rio' wurde unter R Version 3.6.3 erstellt 
Warnmeldung:
Paket 'googlesheets4' wurde unter R Version 3.6.3 erstellt 

Attache Paket: 'googledrive'

The following objects are masked from 'package:googlesheets4':

    request_generate, request_make

Warnmeldung:
Paket 'googledrive' wurde unter R Version 3.6.3 erstellt 

Attache Paket: 'lubridate'

The following objects are masked from 'package:base':

    date, intersect, setdiff, union

Warnmeldung:
Paket 'lubridate' wurde unter R Version 3.6.3 erstellt 
Reading from "Texas input template"
Range "'database'"
New names:
* `` -> ...1
New names:
* `` -> ...2
* `` -> ...3
* `` -> ...4
* `` -> ...5
* `` -> ...6
Fehler: Problem with `mutate()` input `d_f`.
x cannot coerce type 'closure' to vector of type 'double'
i Input `d_f` is `as.Date(as.numeric(Date), origin = "1899-12-30")`.
Backtrace:
     x
  1. \-`%>%`(...)
  2.   +-base::withVisible(eval(quote(`_fseq`(`_lhs`)), env, env))
  3.   \-base::eval(quote(`_fseq`(`_lhs`)), env, env)
  4.     \-base::eval(quote(`_fseq`(`_lhs`)), env, env)
  5.       \-`_fseq`(`_lhs`)
  6.         \-magrittr::freduce(value, `_function_list`)
  7.           \-function_list[[i]](value)
  8.             +-dplyr::mutate(., d_f = as.Date(as.numeric(Date), origin = "1899-12-30"))
  9.             \-dplyr:::mutate.data.frame(...)
 10.               \-dplyr:::mutate_cols(.data, ...)
<parent: error/simpleError>
Backtrace:
x
Ausführung angehalten
