-- Attaching packages --------------------------------------- tidyverse 1.3.0 --
v ggplot2 3.3.0     v purrr   0.3.4
v tibble  3.0.1     v dplyr   0.8.5
v tidyr   1.1.0     v stringr 1.4.0
v readr   1.3.1     v forcats 0.5.0
-- Conflicts ------------------------------------------ tidyverse_conflicts() --
x dplyr::filter() masks stats::filter()
x dplyr::lag()    masks stats::lag()
Warnmeldungen:
1: Paket 'tidyverse' wurde unter R Version 3.6.3 erstellt 
2: Paket 'ggplot2' wurde unter R Version 3.6.3 erstellt 
3: Paket 'tibble' wurde unter R Version 3.6.3 erstellt 
4: Paket 'tidyr' wurde unter R Version 3.6.3 erstellt 
5: Paket 'readr' wurde unter R Version 3.6.3 erstellt 
6: Paket 'purrr' wurde unter R Version 3.6.3 erstellt 
7: Paket 'dplyr' wurde unter R Version 3.6.3 erstellt 
8: Paket 'stringr' wurde unter R Version 3.6.3 erstellt 
9: Paket 'forcats' wurde unter R Version 3.6.3 erstellt 

Attache Paket: 'lubridate'

The following objects are masked from 'package:dplyr':

    intersect, setdiff, union

The following objects are masked from 'package:base':

    date, intersect, setdiff, union

Warnmeldung:
Paket 'lubridate' wurde unter R Version 3.6.3 erstellt 
Warnmeldung:
Paket 'googlesheets4' wurde unter R Version 3.6.3 erstellt 

Attache Paket: 'googledrive'

The following objects are masked from 'package:googlesheets4':

    request_generate, request_make

Warnmeldung:
Paket 'googledrive' wurde unter R Version 3.6.3 erstellt 
Reading from "Virginia input template"
Range "'database'"
Parsed with column specification:
cols(
  `Report Date` = col_character(),
  `Health District` = col_character(),
  `Age Group` = col_character(),
  `Number of Cases` = col_double(),
  `Number of Hospitalizations` = col_double(),
  `Number of Deaths` = col_double()
)
Parsed with column specification:
cols(
  `Report Date` = col_character(),
  `Health District` = col_character(),
  Sex = col_character(),
  `Number of Cases` = col_double(),
  `Number of Hospitalizations` = col_double(),
  `Number of Deaths` = col_double()
)
Parsed with column specification:
cols(
  `Lab Report Date` = col_character(),
  `Health District` = col_character(),
  `Number of PCR Testing Encounters` = col_double(),
  `Number of Positive PCR Testing Encounters` = col_double(),
  `Total Number of Testing Encounters` = col_double(),
  `Total Number of Positive Testing Encounters` = col_double()
)
Writing to "Virginia input template"
Appending 27 row(s) to "database"
Auto-refreshing stale OAuth token.
Created Drive file:
  * US_VA02.07.2020cases&deaths: 1-sAYdyNmZCMfcnGzfotYRLdRtg3iOsCCoWTPMOQWy9k
with MIME type:
  * application/vnd.google-apps.spreadsheet
Writing to "US_VA02.07.2020cases&deaths"
Writing to sheet "cases_deaths_age"
Writing to "US_VA02.07.2020cases&deaths"
Writing to sheet "cases_deaths_sex"
Writing to "US_VA02.07.2020cases&deaths"
Writing to sheet "tests"
Fehler: Expected content type 'application/json' not 'text/html'.
<!DOCTYPE html>
<html lang=en>
  <meta charset=utf-8>
  <meta name=viewport content="initial-scale=1, minimum-scale=1, width=device-width">
  <title>Error 502 (Server Error)!!1</title>
  <style>
  ...
Zusätzlich: Warnmeldungen:
1: All formats failed to parse. No formats found. 
2: In max.default(numeric(0), na.rm = FALSE) :
  kein nicht-fehlendes Argument für max; gebe -Inf zurück
3: Expected 2 pieces. Missing pieces filled with `NA` in 70 rows [10, 14, 17, 18, 33, 46, 63, 66, 73, 74, 75, 77, 82, 83, 90, 107, 108, 119, 120, 122, ...]. 
Ausführung angehalten
-- Attaching packages --------------------------------------- tidyverse 1.3.0 --
v ggplot2 3.3.0     v purrr   0.3.4
v tibble  3.0.1     v dplyr   0.8.5
v tidyr   1.1.0     v stringr 1.4.0
v readr   1.3.1     v forcats 0.5.0
-- Conflicts ------------------------------------------ tidyverse_conflicts() --
x dplyr::filter() masks stats::filter()
x dplyr::lag()    masks stats::lag()
Warnmeldungen:
1: Paket 'tidyverse' wurde unter R Version 3.6.3 erstellt 
2: Paket 'ggplot2' wurde unter R Version 3.6.3 erstellt 
3: Paket 'tibble' wurde unter R Version 3.6.3 erstellt 
4: Paket 'tidyr' wurde unter R Version 3.6.3 erstellt 
5: Paket 'readr' wurde unter R Version 3.6.3 erstellt 
6: Paket 'purrr' wurde unter R Version 3.6.3 erstellt 
7: Paket 'dplyr' wurde unter R Version 3.6.3 erstellt 
8: Paket 'stringr' wurde unter R Version 3.6.3 erstellt 
9: Paket 'forcats' wurde unter R Version 3.6.3 erstellt 

Attache Paket: 'lubridate'

The following objects are masked from 'package:dplyr':

    intersect, setdiff, union

The following objects are masked from 'package:base':

    date, intersect, setdiff, union

Warnmeldung:
Paket 'lubridate' wurde unter R Version 3.6.3 erstellt 
Warnmeldung:
Paket 'googlesheets4' wurde unter R Version 3.6.3 erstellt 

Attache Paket: 'googledrive'

The following objects are masked from 'package:googlesheets4':

    request_generate, request_make

Warnmeldung:
Paket 'googledrive' wurde unter R Version 3.6.3 erstellt 
Reading from "Virginia input template"
Range "'database'"
Parsed with column specification:
cols(
  `Report Date` = col_character(),
  `Health District` = col_character(),
  `Age Group` = col_character(),
  `Number of Cases` = col_double(),
  `Number of Hospitalizations` = col_double(),
  `Number of Deaths` = col_double()
)
Parsed with column specification:
cols(
  `Report Date` = col_character(),
  `Health District` = col_character(),
  Sex = col_character(),
  `Number of Cases` = col_double(),
  `Number of Hospitalizations` = col_double(),
  `Number of Deaths` = col_double()
)
Parsed with column specification:
cols(
  `Lab Report Date` = col_character(),
  `Health District` = col_character(),
  `Number of PCR Testing Encounters` = col_double(),
  `Number of Positive PCR Testing Encounters` = col_double(),
  `Total Number of Testing Encounters` = col_double(),
  `Total Number of Positive Testing Encounters` = col_double()
)
Writing to "Virginia input template"
Appending 27 row(s) to "database"
Auto-refreshing stale OAuth token.
Created Drive file:
  * US_VA03.07.2020cases&deaths: 1fMOc81IagP5YamGri0HRG-EouYlWcwvQeYm8sFkLhEU
with MIME type:
  * application/vnd.google-apps.spreadsheet
Writing to "US_VA03.07.2020cases&deaths"
Writing to sheet "cases_deaths_age"
Writing to "US_VA03.07.2020cases&deaths"
Writing to sheet "cases_deaths_sex"
Writing to "US_VA03.07.2020cases&deaths"
Writing to sheet "tests"
Deleting these sheet(s) from "US_VA03.07.2020cases&deaths":
* Sheet1
Warnmeldungen:
1: All formats failed to parse. No formats found. 
2: In max.default(numeric(0), na.rm = FALSE) :
  kein nicht-fehlendes Argument für max; gebe -Inf zurück
3: Expected 2 pieces. Missing pieces filled with `NA` in 70 rows [10, 14, 17, 18, 33, 46, 58, 65, 69, 70, 76, 82, 88, 112, 115, 122, 123, 124, 126, 131, ...]. 
-- Attaching packages --------------------------------------- tidyverse 1.3.0 --
v ggplot2 3.3.0     v purrr   0.3.4
v tibble  3.0.1     v dplyr   0.8.5
v tidyr   1.1.0     v stringr 1.4.0
v readr   1.3.1     v forcats 0.5.0
-- Conflicts ------------------------------------------ tidyverse_conflicts() --
x dplyr::filter() masks stats::filter()
x dplyr::lag()    masks stats::lag()
Warnmeldungen:
1: Paket 'tidyverse' wurde unter R Version 3.6.3 erstellt 
2: Paket 'ggplot2' wurde unter R Version 3.6.3 erstellt 
3: Paket 'tibble' wurde unter R Version 3.6.3 erstellt 
4: Paket 'tidyr' wurde unter R Version 3.6.3 erstellt 
5: Paket 'readr' wurde unter R Version 3.6.3 erstellt 
6: Paket 'purrr' wurde unter R Version 3.6.3 erstellt 
7: Paket 'dplyr' wurde unter R Version 3.6.3 erstellt 
8: Paket 'stringr' wurde unter R Version 3.6.3 erstellt 
9: Paket 'forcats' wurde unter R Version 3.6.3 erstellt 

Attache Paket: 'lubridate'

The following objects are masked from 'package:dplyr':

    intersect, setdiff, union

The following objects are masked from 'package:base':

    date, intersect, setdiff, union

Warnmeldung:
Paket 'lubridate' wurde unter R Version 3.6.3 erstellt 
Warnmeldung:
Paket 'googlesheets4' wurde unter R Version 3.6.3 erstellt 

Attache Paket: 'googledrive'

The following objects are masked from 'package:googlesheets4':

    request_generate, request_make

Warnmeldung:
Paket 'googledrive' wurde unter R Version 3.6.3 erstellt 
Reading from "Virginia input template"
Range "'database'"
Warnmeldung:
 1 failed to parse. 
Parsed with column specification:
cols(
  `Report Date` = col_character(),
  `Health District` = col_character(),
  `Age Group` = col_character(),
  `Number of Cases` = col_double(),
  `Number of Hospitalizations` = col_double(),
  `Number of Deaths` = col_double()
)
Parsed with column specification:
cols(
  `Report Date` = col_character(),
  `Health District` = col_character(),
  Sex = col_character(),
  `Number of Cases` = col_double(),
  `Number of Hospitalizations` = col_double(),
  `Number of Deaths` = col_double()
)
Parsed with column specification:
cols(
  `Lab Report Date` = col_character(),
  `Health District` = col_character(),
  `Number of PCR Testing Encounters` = col_double(),
  `Number of Positive PCR Testing Encounters` = col_double(),
  `Total Number of Testing Encounters` = col_double(),
  `Total Number of Positive Testing Encounters` = col_double()
)
Fehler in if (date_f > last_date_drive) { : 
  Fehlender Wert, wo TRUE/FALSE nötig ist
Ausführung angehalten
-- Attaching packages --------------------------------------- tidyverse 1.3.0 --
v ggplot2 3.3.0     v purrr   0.3.4
v tibble  3.0.1     v dplyr   0.8.5
v tidyr   1.1.0     v stringr 1.4.0
v readr   1.3.1     v forcats 0.5.0
-- Conflicts ------------------------------------------ tidyverse_conflicts() --
x dplyr::filter() masks stats::filter()
x dplyr::lag()    masks stats::lag()
Warnmeldungen:
1: Paket 'tidyverse' wurde unter R Version 3.6.3 erstellt 
2: Paket 'ggplot2' wurde unter R Version 3.6.3 erstellt 
3: Paket 'tibble' wurde unter R Version 3.6.3 erstellt 
4: Paket 'tidyr' wurde unter R Version 3.6.3 erstellt 
5: Paket 'readr' wurde unter R Version 3.6.3 erstellt 
6: Paket 'purrr' wurde unter R Version 3.6.3 erstellt 
7: Paket 'dplyr' wurde unter R Version 3.6.3 erstellt 
8: Paket 'stringr' wurde unter R Version 3.6.3 erstellt 
9: Paket 'forcats' wurde unter R Version 3.6.3 erstellt 

Attache Paket: 'lubridate'

The following objects are masked from 'package:dplyr':

    intersect, setdiff, union

The following objects are masked from 'package:base':

    date, intersect, setdiff, union

Warnmeldung:
Paket 'lubridate' wurde unter R Version 3.6.3 erstellt 
Warnmeldung:
Paket 'googlesheets4' wurde unter R Version 3.6.3 erstellt 

Attache Paket: 'googledrive'

The following objects are masked from 'package:googlesheets4':

    request_generate, request_make

Warnmeldung:
Paket 'googledrive' wurde unter R Version 3.6.3 erstellt 
Reading from "Virginia input template"
Range "'database'"
Parsed with column specification:
cols(
  `Report Date` = col_character(),
  `Health District` = col_character(),
  `Age Group` = col_character(),
  `Number of Cases` = col_double(),
  `Number of Hospitalizations` = col_double(),
  `Number of Deaths` = col_double()
)
Parsed with column specification:
cols(
  `Report Date` = col_character(),
  `Health District` = col_character(),
  Sex = col_character(),
  `Number of Cases` = col_double(),
  `Number of Hospitalizations` = col_double(),
  `Number of Deaths` = col_double()
)
Parsed with column specification:
cols(
  `Lab Report Date` = col_character(),
  `Health District` = col_character(),
  `Number of PCR Testing Encounters` = col_double(),
  `Number of Positive PCR Testing Encounters` = col_double(),
  `Total Number of Testing Encounters` = col_double(),
  `Total Number of Positive Testing Encounters` = col_double()
)
no new updates so far, last date: 2020-07-04-- Attaching packages --------------------------------------- tidyverse 1.3.0 --
v ggplot2 3.3.0     v purrr   0.3.4
v tibble  3.0.1     v dplyr   0.8.5
v tidyr   1.1.0     v stringr 1.4.0
v readr   1.3.1     v forcats 0.5.0
-- Conflicts ------------------------------------------ tidyverse_conflicts() --
x dplyr::filter() masks stats::filter()
x dplyr::lag()    masks stats::lag()
Warnmeldungen:
1: Paket 'tidyverse' wurde unter R Version 3.6.3 erstellt 
2: Paket 'ggplot2' wurde unter R Version 3.6.3 erstellt 
3: Paket 'tibble' wurde unter R Version 3.6.3 erstellt 
4: Paket 'tidyr' wurde unter R Version 3.6.3 erstellt 
5: Paket 'readr' wurde unter R Version 3.6.3 erstellt 
6: Paket 'purrr' wurde unter R Version 3.6.3 erstellt 
7: Paket 'dplyr' wurde unter R Version 3.6.3 erstellt 
8: Paket 'stringr' wurde unter R Version 3.6.3 erstellt 
9: Paket 'forcats' wurde unter R Version 3.6.3 erstellt 

Attache Paket: 'lubridate'

The following objects are masked from 'package:dplyr':

    intersect, setdiff, union

The following objects are masked from 'package:base':

    date, intersect, setdiff, union

Warnmeldung:
Paket 'lubridate' wurde unter R Version 3.6.3 erstellt 
Warnmeldung:
Paket 'googlesheets4' wurde unter R Version 3.6.3 erstellt 

Attache Paket: 'googledrive'

The following objects are masked from 'package:googlesheets4':

    request_generate, request_make

Warnmeldung:
Paket 'googledrive' wurde unter R Version 3.6.3 erstellt 
Reading from "Virginia input template"
Range "'database'"
Parsed with column specification:
cols(
  `Report Date` = col_character(),
  `Health District` = col_character(),
  `Age Group` = col_character(),
  `Number of Cases` = col_double(),
  `Number of Hospitalizations` = col_double(),
  `Number of Deaths` = col_double()
)
Parsed with column specification:
cols(
  `Report Date` = col_character(),
  `Health District` = col_character(),
  Sex = col_character(),
  `Number of Cases` = col_double(),
  `Number of Hospitalizations` = col_double(),
  `Number of Deaths` = col_double()
)
Parsed with column specification:
cols(
  `Lab Report Date` = col_character(),
  `Health District` = col_character(),
  `Number of PCR Testing Encounters` = col_double(),
  `Number of Positive PCR Testing Encounters` = col_double(),
  `Total Number of Testing Encounters` = col_double(),
  `Total Number of Positive Testing Encounters` = col_double()
)
Writing to "Virginia input template"
Appending 27 row(s) to "database"
Created Drive file:
  * US_VA05.07.2020cases&deaths: 1q1RU2xwNG9JjQg5fZjoPVBJJZpNX-38IqJyNtM8XwhE
with MIME type:
  * application/vnd.google-apps.spreadsheet
Writing to "US_VA05.07.2020cases&deaths"
Writing to sheet "cases_deaths_age"
Writing to "US_VA05.07.2020cases&deaths"
Writing to sheet "cases_deaths_sex"
Writing to "US_VA05.07.2020cases&deaths"
Writing to sheet "tests"
Deleting these sheet(s) from "US_VA05.07.2020cases&deaths":
* Sheet1
Warnmeldungen:
1: All formats failed to parse. No formats found. 
2: In max.default(numeric(0), na.rm = FALSE) :
  kein nicht-fehlendes Argument für max; gebe -Inf zurück
3: Expected 2 pieces. Missing pieces filled with `NA` in 70 rows [10, 14, 17, 18, 33, 46, 64, 66, 69, 80, 81, 82, 85, 92, 94, 102, 107, 108, 109, 116, ...]. 
-- Attaching packages --------------------------------------- tidyverse 1.3.0 --
v ggplot2 3.3.0     v purrr   0.3.4
v tibble  3.0.1     v dplyr   0.8.5
v tidyr   1.1.0     v stringr 1.4.0
v readr   1.3.1     v forcats 0.5.0
-- Conflicts ------------------------------------------ tidyverse_conflicts() --
x dplyr::filter() masks stats::filter()
x dplyr::lag()    masks stats::lag()
Warnmeldungen:
1: Paket 'tidyverse' wurde unter R Version 3.6.3 erstellt 
2: Paket 'ggplot2' wurde unter R Version 3.6.3 erstellt 
3: Paket 'tibble' wurde unter R Version 3.6.3 erstellt 
4: Paket 'tidyr' wurde unter R Version 3.6.3 erstellt 
5: Paket 'readr' wurde unter R Version 3.6.3 erstellt 
6: Paket 'purrr' wurde unter R Version 3.6.3 erstellt 
7: Paket 'dplyr' wurde unter R Version 3.6.3 erstellt 
8: Paket 'stringr' wurde unter R Version 3.6.3 erstellt 
9: Paket 'forcats' wurde unter R Version 3.6.3 erstellt 

Attache Paket: 'lubridate'

The following objects are masked from 'package:dplyr':

    intersect, setdiff, union

The following objects are masked from 'package:base':

    date, intersect, setdiff, union

Warnmeldung:
Paket 'lubridate' wurde unter R Version 3.6.3 erstellt 
Warnmeldung:
Paket 'googlesheets4' wurde unter R Version 3.6.3 erstellt 

Attache Paket: 'googledrive'

The following objects are masked from 'package:googlesheets4':

    request_generate, request_make

Warnmeldung:
Paket 'googledrive' wurde unter R Version 3.6.3 erstellt 
Reading from "Virginia input template"
Range "'database'"
Warnmeldung:
 1 failed to parse. 
Parsed with column specification:
cols(
  `Report Date` = col_character(),
  `Health District` = col_character(),
  `Age Group` = col_character(),
  `Number of Cases` = col_double(),
  `Number of Hospitalizations` = col_double(),
  `Number of Deaths` = col_double()
)
Parsed with column specification:
cols(
  `Report Date` = col_character(),
  `Health District` = col_character(),
  Sex = col_character(),
  `Number of Cases` = col_double(),
  `Number of Hospitalizations` = col_double(),
  `Number of Deaths` = col_double()
)
Parsed with column specification:
cols(
  `Lab Report Date` = col_character(),
  `Health District` = col_character(),
  `Number of PCR Testing Encounters` = col_double(),
  `Number of Positive PCR Testing Encounters` = col_double(),
  `Total Number of Testing Encounters` = col_double(),
  `Total Number of Positive Testing Encounters` = col_double()
)
Fehler in if (date_f > last_date_drive) { : 
  Fehlender Wert, wo TRUE/FALSE nötig ist
Ausführung angehalten
-- Attaching packages --------------------------------------- tidyverse 1.3.0 --
v ggplot2 3.3.0     v purrr   0.3.4
v tibble  3.0.1     v dplyr   0.8.5
v tidyr   1.1.0     v stringr 1.4.0
v readr   1.3.1     v forcats 0.5.0
-- Conflicts ------------------------------------------ tidyverse_conflicts() --
x dplyr::filter() masks stats::filter()
x dplyr::lag()    masks stats::lag()
Warnmeldungen:
1: Paket 'tidyverse' wurde unter R Version 3.6.3 erstellt 
2: Paket 'ggplot2' wurde unter R Version 3.6.3 erstellt 
3: Paket 'tibble' wurde unter R Version 3.6.3 erstellt 
4: Paket 'tidyr' wurde unter R Version 3.6.3 erstellt 
5: Paket 'readr' wurde unter R Version 3.6.3 erstellt 
6: Paket 'purrr' wurde unter R Version 3.6.3 erstellt 
7: Paket 'dplyr' wurde unter R Version 3.6.3 erstellt 
8: Paket 'stringr' wurde unter R Version 3.6.3 erstellt 
9: Paket 'forcats' wurde unter R Version 3.6.3 erstellt 

Attache Paket: 'lubridate'

The following objects are masked from 'package:dplyr':

    intersect, setdiff, union

The following objects are masked from 'package:base':

    date, intersect, setdiff, union

Warnmeldung:
Paket 'lubridate' wurde unter R Version 3.6.3 erstellt 
Warnmeldung:
Paket 'googlesheets4' wurde unter R Version 3.6.3 erstellt 

Attache Paket: 'googledrive'

The following objects are masked from 'package:googlesheets4':

    request_generate, request_make

Warnmeldung:
Paket 'googledrive' wurde unter R Version 3.6.3 erstellt 
Reading from "Virginia input template"
Range "'database'"
Warnmeldung:
 1 failed to parse. 
Parsed with column specification:
cols(
  `Report Date` = col_character(),
  `Health District` = col_character(),
  `Age Group` = col_character(),
  `Number of Cases` = col_double(),
  `Number of Hospitalizations` = col_double(),
  `Number of Deaths` = col_double()
)
Parsed with column specification:
cols(
  `Report Date` = col_character(),
  `Health District` = col_character(),
  Sex = col_character(),
  `Number of Cases` = col_double(),
  `Number of Hospitalizations` = col_double(),
  `Number of Deaths` = col_double()
)
Parsed with column specification:
cols(
  `Lab Report Date` = col_character(),
  `Health District` = col_character(),
  `Number of PCR Testing Encounters` = col_double(),
  `Number of Positive PCR Testing Encounters` = col_double(),
  `Total Number of Testing Encounters` = col_double(),
  `Total Number of Positive Testing Encounters` = col_double()
)
Fehler in if (date_f > last_date_drive) { : 
  Fehlender Wert, wo TRUE/FALSE nötig ist
Ausführung angehalten
-- Attaching packages --------------------------------------- tidyverse 1.3.0 --
v ggplot2 3.3.0     v purrr   0.3.4
v tibble  3.0.1     v dplyr   0.8.5
v tidyr   1.1.0     v stringr 1.4.0
v readr   1.3.1     v forcats 0.5.0
-- Conflicts ------------------------------------------ tidyverse_conflicts() --
x dplyr::filter() masks stats::filter()
x dplyr::lag()    masks stats::lag()
Warnmeldungen:
1: Paket 'tidyverse' wurde unter R Version 3.6.3 erstellt 
2: Paket 'ggplot2' wurde unter R Version 3.6.3 erstellt 
3: Paket 'tibble' wurde unter R Version 3.6.3 erstellt 
4: Paket 'tidyr' wurde unter R Version 3.6.3 erstellt 
5: Paket 'readr' wurde unter R Version 3.6.3 erstellt 
6: Paket 'purrr' wurde unter R Version 3.6.3 erstellt 
7: Paket 'dplyr' wurde unter R Version 3.6.3 erstellt 
8: Paket 'stringr' wurde unter R Version 3.6.3 erstellt 
9: Paket 'forcats' wurde unter R Version 3.6.3 erstellt 

Attache Paket: 'lubridate'

The following objects are masked from 'package:dplyr':

    intersect, setdiff, union

The following objects are masked from 'package:base':

    date, intersect, setdiff, union

Warnmeldung:
Paket 'lubridate' wurde unter R Version 3.6.3 erstellt 
Warnmeldung:
Paket 'googlesheets4' wurde unter R Version 3.6.3 erstellt 

Attache Paket: 'googledrive'

The following objects are masked from 'package:googlesheets4':

    request_generate, request_make

Warnmeldung:
Paket 'googledrive' wurde unter R Version 3.6.3 erstellt 
Reading from "Virginia input template"
Range "'database'"
Parsed with column specification:
cols(
  `Report Date` = col_character(),
  `Health District` = col_character(),
  `Age Group` = col_character(),
  `Number of Cases` = col_double(),
  `Number of Hospitalizations` = col_double(),
  `Number of Deaths` = col_double()
)
no new updates so far, last date: 2020-07-08-- Attaching packages --------------------------------------- tidyverse 1.3.0 --
v ggplot2 3.3.0     v purrr   0.3.4
v tibble  3.0.1     v dplyr   0.8.5
v tidyr   1.1.0     v stringr 1.4.0
v readr   1.3.1     v forcats 0.5.0
-- Conflicts ------------------------------------------ tidyverse_conflicts() --
x dplyr::filter() masks stats::filter()
x dplyr::lag()    masks stats::lag()
Warnmeldungen:
1: Paket 'tidyverse' wurde unter R Version 3.6.3 erstellt 
2: Paket 'ggplot2' wurde unter R Version 3.6.3 erstellt 
3: Paket 'tibble' wurde unter R Version 3.6.3 erstellt 
4: Paket 'tidyr' wurde unter R Version 3.6.3 erstellt 
5: Paket 'readr' wurde unter R Version 3.6.3 erstellt 
6: Paket 'purrr' wurde unter R Version 3.6.3 erstellt 
7: Paket 'dplyr' wurde unter R Version 3.6.3 erstellt 
8: Paket 'stringr' wurde unter R Version 3.6.3 erstellt 
9: Paket 'forcats' wurde unter R Version 3.6.3 erstellt 

Attache Paket: 'lubridate'

The following objects are masked from 'package:dplyr':

    intersect, setdiff, union

The following objects are masked from 'package:base':

    date, intersect, setdiff, union

Warnmeldung:
Paket 'lubridate' wurde unter R Version 3.6.3 erstellt 
Warnmeldung:
Paket 'googlesheets4' wurde unter R Version 3.6.3 erstellt 

Attache Paket: 'googledrive'

The following objects are masked from 'package:googlesheets4':

    request_generate, request_make

Warnmeldung:
Paket 'googledrive' wurde unter R Version 3.6.3 erstellt 
Reading from "Virginia input template"
Range "'database'"
Parsed with column specification:
cols(
  `Report Date` = col_character(),
  `Health District` = col_character(),
  `Age Group` = col_character(),
  `Number of Cases` = col_double(),
  `Number of Hospitalizations` = col_double(),
  `Number of Deaths` = col_double()
)
Parsed with column specification:
cols(
  `Report Date` = col_character(),
  `Health District` = col_character(),
  Sex = col_character(),
  `Number of Cases` = col_double(),
  `Number of Hospitalizations` = col_double(),
  `Number of Deaths` = col_double()
)
Parsed with column specification:
cols(
  `Lab Report Date` = col_character(),
  `Health District` = col_character(),
  `Number of PCR Testing Encounters` = col_double(),
  `Number of Positive PCR Testing Encounters` = col_double(),
  `Total Number of Testing Encounters` = col_double(),
  `Total Number of Positive Testing Encounters` = col_double()
)
Writing to "Virginia input template"
Appending 27 row(s) to "database"
Created Drive file:
  * US_VA10.07.2020cases&deaths: 1DgAFZWVc0QJ3jNLlidfSxtmfMV1mAey5Ixn9H9MedOg
with MIME type:
  * application/vnd.google-apps.spreadsheet
Writing to "US_VA10.07.2020cases&deaths"
Writing to sheet "cases_deaths_age"
Writing to "US_VA10.07.2020cases&deaths"
Writing to sheet "cases_deaths_sex"
Writing to "US_VA10.07.2020cases&deaths"
Writing to sheet "tests"
Deleting these sheet(s) from "US_VA10.07.2020cases&deaths":
* Sheet1
Warnmeldungen:
1:  37 failed to parse. 
2: Expected 2 pieces. Missing pieces filled with `NA` in 70 rows [10, 14, 17, 18, 33, 46, 64, 66, 69, 80, 81, 82, 85, 92, 94, 104, 111, 115, 116, 122, ...]. 
-- Attaching packages --------------------------------------- tidyverse 1.3.0 --
v ggplot2 3.3.0     v purrr   0.3.4
v tibble  3.0.1     v dplyr   0.8.5
v tidyr   1.1.0     v stringr 1.4.0
v readr   1.3.1     v forcats 0.5.0
-- Conflicts ------------------------------------------ tidyverse_conflicts() --
x dplyr::filter() masks stats::filter()
x dplyr::lag()    masks stats::lag()
Warnmeldungen:
1: Paket 'tidyverse' wurde unter R Version 3.6.3 erstellt 
2: Paket 'ggplot2' wurde unter R Version 3.6.3 erstellt 
3: Paket 'tibble' wurde unter R Version 3.6.3 erstellt 
4: Paket 'tidyr' wurde unter R Version 3.6.3 erstellt 
5: Paket 'readr' wurde unter R Version 3.6.3 erstellt 
6: Paket 'purrr' wurde unter R Version 3.6.3 erstellt 
7: Paket 'dplyr' wurde unter R Version 3.6.3 erstellt 
8: Paket 'stringr' wurde unter R Version 3.6.3 erstellt 
9: Paket 'forcats' wurde unter R Version 3.6.3 erstellt 

Attache Paket: 'lubridate'

The following objects are masked from 'package:dplyr':

    intersect, setdiff, union

The following objects are masked from 'package:base':

    date, intersect, setdiff, union

Warnmeldung:
Paket 'lubridate' wurde unter R Version 3.6.3 erstellt 
Warnmeldung:
Paket 'googlesheets4' wurde unter R Version 3.6.3 erstellt 

Attache Paket: 'googledrive'

The following objects are masked from 'package:googlesheets4':

    request_generate, request_make

Warnmeldung:
Paket 'googledrive' wurde unter R Version 3.6.3 erstellt 
Reading from "Virginia input template"
Range "'database'"
Parsed with column specification:
cols(
  `Report Date` = col_character(),
  `Health District` = col_character(),
  `Age Group` = col_character(),
  `Number of Cases` = col_double(),
  `Number of Hospitalizations` = col_double(),
  `Number of Deaths` = col_double()
)
no new updates so far, last date: 2020-07-10-- Attaching packages --------------------------------------- tidyverse 1.3.0 --
v ggplot2 3.3.0     v purrr   0.3.4
v tibble  3.0.1     v dplyr   0.8.5
v tidyr   1.1.0     v stringr 1.4.0
v readr   1.3.1     v forcats 0.5.0
-- Conflicts ------------------------------------------ tidyverse_conflicts() --
x dplyr::filter() masks stats::filter()
x dplyr::lag()    masks stats::lag()
Warnmeldungen:
1: Paket 'tidyverse' wurde unter R Version 3.6.3 erstellt 
2: Paket 'ggplot2' wurde unter R Version 3.6.3 erstellt 
3: Paket 'tibble' wurde unter R Version 3.6.3 erstellt 
4: Paket 'tidyr' wurde unter R Version 3.6.3 erstellt 
5: Paket 'readr' wurde unter R Version 3.6.3 erstellt 
6: Paket 'purrr' wurde unter R Version 3.6.3 erstellt 
7: Paket 'dplyr' wurde unter R Version 3.6.3 erstellt 
8: Paket 'stringr' wurde unter R Version 3.6.3 erstellt 
9: Paket 'forcats' wurde unter R Version 3.6.3 erstellt 

Attache Paket: 'lubridate'

The following objects are masked from 'package:dplyr':

    intersect, setdiff, union

The following objects are masked from 'package:base':

    date, intersect, setdiff, union

Warnmeldung:
Paket 'lubridate' wurde unter R Version 3.6.3 erstellt 
Warnmeldung:
Paket 'googlesheets4' wurde unter R Version 3.6.3 erstellt 

Attache Paket: 'googledrive'

The following objects are masked from 'package:googlesheets4':

    request_generate, request_make

Warnmeldung:
Paket 'googledrive' wurde unter R Version 3.6.3 erstellt 
Reading from "Virginia input template"
Range "'database'"
Parsed with column specification:
cols(
  `Report Date` = col_character(),
  `Health District` = col_character(),
  `Age Group` = col_character(),
  `Number of Cases` = col_double(),
  `Number of Hospitalizations` = col_double(),
  `Number of Deaths` = col_double()
)
Parsed with column specification:
cols(
  `Report Date` = col_character(),
  `Health District` = col_character(),
  Sex = col_character(),
  `Number of Cases` = col_double(),
  `Number of Hospitalizations` = col_double(),
  `Number of Deaths` = col_double()
)
Parsed with column specification:
cols(
  `Lab Report Date` = col_character(),
  `Health District` = col_character(),
  `Number of PCR Testing Encounters` = col_double(),
  `Number of Positive PCR Testing Encounters` = col_double(),
  `Total Number of Testing Encounters` = col_double(),
  `Total Number of Positive Testing Encounters` = col_double()
)
Writing to "Virginia input template"
Appending 27 row(s) to "database"
Auto-refreshing stale OAuth token.
Created Drive file:
  * US_VA11.07.2020cases&deaths: 1nKmSwr5hk4-Jj72QAtjwHdL995mXau99oeJNIG4brZE
with MIME type:
  * application/vnd.google-apps.spreadsheet
Writing to "US_VA11.07.2020cases&deaths"
Writing to sheet "cases_deaths_age"
Writing to "US_VA11.07.2020cases&deaths"
Writing to sheet "cases_deaths_sex"
Writing to "US_VA11.07.2020cases&deaths"
Writing to sheet "tests"
Deleting these sheet(s) from "US_VA11.07.2020cases&deaths":
* Sheet1
Warnmeldungen:
1:  37 failed to parse. 
2: Expected 2 pieces. Missing pieces filled with `NA` in 70 rows [8, 10, 13, 24, 25, 26, 29, 36, 38, 48, 55, 59, 60, 66, 72, 78, 99, 104, 108, 110, ...]. 
-- Attaching packages --------------------------------------- tidyverse 1.3.0 --
v ggplot2 3.3.0     v purrr   0.3.4
v tibble  3.0.1     v dplyr   0.8.5
v tidyr   1.1.0     v stringr 1.4.0
v readr   1.3.1     v forcats 0.5.0
-- Conflicts ------------------------------------------ tidyverse_conflicts() --
x dplyr::filter() masks stats::filter()
x dplyr::lag()    masks stats::lag()
Warnmeldungen:
1: Paket 'tidyverse' wurde unter R Version 3.6.3 erstellt 
2: Paket 'ggplot2' wurde unter R Version 3.6.3 erstellt 
3: Paket 'tibble' wurde unter R Version 3.6.3 erstellt 
4: Paket 'tidyr' wurde unter R Version 3.6.3 erstellt 
5: Paket 'readr' wurde unter R Version 3.6.3 erstellt 
6: Paket 'purrr' wurde unter R Version 3.6.3 erstellt 
7: Paket 'dplyr' wurde unter R Version 3.6.3 erstellt 
8: Paket 'stringr' wurde unter R Version 3.6.3 erstellt 
9: Paket 'forcats' wurde unter R Version 3.6.3 erstellt 

Attache Paket: 'lubridate'

The following objects are masked from 'package:dplyr':

    intersect, setdiff, union

The following objects are masked from 'package:base':

    date, intersect, setdiff, union

Warnmeldung:
Paket 'lubridate' wurde unter R Version 3.6.3 erstellt 
Warnmeldung:
Paket 'googlesheets4' wurde unter R Version 3.6.3 erstellt 

Attache Paket: 'googledrive'

The following objects are masked from 'package:googlesheets4':

    request_generate, request_make

Warnmeldung:
Paket 'googledrive' wurde unter R Version 3.6.3 erstellt 
Reading from "Virginia input template"
Range "'database'"
Parsed with column specification:
cols(
  `Report Date` = col_character(),
  `Health District` = col_character(),
  `Age Group` = col_character(),
  `Number of Cases` = col_double(),
  `Number of Hospitalizations` = col_double(),
  `Number of Deaths` = col_double()
)
Parsed with column specification:
cols(
  `Report Date` = col_character(),
  `Health District` = col_character(),
  Sex = col_character(),
  `Number of Cases` = col_double(),
  `Number of Hospitalizations` = col_double(),
  `Number of Deaths` = col_double()
)
Parsed with column specification:
cols(
  `Lab Report Date` = col_character(),
  `Health District` = col_character(),
  `Number of PCR Testing Encounters` = col_double(),
  `Number of Positive PCR Testing Encounters` = col_double(),
  `Total Number of Testing Encounters` = col_double(),
  `Total Number of Positive Testing Encounters` = col_double()
)
Writing to "Virginia input template"
Appending 27 row(s) to "database"
Auto-refreshing stale OAuth token.
Created Drive file:
  * US_VA12.07.2020cases&deaths: 1NEDtqP8QW_1HTMwmDiPhkKgov1p-ket9THdIt3w0Rr4
with MIME type:
  * application/vnd.google-apps.spreadsheet
Writing to "US_VA12.07.2020cases&deaths"
Writing to sheet "cases_deaths_age"
Writing to "US_VA12.07.2020cases&deaths"
Writing to sheet "cases_deaths_sex"
Writing to "US_VA12.07.2020cases&deaths"
Writing to sheet "tests"
Deleting these sheet(s) from "US_VA12.07.2020cases&deaths":
* Sheet1
Warnmeldungen:
1:  37 failed to parse. 
2: Expected 2 pieces. Missing pieces filled with `NA` in 70 rows [3, 6, 13, 14, 15, 17, 22, 23, 34, 36, 39, 50, 51, 52, 55, 62, 64, 87, 88, 99, ...]. 
-- Attaching packages --------------------------------------- tidyverse 1.3.0 --
v ggplot2 3.3.0     v purrr   0.3.4
v tibble  3.0.1     v dplyr   0.8.5
v tidyr   1.1.0     v stringr 1.4.0
v readr   1.3.1     v forcats 0.5.0
-- Conflicts ------------------------------------------ tidyverse_conflicts() --
x dplyr::filter() masks stats::filter()
x dplyr::lag()    masks stats::lag()
Warnmeldungen:
1: Paket 'tidyverse' wurde unter R Version 3.6.3 erstellt 
2: Paket 'ggplot2' wurde unter R Version 3.6.3 erstellt 
3: Paket 'tibble' wurde unter R Version 3.6.3 erstellt 
4: Paket 'tidyr' wurde unter R Version 3.6.3 erstellt 
5: Paket 'readr' wurde unter R Version 3.6.3 erstellt 
6: Paket 'purrr' wurde unter R Version 3.6.3 erstellt 
7: Paket 'dplyr' wurde unter R Version 3.6.3 erstellt 
8: Paket 'stringr' wurde unter R Version 3.6.3 erstellt 
9: Paket 'forcats' wurde unter R Version 3.6.3 erstellt 

Attache Paket: 'lubridate'

The following objects are masked from 'package:dplyr':

    intersect, setdiff, union

The following objects are masked from 'package:base':

    date, intersect, setdiff, union

Warnmeldung:
Paket 'lubridate' wurde unter R Version 3.6.3 erstellt 
Warnmeldung:
Paket 'googlesheets4' wurde unter R Version 3.6.3 erstellt 

Attache Paket: 'googledrive'

The following objects are masked from 'package:googlesheets4':

    request_generate, request_make

Warnmeldung:
Paket 'googledrive' wurde unter R Version 3.6.3 erstellt 
Reading from "Virginia input template"
Range "'database'"
Parsed with column specification:
cols(
  `Report Date` = col_character(),
  `Health District` = col_character(),
  `Age Group` = col_character(),
  `Number of Cases` = col_double(),
  `Number of Hospitalizations` = col_double(),
  `Number of Deaths` = col_double()
)
Parsed with column specification:
cols(
  `Report Date` = col_character(),
  `Health District` = col_character(),
  Sex = col_character(),
  `Number of Cases` = col_double(),
  `Number of Hospitalizations` = col_double(),
  `Number of Deaths` = col_double()
)
Parsed with column specification:
cols(
  `Lab Report Date` = col_character(),
  `Health District` = col_character(),
  `Number of PCR Testing Encounters` = col_double(),
  `Number of Positive PCR Testing Encounters` = col_double(),
  `Total Number of Testing Encounters` = col_double(),
  `Total Number of Positive Testing Encounters` = col_double()
)
Writing to "Virginia input template"
Appending 27 row(s) to "database"
Auto-refreshing stale OAuth token.
Created Drive file:
  * US_VA13.07.2020cases&deaths: 1HN478cpAKI0HqOBTSYoQ81lcofp8B39WKwfL6fRfZAo
with MIME type:
  * application/vnd.google-apps.spreadsheet
Writing to "US_VA13.07.2020cases&deaths"
Writing to sheet "cases_deaths_age"
Writing to "US_VA13.07.2020cases&deaths"
Writing to sheet "cases_deaths_sex"
Writing to "US_VA13.07.2020cases&deaths"
Writing to sheet "tests"
Deleting these sheet(s) from "US_VA13.07.2020cases&deaths":
* Sheet1
Warnmeldungen:
1:  37 failed to parse. 
2: Expected 2 pieces. Missing pieces filled with `NA` in 70 rows [5, 9, 11, 17, 19, 20, 21, 24, 26, 28, 35, 36, 40, 41, 44, 59, 62, 68, 79, 83, ...]. 
-- Attaching packages --------------------------------------- tidyverse 1.3.0 --
v ggplot2 3.3.0     v purrr   0.3.4
v tibble  3.0.1     v dplyr   0.8.5
v tidyr   1.1.0     v stringr 1.4.0
v readr   1.3.1     v forcats 0.5.0
-- Conflicts ------------------------------------------ tidyverse_conflicts() --
x dplyr::filter() masks stats::filter()
x dplyr::lag()    masks stats::lag()
Warnmeldungen:
1: Paket 'tidyverse' wurde unter R Version 3.6.3 erstellt 
2: Paket 'ggplot2' wurde unter R Version 3.6.3 erstellt 
3: Paket 'tibble' wurde unter R Version 3.6.3 erstellt 
4: Paket 'tidyr' wurde unter R Version 3.6.3 erstellt 
5: Paket 'readr' wurde unter R Version 3.6.3 erstellt 
6: Paket 'purrr' wurde unter R Version 3.6.3 erstellt 
7: Paket 'dplyr' wurde unter R Version 3.6.3 erstellt 
8: Paket 'stringr' wurde unter R Version 3.6.3 erstellt 
9: Paket 'forcats' wurde unter R Version 3.6.3 erstellt 

Attache Paket: 'lubridate'

The following objects are masked from 'package:dplyr':

    intersect, setdiff, union

The following objects are masked from 'package:base':

    date, intersect, setdiff, union

Warnmeldung:
Paket 'lubridate' wurde unter R Version 3.6.3 erstellt 
Warnmeldung:
Paket 'googlesheets4' wurde unter R Version 3.6.3 erstellt 

Attache Paket: 'googledrive'

The following objects are masked from 'package:googlesheets4':

    request_generate, request_make

Warnmeldung:
Paket 'googledrive' wurde unter R Version 3.6.3 erstellt 
Reading from "Virginia input template"
Range "'database'"
Parsed with column specification:
cols(
  `Report Date` = col_character(),
  `Health District` = col_character(),
  `Age Group` = col_character(),
  `Number of Cases` = col_double(),
  `Number of Hospitalizations` = col_double(),
  `Number of Deaths` = col_double()
)
Parsed with column specification:
cols(
  `Report Date` = col_character(),
  `Health District` = col_character(),
  Sex = col_character(),
  `Number of Cases` = col_double(),
  `Number of Hospitalizations` = col_double(),
  `Number of Deaths` = col_double()
)
Parsed with column specification:
cols(
  `Lab Report Date` = col_character(),
  `Health District` = col_character(),
  `Number of PCR Testing Encounters` = col_double(),
  `Number of Positive PCR Testing Encounters` = col_double(),
  `Total Number of Testing Encounters` = col_double(),
  `Total Number of Positive Testing Encounters` = col_double()
)
Writing to "Virginia input template"
Appending 27 row(s) to "database"
Created Drive file:
  * US_VA14.07.2020cases&deaths: 16DBXrui2qb_7wfYRZ8_t771m-Uql2AI4x39G1Yg-78M
with MIME type:
  * application/vnd.google-apps.spreadsheet
Writing to "US_VA14.07.2020cases&deaths"
Writing to sheet "cases_deaths_age"
Writing to "US_VA14.07.2020cases&deaths"
Writing to sheet "cases_deaths_sex"
Writing to "US_VA14.07.2020cases&deaths"
Writing to sheet "tests"
Deleting these sheet(s) from "US_VA14.07.2020cases&deaths":
* Sheet1
Warnmeldungen:
1:  37 failed to parse. 
2: Expected 2 pieces. Missing pieces filled with `NA` in 70 rows [10, 14, 17, 18, 33, 46, 64, 66, 69, 72, 80, 84, 86, 92, 94, 95, 96, 99, 101, 103, ...]. 
-- Attaching packages --------------------------------------- tidyverse 1.3.0 --
v ggplot2 3.3.0     v purrr   0.3.4
v tibble  3.0.3     v dplyr   1.0.0
v tidyr   1.1.0     v stringr 1.4.0
v readr   1.3.1     v forcats 0.5.0
-- Conflicts ------------------------------------------ tidyverse_conflicts() --
x dplyr::filter() masks stats::filter()
x dplyr::lag()    masks stats::lag()
Warnmeldungen:
1: Paket 'tidyverse' wurde unter R Version 3.6.3 erstellt 
2: Paket 'ggplot2' wurde unter R Version 3.6.3 erstellt 
3: Paket 'tibble' wurde unter R Version 3.6.3 erstellt 
4: Paket 'tidyr' wurde unter R Version 3.6.3 erstellt 
5: Paket 'readr' wurde unter R Version 3.6.3 erstellt 
6: Paket 'purrr' wurde unter R Version 3.6.3 erstellt 
7: Paket 'dplyr' wurde unter R Version 3.6.3 erstellt 
8: Paket 'stringr' wurde unter R Version 3.6.3 erstellt 
9: Paket 'forcats' wurde unter R Version 3.6.3 erstellt 

Attache Paket: 'lubridate'

The following objects are masked from 'package:base':

    date, intersect, setdiff, union

Warnmeldung:
Paket 'lubridate' wurde unter R Version 3.6.3 erstellt 
Warnmeldung:
Paket 'googlesheets4' wurde unter R Version 3.6.3 erstellt 

Attache Paket: 'googledrive'

The following objects are masked from 'package:googlesheets4':

    request_generate, request_make

Warnmeldung:
Paket 'googledrive' wurde unter R Version 3.6.3 erstellt 
Auto-refreshing stale OAuth token.
Reading from "Virginia input template"
Range "'database'"
Parsed with column specification:
cols(
  `Report Date` = col_character(),
  `Health District` = col_character(),
  `Age Group` = col_character(),
  `Number of Cases` = col_double(),
  `Number of Hospitalizations` = col_double(),
  `Number of Deaths` = col_double()
)
Parsed with column specification:
cols(
  `Report Date` = col_character(),
  `Health District` = col_character(),
  Sex = col_character(),
  `Number of Cases` = col_double(),
  `Number of Hospitalizations` = col_double(),
  `Number of Deaths` = col_double()
)
Parsed with column specification:
cols(
  `Lab Report Date` = col_character(),
  `Health District` = col_character(),
  `Number of PCR Testing Encounters` = col_double(),
  `Number of Positive PCR Testing Encounters` = col_double(),
  `Total Number of Testing Encounters` = col_double(),
  `Total Number of Positive Testing Encounters` = col_double()
)
`summarise()` ungrouping output (override with `.groups` argument)
`summarise()` ungrouping output (override with `.groups` argument)
Writing to "Virginia input template"
Appending 27 row(s) to "database"
Created Drive file:
  * US_VA15.07.2020cases&deaths: 1Z5AX3hyei0qkCg_XudEgpMCBCAfglInHn3kVzNv-kcs
with MIME type:
  * application/vnd.google-apps.spreadsheet
Writing to "US_VA15.07.2020cases&deaths"
Writing to sheet "cases_deaths_age"
Writing to "US_VA15.07.2020cases&deaths"
Writing to sheet "cases_deaths_sex"
Writing to "US_VA15.07.2020cases&deaths"
Writing to sheet "tests"
Deleting these sheet(s) from "US_VA15.07.2020cases&deaths":
* Sheet1
Warnmeldungen:
1:  37 failed to parse. 
2: Expected 2 pieces. Missing pieces filled with `NA` in 70 rows [8, 12, 14, 20, 22, 23, 24, 27, 29, 31, 38, 39, 43, 44, 47, 62, 65, 70, 87, 88, ...]. 
-- Attaching packages --------------------------------------- tidyverse 1.3.0 --
v ggplot2 3.3.0     v purrr   0.3.4
v tibble  3.0.3     v dplyr   1.0.0
v tidyr   1.1.0     v stringr 1.4.0
v readr   1.3.1     v forcats 0.5.0
-- Conflicts ------------------------------------------ tidyverse_conflicts() --
x dplyr::filter() masks stats::filter()
x dplyr::lag()    masks stats::lag()
Warnmeldungen:
1: Paket 'tidyverse' wurde unter R Version 3.6.3 erstellt 
2: Paket 'ggplot2' wurde unter R Version 3.6.3 erstellt 
3: Paket 'tibble' wurde unter R Version 3.6.3 erstellt 
4: Paket 'tidyr' wurde unter R Version 3.6.3 erstellt 
5: Paket 'readr' wurde unter R Version 3.6.3 erstellt 
6: Paket 'purrr' wurde unter R Version 3.6.3 erstellt 
7: Paket 'dplyr' wurde unter R Version 3.6.3 erstellt 
8: Paket 'stringr' wurde unter R Version 3.6.3 erstellt 
9: Paket 'forcats' wurde unter R Version 3.6.3 erstellt 

Attache Paket: 'lubridate'

The following objects are masked from 'package:base':

    date, intersect, setdiff, union

Warnmeldung:
Paket 'lubridate' wurde unter R Version 3.6.3 erstellt 
Warnmeldung:
Paket 'googlesheets4' wurde unter R Version 3.6.3 erstellt 

Attache Paket: 'googledrive'

The following objects are masked from 'package:googlesheets4':

    request_generate, request_make

Warnmeldung:
Paket 'googledrive' wurde unter R Version 3.6.3 erstellt 
Auto-refreshing stale OAuth token.
Reading from "Virginia input template"
Range "'database'"
Parsed with column specification:
cols(
  `Report Date` = col_character(),
  `Health District` = col_character(),
  `Age Group` = col_character(),
  `Number of Cases` = col_double(),
  `Number of Hospitalizations` = col_double(),
  `Number of Deaths` = col_double()
)
Parsed with column specification:
cols(
  `Report Date` = col_character(),
  `Health District` = col_character(),
  Sex = col_character(),
  `Number of Cases` = col_double(),
  `Number of Hospitalizations` = col_double(),
  `Number of Deaths` = col_double()
)
Parsed with column specification:
cols(
  `Lab Report Date` = col_character(),
  `Health District` = col_character(),
  `Number of PCR Testing Encounters` = col_double(),
  `Number of Positive PCR Testing Encounters` = col_double(),
  `Total Number of Testing Encounters` = col_double(),
  `Total Number of Positive Testing Encounters` = col_double()
)
`summarise()` ungrouping output (override with `.groups` argument)
`summarise()` ungrouping output (override with `.groups` argument)
Writing to "Virginia input template"
Appending 27 row(s) to "database"
Created Drive file:
  * US_VA20.07.2020cases&deaths: 1koe_ziDWPh7fCoZyDuOJPDZwLE3KrYPcJ0sXnn3DRhI
with MIME type:
  * application/vnd.google-apps.spreadsheet
Writing to "US_VA20.07.2020cases&deaths"
Writing to sheet "cases_deaths_age"
Writing to "US_VA20.07.2020cases&deaths"
Writing to sheet "cases_deaths_sex"
Writing to "US_VA20.07.2020cases&deaths"
Writing to sheet "tests"
Deleting these sheet(s) from "US_VA20.07.2020cases&deaths":
* Sheet1
Warnmeldungen:
1:  37 failed to parse. 
2: Expected 2 pieces. Missing pieces filled with `NA` in 70 rows [10, 12, 15, 26, 27, 28, 31, 38, 40, 47, 64, 65, 76, 77, 79, 83, 84, 86, 90, 93, ...]. 
-- Attaching packages --------------------------------------- tidyverse 1.3.0 --
v ggplot2 3.3.0     v purrr   0.3.4
v tibble  3.0.3     v dplyr   1.0.0
v tidyr   1.1.0     v stringr 1.4.0
v readr   1.3.1     v forcats 0.5.0
-- Conflicts ------------------------------------------ tidyverse_conflicts() --
x dplyr::filter() masks stats::filter()
x dplyr::lag()    masks stats::lag()
Warnmeldungen:
1: Paket 'tidyverse' wurde unter R Version 3.6.3 erstellt 
2: Paket 'ggplot2' wurde unter R Version 3.6.3 erstellt 
3: Paket 'tibble' wurde unter R Version 3.6.3 erstellt 
4: Paket 'tidyr' wurde unter R Version 3.6.3 erstellt 
5: Paket 'readr' wurde unter R Version 3.6.3 erstellt 
6: Paket 'purrr' wurde unter R Version 3.6.3 erstellt 
7: Paket 'dplyr' wurde unter R Version 3.6.3 erstellt 
8: Paket 'stringr' wurde unter R Version 3.6.3 erstellt 
9: Paket 'forcats' wurde unter R Version 3.6.3 erstellt 

Attache Paket: 'lubridate'

The following objects are masked from 'package:base':

    date, intersect, setdiff, union

Warnmeldung:
Paket 'lubridate' wurde unter R Version 3.6.3 erstellt 
Warnmeldung:
Paket 'googlesheets4' wurde unter R Version 3.6.3 erstellt 

Attache Paket: 'googledrive'

The following objects are masked from 'package:googlesheets4':

    request_generate, request_make

Warnmeldung:
Paket 'googledrive' wurde unter R Version 3.6.3 erstellt 
Reading from "Virginia input template"
Range "'database'"
Parsed with column specification:
cols(
  `Report Date` = col_character(),
  `Health District` = col_character(),
  `Age Group` = col_character(),
  `Number of Cases` = col_double(),
  `Number of Hospitalizations` = col_double(),
  `Number of Deaths` = col_double()
)
Parsed with column specification:
cols(
  `Report Date` = col_character(),
  `Health District` = col_character(),
  Sex = col_character(),
  `Number of Cases` = col_double(),
  `Number of Hospitalizations` = col_double(),
  `Number of Deaths` = col_double()
)
Parsed with column specification:
cols(
  `Lab Report Date` = col_character(),
  `Health District` = col_character(),
  `Number of PCR Testing Encounters` = col_double(),
  `Number of Positive PCR Testing Encounters` = col_double(),
  `Total Number of Testing Encounters` = col_double(),
  `Total Number of Positive Testing Encounters` = col_double()
)
`summarise()` ungrouping output (override with `.groups` argument)
`summarise()` ungrouping output (override with `.groups` argument)
Writing to "Virginia input template"
Appending 27 row(s) to "database"
Created Drive file:
  * US_VA21.07.2020cases&deaths: 13-5q6svMSNUqFqXYqwCQsePQwOTe2ECdBUT9x0QJOAc
with MIME type:
  * application/vnd.google-apps.spreadsheet
Writing to "US_VA21.07.2020cases&deaths"
Writing to sheet "cases_deaths_age"
Writing to "US_VA21.07.2020cases&deaths"
Writing to sheet "cases_deaths_sex"
Writing to "US_VA21.07.2020cases&deaths"
Writing to sheet "tests"
Deleting these sheet(s) from "US_VA21.07.2020cases&deaths":
* Sheet1
Warnmeldungen:
1: All formats failed to parse. No formats found. 
2: In max.default(numeric(0), na.rm = FALSE) :
  kein nicht-fehlendes Argument für max; gebe -Inf zurück
3: Expected 2 pieces. Missing pieces filled with `NA` in 70 rows [10, 14, 17, 18, 33, 46, 55, 72, 73, 84, 85, 87, 91, 92, 94, 98, 101, 111, 113, 116, ...]. 
-- Attaching packages --------------------------------------- tidyverse 1.3.0 --
v ggplot2 3.3.0     v purrr   0.3.4
v tibble  3.0.3     v dplyr   1.0.0
v tidyr   1.1.0     v stringr 1.4.0
v readr   1.3.1     v forcats 0.5.0
-- Conflicts ------------------------------------------ tidyverse_conflicts() --
x dplyr::filter() masks stats::filter()
x dplyr::lag()    masks stats::lag()
Warnmeldungen:
1: Paket 'tidyverse' wurde unter R Version 3.6.3 erstellt 
2: Paket 'ggplot2' wurde unter R Version 3.6.3 erstellt 
3: Paket 'tibble' wurde unter R Version 3.6.3 erstellt 
4: Paket 'tidyr' wurde unter R Version 3.6.3 erstellt 
5: Paket 'readr' wurde unter R Version 3.6.3 erstellt 
6: Paket 'purrr' wurde unter R Version 3.6.3 erstellt 
7: Paket 'dplyr' wurde unter R Version 3.6.3 erstellt 
8: Paket 'stringr' wurde unter R Version 3.6.3 erstellt 
9: Paket 'forcats' wurde unter R Version 3.6.3 erstellt 

Attache Paket: 'lubridate'

The following objects are masked from 'package:base':

    date, intersect, setdiff, union

Warnmeldung:
Paket 'lubridate' wurde unter R Version 3.6.3 erstellt 
Warnmeldung:
Paket 'googlesheets4' wurde unter R Version 3.6.3 erstellt 

Attache Paket: 'googledrive'

The following objects are masked from 'package:googlesheets4':

    request_generate, request_make

Warnmeldung:
Paket 'googledrive' wurde unter R Version 3.6.3 erstellt 
Reading from "Virginia input template"
Range "'database'"
Warnmeldung:
 1 failed to parse. 
Parsed with column specification:
cols(
  `Report Date` = col_character(),
  `Health District` = col_character(),
  `Age Group` = col_character(),
  `Number of Cases` = col_double(),
  `Number of Hospitalizations` = col_double(),
  `Number of Deaths` = col_double()
)
no new updates so far, last date: 2020-07-21-- Attaching packages --------------------------------------- tidyverse 1.3.0 --
v ggplot2 3.3.0     v purrr   0.3.4
v tibble  3.0.3     v dplyr   1.0.0
v tidyr   1.1.0     v stringr 1.4.0
v readr   1.3.1     v forcats 0.5.0
-- Conflicts ------------------------------------------ tidyverse_conflicts() --
x dplyr::filter() masks stats::filter()
x dplyr::lag()    masks stats::lag()
Warnmeldungen:
1: Paket 'tidyverse' wurde unter R Version 3.6.3 erstellt 
2: Paket 'ggplot2' wurde unter R Version 3.6.3 erstellt 
3: Paket 'tibble' wurde unter R Version 3.6.3 erstellt 
4: Paket 'tidyr' wurde unter R Version 3.6.3 erstellt 
5: Paket 'readr' wurde unter R Version 3.6.3 erstellt 
6: Paket 'purrr' wurde unter R Version 3.6.3 erstellt 
7: Paket 'dplyr' wurde unter R Version 3.6.3 erstellt 
8: Paket 'stringr' wurde unter R Version 3.6.3 erstellt 
9: Paket 'forcats' wurde unter R Version 3.6.3 erstellt 

Attache Paket: 'lubridate'

The following objects are masked from 'package:base':

    date, intersect, setdiff, union

Warnmeldung:
Paket 'lubridate' wurde unter R Version 3.6.3 erstellt 
Warnmeldung:
Paket 'googlesheets4' wurde unter R Version 3.6.3 erstellt 

Attache Paket: 'googledrive'

The following objects are masked from 'package:googlesheets4':

    request_generate, request_make

Warnmeldung:
Paket 'googledrive' wurde unter R Version 3.6.3 erstellt 
Reading from "Virginia input template"
Range "'database'"
Warnmeldung:
 1 failed to parse. 
Parsed with column specification:
cols(
  `Report Date` = col_character(),
  `Health District` = col_character(),
  `Age Group` = col_character(),
  `Number of Cases` = col_double(),
  `Number of Hospitalizations` = col_double(),
  `Number of Deaths` = col_double()
)
no new updates so far, last date: 2020-07-21-- Attaching packages --------------------------------------- tidyverse 1.3.0 --
v ggplot2 3.3.0     v purrr   0.3.4
v tibble  3.0.3     v dplyr   1.0.0
v tidyr   1.1.0     v stringr 1.4.0
v readr   1.3.1     v forcats 0.5.0
-- Conflicts ------------------------------------------ tidyverse_conflicts() --
x dplyr::filter() masks stats::filter()
x dplyr::lag()    masks stats::lag()
Warnmeldungen:
1: Paket 'tidyverse' wurde unter R Version 3.6.3 erstellt 
2: Paket 'ggplot2' wurde unter R Version 3.6.3 erstellt 
3: Paket 'tibble' wurde unter R Version 3.6.3 erstellt 
4: Paket 'tidyr' wurde unter R Version 3.6.3 erstellt 
5: Paket 'readr' wurde unter R Version 3.6.3 erstellt 
6: Paket 'purrr' wurde unter R Version 3.6.3 erstellt 
7: Paket 'dplyr' wurde unter R Version 3.6.3 erstellt 
8: Paket 'stringr' wurde unter R Version 3.6.3 erstellt 
9: Paket 'forcats' wurde unter R Version 3.6.3 erstellt 

Attache Paket: 'lubridate'

The following objects are masked from 'package:base':

    date, intersect, setdiff, union

Warnmeldung:
Paket 'lubridate' wurde unter R Version 3.6.3 erstellt 
Warnmeldung:
Paket 'googlesheets4' wurde unter R Version 3.6.3 erstellt 

Attache Paket: 'googledrive'

The following objects are masked from 'package:googlesheets4':

    request_generate, request_make

Warnmeldung:
Paket 'googledrive' wurde unter R Version 3.6.3 erstellt 
Reading from "Virginia input template"
Range "'database'"
Warnmeldung:
 1 failed to parse. 
Parsed with column specification:
cols(
  `Report Date` = col_character(),
  `Health District` = col_character(),
  `Age Group` = col_character(),
  `Number of Cases` = col_double(),
  `Number of Hospitalizations` = col_double(),
  `Number of Deaths` = col_double()
)
no new updates so far, last date: 2020-07-21-- Attaching packages --------------------------------------- tidyverse 1.3.0 --
v ggplot2 3.3.0     v purrr   0.3.4
v tibble  3.0.3     v dplyr   1.0.0
v tidyr   1.1.0     v stringr 1.4.0
v readr   1.3.1     v forcats 0.5.0
-- Conflicts ------------------------------------------ tidyverse_conflicts() --
x dplyr::filter() masks stats::filter()
x dplyr::lag()    masks stats::lag()
Warnmeldungen:
1: Paket 'tidyverse' wurde unter R Version 3.6.3 erstellt 
2: Paket 'ggplot2' wurde unter R Version 3.6.3 erstellt 
3: Paket 'tibble' wurde unter R Version 3.6.3 erstellt 
4: Paket 'tidyr' wurde unter R Version 3.6.3 erstellt 
5: Paket 'readr' wurde unter R Version 3.6.3 erstellt 
6: Paket 'purrr' wurde unter R Version 3.6.3 erstellt 
7: Paket 'dplyr' wurde unter R Version 3.6.3 erstellt 
8: Paket 'stringr' wurde unter R Version 3.6.3 erstellt 
9: Paket 'forcats' wurde unter R Version 3.6.3 erstellt 

Attache Paket: 'lubridate'

The following objects are masked from 'package:base':

    date, intersect, setdiff, union

Warnmeldung:
Paket 'lubridate' wurde unter R Version 3.6.3 erstellt 
Warnmeldung:
Paket 'googlesheets4' wurde unter R Version 3.6.3 erstellt 

Attache Paket: 'googledrive'

The following objects are masked from 'package:googlesheets4':

    request_generate, request_make

Warnmeldung:
Paket 'googledrive' wurde unter R Version 3.6.3 erstellt 
Reading from "Virginia input template"
Range "'database'"
Warnmeldung:
 1 failed to parse. 
[1] "2020-07-28"
Parsed with column specification:
cols(
  `Report Date` = col_character(),
  `Health District` = col_character(),
  `Age Group` = col_character(),
  `Number of Cases` = col_double(),
  `Number of Hospitalizations` = col_double(),
  `Number of Deaths` = col_double()
)
no new updates so far, last date: 2020-03-29