-- Attaching packages --------------------------------------- tidyverse 1.3.0 --
v ggplot2 3.3.0     v purrr   0.3.4
v tibble  3.0.1     v dplyr   0.8.5
v tidyr   1.1.0     v stringr 1.4.0
v readr   1.3.1     v forcats 0.5.0
-- Conflicts ------------------------------------------ tidyverse_conflicts() --
x dplyr::filter() masks stats::filter()
x dplyr::lag()    masks stats::lag()
Warnmeldungen:
1: Paket 'tidyverse' wurde unter R Version 3.6.3 erstellt 
2: Paket 'ggplot2' wurde unter R Version 3.6.3 erstellt 
3: Paket 'tibble' wurde unter R Version 3.6.3 erstellt 
4: Paket 'tidyr' wurde unter R Version 3.6.3 erstellt 
5: Paket 'readr' wurde unter R Version 3.6.3 erstellt 
6: Paket 'purrr' wurde unter R Version 3.6.3 erstellt 
7: Paket 'dplyr' wurde unter R Version 3.6.3 erstellt 
8: Paket 'stringr' wurde unter R Version 3.6.3 erstellt 
9: Paket 'forcats' wurde unter R Version 3.6.3 erstellt 

Attache Paket: 'lubridate'

The following objects are masked from 'package:dplyr':

    intersect, setdiff, union

The following objects are masked from 'package:base':

    date, intersect, setdiff, union

Warnmeldung:
Paket 'lubridate' wurde unter R Version 3.6.3 erstellt 
Warnmeldung:
Paket 'googlesheets4' wurde unter R Version 3.6.3 erstellt 

Attache Paket: 'googledrive'

The following objects are masked from 'package:googlesheets4':

    request_generate, request_make

Warnmeldung:
Paket 'googledrive' wurde unter R Version 3.6.3 erstellt 
Parsed with column specification:
cols(
  `Data as of` = col_character(),
  State = col_character(),
  `MMWR Week` = col_double(),
  `Week ending Date` = col_character(),
  Sex = col_character(),
  `Age Group` = col_character(),
  `Total Deaths` = col_double(),
  `COVID-19 Deaths` = col_double()
)
Parsed with column specification:
cols(
  `Data as of` = col_character(),
  `Start week` = col_character(),
  `End Week` = col_character(),
  Group = col_character(),
  State = col_character(),
  Indicator = col_character(),
  `COVID-19 Deaths` = col_double(),
  `Total Deaths` = col_double(),
  `Percent of Expected Deaths` = col_double(),
  `Pneumonia Deaths` = col_double(),
  `Pneumonia and COVID-19 Deaths` = col_double(),
  `Influenza Deaths` = col_double(),
  `Pneumonia, Influenza, or COVID-19 Deaths` = col_double(),
  Footnote = col_character()
)
Writing to "USA inputDB"
Writing to sheet "database"
Auto-refreshing stale OAuth token.
Created Drive file:
  * US_All_03.07.2020cases&deaths: 1lqD6WI4HvdGrO0ccRdsJ5dr8iovgpc7kBuYm43lhLU4
with MIME type:
  * application/vnd.google-apps.spreadsheet
Writing to "US_All_03.07.2020cases&deaths"
Writing to sheet "deaths_age"
Writing to "US_All_03.07.2020cases&deaths"
Writing to sheet "deaths_all"
Deleting these sheet(s) from "US_All_03.07.2020cases&deaths":
* Sheet1
-- Attaching packages --------------------------------------- tidyverse 1.3.0 --
v ggplot2 3.3.0     v purrr   0.3.4
v tibble  3.0.1     v dplyr   0.8.5
v tidyr   1.1.0     v stringr 1.4.0
v readr   1.3.1     v forcats 0.5.0
-- Conflicts ------------------------------------------ tidyverse_conflicts() --
x dplyr::filter() masks stats::filter()
x dplyr::lag()    masks stats::lag()
Warnmeldungen:
1: Paket 'tidyverse' wurde unter R Version 3.6.3 erstellt 
2: Paket 'ggplot2' wurde unter R Version 3.6.3 erstellt 
3: Paket 'tibble' wurde unter R Version 3.6.3 erstellt 
4: Paket 'tidyr' wurde unter R Version 3.6.3 erstellt 
5: Paket 'readr' wurde unter R Version 3.6.3 erstellt 
6: Paket 'purrr' wurde unter R Version 3.6.3 erstellt 
7: Paket 'dplyr' wurde unter R Version 3.6.3 erstellt 
8: Paket 'stringr' wurde unter R Version 3.6.3 erstellt 
9: Paket 'forcats' wurde unter R Version 3.6.3 erstellt 

Attache Paket: 'lubridate'

The following objects are masked from 'package:dplyr':

    intersect, setdiff, union

The following objects are masked from 'package:base':

    date, intersect, setdiff, union

Warnmeldung:
Paket 'lubridate' wurde unter R Version 3.6.3 erstellt 
Warnmeldung:
Paket 'googlesheets4' wurde unter R Version 3.6.3 erstellt 

Attache Paket: 'googledrive'

The following objects are masked from 'package:googlesheets4':

    request_generate, request_make

Warnmeldung:
Paket 'googledrive' wurde unter R Version 3.6.3 erstellt 
Parsed with column specification:
cols(
  `Data as of` = col_character(),
  State = col_character(),
  `MMWR Week` = col_double(),
  `Week ending Date` = col_character(),
  Sex = col_character(),
  `Age Group` = col_character(),
  `Total Deaths` = col_double(),
  `COVID-19 Deaths` = col_double()
)
Parsed with column specification:
cols(
  `Data as of` = col_character(),
  `Start week` = col_character(),
  `End Week` = col_character(),
  Group = col_character(),
  State = col_character(),
  Indicator = col_character(),
  `COVID-19 Deaths` = col_double(),
  `Total Deaths` = col_double(),
  `Percent of Expected Deaths` = col_double(),
  `Pneumonia Deaths` = col_double(),
  `Pneumonia and COVID-19 Deaths` = col_double(),
  `Influenza Deaths` = col_double(),
  `Pneumonia, Influenza, or COVID-19 Deaths` = col_double(),
  Footnote = col_character()
)
Writing to "USA inputDB"
Writing to sheet "database"
Created Drive file:
  * US_All_04.07.2020cases&deaths: 1J_cBK0GT6c2bRVzcjer-qzlfyfvuIuqfPGfdqNKjkek
with MIME type:
  * application/vnd.google-apps.spreadsheet
Writing to "US_All_04.07.2020cases&deaths"
Writing to sheet "deaths_age"
Writing to "US_All_04.07.2020cases&deaths"
Writing to sheet "deaths_all"
Deleting these sheet(s) from "US_All_04.07.2020cases&deaths":
* Sheet1
-- Attaching packages --------------------------------------- tidyverse 1.3.0 --
v ggplot2 3.3.0     v purrr   0.3.4
v tibble  3.0.1     v dplyr   0.8.5
v tidyr   1.1.0     v stringr 1.4.0
v readr   1.3.1     v forcats 0.5.0
-- Conflicts ------------------------------------------ tidyverse_conflicts() --
x dplyr::filter() masks stats::filter()
x dplyr::lag()    masks stats::lag()
Warnmeldungen:
1: Paket 'tidyverse' wurde unter R Version 3.6.3 erstellt 
2: Paket 'ggplot2' wurde unter R Version 3.6.3 erstellt 
3: Paket 'tibble' wurde unter R Version 3.6.3 erstellt 
4: Paket 'tidyr' wurde unter R Version 3.6.3 erstellt 
5: Paket 'readr' wurde unter R Version 3.6.3 erstellt 
6: Paket 'purrr' wurde unter R Version 3.6.3 erstellt 
7: Paket 'dplyr' wurde unter R Version 3.6.3 erstellt 
8: Paket 'stringr' wurde unter R Version 3.6.3 erstellt 
9: Paket 'forcats' wurde unter R Version 3.6.3 erstellt 

Attache Paket: 'lubridate'

The following objects are masked from 'package:dplyr':

    intersect, setdiff, union

The following objects are masked from 'package:base':

    date, intersect, setdiff, union

Warnmeldung:
Paket 'lubridate' wurde unter R Version 3.6.3 erstellt 
Warnmeldung:
Paket 'googlesheets4' wurde unter R Version 3.6.3 erstellt 

Attache Paket: 'googledrive'

The following objects are masked from 'package:googlesheets4':

    request_generate, request_make

Warnmeldung:
Paket 'googledrive' wurde unter R Version 3.6.3 erstellt 
Parsed with column specification:
cols(
  `Data as of` = col_character(),
  State = col_character(),
  `MMWR Week` = col_double(),
  `Week ending Date` = col_character(),
  Sex = col_character(),
  `Age Group` = col_character(),
  `Total Deaths` = col_double(),
  `COVID-19 Deaths` = col_double()
)
Parsed with column specification:
cols(
  `Data as of` = col_character(),
  `Start week` = col_character(),
  `End Week` = col_character(),
  Group = col_character(),
  State = col_character(),
  Indicator = col_character(),
  `COVID-19 Deaths` = col_double(),
  `Total Deaths` = col_double(),
  `Percent of Expected Deaths` = col_double(),
  `Pneumonia Deaths` = col_double(),
  `Pneumonia and COVID-19 Deaths` = col_double(),
  `Influenza Deaths` = col_double(),
  `Pneumonia, Influenza, or COVID-19 Deaths` = col_double(),
  Footnote = col_character()
)
Writing to "USA inputDB"
Writing to sheet "database"
Auto-refreshing stale OAuth token.
Created Drive file:
  * US_All_05.07.2020cases&deaths: 1fPsnm1cwulH80G_Ossuq0nbvdUwgZ8k5gp1Sdb5MlMw
with MIME type:
  * application/vnd.google-apps.spreadsheet
Writing to "US_All_05.07.2020cases&deaths"
Writing to sheet "deaths_age"
Writing to "US_All_05.07.2020cases&deaths"
Writing to sheet "deaths_all"
Deleting these sheet(s) from "US_All_05.07.2020cases&deaths":
* Sheet1
-- Attaching packages --------------------------------------- tidyverse 1.3.0 --
v ggplot2 3.3.0     v purrr   0.3.4
v tibble  3.0.1     v dplyr   0.8.5
v tidyr   1.1.0     v stringr 1.4.0
v readr   1.3.1     v forcats 0.5.0
-- Conflicts ------------------------------------------ tidyverse_conflicts() --
x dplyr::filter() masks stats::filter()
x dplyr::lag()    masks stats::lag()
Warnmeldungen:
1: Paket 'tidyverse' wurde unter R Version 3.6.3 erstellt 
2: Paket 'ggplot2' wurde unter R Version 3.6.3 erstellt 
3: Paket 'tibble' wurde unter R Version 3.6.3 erstellt 
4: Paket 'tidyr' wurde unter R Version 3.6.3 erstellt 
5: Paket 'readr' wurde unter R Version 3.6.3 erstellt 
6: Paket 'purrr' wurde unter R Version 3.6.3 erstellt 
7: Paket 'dplyr' wurde unter R Version 3.6.3 erstellt 
8: Paket 'stringr' wurde unter R Version 3.6.3 erstellt 
9: Paket 'forcats' wurde unter R Version 3.6.3 erstellt 

Attache Paket: 'lubridate'

The following objects are masked from 'package:dplyr':

    intersect, setdiff, union

The following objects are masked from 'package:base':

    date, intersect, setdiff, union

Warnmeldung:
Paket 'lubridate' wurde unter R Version 3.6.3 erstellt 
Warnmeldung:
Paket 'googlesheets4' wurde unter R Version 3.6.3 erstellt 

Attache Paket: 'googledrive'

The following objects are masked from 'package:googlesheets4':

    request_generate, request_make

Warnmeldung:
Paket 'googledrive' wurde unter R Version 3.6.3 erstellt 
Parsed with column specification:
cols(
  `Data as of` = col_character(),
  State = col_character(),
  `MMWR Week` = col_double(),
  `Week ending Date` = col_character(),
  Sex = col_character(),
  `Age Group` = col_character(),
  `Total Deaths` = col_double(),
  `COVID-19 Deaths` = col_double()
)
Parsed with column specification:
cols(
  `Data as of` = col_character(),
  `Start week` = col_character(),
  `End Week` = col_character(),
  Group = col_character(),
  State = col_character(),
  Indicator = col_character(),
  `COVID-19 Deaths` = col_double(),
  `Total Deaths` = col_double(),
  `Percent of Expected Deaths` = col_double(),
  `Pneumonia Deaths` = col_double(),
  `Pneumonia and COVID-19 Deaths` = col_double(),
  `Influenza Deaths` = col_double(),
  `Pneumonia, Influenza, or COVID-19 Deaths` = col_double(),
  Footnote = col_character()
)
Writing to "USA inputDB"
Writing to sheet "database"
Created Drive file:
  * US_All_06.07.2020cases&deaths: 1uIb-ImJUweEQYjDRQE-qrYYV-cVfUi9PTL8czgWPmJs
with MIME type:
  * application/vnd.google-apps.spreadsheet
Writing to "US_All_06.07.2020cases&deaths"
Writing to sheet "deaths_age"
Writing to "US_All_06.07.2020cases&deaths"
Writing to sheet "deaths_all"
Deleting these sheet(s) from "US_All_06.07.2020cases&deaths":
* Sheet1
-- Attaching packages --------------------------------------- tidyverse 1.3.0 --
v ggplot2 3.3.0     v purrr   0.3.4
v tibble  3.0.1     v dplyr   0.8.5
v tidyr   1.1.0     v stringr 1.4.0
v readr   1.3.1     v forcats 0.5.0
-- Conflicts ------------------------------------------ tidyverse_conflicts() --
x dplyr::filter() masks stats::filter()
x dplyr::lag()    masks stats::lag()
Warnmeldungen:
1: Paket 'tidyverse' wurde unter R Version 3.6.3 erstellt 
2: Paket 'ggplot2' wurde unter R Version 3.6.3 erstellt 
3: Paket 'tibble' wurde unter R Version 3.6.3 erstellt 
4: Paket 'tidyr' wurde unter R Version 3.6.3 erstellt 
5: Paket 'readr' wurde unter R Version 3.6.3 erstellt 
6: Paket 'purrr' wurde unter R Version 3.6.3 erstellt 
7: Paket 'dplyr' wurde unter R Version 3.6.3 erstellt 
8: Paket 'stringr' wurde unter R Version 3.6.3 erstellt 
9: Paket 'forcats' wurde unter R Version 3.6.3 erstellt 

Attache Paket: 'lubridate'

The following objects are masked from 'package:dplyr':

    intersect, setdiff, union

The following objects are masked from 'package:base':

    date, intersect, setdiff, union

Warnmeldung:
Paket 'lubridate' wurde unter R Version 3.6.3 erstellt 
Warnmeldung:
Paket 'googlesheets4' wurde unter R Version 3.6.3 erstellt 

Attache Paket: 'googledrive'

The following objects are masked from 'package:googlesheets4':

    request_generate, request_make

Warnmeldung:
Paket 'googledrive' wurde unter R Version 3.6.3 erstellt 
Parsed with column specification:
cols(
  `Data as of` = col_character(),
  State = col_character(),
  `MMWR Week` = col_double(),
  `Week ending Date` = col_character(),
  Sex = col_character(),
  `Age Group` = col_character(),
  `Total Deaths` = col_double(),
  `COVID-19 Deaths` = col_double()
)
Parsed with column specification:
cols(
  `Data as of` = col_character(),
  `Start week` = col_character(),
  `End Week` = col_character(),
  Group = col_character(),
  State = col_character(),
  Indicator = col_character(),
  `COVID-19 Deaths` = col_double(),
  `Total Deaths` = col_double(),
  `Percent of Expected Deaths` = col_double(),
  `Pneumonia Deaths` = col_double(),
  `Pneumonia and COVID-19 Deaths` = col_double(),
  `Influenza Deaths` = col_double(),
  `Pneumonia, Influenza, or COVID-19 Deaths` = col_double(),
  Footnote = col_character()
)
Fehler: Server error: (503) UNAVAILABLE
  * Service unavailable. Typically the server is down.
  * The service is currently unavailable.
Backtrace:
    x
 1. \-googlesheets4::write_sheet(...)
 2.   \-googlesheets4::gs4_get(ssid)
 3.     \-googlesheets4:::gs4_get_impl_(as_sheets_id(ss))
 4.       \-gargle::response_process(raw_resp)
 5.         \-gargle:::stop_request_failed(error_message(resp), resp)
Ausführung angehalten
-- Attaching packages --------------------------------------- tidyverse 1.3.0 --
v ggplot2 3.3.0     v purrr   0.3.4
v tibble  3.0.1     v dplyr   0.8.5
v tidyr   1.1.0     v stringr 1.4.0
v readr   1.3.1     v forcats 0.5.0
-- Conflicts ------------------------------------------ tidyverse_conflicts() --
x dplyr::filter() masks stats::filter()
x dplyr::lag()    masks stats::lag()
Warnmeldungen:
1: Paket 'tidyverse' wurde unter R Version 3.6.3 erstellt 
2: Paket 'ggplot2' wurde unter R Version 3.6.3 erstellt 
3: Paket 'tibble' wurde unter R Version 3.6.3 erstellt 
4: Paket 'tidyr' wurde unter R Version 3.6.3 erstellt 
5: Paket 'readr' wurde unter R Version 3.6.3 erstellt 
6: Paket 'purrr' wurde unter R Version 3.6.3 erstellt 
7: Paket 'dplyr' wurde unter R Version 3.6.3 erstellt 
8: Paket 'stringr' wurde unter R Version 3.6.3 erstellt 
9: Paket 'forcats' wurde unter R Version 3.6.3 erstellt 

Attache Paket: 'lubridate'

The following objects are masked from 'package:dplyr':

    intersect, setdiff, union

The following objects are masked from 'package:base':

    date, intersect, setdiff, union

Warnmeldung:
Paket 'lubridate' wurde unter R Version 3.6.3 erstellt 
Warnmeldung:
Paket 'googlesheets4' wurde unter R Version 3.6.3 erstellt 

Attache Paket: 'googledrive'

The following objects are masked from 'package:googlesheets4':

    request_generate, request_make

Warnmeldung:
Paket 'googledrive' wurde unter R Version 3.6.3 erstellt 
Parsed with column specification:
cols(
  `Data as of` = col_character(),
  State = col_character(),
  `MMWR Week` = col_double(),
  `Week ending Date` = col_character(),
  Sex = col_character(),
  `Age Group` = col_character(),
  `Total Deaths` = col_double(),
  `COVID-19 Deaths` = col_double()
)
Parsed with column specification:
cols(
  `Data as of` = col_character(),
  `Start week` = col_character(),
  `End Week` = col_character(),
  Group = col_character(),
  State = col_character(),
  Indicator = col_character(),
  `COVID-19 Deaths` = col_double(),
  `Total Deaths` = col_double(),
  `Percent of Expected Deaths` = col_double(),
  `Pneumonia Deaths` = col_double(),
  `Pneumonia and COVID-19 Deaths` = col_double(),
  `Influenza Deaths` = col_double(),
  `Pneumonia, Influenza, or COVID-19 Deaths` = col_double(),
  Footnote = col_character()
)
Writing to "USA inputDB"
Writing to sheet "database"
Auto-refreshing stale OAuth token.
Created Drive file:
  * US_All_08.07.2020cases&deaths: 1mn_8NQL6aafpyQe6dgJlc4bQjditcDmDi06irPXS1T8
with MIME type:
  * application/vnd.google-apps.spreadsheet
Writing to "US_All_08.07.2020cases&deaths"
Writing to sheet "deaths_age"
Writing to "US_All_08.07.2020cases&deaths"
Writing to sheet "deaths_all"
Deleting these sheet(s) from "US_All_08.07.2020cases&deaths":
* Sheet1
-- Attaching packages --------------------------------------- tidyverse 1.3.0 --
v ggplot2 3.3.0     v purrr   0.3.4
v tibble  3.0.1     v dplyr   0.8.5
v tidyr   1.1.0     v stringr 1.4.0
v readr   1.3.1     v forcats 0.5.0
-- Conflicts ------------------------------------------ tidyverse_conflicts() --
x dplyr::filter() masks stats::filter()
x dplyr::lag()    masks stats::lag()
Warnmeldungen:
1: Paket 'tidyverse' wurde unter R Version 3.6.3 erstellt 
2: Paket 'ggplot2' wurde unter R Version 3.6.3 erstellt 
3: Paket 'tibble' wurde unter R Version 3.6.3 erstellt 
4: Paket 'tidyr' wurde unter R Version 3.6.3 erstellt 
5: Paket 'readr' wurde unter R Version 3.6.3 erstellt 
6: Paket 'purrr' wurde unter R Version 3.6.3 erstellt 
7: Paket 'dplyr' wurde unter R Version 3.6.3 erstellt 
8: Paket 'stringr' wurde unter R Version 3.6.3 erstellt 
9: Paket 'forcats' wurde unter R Version 3.6.3 erstellt 

Attache Paket: 'lubridate'

The following objects are masked from 'package:dplyr':

    intersect, setdiff, union

The following objects are masked from 'package:base':

    date, intersect, setdiff, union

Warnmeldung:
Paket 'lubridate' wurde unter R Version 3.6.3 erstellt 
Warnmeldung:
Paket 'googlesheets4' wurde unter R Version 3.6.3 erstellt 

Attache Paket: 'googledrive'

The following objects are masked from 'package:googlesheets4':

    request_generate, request_make

Warnmeldung:
Paket 'googledrive' wurde unter R Version 3.6.3 erstellt 
Parsed with column specification:
cols(
  `Data as of` = col_character(),
  State = col_character(),
  `MMWR Week` = col_double(),
  `Week ending Date` = col_character(),
  Sex = col_character(),
  `Age Group` = col_character(),
  `Total Deaths` = col_double(),
  `COVID-19 Deaths` = col_double()
)
Parsed with column specification:
cols(
  `Data as of` = col_character(),
  `Start week` = col_character(),
  `End Week` = col_character(),
  Group = col_character(),
  State = col_character(),
  Indicator = col_character(),
  `COVID-19 Deaths` = col_double(),
  `Total Deaths` = col_double(),
  `Percent of Expected Deaths` = col_double(),
  `Pneumonia Deaths` = col_double(),
  `Pneumonia and COVID-19 Deaths` = col_double(),
  `Influenza Deaths` = col_double(),
  `Pneumonia, Influenza, or COVID-19 Deaths` = col_double(),
  Footnote = col_character()
)
Writing to "USA inputDB"
Writing to sheet "database"
Created Drive file:
  * US_All_09.07.2020cases&deaths: 13dGeh0qOhEbjZrqYU_ZpPvireT5B9owsl9sLYthcgfg
with MIME type:
  * application/vnd.google-apps.spreadsheet
Writing to "US_All_09.07.2020cases&deaths"
Writing to sheet "deaths_age"
Writing to "US_All_09.07.2020cases&deaths"
Writing to sheet "deaths_all"
Deleting these sheet(s) from "US_All_09.07.2020cases&deaths":
* Sheet1
-- Attaching packages --------------------------------------- tidyverse 1.3.0 --
v ggplot2 3.3.0     v purrr   0.3.4
v tibble  3.0.1     v dplyr   0.8.5
v tidyr   1.1.0     v stringr 1.4.0
v readr   1.3.1     v forcats 0.5.0
-- Conflicts ------------------------------------------ tidyverse_conflicts() --
x dplyr::filter() masks stats::filter()
x dplyr::lag()    masks stats::lag()
Warnmeldungen:
1: Paket 'tidyverse' wurde unter R Version 3.6.3 erstellt 
2: Paket 'ggplot2' wurde unter R Version 3.6.3 erstellt 
3: Paket 'tibble' wurde unter R Version 3.6.3 erstellt 
4: Paket 'tidyr' wurde unter R Version 3.6.3 erstellt 
5: Paket 'readr' wurde unter R Version 3.6.3 erstellt 
6: Paket 'purrr' wurde unter R Version 3.6.3 erstellt 
7: Paket 'dplyr' wurde unter R Version 3.6.3 erstellt 
8: Paket 'stringr' wurde unter R Version 3.6.3 erstellt 
9: Paket 'forcats' wurde unter R Version 3.6.3 erstellt 

Attache Paket: 'lubridate'

The following objects are masked from 'package:dplyr':

    intersect, setdiff, union

The following objects are masked from 'package:base':

    date, intersect, setdiff, union

Warnmeldung:
Paket 'lubridate' wurde unter R Version 3.6.3 erstellt 
Warnmeldung:
Paket 'googlesheets4' wurde unter R Version 3.6.3 erstellt 

Attache Paket: 'googledrive'

The following objects are masked from 'package:googlesheets4':

    request_generate, request_make

Warnmeldung:
Paket 'googledrive' wurde unter R Version 3.6.3 erstellt 
Parsed with column specification:
cols(
  `Data as of` = col_character(),
  State = col_character(),
  `MMWR Week` = col_double(),
  `Week ending Date` = col_character(),
  Sex = col_character(),
  `Age Group` = col_character(),
  `Total Deaths` = col_double(),
  `COVID-19 Deaths` = col_double()
)
Parsed with column specification:
cols(
  `Data as of` = col_character(),
  `Start week` = col_character(),
  `End Week` = col_character(),
  Group = col_character(),
  State = col_character(),
  Indicator = col_character(),
  `COVID-19 Deaths` = col_double(),
  `Total Deaths` = col_double(),
  `Percent of Expected Deaths` = col_double(),
  `Pneumonia Deaths` = col_double(),
  `Pneumonia and COVID-19 Deaths` = col_double(),
  `Influenza Deaths` = col_double(),
  `Pneumonia, Influenza, or COVID-19 Deaths` = col_double(),
  Footnote = col_character()
)
Writing to "USA inputDB"
Writing to sheet "database"
Created Drive file:
  * US_All_10.07.2020cases&deaths: 1JWBeBup0g6nzEh0hc7x2RsaOSAcPYTqk4PkhI4u3A6A
with MIME type:
  * application/vnd.google-apps.spreadsheet
Writing to "US_All_10.07.2020cases&deaths"
Writing to sheet "deaths_age"
Writing to "US_All_10.07.2020cases&deaths"
Writing to sheet "deaths_all"
Deleting these sheet(s) from "US_All_10.07.2020cases&deaths":
* Sheet1
Created Drive file:
  * US_All_10.07.2020cases&deaths: 1edOgVeanlRPqttWs3qx5Z9ZOSIUl0rxMXPBVkj07BSE
with MIME type:
  * application/vnd.google-apps.spreadsheet
Writing to "US_All_10.07.2020cases&deaths"
Writing to sheet "deaths_age"
Writing to "US_All_10.07.2020cases&deaths"
Writing to sheet "deaths_all"
Deleting these sheet(s) from "US_All_10.07.2020cases&deaths":
* Sheet1
-- Attaching packages --------------------------------------- tidyverse 1.3.0 --
v ggplot2 3.3.0     v purrr   0.3.4
v tibble  3.0.1     v dplyr   0.8.5
v tidyr   1.1.0     v stringr 1.4.0
v readr   1.3.1     v forcats 0.5.0
-- Conflicts ------------------------------------------ tidyverse_conflicts() --
x dplyr::filter() masks stats::filter()
x dplyr::lag()    masks stats::lag()
Warnmeldungen:
1: Paket 'tidyverse' wurde unter R Version 3.6.3 erstellt 
2: Paket 'ggplot2' wurde unter R Version 3.6.3 erstellt 
3: Paket 'tibble' wurde unter R Version 3.6.3 erstellt 
4: Paket 'tidyr' wurde unter R Version 3.6.3 erstellt 
5: Paket 'readr' wurde unter R Version 3.6.3 erstellt 
6: Paket 'purrr' wurde unter R Version 3.6.3 erstellt 
7: Paket 'dplyr' wurde unter R Version 3.6.3 erstellt 
8: Paket 'stringr' wurde unter R Version 3.6.3 erstellt 
9: Paket 'forcats' wurde unter R Version 3.6.3 erstellt 

Attache Paket: 'lubridate'

The following objects are masked from 'package:dplyr':

    intersect, setdiff, union

The following objects are masked from 'package:base':

    date, intersect, setdiff, union

Warnmeldung:
Paket 'lubridate' wurde unter R Version 3.6.3 erstellt 
Warnmeldung:
Paket 'googlesheets4' wurde unter R Version 3.6.3 erstellt 

Attache Paket: 'googledrive'

The following objects are masked from 'package:googlesheets4':

    request_generate, request_make

Warnmeldung:
Paket 'googledrive' wurde unter R Version 3.6.3 erstellt 
Parsed with column specification:
cols(
  `Data as of` = col_character(),
  State = col_character(),
  `MMWR Week` = col_double(),
  `Week ending Date` = col_character(),
  Sex = col_character(),
  `Age Group` = col_character(),
  `Total Deaths` = col_double(),
  `COVID-19 Deaths` = col_double()
)
Parsed with column specification:
cols(
  `Data as of` = col_character(),
  `Start week` = col_character(),
  `End Week` = col_character(),
  Group = col_character(),
  State = col_character(),
  Indicator = col_character(),
  `COVID-19 Deaths` = col_double(),
  `Total Deaths` = col_double(),
  `Percent of Expected Deaths` = col_double(),
  `Pneumonia Deaths` = col_double(),
  `Pneumonia and COVID-19 Deaths` = col_double(),
  `Influenza Deaths` = col_double(),
  `Pneumonia, Influenza, or COVID-19 Deaths` = col_double(),
  Footnote = col_character()
)
Writing to "USA inputDB"
Writing to sheet "database"
Created Drive file:
  * US_All_11.07.2020cases&deaths: 14HHa7Iaa4g-lsfyj0QqE7h6puWwx3QICSbG7uojd60M
with MIME type:
  * application/vnd.google-apps.spreadsheet
Writing to "US_All_11.07.2020cases&deaths"
Writing to sheet "deaths_age"
Writing to "US_All_11.07.2020cases&deaths"
Writing to sheet "deaths_all"
Deleting these sheet(s) from "US_All_11.07.2020cases&deaths":
* Sheet1
Created Drive file:
  * US_All_11.07.2020cases&deaths: 164VAFJp77BcLOewFte_DrECpx1yPqrEsc8VSfSbAYrE
with MIME type:
  * application/vnd.google-apps.spreadsheet
Writing to "US_All_11.07.2020cases&deaths"
Writing to sheet "deaths_age"
Writing to "US_All_11.07.2020cases&deaths"
Writing to sheet "deaths_all"
Deleting these sheet(s) from "US_All_11.07.2020cases&deaths":
* Sheet1
-- Attaching packages --------------------------------------- tidyverse 1.3.0 --
v ggplot2 3.3.0     v purrr   0.3.4
v tibble  3.0.1     v dplyr   0.8.5
v tidyr   1.1.0     v stringr 1.4.0
v readr   1.3.1     v forcats 0.5.0
-- Conflicts ------------------------------------------ tidyverse_conflicts() --
x dplyr::filter() masks stats::filter()
x dplyr::lag()    masks stats::lag()
Warnmeldungen:
1: Paket 'tidyverse' wurde unter R Version 3.6.3 erstellt 
2: Paket 'ggplot2' wurde unter R Version 3.6.3 erstellt 
3: Paket 'tibble' wurde unter R Version 3.6.3 erstellt 
4: Paket 'tidyr' wurde unter R Version 3.6.3 erstellt 
5: Paket 'readr' wurde unter R Version 3.6.3 erstellt 
6: Paket 'purrr' wurde unter R Version 3.6.3 erstellt 
7: Paket 'dplyr' wurde unter R Version 3.6.3 erstellt 
8: Paket 'stringr' wurde unter R Version 3.6.3 erstellt 
9: Paket 'forcats' wurde unter R Version 3.6.3 erstellt 

Attache Paket: 'lubridate'

The following objects are masked from 'package:dplyr':

    intersect, setdiff, union

The following objects are masked from 'package:base':

    date, intersect, setdiff, union

Warnmeldung:
Paket 'lubridate' wurde unter R Version 3.6.3 erstellt 
Warnmeldung:
Paket 'googlesheets4' wurde unter R Version 3.6.3 erstellt 

Attache Paket: 'googledrive'

The following objects are masked from 'package:googlesheets4':

    request_generate, request_make

Warnmeldung:
Paket 'googledrive' wurde unter R Version 3.6.3 erstellt 
Parsed with column specification:
cols(
  `Data as of` = col_character(),
  State = col_character(),
  `MMWR Week` = col_double(),
  `Week ending Date` = col_character(),
  Sex = col_character(),
  `Age Group` = col_character(),
  `Total Deaths` = col_double(),
  `COVID-19 Deaths` = col_double()
)
Parsed with column specification:
cols(
  `Data as of` = col_character(),
  `Start week` = col_character(),
  `End Week` = col_character(),
  Group = col_character(),
  State = col_character(),
  Indicator = col_character(),
  `COVID-19 Deaths` = col_double(),
  `Total Deaths` = col_double(),
  `Percent of Expected Deaths` = col_double(),
  `Pneumonia Deaths` = col_double(),
  `Pneumonia and COVID-19 Deaths` = col_double(),
  `Influenza Deaths` = col_double(),
  `Pneumonia, Influenza, or COVID-19 Deaths` = col_double(),
  Footnote = col_character()
)
Writing to "USA inputDB"
Writing to sheet "database"
Created Drive file:
  * US_All_12.07.2020cases&deaths: 14lL8EO4b27jleCKxRKvjharNqtRjNu4u5Y6E6vg1SWw
with MIME type:
  * application/vnd.google-apps.spreadsheet
Writing to "US_All_12.07.2020cases&deaths"
Writing to sheet "deaths_age"
Writing to "US_All_12.07.2020cases&deaths"
Writing to sheet "deaths_all"
Deleting these sheet(s) from "US_All_12.07.2020cases&deaths":
* Sheet1
Created Drive file:
  * US_All_12.07.2020cases&deaths: 1F3aiDkgFxiR7uBSST8HmX0_Lt7bshb8VX0UPqjM8FRw
with MIME type:
  * application/vnd.google-apps.spreadsheet
Writing to "US_All_12.07.2020cases&deaths"
Writing to sheet "deaths_age"
Writing to "US_All_12.07.2020cases&deaths"
Writing to sheet "deaths_all"
Deleting these sheet(s) from "US_All_12.07.2020cases&deaths":
* Sheet1
-- Attaching packages --------------------------------------- tidyverse 1.3.0 --
v ggplot2 3.3.0     v purrr   0.3.4
v tibble  3.0.1     v dplyr   0.8.5
v tidyr   1.1.0     v stringr 1.4.0
v readr   1.3.1     v forcats 0.5.0
-- Conflicts ------------------------------------------ tidyverse_conflicts() --
x dplyr::filter() masks stats::filter()
x dplyr::lag()    masks stats::lag()
Warnmeldungen:
1: Paket 'tidyverse' wurde unter R Version 3.6.3 erstellt 
2: Paket 'ggplot2' wurde unter R Version 3.6.3 erstellt 
3: Paket 'tibble' wurde unter R Version 3.6.3 erstellt 
4: Paket 'tidyr' wurde unter R Version 3.6.3 erstellt 
5: Paket 'readr' wurde unter R Version 3.6.3 erstellt 
6: Paket 'purrr' wurde unter R Version 3.6.3 erstellt 
7: Paket 'dplyr' wurde unter R Version 3.6.3 erstellt 
8: Paket 'stringr' wurde unter R Version 3.6.3 erstellt 
9: Paket 'forcats' wurde unter R Version 3.6.3 erstellt 

Attache Paket: 'lubridate'

The following objects are masked from 'package:dplyr':

    intersect, setdiff, union

The following objects are masked from 'package:base':

    date, intersect, setdiff, union

Warnmeldung:
Paket 'lubridate' wurde unter R Version 3.6.3 erstellt 
Warnmeldung:
Paket 'googlesheets4' wurde unter R Version 3.6.3 erstellt 

Attache Paket: 'googledrive'

The following objects are masked from 'package:googlesheets4':

    request_generate, request_make

Warnmeldung:
Paket 'googledrive' wurde unter R Version 3.6.3 erstellt 
Parsed with column specification:
cols(
  `Data as of` = col_character(),
  State = col_character(),
  `MMWR Week` = col_double(),
  `Week ending Date` = col_character(),
  Sex = col_character(),
  `Age Group` = col_character(),
  `Total Deaths` = col_double(),
  `COVID-19 Deaths` = col_double()
)
Parsed with column specification:
cols(
  `Data as of` = col_character(),
  `Start week` = col_character(),
  `End Week` = col_character(),
  Group = col_character(),
  State = col_character(),
  Indicator = col_character(),
  `COVID-19 Deaths` = col_double(),
  `Total Deaths` = col_double(),
  `Percent of Expected Deaths` = col_double(),
  `Pneumonia Deaths` = col_double(),
  `Pneumonia and COVID-19 Deaths` = col_double(),
  `Influenza Deaths` = col_double(),
  `Pneumonia, Influenza, or COVID-19 Deaths` = col_double(),
  Footnote = col_character()
)
Writing to "USA inputDB"
Writing to sheet "database"
Created Drive file:
  * US_All_13.07.2020cases&deaths: 178dj6gyJenGnGya2R4Tj6s4mm1ecY43C4hP6YPK3s0U
with MIME type:
  * application/vnd.google-apps.spreadsheet
Writing to "US_All_13.07.2020cases&deaths"
Writing to sheet "deaths_age"
Writing to "US_All_13.07.2020cases&deaths"
Writing to sheet "deaths_all"
Deleting these sheet(s) from "US_All_13.07.2020cases&deaths":
* Sheet1
Created Drive file:
  * US_All_13.07.2020cases&deaths: 1swvsjPE6JoHm0dbjMlKEY_2SCBiOmemhCsVXviDfAcM
with MIME type:
  * application/vnd.google-apps.spreadsheet
Writing to "US_All_13.07.2020cases&deaths"
Writing to sheet "deaths_age"
Writing to "US_All_13.07.2020cases&deaths"
Writing to sheet "deaths_all"
Deleting these sheet(s) from "US_All_13.07.2020cases&deaths":
* Sheet1
-- Attaching packages --------------------------------------- tidyverse 1.3.0 --
v ggplot2 3.3.0     v purrr   0.3.4
v tibble  3.0.1     v dplyr   0.8.5
v tidyr   1.1.0     v stringr 1.4.0
v readr   1.3.1     v forcats 0.5.0
-- Conflicts ------------------------------------------ tidyverse_conflicts() --
x dplyr::filter() masks stats::filter()
x dplyr::lag()    masks stats::lag()
Warnmeldungen:
1: Paket 'tidyverse' wurde unter R Version 3.6.3 erstellt 
2: Paket 'ggplot2' wurde unter R Version 3.6.3 erstellt 
3: Paket 'tibble' wurde unter R Version 3.6.3 erstellt 
4: Paket 'tidyr' wurde unter R Version 3.6.3 erstellt 
5: Paket 'readr' wurde unter R Version 3.6.3 erstellt 
6: Paket 'purrr' wurde unter R Version 3.6.3 erstellt 
7: Paket 'dplyr' wurde unter R Version 3.6.3 erstellt 
8: Paket 'stringr' wurde unter R Version 3.6.3 erstellt 
9: Paket 'forcats' wurde unter R Version 3.6.3 erstellt 

Attache Paket: 'lubridate'

The following objects are masked from 'package:dplyr':

    intersect, setdiff, union

The following objects are masked from 'package:base':

    date, intersect, setdiff, union

Warnmeldung:
Paket 'lubridate' wurde unter R Version 3.6.3 erstellt 
Warnmeldung:
Paket 'googlesheets4' wurde unter R Version 3.6.3 erstellt 

Attache Paket: 'googledrive'

The following objects are masked from 'package:googlesheets4':

    request_generate, request_make

Warnmeldung:
Paket 'googledrive' wurde unter R Version 3.6.3 erstellt 
Parsed with column specification:
cols(
  `Data as of` = col_character(),
  State = col_character(),
  `MMWR Week` = col_double(),
  `Week ending Date` = col_character(),
  Sex = col_character(),
  `Age Group` = col_character(),
  `Total Deaths` = col_double(),
  `COVID-19 Deaths` = col_double()
)
Parsed with column specification:
cols(
  `Data as of` = col_character(),
  `Start week` = col_character(),
  `End Week` = col_character(),
  Group = col_character(),
  State = col_character(),
  Indicator = col_character(),
  `COVID-19 Deaths` = col_double(),
  `Total Deaths` = col_double(),
  `Percent of Expected Deaths` = col_double(),
  `Pneumonia Deaths` = col_double(),
  `Pneumonia and COVID-19 Deaths` = col_double(),
  `Influenza Deaths` = col_double(),
  `Pneumonia, Influenza, or COVID-19 Deaths` = col_double(),
  Footnote = col_character()
)
Writing to "USA inputDB"
Writing to sheet "database"
Created Drive file:
  * US_All_14.07.2020cases&deaths: 1I84MrGbOhys9FOB4Yzf5vEtQRee7yyZmj6hIOo9aOIA
with MIME type:
  * application/vnd.google-apps.spreadsheet
Writing to "US_All_14.07.2020cases&deaths"
Writing to sheet "deaths_age"
Writing to "US_All_14.07.2020cases&deaths"
Writing to sheet "deaths_all"
Deleting these sheet(s) from "US_All_14.07.2020cases&deaths":
* Sheet1
Created Drive file:
  * US_All_14.07.2020cases&deaths: 1E1kZVL1FMReSyck_Cll3FJmMIo4NANFLaUQYErzRXQI
with MIME type:
  * application/vnd.google-apps.spreadsheet
Writing to "US_All_14.07.2020cases&deaths"
Writing to sheet "deaths_age"
Writing to "US_All_14.07.2020cases&deaths"
Writing to sheet "deaths_all"
Deleting these sheet(s) from "US_All_14.07.2020cases&deaths":
* Sheet1
-- Attaching packages --------------------------------------- tidyverse 1.3.0 --
v ggplot2 3.3.0     v purrr   0.3.4
v tibble  3.0.1     v dplyr   0.8.5
v tidyr   1.1.0     v stringr 1.4.0
v readr   1.3.1     v forcats 0.5.0
-- Conflicts ------------------------------------------ tidyverse_conflicts() --
x dplyr::filter() masks stats::filter()
x dplyr::lag()    masks stats::lag()
Warnmeldungen:
1: Paket 'tidyverse' wurde unter R Version 3.6.3 erstellt 
2: Paket 'ggplot2' wurde unter R Version 3.6.3 erstellt 
3: Paket 'tibble' wurde unter R Version 3.6.3 erstellt 
4: Paket 'tidyr' wurde unter R Version 3.6.3 erstellt 
5: Paket 'readr' wurde unter R Version 3.6.3 erstellt 
6: Paket 'purrr' wurde unter R Version 3.6.3 erstellt 
7: Paket 'dplyr' wurde unter R Version 3.6.3 erstellt 
8: Paket 'stringr' wurde unter R Version 3.6.3 erstellt 
9: Paket 'forcats' wurde unter R Version 3.6.3 erstellt 

Attache Paket: 'lubridate'

The following objects are masked from 'package:dplyr':

    intersect, setdiff, union

The following objects are masked from 'package:base':

    date, intersect, setdiff, union

Warnmeldung:
Paket 'lubridate' wurde unter R Version 3.6.3 erstellt 
Warnmeldung:
Paket 'googlesheets4' wurde unter R Version 3.6.3 erstellt 

Attache Paket: 'googledrive'

The following objects are masked from 'package:googlesheets4':

    request_generate, request_make

Warnmeldung:
Paket 'googledrive' wurde unter R Version 3.6.3 erstellt 
Parsed with column specification:
cols(
  `Data as of` = col_character(),
  State = col_character(),
  `MMWR Week` = col_double(),
  `Week ending Date` = col_character(),
  Sex = col_character(),
  `Age Group` = col_character(),
  `Total Deaths` = col_double(),
  `COVID-19 Deaths` = col_double()
)
Parsed with column specification:
cols(
  `Data as of` = col_character(),
  `Start week` = col_character(),
  `End Week` = col_character(),
  Group = col_character(),
  State = col_character(),
  Indicator = col_character(),
  `COVID-19 Deaths` = col_double(),
  `Total Deaths` = col_double(),
  `Percent of Expected Deaths` = col_double(),
  `Pneumonia Deaths` = col_double(),
  `Pneumonia and COVID-19 Deaths` = col_double(),
  `Influenza Deaths` = col_double(),
  `Pneumonia, Influenza, or COVID-19 Deaths` = col_double(),
  Footnote = col_character()
)
Writing to "USA inputDB"
Writing to sheet "database"
Created Drive file:
  * US_All_15.07.2020cases&deaths: 191tw1SvSzHZDZrjQrui_6VqCo_T17RzeNr4UXoNr32I
with MIME type:
  * application/vnd.google-apps.spreadsheet
Writing to "US_All_15.07.2020cases&deaths"
Writing to sheet "deaths_age"
Writing to "US_All_15.07.2020cases&deaths"
Writing to sheet "deaths_all"
Deleting these sheet(s) from "US_All_15.07.2020cases&deaths":
* Sheet1
Created Drive file:
  * US_All_15.07.2020cases&deaths: 1-GPZnfCvrtCh7eiCgMh5DZgvGuCYmvxVxlGY0EP6TQs
with MIME type:
  * application/vnd.google-apps.spreadsheet
Writing to "US_All_15.07.2020cases&deaths"
Writing to sheet "deaths_age"
Writing to "US_All_15.07.2020cases&deaths"
Writing to sheet "deaths_all"
Deleting these sheet(s) from "US_All_15.07.2020cases&deaths":
* Sheet1
-- Attaching packages --------------------------------------- tidyverse 1.3.0 --
v ggplot2 3.3.0     v purrr   0.3.4
v tibble  3.0.3     v dplyr   1.0.0
v tidyr   1.1.0     v stringr 1.4.0
v readr   1.3.1     v forcats 0.5.0
-- Conflicts ------------------------------------------ tidyverse_conflicts() --
x dplyr::filter() masks stats::filter()
x dplyr::lag()    masks stats::lag()
Warnmeldungen:
1: Paket 'tidyverse' wurde unter R Version 3.6.3 erstellt 
2: Paket 'ggplot2' wurde unter R Version 3.6.3 erstellt 
3: Paket 'tibble' wurde unter R Version 3.6.3 erstellt 
4: Paket 'tidyr' wurde unter R Version 3.6.3 erstellt 
5: Paket 'readr' wurde unter R Version 3.6.3 erstellt 
6: Paket 'purrr' wurde unter R Version 3.6.3 erstellt 
7: Paket 'dplyr' wurde unter R Version 3.6.3 erstellt 
8: Paket 'stringr' wurde unter R Version 3.6.3 erstellt 
9: Paket 'forcats' wurde unter R Version 3.6.3 erstellt 

Attache Paket: 'lubridate'

The following objects are masked from 'package:base':

    date, intersect, setdiff, union

Warnmeldung:
Paket 'lubridate' wurde unter R Version 3.6.3 erstellt 
Warnmeldung:
Paket 'googlesheets4' wurde unter R Version 3.6.3 erstellt 

Attache Paket: 'googledrive'

The following objects are masked from 'package:googlesheets4':

    request_generate, request_make

Warnmeldung:
Paket 'googledrive' wurde unter R Version 3.6.3 erstellt 
Parsed with column specification:
cols(
  `Data as of` = col_character(),
  State = col_character(),
  `MMWR Week` = col_double(),
  `Week ending Date` = col_character(),
  Sex = col_character(),
  `Age Group` = col_character(),
  `Total Deaths` = col_double(),
  `COVID-19 Deaths` = col_double()
)
Parsed with column specification:
cols(
  `Data as of` = col_character(),
  `Start week` = col_character(),
  `End Week` = col_character(),
  Group = col_character(),
  State = col_character(),
  Indicator = col_character(),
  `COVID-19 Deaths` = col_double(),
  `Total Deaths` = col_double(),
  `Percent of Expected Deaths` = col_double(),
  `Pneumonia Deaths` = col_double(),
  `Pneumonia and COVID-19 Deaths` = col_double(),
  `Influenza Deaths` = col_double(),
  `Pneumonia, Influenza, or COVID-19 Deaths` = col_double(),
  Footnote = col_character()
)
`summarise()` regrouping output by 'Sex', 'Age' (override with `.groups` argument)
`summarise()` regrouping output by 'Sex', 'Age' (override with `.groups` argument)
`summarise()` regrouping output by 'Sex', 'Age' (override with `.groups` argument)
`summarise()` regrouping output by 'Sex', 'Age' (override with `.groups` argument)
`summarise()` regrouping output by 'Sex', 'Age' (override with `.groups` argument)
`summarise()` regrouping output by 'Sex', 'Age' (override with `.groups` argument)
`summarise()` regrouping output by 'Sex', 'Age' (override with `.groups` argument)
`summarise()` regrouping output by 'Sex', 'Age' (override with `.groups` argument)
`summarise()` regrouping output by 'Sex', 'Age' (override with `.groups` argument)
`summarise()` regrouping output by 'Sex', 'Age' (override with `.groups` argument)
`summarise()` regrouping output by 'Sex', 'Age' (override with `.groups` argument)
`summarise()` regrouping output by 'Sex', 'Age' (override with `.groups` argument)
`summarise()` regrouping output by 'Sex', 'Age' (override with `.groups` argument)
`summarise()` regrouping output by 'Sex', 'Age' (override with `.groups` argument)
`summarise()` regrouping output by 'Sex', 'Age' (override with `.groups` argument)
`summarise()` regrouping output by 'Sex', 'Age' (override with `.groups` argument)
`summarise()` regrouping output by 'Sex', 'Age' (override with `.groups` argument)
`summarise()` regrouping output by 'Sex', 'Age' (override with `.groups` argument)
`summarise()` regrouping output by 'Sex', 'Age' (override with `.groups` argument)
`summarise()` regrouping output by 'Sex', 'Age' (override with `.groups` argument)
`summarise()` regrouping output by 'Sex', 'Age' (override with `.groups` argument)
`summarise()` regrouping output by 'Sex', 'Age' (override with `.groups` argument)
`summarise()` regrouping output by 'Sex', 'Age' (override with `.groups` argument)
`summarise()` regrouping output by 'Sex', 'Age' (override with `.groups` argument)
Writing to "USA inputDB"
Writing to sheet "database"
Created Drive file:
  * US_All_16.07.2020cases&deaths: 1TONu-KhW6XfaV7EnYYdauoXfTWtQOhG1DigE2glyV4Y
with MIME type:
  * application/vnd.google-apps.spreadsheet
Writing to "US_All_16.07.2020cases&deaths"
Writing to sheet "deaths_age"
Writing to "US_All_16.07.2020cases&deaths"
Writing to sheet "deaths_all"
Deleting these sheet(s) from "US_All_16.07.2020cases&deaths":
* Sheet1
Created Drive file:
  * US_All_16.07.2020cases&deaths: 1feC3RIUZd0nxFBvB3e1ZIMb3GPzHGHFnfpr4I8hVtRI
with MIME type:
  * application/vnd.google-apps.spreadsheet
Writing to "US_All_16.07.2020cases&deaths"
Writing to sheet "deaths_age"
Writing to "US_All_16.07.2020cases&deaths"
Writing to sheet "deaths_all"
Deleting these sheet(s) from "US_All_16.07.2020cases&deaths":
* Sheet1
-- Attaching packages --------------------------------------- tidyverse 1.3.0 --
v ggplot2 3.3.0     v purrr   0.3.4
v tibble  3.0.3     v dplyr   1.0.0
v tidyr   1.1.0     v stringr 1.4.0
v readr   1.3.1     v forcats 0.5.0
-- Conflicts ------------------------------------------ tidyverse_conflicts() --
x dplyr::filter() masks stats::filter()
x dplyr::lag()    masks stats::lag()
Warnmeldungen:
1: Paket 'tidyverse' wurde unter R Version 3.6.3 erstellt 
2: Paket 'ggplot2' wurde unter R Version 3.6.3 erstellt 
3: Paket 'tibble' wurde unter R Version 3.6.3 erstellt 
4: Paket 'tidyr' wurde unter R Version 3.6.3 erstellt 
5: Paket 'readr' wurde unter R Version 3.6.3 erstellt 
6: Paket 'purrr' wurde unter R Version 3.6.3 erstellt 
7: Paket 'dplyr' wurde unter R Version 3.6.3 erstellt 
8: Paket 'stringr' wurde unter R Version 3.6.3 erstellt 
9: Paket 'forcats' wurde unter R Version 3.6.3 erstellt 

Attache Paket: 'lubridate'

The following objects are masked from 'package:base':

    date, intersect, setdiff, union

Warnmeldung:
Paket 'lubridate' wurde unter R Version 3.6.3 erstellt 
Warnmeldung:
Paket 'googlesheets4' wurde unter R Version 3.6.3 erstellt 

Attache Paket: 'googledrive'

The following objects are masked from 'package:googlesheets4':

    request_generate, request_make

Warnmeldung:
Paket 'googledrive' wurde unter R Version 3.6.3 erstellt 
Parsed with column specification:
cols(
  `Data as of` = col_character(),
  State = col_character(),
  `MMWR Week` = col_double(),
  `Week ending Date` = col_character(),
  Sex = col_character(),
  `Age Group` = col_character(),
  `Total Deaths` = col_double(),
  `COVID-19 Deaths` = col_double()
)
Parsed with column specification:
cols(
  `Data as of` = col_character(),
  `Start week` = col_character(),
  `End Week` = col_character(),
  Group = col_character(),
  State = col_character(),
  Indicator = col_character(),
  `COVID-19 Deaths` = col_double(),
  `Total Deaths` = col_double(),
  `Percent of Expected Deaths` = col_double(),
  `Pneumonia Deaths` = col_double(),
  `Pneumonia and COVID-19 Deaths` = col_double(),
  `Influenza Deaths` = col_double(),
  `Pneumonia, Influenza, or COVID-19 Deaths` = col_double(),
  Footnote = col_character()
)
`summarise()` regrouping output by 'Sex', 'Age' (override with `.groups` argument)
`summarise()` regrouping output by 'Sex', 'Age' (override with `.groups` argument)
`summarise()` regrouping output by 'Sex', 'Age' (override with `.groups` argument)
`summarise()` regrouping output by 'Sex', 'Age' (override with `.groups` argument)
`summarise()` regrouping output by 'Sex', 'Age' (override with `.groups` argument)
`summarise()` regrouping output by 'Sex', 'Age' (override with `.groups` argument)
`summarise()` regrouping output by 'Sex', 'Age' (override with `.groups` argument)
`summarise()` regrouping output by 'Sex', 'Age' (override with `.groups` argument)
`summarise()` regrouping output by 'Sex', 'Age' (override with `.groups` argument)
`summarise()` regrouping output by 'Sex', 'Age' (override with `.groups` argument)
`summarise()` regrouping output by 'Sex', 'Age' (override with `.groups` argument)
`summarise()` regrouping output by 'Sex', 'Age' (override with `.groups` argument)
`summarise()` regrouping output by 'Sex', 'Age' (override with `.groups` argument)
`summarise()` regrouping output by 'Sex', 'Age' (override with `.groups` argument)
`summarise()` regrouping output by 'Sex', 'Age' (override with `.groups` argument)
`summarise()` regrouping output by 'Sex', 'Age' (override with `.groups` argument)
`summarise()` regrouping output by 'Sex', 'Age' (override with `.groups` argument)
`summarise()` regrouping output by 'Sex', 'Age' (override with `.groups` argument)
`summarise()` regrouping output by 'Sex', 'Age' (override with `.groups` argument)
`summarise()` regrouping output by 'Sex', 'Age' (override with `.groups` argument)
`summarise()` regrouping output by 'Sex', 'Age' (override with `.groups` argument)
`summarise()` regrouping output by 'Sex', 'Age' (override with `.groups` argument)
`summarise()` regrouping output by 'Sex', 'Age' (override with `.groups` argument)
`summarise()` regrouping output by 'Sex', 'Age' (override with `.groups` argument)
`summarise()` regrouping output by 'Sex', 'Age' (override with `.groups` argument)
Writing to "USA inputDB"
Writing to sheet "database"
Auto-refreshing stale OAuth token.
Created Drive file:
  * US_All_21.07.2020cases&deaths: 1AtRSrD2-_MfZTE1r1l2bqs421VMksctQ_gO0UTwjOlw
with MIME type:
  * application/vnd.google-apps.spreadsheet
Writing to "US_All_21.07.2020cases&deaths"
Writing to sheet "deaths_age"
Writing to "US_All_21.07.2020cases&deaths"
Writing to sheet "deaths_all"
Deleting these sheet(s) from "US_All_21.07.2020cases&deaths":
* Sheet1
Created Drive file:
  * US_All_21.07.2020cases&deaths: 1o7WtKimZjrUxgEPCpwmEHdGYG9y0WD37UzEaaBhV0Uc
with MIME type:
  * application/vnd.google-apps.spreadsheet
Writing to "US_All_21.07.2020cases&deaths"
Writing to sheet "deaths_age"
Writing to "US_All_21.07.2020cases&deaths"
Writing to sheet "deaths_all"
Deleting these sheet(s) from "US_All_21.07.2020cases&deaths":
* Sheet1
-- Attaching packages --------------------------------------- tidyverse 1.3.0 --
v ggplot2 3.3.0     v purrr   0.3.4
v tibble  3.0.3     v dplyr   1.0.0
v tidyr   1.1.0     v stringr 1.4.0
v readr   1.3.1     v forcats 0.5.0
-- Conflicts ------------------------------------------ tidyverse_conflicts() --
x dplyr::filter() masks stats::filter()
x dplyr::lag()    masks stats::lag()
Warnmeldungen:
1: Paket 'tidyverse' wurde unter R Version 3.6.3 erstellt 
2: Paket 'ggplot2' wurde unter R Version 3.6.3 erstellt 
3: Paket 'tibble' wurde unter R Version 3.6.3 erstellt 
4: Paket 'tidyr' wurde unter R Version 3.6.3 erstellt 
5: Paket 'readr' wurde unter R Version 3.6.3 erstellt 
6: Paket 'purrr' wurde unter R Version 3.6.3 erstellt 
7: Paket 'dplyr' wurde unter R Version 3.6.3 erstellt 
8: Paket 'stringr' wurde unter R Version 3.6.3 erstellt 
9: Paket 'forcats' wurde unter R Version 3.6.3 erstellt 

Attache Paket: 'lubridate'

The following objects are masked from 'package:base':

    date, intersect, setdiff, union

Warnmeldung:
Paket 'lubridate' wurde unter R Version 3.6.3 erstellt 
Warnmeldung:
Paket 'googlesheets4' wurde unter R Version 3.6.3 erstellt 

Attache Paket: 'googledrive'

The following objects are masked from 'package:googlesheets4':

    request_generate, request_make

Warnmeldung:
Paket 'googledrive' wurde unter R Version 3.6.3 erstellt 
Parsed with column specification:
cols(
  `Data as of` = col_character(),
  State = col_character(),
  `MMWR Week` = col_double(),
  `Week ending Date` = col_character(),
  Sex = col_character(),
  `Age Group` = col_character(),
  `Total Deaths` = col_double(),
  `COVID-19 Deaths` = col_double()
)
Parsed with column specification:
cols(
  `Data as of` = col_character(),
  `Start week` = col_character(),
  `End Week` = col_character(),
  Group = col_character(),
  State = col_character(),
  Indicator = col_character(),
  `COVID-19 Deaths` = col_double(),
  `Total Deaths` = col_double(),
  `Percent of Expected Deaths` = col_double(),
  `Pneumonia Deaths` = col_double(),
  `Pneumonia and COVID-19 Deaths` = col_double(),
  `Influenza Deaths` = col_double(),
  `Pneumonia, Influenza, or COVID-19 Deaths` = col_double(),
  Footnote = col_character()
)
`summarise()` regrouping output by 'Sex', 'Age' (override with `.groups` argument)
`summarise()` regrouping output by 'Sex', 'Age' (override with `.groups` argument)
`summarise()` regrouping output by 'Sex', 'Age' (override with `.groups` argument)
`summarise()` regrouping output by 'Sex', 'Age' (override with `.groups` argument)
`summarise()` regrouping output by 'Sex', 'Age' (override with `.groups` argument)
`summarise()` regrouping output by 'Sex', 'Age' (override with `.groups` argument)
`summarise()` regrouping output by 'Sex', 'Age' (override with `.groups` argument)
`summarise()` regrouping output by 'Sex', 'Age' (override with `.groups` argument)
`summarise()` regrouping output by 'Sex', 'Age' (override with `.groups` argument)
`summarise()` regrouping output by 'Sex', 'Age' (override with `.groups` argument)
`summarise()` regrouping output by 'Sex', 'Age' (override with `.groups` argument)
`summarise()` regrouping output by 'Sex', 'Age' (override with `.groups` argument)
`summarise()` regrouping output by 'Sex', 'Age' (override with `.groups` argument)
`summarise()` regrouping output by 'Sex', 'Age' (override with `.groups` argument)
`summarise()` regrouping output by 'Sex', 'Age' (override with `.groups` argument)
`summarise()` regrouping output by 'Sex', 'Age' (override with `.groups` argument)
`summarise()` regrouping output by 'Sex', 'Age' (override with `.groups` argument)
`summarise()` regrouping output by 'Sex', 'Age' (override with `.groups` argument)
`summarise()` regrouping output by 'Sex', 'Age' (override with `.groups` argument)
`summarise()` regrouping output by 'Sex', 'Age' (override with `.groups` argument)
`summarise()` regrouping output by 'Sex', 'Age' (override with `.groups` argument)
`summarise()` regrouping output by 'Sex', 'Age' (override with `.groups` argument)
`summarise()` regrouping output by 'Sex', 'Age' (override with `.groups` argument)
`summarise()` regrouping output by 'Sex', 'Age' (override with `.groups` argument)
`summarise()` regrouping output by 'Sex', 'Age' (override with `.groups` argument)
Writing to "USA inputDB"
Writing to sheet "database"
Auto-refreshing stale OAuth token.
Created Drive file:
  * US_All_22.07.2020cases&deaths: 1wlx1OGtp2TAT_k-_LA5euBcSHrJmVe9oFkK4VXVQV6Y
with MIME type:
  * application/vnd.google-apps.spreadsheet
Writing to "US_All_22.07.2020cases&deaths"
Writing to sheet "deaths_age"
Writing to "US_All_22.07.2020cases&deaths"
Writing to sheet "deaths_all"
Deleting these sheet(s) from "US_All_22.07.2020cases&deaths":
* Sheet1
Created Drive file:
  * US_All_22.07.2020cases&deaths: 1D9o--WZ8Hbsms3mDI1cmifzD1BWYudG6ph6vEFCwCJ4
with MIME type:
  * application/vnd.google-apps.spreadsheet
Writing to "US_All_22.07.2020cases&deaths"
Writing to sheet "deaths_age"
Writing to "US_All_22.07.2020cases&deaths"
Writing to sheet "deaths_all"
Fehler: Client error: (429) RESOURCE_EXHAUSTED
  * Either out of resource quota or reaching rate limiting. The client should look for google.rpc.QuotaFailure error detail for more information.
  * Quota exceeded for quota group 'ReadGroup' and limit 'Read requests per 100 seconds' of service 'sheets.googleapis.com' for consumer 'project_number:603366585132'.

Error details:
  * Error details of type 'google.rpc.Help' are not implemented yet.
  * Workaround: use `tryCatch()` and inspect error payload yourself.
  * Please open an issue at https://github.com/r-lib/gargle/issues, so we can fix.
Backtrace:
    x
 1. \-googlesheets4::sheet_delete(meta2$id, "Sheet1")
 2.   \-googlesheets4::gs4_get(ssid)
 3.     \-googlesheets4:::gs4_get_impl_(as_sheets_id(ss))
 4.       \-gargle::response_process(raw_resp)
 5.         \-gargle:::stop_request_failed(error_message(resp), resp)
Ausführung angehalten
-- Attaching packages --------------------------------------- tidyverse 1.3.0 --
v ggplot2 3.3.0     v purrr   0.3.4
v tibble  3.0.3     v dplyr   1.0.0
v tidyr   1.1.0     v stringr 1.4.0
v readr   1.3.1     v forcats 0.5.0
-- Conflicts ------------------------------------------ tidyverse_conflicts() --
x dplyr::filter() masks stats::filter()
x dplyr::lag()    masks stats::lag()
Warnmeldungen:
1: Paket 'tidyverse' wurde unter R Version 3.6.3 erstellt 
2: Paket 'ggplot2' wurde unter R Version 3.6.3 erstellt 
3: Paket 'tibble' wurde unter R Version 3.6.3 erstellt 
4: Paket 'tidyr' wurde unter R Version 3.6.3 erstellt 
5: Paket 'readr' wurde unter R Version 3.6.3 erstellt 
6: Paket 'purrr' wurde unter R Version 3.6.3 erstellt 
7: Paket 'dplyr' wurde unter R Version 3.6.3 erstellt 
8: Paket 'stringr' wurde unter R Version 3.6.3 erstellt 
9: Paket 'forcats' wurde unter R Version 3.6.3 erstellt 

Attache Paket: 'lubridate'

The following objects are masked from 'package:base':

    date, intersect, setdiff, union

Warnmeldung:
Paket 'lubridate' wurde unter R Version 3.6.3 erstellt 
Warnmeldung:
Paket 'googlesheets4' wurde unter R Version 3.6.3 erstellt 

Attache Paket: 'googledrive'

The following objects are masked from 'package:googlesheets4':

    request_generate, request_make

Warnmeldung:
Paket 'googledrive' wurde unter R Version 3.6.3 erstellt 
Parsed with column specification:
cols(
  `Data as of` = col_character(),
  State = col_character(),
  `MMWR Week` = col_double(),
  `Week ending Date` = col_character(),
  Sex = col_character(),
  `Age Group` = col_character(),
  `Total Deaths` = col_double(),
  `COVID-19 Deaths` = col_double()
)
Parsed with column specification:
cols(
  `Data as of` = col_character(),
  `Start week` = col_character(),
  `End Week` = col_character(),
  Group = col_character(),
  State = col_character(),
  Indicator = col_character(),
  `COVID-19 Deaths` = col_double(),
  `Total Deaths` = col_double(),
  `Percent of Expected Deaths` = col_double(),
  `Pneumonia Deaths` = col_double(),
  `Pneumonia and COVID-19 Deaths` = col_double(),
  `Influenza Deaths` = col_double(),
  `Pneumonia, Influenza, or COVID-19 Deaths` = col_double(),
  Footnote = col_character()
)
`summarise()` regrouping output by 'Sex', 'Age' (override with `.groups` argument)
`summarise()` regrouping output by 'Sex', 'Age' (override with `.groups` argument)
`summarise()` regrouping output by 'Sex', 'Age' (override with `.groups` argument)
`summarise()` regrouping output by 'Sex', 'Age' (override with `.groups` argument)
`summarise()` regrouping output by 'Sex', 'Age' (override with `.groups` argument)
`summarise()` regrouping output by 'Sex', 'Age' (override with `.groups` argument)
`summarise()` regrouping output by 'Sex', 'Age' (override with `.groups` argument)
`summarise()` regrouping output by 'Sex', 'Age' (override with `.groups` argument)
`summarise()` regrouping output by 'Sex', 'Age' (override with `.groups` argument)
`summarise()` regrouping output by 'Sex', 'Age' (override with `.groups` argument)
`summarise()` regrouping output by 'Sex', 'Age' (override with `.groups` argument)
`summarise()` regrouping output by 'Sex', 'Age' (override with `.groups` argument)
`summarise()` regrouping output by 'Sex', 'Age' (override with `.groups` argument)
`summarise()` regrouping output by 'Sex', 'Age' (override with `.groups` argument)
`summarise()` regrouping output by 'Sex', 'Age' (override with `.groups` argument)
`summarise()` regrouping output by 'Sex', 'Age' (override with `.groups` argument)
`summarise()` regrouping output by 'Sex', 'Age' (override with `.groups` argument)
`summarise()` regrouping output by 'Sex', 'Age' (override with `.groups` argument)
`summarise()` regrouping output by 'Sex', 'Age' (override with `.groups` argument)
`summarise()` regrouping output by 'Sex', 'Age' (override with `.groups` argument)
`summarise()` regrouping output by 'Sex', 'Age' (override with `.groups` argument)
`summarise()` regrouping output by 'Sex', 'Age' (override with `.groups` argument)
`summarise()` regrouping output by 'Sex', 'Age' (override with `.groups` argument)
`summarise()` regrouping output by 'Sex', 'Age' (override with `.groups` argument)
`summarise()` regrouping output by 'Sex', 'Age' (override with `.groups` argument)
Writing to "USA inputDB"
Writing to sheet "database"
Created Drive file:
  * US_All_23.07.2020cases&deaths: 1RtQqNjCqZNuoiziI6go2A6_De9iHtmqEgLns0d5uEwM
with MIME type:
  * application/vnd.google-apps.spreadsheet
Writing to "US_All_23.07.2020cases&deaths"
Writing to sheet "deaths_age"
Writing to "US_All_23.07.2020cases&deaths"
Writing to sheet "deaths_all"
Deleting these sheet(s) from "US_All_23.07.2020cases&deaths":
* Sheet1
Created Drive file:
  * US_All_23.07.2020cases&deaths: 1BTJourBBvviFQxaa8ZKE6wQyNeOK0TxcoXnuzTMfnaA
with MIME type:
  * application/vnd.google-apps.spreadsheet
Writing to "US_All_23.07.2020cases&deaths"
Writing to sheet "deaths_age"
Writing to "US_All_23.07.2020cases&deaths"
Writing to sheet "deaths_all"
Deleting these sheet(s) from "US_All_23.07.2020cases&deaths":
* Sheet1
-- Attaching packages --------------------------------------- tidyverse 1.3.0 --
v ggplot2 3.3.0     v purrr   0.3.4
v tibble  3.0.3     v dplyr   1.0.0
v tidyr   1.1.0     v stringr 1.4.0
v readr   1.3.1     v forcats 0.5.0
-- Conflicts ------------------------------------------ tidyverse_conflicts() --
x dplyr::filter() masks stats::filter()
x dplyr::lag()    masks stats::lag()
Warnmeldungen:
1: Paket 'tidyverse' wurde unter R Version 3.6.3 erstellt 
2: Paket 'ggplot2' wurde unter R Version 3.6.3 erstellt 
3: Paket 'tibble' wurde unter R Version 3.6.3 erstellt 
4: Paket 'tidyr' wurde unter R Version 3.6.3 erstellt 
5: Paket 'readr' wurde unter R Version 3.6.3 erstellt 
6: Paket 'purrr' wurde unter R Version 3.6.3 erstellt 
7: Paket 'dplyr' wurde unter R Version 3.6.3 erstellt 
8: Paket 'stringr' wurde unter R Version 3.6.3 erstellt 
9: Paket 'forcats' wurde unter R Version 3.6.3 erstellt 

Attache Paket: 'lubridate'

The following objects are masked from 'package:base':

    date, intersect, setdiff, union

Warnmeldung:
Paket 'lubridate' wurde unter R Version 3.6.3 erstellt 
Warnmeldung:
Paket 'googlesheets4' wurde unter R Version 3.6.3 erstellt 

Attache Paket: 'googledrive'

The following objects are masked from 'package:googlesheets4':

    request_generate, request_make

Warnmeldung:
Paket 'googledrive' wurde unter R Version 3.6.3 erstellt 
Parsed with column specification:
cols(
  `Data as of` = col_character(),
  State = col_character(),
  `MMWR Week` = col_double(),
  `Week ending Date` = col_character(),
  Sex = col_character(),
  `Age Group` = col_character(),
  `Total Deaths` = col_double(),
  `COVID-19 Deaths` = col_double()
)
Parsed with column specification:
cols(
  `Data as of` = col_character(),
  `Start week` = col_character(),
  `End Week` = col_character(),
  Group = col_character(),
  State = col_character(),
  Indicator = col_character(),
  `COVID-19 Deaths` = col_double(),
  `Total Deaths` = col_double(),
  `Percent of Expected Deaths` = col_double(),
  `Pneumonia Deaths` = col_double(),
  `Pneumonia and COVID-19 Deaths` = col_double(),
  `Influenza Deaths` = col_double(),
  `Pneumonia, Influenza, or COVID-19 Deaths` = col_double(),
  Footnote = col_character()
)
`summarise()` regrouping output by 'Sex', 'Age' (override with `.groups` argument)
`summarise()` regrouping output by 'Sex', 'Age' (override with `.groups` argument)
`summarise()` regrouping output by 'Sex', 'Age' (override with `.groups` argument)
`summarise()` regrouping output by 'Sex', 'Age' (override with `.groups` argument)
`summarise()` regrouping output by 'Sex', 'Age' (override with `.groups` argument)
`summarise()` regrouping output by 'Sex', 'Age' (override with `.groups` argument)
`summarise()` regrouping output by 'Sex', 'Age' (override with `.groups` argument)
`summarise()` regrouping output by 'Sex', 'Age' (override with `.groups` argument)
`summarise()` regrouping output by 'Sex', 'Age' (override with `.groups` argument)
`summarise()` regrouping output by 'Sex', 'Age' (override with `.groups` argument)
`summarise()` regrouping output by 'Sex', 'Age' (override with `.groups` argument)
`summarise()` regrouping output by 'Sex', 'Age' (override with `.groups` argument)
`summarise()` regrouping output by 'Sex', 'Age' (override with `.groups` argument)
`summarise()` regrouping output by 'Sex', 'Age' (override with `.groups` argument)
`summarise()` regrouping output by 'Sex', 'Age' (override with `.groups` argument)
`summarise()` regrouping output by 'Sex', 'Age' (override with `.groups` argument)
`summarise()` regrouping output by 'Sex', 'Age' (override with `.groups` argument)
`summarise()` regrouping output by 'Sex', 'Age' (override with `.groups` argument)
`summarise()` regrouping output by 'Sex', 'Age' (override with `.groups` argument)
`summarise()` regrouping output by 'Sex', 'Age' (override with `.groups` argument)
`summarise()` regrouping output by 'Sex', 'Age' (override with `.groups` argument)
`summarise()` regrouping output by 'Sex', 'Age' (override with `.groups` argument)
`summarise()` regrouping output by 'Sex', 'Age' (override with `.groups` argument)
`summarise()` regrouping output by 'Sex', 'Age' (override with `.groups` argument)
`summarise()` regrouping output by 'Sex', 'Age' (override with `.groups` argument)
`summarise()` regrouping output by 'Sex', 'Age' (override with `.groups` argument)
Writing to "USA inputDB"
Writing to sheet "database"
Created Drive file:
  * US_All_28.07.2020cases&deaths: 1gJyN3EYFw1QWOReXv7p2P1QDPnz-WrZJz-JghwDmgxk
with MIME type:
  * application/vnd.google-apps.spreadsheet
Writing to "US_All_28.07.2020cases&deaths"
Writing to sheet "deaths_age"
Writing to "US_All_28.07.2020cases&deaths"
Writing to sheet "deaths_all"
Deleting these sheet(s) from "US_All_28.07.2020cases&deaths":
* Sheet1
Created Drive file:
  * US_All_28.07.2020cases&deaths: 1BUXamljvv1XFF5_SCtZfBdsRFbvREmYFzDJbV9I9-U8
with MIME type:
  * application/vnd.google-apps.spreadsheet
Writing to "US_All_28.07.2020cases&deaths"
Writing to sheet "deaths_age"
Writing to "US_All_28.07.2020cases&deaths"
Writing to sheet "deaths_all"
Deleting these sheet(s) from "US_All_28.07.2020cases&deaths":
* Sheet1
-- Attaching packages --------------------------------------- tidyverse 1.3.0 --
v ggplot2 3.3.0     v purrr   0.3.4
v tibble  3.0.3     v dplyr   1.0.0
v tidyr   1.1.0     v stringr 1.4.0
v readr   1.3.1     v forcats 0.5.0
-- Conflicts ------------------------------------------ tidyverse_conflicts() --
x dplyr::filter() masks stats::filter()
x dplyr::lag()    masks stats::lag()
Warnmeldungen:
1: Paket 'tidyverse' wurde unter R Version 3.6.3 erstellt 
2: Paket 'ggplot2' wurde unter R Version 3.6.3 erstellt 
3: Paket 'tibble' wurde unter R Version 3.6.3 erstellt 
4: Paket 'tidyr' wurde unter R Version 3.6.3 erstellt 
5: Paket 'readr' wurde unter R Version 3.6.3 erstellt 
6: Paket 'purrr' wurde unter R Version 3.6.3 erstellt 
7: Paket 'dplyr' wurde unter R Version 3.6.3 erstellt 
8: Paket 'stringr' wurde unter R Version 3.6.3 erstellt 
9: Paket 'forcats' wurde unter R Version 3.6.3 erstellt 

Attache Paket: 'lubridate'

The following objects are masked from 'package:base':

    date, intersect, setdiff, union

Warnmeldung:
Paket 'lubridate' wurde unter R Version 3.6.3 erstellt 
Warnmeldung:
Paket 'googlesheets4' wurde unter R Version 3.6.3 erstellt 

Attache Paket: 'googledrive'

The following objects are masked from 'package:googlesheets4':

    request_generate, request_make

Warnmeldung:
Paket 'googledrive' wurde unter R Version 3.6.3 erstellt 
Parsed with column specification:
cols(
  `Data as of` = col_character(),
  State = col_character(),
  `MMWR Week` = col_double(),
  `Week ending Date` = col_character(),
  Sex = col_character(),
  `Age Group` = col_character(),
  `Total Deaths` = col_double(),
  `COVID-19 Deaths` = col_double()
)
Parsed with column specification:
cols(
  `Data as of` = col_character(),
  `Start week` = col_character(),
  `End Week` = col_character(),
  Group = col_character(),
  State = col_character(),
  Indicator = col_character(),
  `COVID-19 Deaths` = col_double(),
  `Total Deaths` = col_double(),
  `Percent of Expected Deaths` = col_double(),
  `Pneumonia Deaths` = col_double(),
  `Pneumonia and COVID-19 Deaths` = col_double(),
  `Influenza Deaths` = col_double(),
  `Pneumonia, Influenza, or COVID-19 Deaths` = col_double(),
  Footnote = col_character()
)
`summarise()` regrouping output by 'Sex', 'Age' (override with `.groups` argument)
`summarise()` regrouping output by 'Sex', 'Age' (override with `.groups` argument)
`summarise()` regrouping output by 'Sex', 'Age' (override with `.groups` argument)
`summarise()` regrouping output by 'Sex', 'Age' (override with `.groups` argument)
`summarise()` regrouping output by 'Sex', 'Age' (override with `.groups` argument)
`summarise()` regrouping output by 'Sex', 'Age' (override with `.groups` argument)
`summarise()` regrouping output by 'Sex', 'Age' (override with `.groups` argument)
`summarise()` regrouping output by 'Sex', 'Age' (override with `.groups` argument)
`summarise()` regrouping output by 'Sex', 'Age' (override with `.groups` argument)
`summarise()` regrouping output by 'Sex', 'Age' (override with `.groups` argument)
`summarise()` regrouping output by 'Sex', 'Age' (override with `.groups` argument)
`summarise()` regrouping output by 'Sex', 'Age' (override with `.groups` argument)
`summarise()` regrouping output by 'Sex', 'Age' (override with `.groups` argument)
`summarise()` regrouping output by 'Sex', 'Age' (override with `.groups` argument)
`summarise()` regrouping output by 'Sex', 'Age' (override with `.groups` argument)
`summarise()` regrouping output by 'Sex', 'Age' (override with `.groups` argument)
`summarise()` regrouping output by 'Sex', 'Age' (override with `.groups` argument)
`summarise()` regrouping output by 'Sex', 'Age' (override with `.groups` argument)
`summarise()` regrouping output by 'Sex', 'Age' (override with `.groups` argument)
`summarise()` regrouping output by 'Sex', 'Age' (override with `.groups` argument)
`summarise()` regrouping output by 'Sex', 'Age' (override with `.groups` argument)
`summarise()` regrouping output by 'Sex', 'Age' (override with `.groups` argument)
`summarise()` regrouping output by 'Sex', 'Age' (override with `.groups` argument)
`summarise()` regrouping output by 'Sex', 'Age' (override with `.groups` argument)
`summarise()` regrouping output by 'Sex', 'Age' (override with `.groups` argument)
`summarise()` regrouping output by 'Sex', 'Age' (override with `.groups` argument)
Writing to "USA inputDB"
Writing to sheet "database"
Created Drive file:
  * US_All_29.07.2020cases&deaths: 1kEiXlEz2leiox4s_cp_bxwrf0HJOCX5XOt3FnUsl-SA
with MIME type:
  * application/vnd.google-apps.spreadsheet
Writing to "US_All_29.07.2020cases&deaths"
Writing to sheet "deaths_age"
Writing to "US_All_29.07.2020cases&deaths"
Writing to sheet "deaths_all"
Deleting these sheet(s) from "US_All_29.07.2020cases&deaths":
* Sheet1
Created Drive file:
  * US_All_29.07.2020cases&deaths: 1wgBTCTH-xGeQOUp9fO4usAC_iLPuNle_r-UQKOnSZEY
with MIME type:
  * application/vnd.google-apps.spreadsheet
Writing to "US_All_29.07.2020cases&deaths"
Writing to sheet "deaths_age"
Writing to "US_All_29.07.2020cases&deaths"
Writing to sheet "deaths_all"
Deleting these sheet(s) from "US_All_29.07.2020cases&deaths":
* Sheet1
