Warnmeldung:
Paket 'httr' wurde unter R Version 3.6.3 erstellt 
Warnmeldung:
Paket 'jsonlite' wurde unter R Version 3.6.3 erstellt 
-- Attaching packages --------------------------------------- tidyverse 1.3.0 --
v ggplot2 3.3.0     v purrr   0.3.4
v tibble  3.0.1     v dplyr   0.8.5
v tidyr   1.1.0     v stringr 1.4.0
v readr   1.3.1     v forcats 0.5.0
-- Conflicts ------------------------------------------ tidyverse_conflicts() --
x dplyr::filter()  masks stats::filter()
x purrr::flatten() masks jsonlite::flatten()
x dplyr::lag()     masks stats::lag()
Warnmeldungen:
1: Paket 'tidyverse' wurde unter R Version 3.6.3 erstellt 
2: Paket 'ggplot2' wurde unter R Version 3.6.3 erstellt 
3: Paket 'tibble' wurde unter R Version 3.6.3 erstellt 
4: Paket 'tidyr' wurde unter R Version 3.6.3 erstellt 
5: Paket 'readr' wurde unter R Version 3.6.3 erstellt 
6: Paket 'purrr' wurde unter R Version 3.6.3 erstellt 
7: Paket 'dplyr' wurde unter R Version 3.6.3 erstellt 
8: Paket 'stringr' wurde unter R Version 3.6.3 erstellt 
9: Paket 'forcats' wurde unter R Version 3.6.3 erstellt 
Warnmeldung:
Paket 'googlesheets4' wurde unter R Version 3.6.3 erstellt 

Attache Paket: 'googledrive'

The following objects are masked from 'package:googlesheets4':

    request_generate, request_make

Warnmeldung:
Paket 'googledrive' wurde unter R Version 3.6.3 erstellt 
Fehler in ymd(.) : konnte Funktion "ymd" nicht finden
Ruft auf: %>% ... eval -> _fseq -> freduce -> withVisible -> <Anonymous>
Ausführung angehalten
Warnmeldung:
Paket 'httr' wurde unter R Version 3.6.3 erstellt 
Warnmeldung:
Paket 'jsonlite' wurde unter R Version 3.6.3 erstellt 
-- Attaching packages --------------------------------------- tidyverse 1.3.0 --
v ggplot2 3.3.0     v purrr   0.3.4
v tibble  3.0.1     v dplyr   0.8.5
v tidyr   1.1.0     v stringr 1.4.0
v readr   1.3.1     v forcats 0.5.0
-- Conflicts ------------------------------------------ tidyverse_conflicts() --
x dplyr::filter()  masks stats::filter()
x purrr::flatten() masks jsonlite::flatten()
x dplyr::lag()     masks stats::lag()
Warnmeldungen:
1: Paket 'tidyverse' wurde unter R Version 3.6.3 erstellt 
2: Paket 'ggplot2' wurde unter R Version 3.6.3 erstellt 
3: Paket 'tibble' wurde unter R Version 3.6.3 erstellt 
4: Paket 'tidyr' wurde unter R Version 3.6.3 erstellt 
5: Paket 'readr' wurde unter R Version 3.6.3 erstellt 
6: Paket 'purrr' wurde unter R Version 3.6.3 erstellt 
7: Paket 'dplyr' wurde unter R Version 3.6.3 erstellt 
8: Paket 'stringr' wurde unter R Version 3.6.3 erstellt 
9: Paket 'forcats' wurde unter R Version 3.6.3 erstellt 
Warnmeldung:
Paket 'googlesheets4' wurde unter R Version 3.6.3 erstellt 

Attache Paket: 'googledrive'

The following objects are masked from 'package:googlesheets4':

    request_generate, request_make

Warnmeldung:
Paket 'googledrive' wurde unter R Version 3.6.3 erstellt 

Attache Paket: 'lubridate'

The following objects are masked from 'package:dplyr':

    intersect, setdiff, union

The following objects are masked from 'package:base':

    date, intersect, setdiff, union

Warnmeldung:
Paket 'lubridate' wurde unter R Version 3.6.3 erstellt 
[1] 6273
[1] 3557
$`0-9`
[1] 492

$`10-19`
[1] 625

$`20-29`
[1] 1486

$`30-39`
[1] 1212

$`40-49`
[1] 835

$`50-59`
[1] 546

$`60-69`
[1] 295

$`70-79`
[1] 115

$`80-89`
[1] 32

$`90-99`
[1] 2

[1] 57
# A tibble: 14 x 10
   Country   Region Code        Date     Sex   Age   AgeInt Metric Measure Value
   <chr>     <chr>  <chr>       <chr>    <chr> <chr> <chr>  <chr>  <chr>   <int>
 1 Venezuela All    VE03.07.20~ 03.07.2~ b     0     "10"   Count  Cases     492
 2 Venezuela All    VE03.07.20~ 03.07.2~ b     10    "10"   Count  Cases     625
 3 Venezuela All    VE03.07.20~ 03.07.2~ b     20    "10"   Count  Cases    1486
 4 Venezuela All    VE03.07.20~ 03.07.2~ b     30    "10"   Count  Cases    1212
 5 Venezuela All    VE03.07.20~ 03.07.2~ b     40    "10"   Count  Cases     835
 6 Venezuela All    VE03.07.20~ 03.07.2~ b     50    "10"   Count  Cases     546
 7 Venezuela All    VE03.07.20~ 03.07.2~ b     60    "10"   Count  Cases     295
 8 Venezuela All    VE03.07.20~ 03.07.2~ b     70    "10"   Count  Cases     115
 9 Venezuela All    VE03.07.20~ 03.07.2~ b     80    "10"   Count  Cases      32
10 Venezuela All    VE03.07.20~ 03.07.2~ b     90    "15"   Count  Cases       2
11 Venezuela All    VE03.07.20~ 03.07.2~ b     TOT   ""     Count  Cases    6273
12 Venezuela All    VE03.07.20~ 03.07.2~ f     TOT   ""     Count  Cases    2716
13 Venezuela All    VE03.07.20~ 03.07.2~ m     TOT   ""     Count  Cases    3557
14 Venezuela All    VE03.07.20~ 03.07.2~ b     TOT   ""     Count  Deaths     57
Writing to "Venezuela input template"
Appending 14 row(s) to "database"
Fehler in file(con, "w") : kann Verbindung nicht öffnen
Ruft auf: writeLines -> file
Zusätzlich: Warnmeldung:
In file(con, "w") : kann Datei 'temp.txt' nicht öffnen: Permission denied
Ausführung angehalten
Warnmeldung:
Paket 'httr' wurde unter R Version 3.6.3 erstellt 
Warnmeldung:
Paket 'jsonlite' wurde unter R Version 3.6.3 erstellt 
-- Attaching packages --------------------------------------- tidyverse 1.3.0 --
v ggplot2 3.3.0     v purrr   0.3.4
v tibble  3.0.1     v dplyr   0.8.5
v tidyr   1.1.0     v stringr 1.4.0
v readr   1.3.1     v forcats 0.5.0
-- Conflicts ------------------------------------------ tidyverse_conflicts() --
x dplyr::filter()  masks stats::filter()
x purrr::flatten() masks jsonlite::flatten()
x dplyr::lag()     masks stats::lag()
Warnmeldungen:
1: Paket 'tidyverse' wurde unter R Version 3.6.3 erstellt 
2: Paket 'ggplot2' wurde unter R Version 3.6.3 erstellt 
3: Paket 'tibble' wurde unter R Version 3.6.3 erstellt 
4: Paket 'tidyr' wurde unter R Version 3.6.3 erstellt 
5: Paket 'readr' wurde unter R Version 3.6.3 erstellt 
6: Paket 'purrr' wurde unter R Version 3.6.3 erstellt 
7: Paket 'dplyr' wurde unter R Version 3.6.3 erstellt 
8: Paket 'stringr' wurde unter R Version 3.6.3 erstellt 
9: Paket 'forcats' wurde unter R Version 3.6.3 erstellt 
Warnmeldung:
Paket 'googlesheets4' wurde unter R Version 3.6.3 erstellt 

Attache Paket: 'googledrive'

The following objects are masked from 'package:googlesheets4':

    request_generate, request_make

Warnmeldung:
Paket 'googledrive' wurde unter R Version 3.6.3 erstellt 

Attache Paket: 'lubridate'

The following objects are masked from 'package:dplyr':

    intersect, setdiff, union

The following objects are masked from 'package:base':

    date, intersect, setdiff, union

Warnmeldung:
Paket 'lubridate' wurde unter R Version 3.6.3 erstellt 
Reading from "Venezuela input template"
Range "'database'"
Writing to "Venezuela input template"
Appending 14 row(s) to "database"
Fehler in file(con, "w") : kann Verbindung nicht öffnen
Ruft auf: writeLines -> file
Zusätzlich: Warnmeldung:
In file(con, "w") : kann Datei 'temp.txt' nicht öffnen: Permission denied
Ausführung angehalten
Warnmeldung:
Paket 'httr' wurde unter R Version 3.6.3 erstellt 
Warnmeldung:
Paket 'jsonlite' wurde unter R Version 3.6.3 erstellt 
-- Attaching packages --------------------------------------- tidyverse 1.3.0 --
v ggplot2 3.3.0     v purrr   0.3.4
v tibble  3.0.1     v dplyr   0.8.5
v tidyr   1.1.0     v stringr 1.4.0
v readr   1.3.1     v forcats 0.5.0
-- Conflicts ------------------------------------------ tidyverse_conflicts() --
x dplyr::filter()  masks stats::filter()
x purrr::flatten() masks jsonlite::flatten()
x dplyr::lag()     masks stats::lag()
Warnmeldungen:
1: Paket 'tidyverse' wurde unter R Version 3.6.3 erstellt 
2: Paket 'ggplot2' wurde unter R Version 3.6.3 erstellt 
3: Paket 'tibble' wurde unter R Version 3.6.3 erstellt 
4: Paket 'tidyr' wurde unter R Version 3.6.3 erstellt 
5: Paket 'readr' wurde unter R Version 3.6.3 erstellt 
6: Paket 'purrr' wurde unter R Version 3.6.3 erstellt 
7: Paket 'dplyr' wurde unter R Version 3.6.3 erstellt 
8: Paket 'stringr' wurde unter R Version 3.6.3 erstellt 
9: Paket 'forcats' wurde unter R Version 3.6.3 erstellt 
Warnmeldung:
Paket 'googlesheets4' wurde unter R Version 3.6.3 erstellt 

Attache Paket: 'googledrive'

The following objects are masked from 'package:googlesheets4':

    request_generate, request_make

Warnmeldung:
Paket 'googledrive' wurde unter R Version 3.6.3 erstellt 

Attache Paket: 'lubridate'

The following objects are masked from 'package:dplyr':

    intersect, setdiff, union

The following objects are masked from 'package:base':

    date, intersect, setdiff, union

Warnmeldung:
Paket 'lubridate' wurde unter R Version 3.6.3 erstellt 
Reading from "Venezuela input template"
Range "'database'"
Writing to "Venezuela input template"
Appending 14 row(s) to "database"
Auto-refreshing stale OAuth token.
Files trashed:
  * VE02.07.2020_cases.txt: 1GaTEIAFHT4EHpJpJN0aKCUvTdNELzPWU
Local file:
  * C:\Users\acosta\AppData\Local\Temp\RtmpURzLfh\fileff443acd2f06.txt
uploaded into Drive file:
  * VE02.07.2020_cases.txt: 1nIk_xmNlR2CoI3KvUlVwsyuvMY5mRqXK
with MIME type:
  * text/plain
Warnmeldung:
Paket 'httr' wurde unter R Version 3.6.3 erstellt 
Warnmeldung:
Paket 'jsonlite' wurde unter R Version 3.6.3 erstellt 
-- Attaching packages --------------------------------------- tidyverse 1.3.0 --
v ggplot2 3.3.0     v purrr   0.3.4
v tibble  3.0.1     v dplyr   0.8.5
v tidyr   1.1.0     v stringr 1.4.0
v readr   1.3.1     v forcats 0.5.0
-- Conflicts ------------------------------------------ tidyverse_conflicts() --
x dplyr::filter()  masks stats::filter()
x purrr::flatten() masks jsonlite::flatten()
x dplyr::lag()     masks stats::lag()
Warnmeldungen:
1: Paket 'tidyverse' wurde unter R Version 3.6.3 erstellt 
2: Paket 'ggplot2' wurde unter R Version 3.6.3 erstellt 
3: Paket 'tibble' wurde unter R Version 3.6.3 erstellt 
4: Paket 'tidyr' wurde unter R Version 3.6.3 erstellt 
5: Paket 'readr' wurde unter R Version 3.6.3 erstellt 
6: Paket 'purrr' wurde unter R Version 3.6.3 erstellt 
7: Paket 'dplyr' wurde unter R Version 3.6.3 erstellt 
8: Paket 'stringr' wurde unter R Version 3.6.3 erstellt 
9: Paket 'forcats' wurde unter R Version 3.6.3 erstellt 
Warnmeldung:
Paket 'googlesheets4' wurde unter R Version 3.6.3 erstellt 

Attache Paket: 'googledrive'

The following objects are masked from 'package:googlesheets4':

    request_generate, request_make

Warnmeldung:
Paket 'googledrive' wurde unter R Version 3.6.3 erstellt 

Attache Paket: 'lubridate'

The following objects are masked from 'package:dplyr':

    intersect, setdiff, union

The following objects are masked from 'package:base':

    date, intersect, setdiff, union

Warnmeldung:
Paket 'lubridate' wurde unter R Version 3.6.3 erstellt 
Reading from "Venezuela input template"
Range "'database'"
Writing to "Venezuela input template"
Appending 14 row(s) to "database"
Local file:
  * C:\Users\acosta\AppData\Local\Temp\RtmpAjFK69\file122a41e112e21.txt
uploaded into Drive file:
  * VE03.07.2020_cases.txt: 1dRu4XcPG0LmzIBoOLNbaUaVmfb0K8aIo
with MIME type:
  * text/plain
Warnmeldung:
Paket 'httr' wurde unter R Version 3.6.3 erstellt 
Warnmeldung:
Paket 'jsonlite' wurde unter R Version 3.6.3 erstellt 
-- Attaching packages --------------------------------------- tidyverse 1.3.0 --
v ggplot2 3.3.0     v purrr   0.3.4
v tibble  3.0.1     v dplyr   0.8.5
v tidyr   1.1.0     v stringr 1.4.0
v readr   1.3.1     v forcats 0.5.0
-- Conflicts ------------------------------------------ tidyverse_conflicts() --
x dplyr::filter()  masks stats::filter()
x purrr::flatten() masks jsonlite::flatten()
x dplyr::lag()     masks stats::lag()
Warnmeldungen:
1: Paket 'tidyverse' wurde unter R Version 3.6.3 erstellt 
2: Paket 'ggplot2' wurde unter R Version 3.6.3 erstellt 
3: Paket 'tibble' wurde unter R Version 3.6.3 erstellt 
4: Paket 'tidyr' wurde unter R Version 3.6.3 erstellt 
5: Paket 'readr' wurde unter R Version 3.6.3 erstellt 
6: Paket 'purrr' wurde unter R Version 3.6.3 erstellt 
7: Paket 'dplyr' wurde unter R Version 3.6.3 erstellt 
8: Paket 'stringr' wurde unter R Version 3.6.3 erstellt 
9: Paket 'forcats' wurde unter R Version 3.6.3 erstellt 
Warnmeldung:
Paket 'googlesheets4' wurde unter R Version 3.6.3 erstellt 

Attache Paket: 'googledrive'

The following objects are masked from 'package:googlesheets4':

    request_generate, request_make

Warnmeldung:
Paket 'googledrive' wurde unter R Version 3.6.3 erstellt 

Attache Paket: 'lubridate'

The following objects are masked from 'package:dplyr':

    intersect, setdiff, union

The following objects are masked from 'package:base':

    date, intersect, setdiff, union

Warnmeldung:
Paket 'lubridate' wurde unter R Version 3.6.3 erstellt 
Reading from "Venezuela input template"
Range "'database'"
Writing to "Venezuela input template"
Appending 14 row(s) to "database"
Local file:
  * C:\Users\acosta\AppData\Local\Temp\RtmpCyb0Kg\file961061397c43.txt
uploaded into Drive file:
  * VE04.07.2020_cases.txt: 1bw8_CkBiP1HLJZvlmyre5MkGJe5x2FPj
with MIME type:
  * text/plain
Warnmeldung:
Paket 'httr' wurde unter R Version 3.6.3 erstellt 
Warnmeldung:
Paket 'jsonlite' wurde unter R Version 3.6.3 erstellt 
-- Attaching packages --------------------------------------- tidyverse 1.3.0 --
v ggplot2 3.3.0     v purrr   0.3.4
v tibble  3.0.1     v dplyr   0.8.5
v tidyr   1.1.0     v stringr 1.4.0
v readr   1.3.1     v forcats 0.5.0
-- Conflicts ------------------------------------------ tidyverse_conflicts() --
x dplyr::filter()  masks stats::filter()
x purrr::flatten() masks jsonlite::flatten()
x dplyr::lag()     masks stats::lag()
Warnmeldungen:
1: Paket 'tidyverse' wurde unter R Version 3.6.3 erstellt 
2: Paket 'ggplot2' wurde unter R Version 3.6.3 erstellt 
3: Paket 'tibble' wurde unter R Version 3.6.3 erstellt 
4: Paket 'tidyr' wurde unter R Version 3.6.3 erstellt 
5: Paket 'readr' wurde unter R Version 3.6.3 erstellt 
6: Paket 'purrr' wurde unter R Version 3.6.3 erstellt 
7: Paket 'dplyr' wurde unter R Version 3.6.3 erstellt 
8: Paket 'stringr' wurde unter R Version 3.6.3 erstellt 
9: Paket 'forcats' wurde unter R Version 3.6.3 erstellt 
Warnmeldung:
Paket 'googlesheets4' wurde unter R Version 3.6.3 erstellt 

Attache Paket: 'googledrive'

The following objects are masked from 'package:googlesheets4':

    request_generate, request_make

Warnmeldung:
Paket 'googledrive' wurde unter R Version 3.6.3 erstellt 

Attache Paket: 'lubridate'

The following objects are masked from 'package:dplyr':

    intersect, setdiff, union

The following objects are masked from 'package:base':

    date, intersect, setdiff, union

Warnmeldung:
Paket 'lubridate' wurde unter R Version 3.6.3 erstellt 
Reading from "Venezuela input template"
Range "'database'"
Writing to "Venezuela input template"
Appending 14 row(s) to "database"
Local file:
  * C:\Users\acosta\AppData\Local\Temp\Rtmp4qW7AN\file8c4024614a65.txt
uploaded into Drive file:
  * VE05.07.2020_cases.txt: 1jtkXrfEQMU-Z-Xn3Cs_nOUFClEq1O1pU
with MIME type:
  * text/plain
Warnmeldung:
Paket 'httr' wurde unter R Version 3.6.3 erstellt 
Warnmeldung:
Paket 'jsonlite' wurde unter R Version 3.6.3 erstellt 
-- Attaching packages --------------------------------------- tidyverse 1.3.0 --
v ggplot2 3.3.0     v purrr   0.3.4
v tibble  3.0.1     v dplyr   0.8.5
v tidyr   1.1.0     v stringr 1.4.0
v readr   1.3.1     v forcats 0.5.0
-- Conflicts ------------------------------------------ tidyverse_conflicts() --
x dplyr::filter()  masks stats::filter()
x purrr::flatten() masks jsonlite::flatten()
x dplyr::lag()     masks stats::lag()
Warnmeldungen:
1: Paket 'tidyverse' wurde unter R Version 3.6.3 erstellt 
2: Paket 'ggplot2' wurde unter R Version 3.6.3 erstellt 
3: Paket 'tibble' wurde unter R Version 3.6.3 erstellt 
4: Paket 'tidyr' wurde unter R Version 3.6.3 erstellt 
5: Paket 'readr' wurde unter R Version 3.6.3 erstellt 
6: Paket 'purrr' wurde unter R Version 3.6.3 erstellt 
7: Paket 'dplyr' wurde unter R Version 3.6.3 erstellt 
8: Paket 'stringr' wurde unter R Version 3.6.3 erstellt 
9: Paket 'forcats' wurde unter R Version 3.6.3 erstellt 
Warnmeldung:
Paket 'googlesheets4' wurde unter R Version 3.6.3 erstellt 

Attache Paket: 'googledrive'

The following objects are masked from 'package:googlesheets4':

    request_generate, request_make

Warnmeldung:
Paket 'googledrive' wurde unter R Version 3.6.3 erstellt 

Attache Paket: 'lubridate'

The following objects are masked from 'package:dplyr':

    intersect, setdiff, union

The following objects are masked from 'package:base':

    date, intersect, setdiff, union

Warnmeldung:
Paket 'lubridate' wurde unter R Version 3.6.3 erstellt 
Reading from "Venezuela input template"
Range "'database'"
Writing to "Venezuela input template"
Appending 14 row(s) to "database"
Local file:
  * C:\Users\acosta\AppData\Local\Temp\Rtmpa42jiv\filec5c067891887.txt
uploaded into Drive file:
  * VE06.07.2020_cases.txt: 1wm3Djw5LiJdzjMGldjp1q2UYyJ4DOTko
with MIME type:
  * text/plain
Warnmeldung:
Paket 'httr' wurde unter R Version 3.6.3 erstellt 
Warnmeldung:
Paket 'jsonlite' wurde unter R Version 3.6.3 erstellt 
-- Attaching packages --------------------------------------- tidyverse 1.3.0 --
v ggplot2 3.3.0     v purrr   0.3.4
v tibble  3.0.1     v dplyr   0.8.5
v tidyr   1.1.0     v stringr 1.4.0
v readr   1.3.1     v forcats 0.5.0
-- Conflicts ------------------------------------------ tidyverse_conflicts() --
x dplyr::filter()  masks stats::filter()
x purrr::flatten() masks jsonlite::flatten()
x dplyr::lag()     masks stats::lag()
Warnmeldungen:
1: Paket 'tidyverse' wurde unter R Version 3.6.3 erstellt 
2: Paket 'ggplot2' wurde unter R Version 3.6.3 erstellt 
3: Paket 'tibble' wurde unter R Version 3.6.3 erstellt 
4: Paket 'tidyr' wurde unter R Version 3.6.3 erstellt 
5: Paket 'readr' wurde unter R Version 3.6.3 erstellt 
6: Paket 'purrr' wurde unter R Version 3.6.3 erstellt 
7: Paket 'dplyr' wurde unter R Version 3.6.3 erstellt 
8: Paket 'stringr' wurde unter R Version 3.6.3 erstellt 
9: Paket 'forcats' wurde unter R Version 3.6.3 erstellt 
Warnmeldung:
Paket 'googlesheets4' wurde unter R Version 3.6.3 erstellt 

Attache Paket: 'googledrive'

The following objects are masked from 'package:googlesheets4':

    request_generate, request_make

Warnmeldung:
Paket 'googledrive' wurde unter R Version 3.6.3 erstellt 

Attache Paket: 'lubridate'

The following objects are masked from 'package:dplyr':

    intersect, setdiff, union

The following objects are masked from 'package:base':

    date, intersect, setdiff, union

Warnmeldung:
Paket 'lubridate' wurde unter R Version 3.6.3 erstellt 
Reading from "Venezuela input template"
Range "'database'"
Writing to "Venezuela input template"
Appending 14 row(s) to "database"
Local file:
  * C:\Users\acosta\AppData\Local\Temp\RtmpYDbrS6\file43342ab166a9.txt
uploaded into Drive file:
  * VE07.07.2020_cases.txt: 1ucKQU620W5kUaO8R8-EpRQZIuVlEnxBO
with MIME type:
  * text/plain
Warnmeldung:
Paket 'httr' wurde unter R Version 3.6.3 erstellt 
Warnmeldung:
Paket 'jsonlite' wurde unter R Version 3.6.3 erstellt 
-- Attaching packages --------------------------------------- tidyverse 1.3.0 --
v ggplot2 3.3.0     v purrr   0.3.4
v tibble  3.0.1     v dplyr   0.8.5
v tidyr   1.1.0     v stringr 1.4.0
v readr   1.3.1     v forcats 0.5.0
-- Conflicts ------------------------------------------ tidyverse_conflicts() --
x dplyr::filter()  masks stats::filter()
x purrr::flatten() masks jsonlite::flatten()
x dplyr::lag()     masks stats::lag()
Warnmeldungen:
1: Paket 'tidyverse' wurde unter R Version 3.6.3 erstellt 
2: Paket 'ggplot2' wurde unter R Version 3.6.3 erstellt 
3: Paket 'tibble' wurde unter R Version 3.6.3 erstellt 
4: Paket 'tidyr' wurde unter R Version 3.6.3 erstellt 
5: Paket 'readr' wurde unter R Version 3.6.3 erstellt 
6: Paket 'purrr' wurde unter R Version 3.6.3 erstellt 
7: Paket 'dplyr' wurde unter R Version 3.6.3 erstellt 
8: Paket 'stringr' wurde unter R Version 3.6.3 erstellt 
9: Paket 'forcats' wurde unter R Version 3.6.3 erstellt 
Warnmeldung:
Paket 'googlesheets4' wurde unter R Version 3.6.3 erstellt 

Attache Paket: 'googledrive'

The following objects are masked from 'package:googlesheets4':

    request_generate, request_make

Warnmeldung:
Paket 'googledrive' wurde unter R Version 3.6.3 erstellt 

Attache Paket: 'lubridate'

The following objects are masked from 'package:dplyr':

    intersect, setdiff, union

The following objects are masked from 'package:base':

    date, intersect, setdiff, union

Warnmeldung:
Paket 'lubridate' wurde unter R Version 3.6.3 erstellt 
Fehler in curl::curl_fetch_memory(url, handle = handle) : 
  Timeout was reached: [sheets.googleapis.com] Resolving timed out after 10000 milliseconds
Ruft auf: read_sheet ... request_fetch -> request_fetch.write_memory -> <Anonymous>
Ausführung angehalten
Warnmeldung:
Paket 'httr' wurde unter R Version 3.6.3 erstellt 
Warnmeldung:
Paket 'jsonlite' wurde unter R Version 3.6.3 erstellt 
-- Attaching packages --------------------------------------- tidyverse 1.3.0 --
v ggplot2 3.3.0     v purrr   0.3.4
v tibble  3.0.1     v dplyr   0.8.5
v tidyr   1.1.0     v stringr 1.4.0
v readr   1.3.1     v forcats 0.5.0
-- Conflicts ------------------------------------------ tidyverse_conflicts() --
x dplyr::filter()  masks stats::filter()
x purrr::flatten() masks jsonlite::flatten()
x dplyr::lag()     masks stats::lag()
Warnmeldungen:
1: Paket 'tidyverse' wurde unter R Version 3.6.3 erstellt 
2: Paket 'ggplot2' wurde unter R Version 3.6.3 erstellt 
3: Paket 'tibble' wurde unter R Version 3.6.3 erstellt 
4: Paket 'tidyr' wurde unter R Version 3.6.3 erstellt 
5: Paket 'readr' wurde unter R Version 3.6.3 erstellt 
6: Paket 'purrr' wurde unter R Version 3.6.3 erstellt 
7: Paket 'dplyr' wurde unter R Version 3.6.3 erstellt 
8: Paket 'stringr' wurde unter R Version 3.6.3 erstellt 
9: Paket 'forcats' wurde unter R Version 3.6.3 erstellt 
Warnmeldung:
Paket 'googlesheets4' wurde unter R Version 3.6.3 erstellt 

Attache Paket: 'googledrive'

The following objects are masked from 'package:googlesheets4':

    request_generate, request_make

Warnmeldung:
Paket 'googledrive' wurde unter R Version 3.6.3 erstellt 

Attache Paket: 'lubridate'

The following objects are masked from 'package:dplyr':

    intersect, setdiff, union

The following objects are masked from 'package:base':

    date, intersect, setdiff, union

Warnmeldung:
Paket 'lubridate' wurde unter R Version 3.6.3 erstellt 
Reading from "Venezuela input template"
Range "'database'"
Writing to "Venezuela input template"
Appending 14 row(s) to "database"
Local file:
  * C:\Users\acosta\AppData\Local\Temp\RtmpcFUqFn\file968c31002ed.txt
uploaded into Drive file:
  * VE09.07.2020_cases.txt: 1N3lXwUH36TkcoLFw0DlLlU1yXE4QSuqD
with MIME type:
  * text/plain
Warnmeldung:
Paket 'httr' wurde unter R Version 3.6.3 erstellt 
Warnmeldung:
Paket 'jsonlite' wurde unter R Version 3.6.3 erstellt 
-- Attaching packages --------------------------------------- tidyverse 1.3.0 --
v ggplot2 3.3.0     v purrr   0.3.4
v tibble  3.0.1     v dplyr   0.8.5
v tidyr   1.1.0     v stringr 1.4.0
v readr   1.3.1     v forcats 0.5.0
-- Conflicts ------------------------------------------ tidyverse_conflicts() --
x dplyr::filter()  masks stats::filter()
x purrr::flatten() masks jsonlite::flatten()
x dplyr::lag()     masks stats::lag()
Warnmeldungen:
1: Paket 'tidyverse' wurde unter R Version 3.6.3 erstellt 
2: Paket 'ggplot2' wurde unter R Version 3.6.3 erstellt 
3: Paket 'tibble' wurde unter R Version 3.6.3 erstellt 
4: Paket 'tidyr' wurde unter R Version 3.6.3 erstellt 
5: Paket 'readr' wurde unter R Version 3.6.3 erstellt 
6: Paket 'purrr' wurde unter R Version 3.6.3 erstellt 
7: Paket 'dplyr' wurde unter R Version 3.6.3 erstellt 
8: Paket 'stringr' wurde unter R Version 3.6.3 erstellt 
9: Paket 'forcats' wurde unter R Version 3.6.3 erstellt 
Warnmeldung:
Paket 'googlesheets4' wurde unter R Version 3.6.3 erstellt 

Attache Paket: 'googledrive'

The following objects are masked from 'package:googlesheets4':

    request_generate, request_make

Warnmeldung:
Paket 'googledrive' wurde unter R Version 3.6.3 erstellt 

Attache Paket: 'lubridate'

The following objects are masked from 'package:dplyr':

    intersect, setdiff, union

The following objects are masked from 'package:base':

    date, intersect, setdiff, union

Warnmeldung:
Paket 'lubridate' wurde unter R Version 3.6.3 erstellt 
Reading from "Venezuela input template"
Range "'database'"
Writing to "Venezuela input template"
Appending 14 row(s) to "database"
Local file:
  * C:\Users\acosta\AppData\Local\Temp\Rtmpk5gbNv\fileb5b87428510f.txt
uploaded into Drive file:
  * VE10.07.2020_cases.txt: 1LiPiOVc8Yey3ZMrf2yPXaIxG5_s5az0t
with MIME type:
  * text/plain
Warnmeldung:
Paket 'httr' wurde unter R Version 3.6.3 erstellt 
Warnmeldung:
Paket 'jsonlite' wurde unter R Version 3.6.3 erstellt 
-- Attaching packages --------------------------------------- tidyverse 1.3.0 --
v ggplot2 3.3.0     v purrr   0.3.4
v tibble  3.0.1     v dplyr   0.8.5
v tidyr   1.1.0     v stringr 1.4.0
v readr   1.3.1     v forcats 0.5.0
-- Conflicts ------------------------------------------ tidyverse_conflicts() --
x dplyr::filter()  masks stats::filter()
x purrr::flatten() masks jsonlite::flatten()
x dplyr::lag()     masks stats::lag()
Warnmeldungen:
1: Paket 'tidyverse' wurde unter R Version 3.6.3 erstellt 
2: Paket 'ggplot2' wurde unter R Version 3.6.3 erstellt 
3: Paket 'tibble' wurde unter R Version 3.6.3 erstellt 
4: Paket 'tidyr' wurde unter R Version 3.6.3 erstellt 
5: Paket 'readr' wurde unter R Version 3.6.3 erstellt 
6: Paket 'purrr' wurde unter R Version 3.6.3 erstellt 
7: Paket 'dplyr' wurde unter R Version 3.6.3 erstellt 
8: Paket 'stringr' wurde unter R Version 3.6.3 erstellt 
9: Paket 'forcats' wurde unter R Version 3.6.3 erstellt 
Warnmeldung:
Paket 'googlesheets4' wurde unter R Version 3.6.3 erstellt 

Attache Paket: 'googledrive'

The following objects are masked from 'package:googlesheets4':

    request_generate, request_make

Warnmeldung:
Paket 'googledrive' wurde unter R Version 3.6.3 erstellt 

Attache Paket: 'lubridate'

The following objects are masked from 'package:dplyr':

    intersect, setdiff, union

The following objects are masked from 'package:base':

    date, intersect, setdiff, union

Warnmeldung:
Paket 'lubridate' wurde unter R Version 3.6.3 erstellt 
Reading from "Venezuela input template"
Range "'database'"
no new updates so far, last date: 2020-07-11Warnmeldung:
Paket 'httr' wurde unter R Version 3.6.3 erstellt 
Warnmeldung:
Paket 'jsonlite' wurde unter R Version 3.6.3 erstellt 
-- Attaching packages --------------------------------------- tidyverse 1.3.0 --
v ggplot2 3.3.0     v purrr   0.3.4
v tibble  3.0.1     v dplyr   0.8.5
v tidyr   1.1.0     v stringr 1.4.0
v readr   1.3.1     v forcats 0.5.0
-- Conflicts ------------------------------------------ tidyverse_conflicts() --
x dplyr::filter()  masks stats::filter()
x purrr::flatten() masks jsonlite::flatten()
x dplyr::lag()     masks stats::lag()
Warnmeldungen:
1: Paket 'tidyverse' wurde unter R Version 3.6.3 erstellt 
2: Paket 'ggplot2' wurde unter R Version 3.6.3 erstellt 
3: Paket 'tibble' wurde unter R Version 3.6.3 erstellt 
4: Paket 'tidyr' wurde unter R Version 3.6.3 erstellt 
5: Paket 'readr' wurde unter R Version 3.6.3 erstellt 
6: Paket 'purrr' wurde unter R Version 3.6.3 erstellt 
7: Paket 'dplyr' wurde unter R Version 3.6.3 erstellt 
8: Paket 'stringr' wurde unter R Version 3.6.3 erstellt 
9: Paket 'forcats' wurde unter R Version 3.6.3 erstellt 
Warnmeldung:
Paket 'googlesheets4' wurde unter R Version 3.6.3 erstellt 

Attache Paket: 'googledrive'

The following objects are masked from 'package:googlesheets4':

    request_generate, request_make

Warnmeldung:
Paket 'googledrive' wurde unter R Version 3.6.3 erstellt 

Attache Paket: 'lubridate'

The following objects are masked from 'package:dplyr':

    intersect, setdiff, union

The following objects are masked from 'package:base':

    date, intersect, setdiff, union

Warnmeldung:
Paket 'lubridate' wurde unter R Version 3.6.3 erstellt 
Reading from "Venezuela input template"
Range "'database'"
Writing to "Venezuela input template"
Appending 14 row(s) to "database"
Local file:
  * C:\Users\acosta\AppData\Local\Temp\RtmpOEJ4Rx\file11e887a786d53.txt
uploaded into Drive file:
  * VE12.07.2020_cases.txt: 1dGgqOyZlWcK9eL46SD64RJBaai3T1m1B
with MIME type:
  * text/plain
Warnmeldung:
Paket 'httr' wurde unter R Version 3.6.3 erstellt 
Warnmeldung:
Paket 'jsonlite' wurde unter R Version 3.6.3 erstellt 
-- Attaching packages --------------------------------------- tidyverse 1.3.0 --
v ggplot2 3.3.0     v purrr   0.3.4
v tibble  3.0.1     v dplyr   0.8.5
v tidyr   1.1.0     v stringr 1.4.0
v readr   1.3.1     v forcats 0.5.0
-- Conflicts ------------------------------------------ tidyverse_conflicts() --
x dplyr::filter()  masks stats::filter()
x purrr::flatten() masks jsonlite::flatten()
x dplyr::lag()     masks stats::lag()
Warnmeldungen:
1: Paket 'tidyverse' wurde unter R Version 3.6.3 erstellt 
2: Paket 'ggplot2' wurde unter R Version 3.6.3 erstellt 
3: Paket 'tibble' wurde unter R Version 3.6.3 erstellt 
4: Paket 'tidyr' wurde unter R Version 3.6.3 erstellt 
5: Paket 'readr' wurde unter R Version 3.6.3 erstellt 
6: Paket 'purrr' wurde unter R Version 3.6.3 erstellt 
7: Paket 'dplyr' wurde unter R Version 3.6.3 erstellt 
8: Paket 'stringr' wurde unter R Version 3.6.3 erstellt 
9: Paket 'forcats' wurde unter R Version 3.6.3 erstellt 
Warnmeldung:
Paket 'googlesheets4' wurde unter R Version 3.6.3 erstellt 

Attache Paket: 'googledrive'

The following objects are masked from 'package:googlesheets4':

    request_generate, request_make

Warnmeldung:
Paket 'googledrive' wurde unter R Version 3.6.3 erstellt 

Attache Paket: 'lubridate'

The following objects are masked from 'package:dplyr':

    intersect, setdiff, union

The following objects are masked from 'package:base':

    date, intersect, setdiff, union

Warnmeldung:
Paket 'lubridate' wurde unter R Version 3.6.3 erstellt 
Reading from "Venezuela input template"
Range "'database'"
Writing to "Venezuela input template"
Appending 14 row(s) to "database"
Local file:
  * C:\Users\acosta\AppData\Local\Temp\Rtmp8IPUWS\file114ec679c3b79.txt
uploaded into Drive file:
  * VE13.07.2020_cases.txt: 1p3AViTi9ejU5K0a46CF6dAcmCUNUPu07
with MIME type:
  * text/plain
Warnmeldung:
Paket 'httr' wurde unter R Version 3.6.3 erstellt 
Warnmeldung:
Paket 'jsonlite' wurde unter R Version 3.6.3 erstellt 
-- Attaching packages --------------------------------------- tidyverse 1.3.0 --
v ggplot2 3.3.0     v purrr   0.3.4
v tibble  3.0.1     v dplyr   0.8.5
v tidyr   1.1.0     v stringr 1.4.0
v readr   1.3.1     v forcats 0.5.0
-- Conflicts ------------------------------------------ tidyverse_conflicts() --
x dplyr::filter()  masks stats::filter()
x purrr::flatten() masks jsonlite::flatten()
x dplyr::lag()     masks stats::lag()
Warnmeldungen:
1: Paket 'tidyverse' wurde unter R Version 3.6.3 erstellt 
2: Paket 'ggplot2' wurde unter R Version 3.6.3 erstellt 
3: Paket 'tibble' wurde unter R Version 3.6.3 erstellt 
4: Paket 'tidyr' wurde unter R Version 3.6.3 erstellt 
5: Paket 'readr' wurde unter R Version 3.6.3 erstellt 
6: Paket 'purrr' wurde unter R Version 3.6.3 erstellt 
7: Paket 'dplyr' wurde unter R Version 3.6.3 erstellt 
8: Paket 'stringr' wurde unter R Version 3.6.3 erstellt 
9: Paket 'forcats' wurde unter R Version 3.6.3 erstellt 
Warnmeldung:
Paket 'googlesheets4' wurde unter R Version 3.6.3 erstellt 

Attache Paket: 'googledrive'

The following objects are masked from 'package:googlesheets4':

    request_generate, request_make

Warnmeldung:
Paket 'googledrive' wurde unter R Version 3.6.3 erstellt 

Attache Paket: 'lubridate'

The following objects are masked from 'package:dplyr':

    intersect, setdiff, union

The following objects are masked from 'package:base':

    date, intersect, setdiff, union

Warnmeldung:
Paket 'lubridate' wurde unter R Version 3.6.3 erstellt 
Reading from "Venezuela input template"
Range "'database'"
Writing to "Venezuela input template"
Appending 14 row(s) to "database"
Local file:
  * C:\Users\acosta\AppData\Local\Temp\RtmpWWLFM6\file4a8cc8997.txt
uploaded into Drive file:
  * VE14.07.2020_cases.txt: 1aD2FOHp5kn2GPh6jLB58AEm_yJQIlqiV
with MIME type:
  * text/plain
Warnmeldung:
Paket 'httr' wurde unter R Version 3.6.3 erstellt 
Warnmeldung:
Paket 'jsonlite' wurde unter R Version 3.6.3 erstellt 
-- Attaching packages --------------------------------------- tidyverse 1.3.0 --
v ggplot2 3.3.0     v purrr   0.3.4
v tibble  3.0.3     v dplyr   1.0.0
v tidyr   1.1.0     v stringr 1.4.0
v readr   1.3.1     v forcats 0.5.0
-- Conflicts ------------------------------------------ tidyverse_conflicts() --
x dplyr::filter()  masks stats::filter()
x purrr::flatten() masks jsonlite::flatten()
x dplyr::lag()     masks stats::lag()
Warnmeldungen:
1: Paket 'tidyverse' wurde unter R Version 3.6.3 erstellt 
2: Paket 'ggplot2' wurde unter R Version 3.6.3 erstellt 
3: Paket 'tibble' wurde unter R Version 3.6.3 erstellt 
4: Paket 'tidyr' wurde unter R Version 3.6.3 erstellt 
5: Paket 'readr' wurde unter R Version 3.6.3 erstellt 
6: Paket 'purrr' wurde unter R Version 3.6.3 erstellt 
7: Paket 'dplyr' wurde unter R Version 3.6.3 erstellt 
8: Paket 'stringr' wurde unter R Version 3.6.3 erstellt 
9: Paket 'forcats' wurde unter R Version 3.6.3 erstellt 
Warnmeldung:
Paket 'googlesheets4' wurde unter R Version 3.6.3 erstellt 

Attache Paket: 'googledrive'

The following objects are masked from 'package:googlesheets4':

    request_generate, request_make

Warnmeldung:
Paket 'googledrive' wurde unter R Version 3.6.3 erstellt 

Attache Paket: 'lubridate'

The following objects are masked from 'package:base':

    date, intersect, setdiff, union

Warnmeldung:
Paket 'lubridate' wurde unter R Version 3.6.3 erstellt 
Reading from "Venezuela input template"
Range "'database'"
Writing to "Venezuela input template"
Appending 14 row(s) to "database"
Local file:
  * C:\Users\acosta\AppData\Local\Temp\RtmpEVTihE\file996443f057b9.txt
uploaded into Drive file:
  * VE15.07.2020_cases.txt: 16ImGQzvV7Yneqpq4aFm3BIjHY3c7wrEm
with MIME type:
  * text/plain
Warnmeldung:
Paket 'httr' wurde unter R Version 3.6.3 erstellt 
Warnmeldung:
Paket 'jsonlite' wurde unter R Version 3.6.3 erstellt 
-- Attaching packages --------------------------------------- tidyverse 1.3.0 --
v ggplot2 3.3.0     v purrr   0.3.4
v tibble  3.0.3     v dplyr   1.0.0
v tidyr   1.1.0     v stringr 1.4.0
v readr   1.3.1     v forcats 0.5.0
-- Conflicts ------------------------------------------ tidyverse_conflicts() --
x dplyr::filter()  masks stats::filter()
x purrr::flatten() masks jsonlite::flatten()
x dplyr::lag()     masks stats::lag()
Warnmeldungen:
1: Paket 'tidyverse' wurde unter R Version 3.6.3 erstellt 
2: Paket 'ggplot2' wurde unter R Version 3.6.3 erstellt 
3: Paket 'tibble' wurde unter R Version 3.6.3 erstellt 
4: Paket 'tidyr' wurde unter R Version 3.6.3 erstellt 
5: Paket 'readr' wurde unter R Version 3.6.3 erstellt 
6: Paket 'purrr' wurde unter R Version 3.6.3 erstellt 
7: Paket 'dplyr' wurde unter R Version 3.6.3 erstellt 
8: Paket 'stringr' wurde unter R Version 3.6.3 erstellt 
9: Paket 'forcats' wurde unter R Version 3.6.3 erstellt 
Warnmeldung:
Paket 'googlesheets4' wurde unter R Version 3.6.3 erstellt 

Attache Paket: 'googledrive'

The following objects are masked from 'package:googlesheets4':

    request_generate, request_make

Warnmeldung:
Paket 'googledrive' wurde unter R Version 3.6.3 erstellt 

Attache Paket: 'lubridate'

The following objects are masked from 'package:base':

    date, intersect, setdiff, union

Warnmeldung:
Paket 'lubridate' wurde unter R Version 3.6.3 erstellt 
Reading from "Venezuela input template"
Range "'database'"
Writing to "Venezuela input template"
Appending 14 row(s) to "database"
Local file:
  * C:\Users\acosta\AppData\Local\Temp\Rtmp0ISrue\file9d183db35e67.txt
uploaded into Drive file:
  * VE20.07.2020_cases.txt: 12dji1bpr3AEDiy-D_Il9ZlhEO95wF6Vy
with MIME type:
  * text/plain
Warnmeldung:
Paket 'httr' wurde unter R Version 3.6.3 erstellt 
Warnmeldung:
Paket 'jsonlite' wurde unter R Version 3.6.3 erstellt 
-- Attaching packages --------------------------------------- tidyverse 1.3.0 --
v ggplot2 3.3.0     v purrr   0.3.4
v tibble  3.0.3     v dplyr   1.0.0
v tidyr   1.1.0     v stringr 1.4.0
v readr   1.3.1     v forcats 0.5.0
-- Conflicts ------------------------------------------ tidyverse_conflicts() --
x dplyr::filter()  masks stats::filter()
x purrr::flatten() masks jsonlite::flatten()
x dplyr::lag()     masks stats::lag()
Warnmeldungen:
1: Paket 'tidyverse' wurde unter R Version 3.6.3 erstellt 
2: Paket 'ggplot2' wurde unter R Version 3.6.3 erstellt 
3: Paket 'tibble' wurde unter R Version 3.6.3 erstellt 
4: Paket 'tidyr' wurde unter R Version 3.6.3 erstellt 
5: Paket 'readr' wurde unter R Version 3.6.3 erstellt 
6: Paket 'purrr' wurde unter R Version 3.6.3 erstellt 
7: Paket 'dplyr' wurde unter R Version 3.6.3 erstellt 
8: Paket 'stringr' wurde unter R Version 3.6.3 erstellt 
9: Paket 'forcats' wurde unter R Version 3.6.3 erstellt 
Warnmeldung:
Paket 'googlesheets4' wurde unter R Version 3.6.3 erstellt 

Attache Paket: 'googledrive'

The following objects are masked from 'package:googlesheets4':

    request_generate, request_make

Warnmeldung:
Paket 'googledrive' wurde unter R Version 3.6.3 erstellt 

Attache Paket: 'lubridate'

The following objects are masked from 'package:base':

    date, intersect, setdiff, union

Warnmeldung:
Paket 'lubridate' wurde unter R Version 3.6.3 erstellt 
Reading from "Venezuela input template"
Range "'database'"
Writing to "Venezuela input template"
Appending 14 row(s) to "database"
Local file:
  * C:\Users\acosta\AppData\Local\Temp\RtmpcL9V6R\file118b4db2c89.txt
uploaded into Drive file:
  * VE21.07.2020_cases.txt: 1xNpFAVsBx4ZaKPrP-cVVXi6BSDhUQHUN
with MIME type:
  * text/plain
Warnmeldung:
Paket 'httr' wurde unter R Version 3.6.3 erstellt 
Warnmeldung:
Paket 'jsonlite' wurde unter R Version 3.6.3 erstellt 
-- Attaching packages --------------------------------------- tidyverse 1.3.0 --
v ggplot2 3.3.0     v purrr   0.3.4
v tibble  3.0.3     v dplyr   1.0.0
v tidyr   1.1.0     v stringr 1.4.0
v readr   1.3.1     v forcats 0.5.0
-- Conflicts ------------------------------------------ tidyverse_conflicts() --
x dplyr::filter()  masks stats::filter()
x purrr::flatten() masks jsonlite::flatten()
x dplyr::lag()     masks stats::lag()
Warnmeldungen:
1: Paket 'tidyverse' wurde unter R Version 3.6.3 erstellt 
2: Paket 'ggplot2' wurde unter R Version 3.6.3 erstellt 
3: Paket 'tibble' wurde unter R Version 3.6.3 erstellt 
4: Paket 'tidyr' wurde unter R Version 3.6.3 erstellt 
5: Paket 'readr' wurde unter R Version 3.6.3 erstellt 
6: Paket 'purrr' wurde unter R Version 3.6.3 erstellt 
7: Paket 'dplyr' wurde unter R Version 3.6.3 erstellt 
8: Paket 'stringr' wurde unter R Version 3.6.3 erstellt 
9: Paket 'forcats' wurde unter R Version 3.6.3 erstellt 
Warnmeldung:
Paket 'googlesheets4' wurde unter R Version 3.6.3 erstellt 

Attache Paket: 'googledrive'

The following objects are masked from 'package:googlesheets4':

    request_generate, request_make

Warnmeldung:
Paket 'googledrive' wurde unter R Version 3.6.3 erstellt 

Attache Paket: 'lubridate'

The following objects are masked from 'package:base':

    date, intersect, setdiff, union

Warnmeldung:
Paket 'lubridate' wurde unter R Version 3.6.3 erstellt 
Reading from "Venezuela input template"
Range "'database'"
Writing to "Venezuela input template"
Appending 14 row(s) to "database"
Local file:
  * C:\Users\acosta\AppData\Local\Temp\Rtmp4yjdbF\filea78413ca155.txt
uploaded into Drive file:
  * VE27.07.2020_cases.txt: 1LDimp8zX6awMGJyvA-TqmplZsCMOne2L
with MIME type:
  * text/plain
Warnmeldung:
Paket 'httr' wurde unter R Version 3.6.3 erstellt 
Warnmeldung:
Paket 'jsonlite' wurde unter R Version 3.6.3 erstellt 
-- Attaching packages --------------------------------------- tidyverse 1.3.0 --
v ggplot2 3.3.0     v purrr   0.3.4
v tibble  3.0.3     v dplyr   1.0.0
v tidyr   1.1.0     v stringr 1.4.0
v readr   1.3.1     v forcats 0.5.0
-- Conflicts ------------------------------------------ tidyverse_conflicts() --
x dplyr::filter()  masks stats::filter()
x purrr::flatten() masks jsonlite::flatten()
x dplyr::lag()     masks stats::lag()
Warnmeldungen:
1: Paket 'tidyverse' wurde unter R Version 3.6.3 erstellt 
2: Paket 'ggplot2' wurde unter R Version 3.6.3 erstellt 
3: Paket 'tibble' wurde unter R Version 3.6.3 erstellt 
4: Paket 'tidyr' wurde unter R Version 3.6.3 erstellt 
5: Paket 'readr' wurde unter R Version 3.6.3 erstellt 
6: Paket 'purrr' wurde unter R Version 3.6.3 erstellt 
7: Paket 'dplyr' wurde unter R Version 3.6.3 erstellt 
8: Paket 'stringr' wurde unter R Version 3.6.3 erstellt 
9: Paket 'forcats' wurde unter R Version 3.6.3 erstellt 
Warnmeldung:
Paket 'googlesheets4' wurde unter R Version 3.6.3 erstellt 

Attache Paket: 'googledrive'

The following objects are masked from 'package:googlesheets4':

    request_generate, request_make

Warnmeldung:
Paket 'googledrive' wurde unter R Version 3.6.3 erstellt 

Attache Paket: 'lubridate'

The following objects are masked from 'package:base':

    date, intersect, setdiff, union

Warnmeldung:
Paket 'lubridate' wurde unter R Version 3.6.3 erstellt 
Reading from "Venezuela input template"
Range "'database'"
Writing to "Venezuela input template"
Appending 14 row(s) to "database"
Local file:
  * C:\Users\acosta\AppData\Local\Temp\Rtmp2Z1T0M\filec5fc56f24f77.txt
uploaded into Drive file:
  * VE28.07.2020_cases.txt: 14-6SrWP8Jzawx54soUdnfxhGFy-kJHr7
with MIME type:
  * text/plain
